#
# A fatal error has been detected by the Java Runtime Environment:
#
#  EXCEPTION_ACCESS_VIOLATION (0xc0000005) at pc=0xffffffffa3b45120, pid=10576, tid=6992
#
# JRE version: Java(TM) SE Runtime Environment (8.0_65-b17) (build 1.8.0_65-b17)
# Java VM: Java HotSpot(TM) 64-Bit Server VM (25.65-b01 mixed mode windows-amd64 compressed oops)
# Problematic frame:
# C  0xffffffffa3b45120
#
# Failed to write core dump. Minidumps are not enabled by default on client versions of Windows
#
# If you would like to submit a bug report, please visit:
#   http://bugreport.java.com/bugreport/crash.jsp
#

---------------  T H R E A D  ---------------

Current thread (0x0000000019b7a000):  JavaThread "Daemon worker" [_thread_in_Java, id=6992, stack(0x000000001b8b0000,0x000000001b9b0000)]

siginfo: ExceptionCode=0xc0000005, ExceptionInformation=0x0000000000000008 0xffffffffa3b45120

Registers:
RAX=0x00000000dc694590, RBX=0x0000000000000000, RCX=0x00000000200000f5, RDX=0x00000000dc6729e0
RSP=0x000000001b9ab3c8, RBP=0x000000001b9ab4f8, RSI=0x0000000000000001, RDI=0x0000000000000000
R8 =0x0000000000000000, R9 =0x00000000dc694590, R10=0x00000001006a95e0, R11=0x0000000000000001
R12=0x0000000000000000, R13=0x000000001b9ab4b0, R14=0x0000000022533690, R15=0x0000000019b7a000
RIP=0xffffffffa3b45120, EFLAGS=0x0000000000010206

Top of Stack: (sp=0x000000001b9ab3c8)
0x000000001b9ab3c8:   00000000033e645c 00000000dbef4860
0x000000001b9ab3d8:   00000000dbef4860 00000000000017ef
0x000000001b9ab3e8:   00000000dbef4848 000000001b9ab560
0x000000001b9ab3f8:   000000001b9ab460 00000000dbe51458
0x000000001b9ab408:   00000000dc694590 000000001b9ab4a0
0x000000001b9ab418:   000000001b9ab490 000000001b9ab4f8
0x000000001b9ab428:   00000000035c0bec 000000001b9aba28
0x000000001b9ab438:   00000000033e649c 00000000dc6942d8
0x000000001b9ab448:   000000007692adc6 000000001b9ab4f8
0x000000001b9ab458:   0000000002c68c4c 00000000dc672978
0x000000001b9ab468:   0000000000001dce 0000000000000000
0x000000001b9ab478:   00000000dc694468 0000000000000006
0x000000001b9ab488:   00000000768ef9b0 000000001b9ab4f8
0x000000001b9ab498:   0000000002b477b0 0000000002b47a2d
0x000000001b9ab4a8:   0000000002b477b0 00000000dc6729b0
0x000000001b9ab4b8:   000000001b9ab4b8 000000002247b424 

Instructions: (pc=0xffffffffa3b45120)
0xffffffffa3b45100:   
[error occurred during error reporting (printing registers, top of stack, instructions near pc), id 0xc0000005]

Register to memory mapping:

RAX=0x00000000dc694590 is an oop
[B 
 - klass: {type array byte}
 - length: 3
RBX=0x0000000000000000 is an unknown value
RCX=0x00000000200000f5 is pointing into metadata
RDX=0x00000000dc6729e0 is an oop
[C 
 - klass: {type array char}
 - length: 128
RSP=0x000000001b9ab3c8 is pointing into the stack for thread: 0x0000000019b7a000
RBP=0x000000001b9ab4f8 is pointing into the stack for thread: 0x0000000019b7a000
RSI=0x0000000000000001 is an unknown value
RDI=0x0000000000000000 is an unknown value
R8 =0x0000000000000000 is an unknown value
R9 =0x00000000dc694590 is an oop
[B 
 - klass: {type array byte}
 - length: 3
R10=0x00000001006a95e0 is pointing into metadata
R11=0x0000000000000001 is an unknown value
R12=0x0000000000000000 is an unknown value
R13=0x000000001b9ab4b0 is pointing into the stack for thread: 0x0000000019b7a000
R14=0x0000000022533690 is pointing into metadata
R15=0x0000000019b7a000 is a thread


Stack: [0x000000001b8b0000,0x000000001b9b0000],  sp=0x000000001b9ab3c8,  free space=1004k
Native frames: (J=compiled Java code, j=interpreted, Vv=VM code, C=native code)
C  0xffffffffa3b45120


---------------  P R O C E S S  ---------------

Java Threads: ( => current thread )
  0x000000001c7b6000 JavaThread "pool-1-thread-4" [_thread_blocked, id=2524, stack(0x0000000022370000,0x0000000022470000)]
  0x0000000019b7d000 JavaThread "pool-1-thread-3" [_thread_blocked, id=6340, stack(0x0000000022080000,0x0000000022180000)]
  0x0000000019b78800 JavaThread "pool-1-thread-2" [_thread_blocked, id=6500, stack(0x0000000020b20000,0x0000000020c20000)]
  0x0000000019b78000 JavaThread "pool-1-thread-1" [_thread_blocked, id=10340, stack(0x0000000020780000,0x0000000020880000)]
  0x0000000019b7b000 JavaThread "File lock request listener" [_thread_in_native, id=328, stack(0x000000001e3c0000,0x000000001e4c0000)]
  0x0000000019b7c800 JavaThread "Stdin handler" [_thread_blocked, id=6136, stack(0x000000001b9b0000,0x000000001bab0000)]
=>0x0000000019b7a000 JavaThread "Daemon worker" [_thread_in_Java, id=6992, stack(0x000000001b8b0000,0x000000001b9b0000)]
  0x0000000019b7e000 JavaThread "Cancel handler" [_thread_blocked, id=9920, stack(0x000000001b7b0000,0x000000001b8b0000)]
  0x0000000019b79800 JavaThread "Handler for socket connection from /127.0.0.1:59612 to /127.0.0.1:59613" [_thread_in_native, id=12132, stack(0x000000001b6b0000,0x000000001b7b0000)]
  0x0000000019b7e800 JavaThread "Daemon" [_thread_blocked, id=6888, stack(0x000000001b5b0000,0x000000001b6b0000)]
  0x0000000019b7b800 JavaThread "Incoming local TCP Connector on port 59612" [_thread_in_native, id=780, stack(0x000000001b1d0000,0x000000001b2d0000)]
  0x00000000177ed800 JavaThread "Service Thread" daemon [_thread_blocked, id=6776, stack(0x00000000194c0000,0x00000000195c0000)]
  0x00000000177a8000 JavaThread "C1 CompilerThread2" daemon [_thread_blocked, id=2148, stack(0x0000000018fc0000,0x00000000190c0000)]
  0x000000001779e800 JavaThread "C2 CompilerThread1" daemon [_thread_blocked, id=4672, stack(0x0000000018ec0000,0x0000000018fc0000)]
  0x000000001779b000 JavaThread "C2 CompilerThread0" daemon [_thread_blocked, id=6664, stack(0x0000000018dc0000,0x0000000018ec0000)]
  0x000000001779a000 JavaThread "Attach Listener" daemon [_thread_blocked, id=12024, stack(0x0000000018cc0000,0x0000000018dc0000)]
  0x0000000017798800 JavaThread "Signal Dispatcher" daemon [_thread_blocked, id=9496, stack(0x0000000018bc0000,0x0000000018cc0000)]
  0x0000000017758800 JavaThread "Finalizer" daemon [_thread_blocked, id=6612, stack(0x00000000189e0000,0x0000000018ae0000)]
  0x0000000002b31800 JavaThread "Reference Handler" daemon [_thread_blocked, id=4396, stack(0x00000000188e0000,0x00000000189e0000)]
  0x0000000002a3d800 JavaThread "main" [_thread_blocked, id=11320, stack(0x00000000028f0000,0x00000000029f0000)]

Other Threads:
  0x0000000017757000 VMThread [stack: 0x00000000187e0000,0x00000000188e0000] [id=6532]
  0x0000000017797800 WatcherThread [stack: 0x00000000195c0000,0x00000000196c0000] [id=6292]

VM state:not at safepoint (normal execution)

VM Mutex/Monitor currently owned by a thread: None

Heap:
 PSYoungGen      total 165888K, used 132001K [0x00000000d5580000, 0x00000000e4f80000, 0x0000000100000000)
  eden space 152064K, 77% used [0x00000000d5580000,0x00000000dc8ed710,0x00000000dea00000)
  from space 13824K, 99% used [0x00000000dea00000,0x00000000df77afd8,0x00000000df780000)
  to   space 16896K, 0% used [0x00000000e3f00000,0x00000000e3f00000,0x00000000e4f80000)
 ParOldGen       total 82944K, used 21645K [0x0000000080000000, 0x0000000085100000, 0x00000000d5580000)
  object space 82944K, 26% used [0x0000000080000000,0x00000000815236b0,0x0000000085100000)
 Metaspace       used 50111K, capacity 51062K, committed 51328K, reserved 1093632K
  class space    used 6883K, capacity 7187K, committed 7296K, reserved 1048576K

Card table byte_map: [0x0000000011f00000,0x0000000012310000] byte_map_base: 0x0000000011b00000

Marking Bits: (ParMarkBitMap*) 0x0000000076efa5b0
 Begin Bits: [0x00000000129c0000, 0x00000000149c0000)
 End Bits:   [0x00000000149c0000, 0x00000000169c0000)

Polling page: 0x0000000001320000

CodeCache: size=245760Kb used=19858Kb max_used=20030Kb free=225901Kb
 bounds [0x0000000002b40000, 0x0000000003f30000, 0x0000000011b40000]
 total_blobs=6392 nmethods=5674 adapters=631
 compilation: enabled

Compilation events (10 events):
Event: 25.081 Thread 0x000000001779b000 nmethod 6669 0x0000000002d52010 code [0x0000000002d52160, 0x0000000002d522f8]
Event: 25.088 Thread 0x000000001779e800 6681       4       com.sun.tools.javac.util.Name$Table::hashValue (36 bytes)
Event: 25.089 Thread 0x000000001779b000 6682       4       java.lang.Character::digit (6 bytes)
Event: 25.091 Thread 0x000000001779b000 nmethod 6682 0x0000000002c9a490 code [0x0000000002c9a5e0, 0x0000000002c9a6f8]
Event: 25.091 Thread 0x000000001779b000 6683       4       com.sun.tools.javac.util.IntHashTable::lookup (94 bytes)
Event: 25.092 Thread 0x000000001779e800 nmethod 6681 0x0000000002c9a0d0 code [0x0000000002c9a200, 0x0000000002c9a3b8]
Event: 25.092 Thread 0x000000001779e800 6686       4       com.sun.tools.javac.util.Convert::chars2utf (159 bytes)
Event: 25.093 Thread 0x000000001779b000 nmethod 6683 0x0000000002c99d10 code [0x0000000002c99e60, 0x0000000002c99f78]
Event: 25.096 Thread 0x000000001779b000 6689       4       com.sun.tools.javac.parser.UnicodeReader::putChar (10 bytes)
Event: 25.098 Thread 0x000000001779e800 nmethod 6686 0x0000000002c99890 code [0x0000000002c999c0, 0x0000000002c99c18]

GC Heap History (10 events):
Event: 10.217 GC heap before
{Heap before GC invocations=7 (full 1):
 PSYoungGen      total 71680K, used 71655K [0x00000000d5580000, 0x00000000dcc00000, 0x0000000100000000)
  eden space 66560K, 100% used [0x00000000d5580000,0x00000000d9680000,0x00000000d9680000)
  from space 5120K, 99% used [0x00000000d9680000,0x00000000d9b79f80,0x00000000d9b80000)
  to   space 10752K, 0% used [0x00000000dc180000,0x00000000dc180000,0x00000000dcc00000)
 ParOldGen       total 64000K, used 10678K [0x0000000080000000, 0x0000000083e80000, 0x00000000d5580000)
  object space 64000K, 16% used [0x0000000080000000,0x0000000080a6d8e0,0x0000000083e80000)
 Metaspace       used 29340K, capacity 29752K, committed 30080K, reserved 1075200K
  class space    used 3984K, capacity 4108K, committed 4224K, reserved 1048576K
Event: 10.266 GC heap after
Heap after GC invocations=7 (full 1):
 PSYoungGen      total 106496K, used 6861K [0x00000000d5580000, 0x00000000dc980000, 0x0000000100000000)
  eden space 98304K, 0% used [0x00000000d5580000,0x00000000d5580000,0x00000000db580000)
  from space 8192K, 83% used [0x00000000dc180000,0x00000000dc833790,0x00000000dc980000)
  to   space 10240K, 0% used [0x00000000db580000,0x00000000db580000,0x00000000dbf80000)
 ParOldGen       total 64000K, used 10750K [0x0000000080000000, 0x0000000083e80000, 0x00000000d5580000)
  object space 64000K, 16% used [0x0000000080000000,0x0000000080a7f8f0,0x0000000083e80000)
 Metaspace       used 29340K, capacity 29752K, committed 30080K, reserved 1075200K
  class space    used 3984K, capacity 4108K, committed 4224K, reserved 1048576K
}
Event: 12.896 GC heap before
{Heap before GC invocations=8 (full 1):
 PSYoungGen      total 106496K, used 105165K [0x00000000d5580000, 0x00000000dc980000, 0x0000000100000000)
  eden space 98304K, 100% used [0x00000000d5580000,0x00000000db580000,0x00000000db580000)
  from space 8192K, 83% used [0x00000000dc180000,0x00000000dc833790,0x00000000dc980000)
  to   space 10240K, 0% used [0x00000000db580000,0x00000000db580000,0x00000000dbf80000)
 ParOldGen       total 64000K, used 10750K [0x0000000080000000, 0x0000000083e80000, 0x00000000d5580000)
  object space 64000K, 16% used [0x0000000080000000,0x0000000080a7f8f0,0x0000000083e80000)
 Metaspace       used 34136K, capacity 34820K, committed 35072K, reserved 1079296K
  class space    used 4622K, capacity 4832K, committed 4864K, reserved 1048576K
Event: 13.014 GC heap after
Heap after GC invocations=8 (full 1):
 PSYoungGen      total 108544K, used 10210K [0x00000000d5580000, 0x00000000e0480000, 0x0000000100000000)
  eden space 98304K, 0% used [0x00000000d5580000,0x00000000d5580000,0x00000000db580000)
  from space 10240K, 99% used [0x00000000db580000,0x00000000dbf78a98,0x00000000dbf80000)
  to   space 13312K, 0% used [0x00000000df780000,0x00000000df780000,0x00000000e0480000)
 ParOldGen       total 64000K, used 14641K [0x0000000080000000, 0x0000000083e80000, 0x00000000d5580000)
  object space 64000K, 22% used [0x0000000080000000,0x0000000080e4c708,0x0000000083e80000)
 Metaspace       used 34136K, capacity 34820K, committed 35072K, reserved 1079296K
  class space    used 4622K, capacity 4832K, committed 4864K, reserved 1048576K
}
Event: 13.097 GC heap before
{Heap before GC invocations=9 (full 1):
 PSYoungGen      total 108544K, used 12057K [0x00000000d5580000, 0x00000000e0480000, 0x0000000100000000)
  eden space 98304K, 1% used [0x00000000d5580000,0x00000000d574dcb8,0x00000000db580000)
  from space 10240K, 99% used [0x00000000db580000,0x00000000dbf78a98,0x00000000dbf80000)
  to   space 13312K, 0% used [0x00000000df780000,0x00000000df780000,0x00000000e0480000)
 ParOldGen       total 64000K, used 14641K [0x0000000080000000, 0x0000000083e80000, 0x00000000d5580000)
  object space 64000K, 22% used [0x0000000080000000,0x0000000080e4c708,0x0000000083e80000)
 Metaspace       used 34666K, capacity 35300K, committed 35456K, reserved 1079296K
  class space    used 4713K, capacity 4928K, committed 4992K, reserved 1048576K
Event: 13.130 GC heap after
Heap after GC invocations=9 (full 1):
 PSYoungGen      total 165376K, used 10306K [0x00000000d5580000, 0x00000000e1f00000, 0x0000000100000000)
  eden space 152064K, 0% used [0x00000000d5580000,0x00000000d5580000,0x00000000dea00000)
  from space 13312K, 77% used [0x00000000df780000,0x00000000e0190a98,0x00000000e0480000)
  to   space 13824K, 0% used [0x00000000dea00000,0x00000000dea00000,0x00000000df780000)
 ParOldGen       total 64000K, used 14649K [0x0000000080000000, 0x0000000083e80000, 0x00000000d5580000)
  object space 64000K, 22% used [0x0000000080000000,0x0000000080e4e708,0x0000000083e80000)
 Metaspace       used 34666K, capacity 35300K, committed 35456K, reserved 1079296K
  class space    used 4713K, capacity 4928K, committed 4992K, reserved 1048576K
}
Event: 13.130 GC heap before
{Heap before GC invocations=10 (full 2):
 PSYoungGen      total 165376K, used 10306K [0x00000000d5580000, 0x00000000e1f00000, 0x0000000100000000)
  eden space 152064K, 0% used [0x00000000d5580000,0x00000000d5580000,0x00000000dea00000)
  from space 13312K, 77% used [0x00000000df780000,0x00000000e0190a98,0x00000000e0480000)
  to   space 13824K, 0% used [0x00000000dea00000,0x00000000dea00000,0x00000000df780000)
 ParOldGen       total 64000K, used 14649K [0x0000000080000000, 0x0000000083e80000, 0x00000000d5580000)
  object space 64000K, 22% used [0x0000000080000000,0x0000000080e4e708,0x0000000083e80000)
 Metaspace       used 34666K, capacity 35300K, committed 35456K, reserved 1079296K
  class space    used 4713K, capacity 4928K, committed 4992K, reserved 1048576K
Event: 13.339 GC heap after
Heap after GC invocations=10 (full 2):
 PSYoungGen      total 165376K, used 0K [0x00000000d5580000, 0x00000000e1f00000, 0x0000000100000000)
  eden space 152064K, 0% used [0x00000000d5580000,0x00000000d5580000,0x00000000dea00000)
  from space 13312K, 0% used [0x00000000df780000,0x00000000df780000,0x00000000e0480000)
  to   space 13824K, 0% used [0x00000000dea00000,0x00000000dea00000,0x00000000df780000)
 ParOldGen       total 82944K, used 18728K [0x0000000080000000, 0x0000000085100000, 0x00000000d5580000)
  object space 82944K, 22% used [0x0000000080000000,0x000000008124a208,0x0000000085100000)
 Metaspace       used 34666K, capacity 35300K, committed 35456K, reserved 1079296K
  class space    used 4713K, capacity 4928K, committed 4992K, reserved 1048576K
}
Event: 19.015 GC heap before
{Heap before GC invocations=11 (full 2):
 PSYoungGen      total 165376K, used 152064K [0x00000000d5580000, 0x00000000e1f00000, 0x0000000100000000)
  eden space 152064K, 100% used [0x00000000d5580000,0x00000000dea00000,0x00000000dea00000)
  from space 13312K, 0% used [0x00000000df780000,0x00000000df780000,0x00000000e0480000)
  to   space 13824K, 0% used [0x00000000dea00000,0x00000000dea00000,0x00000000df780000)
 ParOldGen       total 82944K, used 18728K [0x0000000080000000, 0x0000000085100000, 0x00000000d5580000)
  object space 82944K, 22% used [0x0000000080000000,0x000000008124a208,0x0000000085100000)
 Metaspace       used 42891K, capacity 43738K, committed 43904K, reserved 1087488K
  class space    used 5946K, capacity 6163K, committed 6272K, reserved 1048576K
Event: 19.073 GC heap after
Heap after GC invocations=11 (full 2):
 PSYoungGen      total 165888K, used 13803K [0x00000000d5580000, 0x00000000e4f80000, 0x0000000100000000)
  eden space 152064K, 0% used [0x00000000d5580000,0x00000000d5580000,0x00000000dea00000)
  from space 13824K, 99% used [0x00000000dea00000,0x00000000df77afd8,0x00000000df780000)
  to   space 16896K, 0% used [0x00000000e3f00000,0x00000000e3f00000,0x00000000e4f80000)
 ParOldGen       total 82944K, used 21645K [0x0000000080000000, 0x0000000085100000, 0x00000000d5580000)
  object space 82944K, 26% used [0x0000000080000000,0x00000000815236b0,0x0000000085100000)
 Metaspace       used 42891K, capacity 43738K, committed 43904K, reserved 1087488K
  class space    used 5946K, capacity 6163K, committed 6272K, reserved 1048576K
}

Deoptimization events (10 events):
Event: 23.819 Thread 0x0000000019b7a000 Uncommon trap: reason=unstable_if action=reinterpret pc=0x0000000003e29084 method=org.gradle.api.internal.file.pattern.FixedStepsPathMatcher.matches([Ljava/lang/String;I)Z @ 70
Event: 23.819 Thread 0x0000000019b7a000 Uncommon trap: reason=unstable_if action=reinterpret pc=0x0000000003e2aa64 method=org.gradle.api.internal.file.pattern.FixedStepsPathMatcher.matches([Ljava/lang/String;I)Z @ 70
Event: 23.915 Thread 0x0000000019b7a000 Uncommon trap: reason=unstable_if action=reinterpret pc=0x0000000003c87230 method=java.lang.ClassLoader.checkCerts(Ljava/lang/String;Ljava/security/CodeSource;)V @ 45
Event: 23.984 Thread 0x0000000019b7a000 Uncommon trap: reason=class_check action=maybe_recompile pc=0x0000000003415db0 method=java.util.regex.Matcher.search(I)Z @ 86
Event: 23.992 Thread 0x0000000019b7a000 Uncommon trap: reason=class_check action=maybe_recompile pc=0x0000000003415db0 method=java.util.regex.Matcher.search(I)Z @ 86
Event: 23.993 Thread 0x0000000019b7a000 Uncommon trap: reason=class_check action=maybe_recompile pc=0x0000000003415db0 method=java.util.regex.Matcher.search(I)Z @ 86
Event: 23.993 Thread 0x0000000019b7a000 Uncommon trap: reason=class_check action=maybe_recompile pc=0x0000000003415db0 method=java.util.regex.Matcher.search(I)Z @ 86
Event: 23.993 Thread 0x0000000019b7a000 Uncommon trap: reason=class_check action=maybe_recompile pc=0x0000000002e76d98 method=java.util.regex.Matcher.search(I)Z @ 86
Event: 23.993 Thread 0x0000000019b7a000 Uncommon trap: reason=class_check action=maybe_recompile pc=0x00000000033b93dc method=java.util.regex.Matcher.search(I)Z @ 86
Event: 24.961 Thread 0x0000000019b7a000 Uncommon trap: reason=unstable_if action=reinterpret pc=0x00000000039514c0 method=java.lang.StringCoding$StringDecoder.decode([BII)[C @ 20

Internal exceptions (10 events):
Event: 19.614 Thread 0x0000000019b7a000 Exception <a 'java/lang/ClassNotFoundException': java/io/FileBeanInfo> (0x00000000d67b0ca0) thrown at [C:\workspace\8-2-build-windows-amd64-cygwin\jdk8u65\4987\hotspot\src\share\vm\classfile\systemDictionary.cpp, line 210]
Event: 19.614 Thread 0x0000000019b7a000 Exception <a 'java/lang/ClassNotFoundException': java/io/FileCustomizer> (0x00000000d67b5e60) thrown at [C:\workspace\8-2-build-windows-amd64-cygwin\jdk8u65\4987\hotspot\src\share\vm\classfile\systemDictionary.cpp, line 210]
Event: 19.616 Thread 0x0000000019b7a000 Exception <a 'java/lang/ClassNotFoundException': com/android/sdklib/BuildToolInfoBeanInfo> (0x00000000d67f37e8) thrown at [C:\workspace\8-2-build-windows-amd64-cygwin\jdk8u65\4987\hotspot\src\share\vm\classfile\systemDictionary.cpp, line 210]
Event: 19.617 Thread 0x0000000019b7a000 Exception <a 'java/lang/ClassNotFoundException': com/android/sdklib/BuildToolInfoCustomizer> (0x00000000d6801118) thrown at [C:\workspace\8-2-build-windows-amd64-cygwin\jdk8u65\4987\hotspot\src\share\vm\classfile\systemDictionary.cpp, line 210]
Event: 19.653 Thread 0x0000000019b7a000 Exception <a 'java/lang/ClassNotFoundException': java/lang/IntegerBeanInfo> (0x00000000d68dee58) thrown at [C:\workspace\8-2-build-windows-amd64-cygwin\jdk8u65\4987\hotspot\src\share\vm\classfile\systemDictionary.cpp, line 210]
Event: 19.653 Thread 0x0000000019b7a000 Exception <a 'java/lang/ClassNotFoundException': java/lang/NumberBeanInfo> (0x00000000d68e4390) thrown at [C:\workspace\8-2-build-windows-amd64-cygwin\jdk8u65\4987\hotspot\src\share\vm\classfile\systemDictionary.cpp, line 210]
Event: 19.653 Thread 0x0000000019b7a000 Exception <a 'java/lang/ClassNotFoundException': java/lang/NumberCustomizer> (0x00000000d68e98e8) thrown at [C:\workspace\8-2-build-windows-amd64-cygwin\jdk8u65\4987\hotspot\src\share\vm\classfile\systemDictionary.cpp, line 210]
Event: 19.654 Thread 0x0000000019b7a000 Exception <a 'java/lang/ClassNotFoundException': java/lang/IntegerCustomizer> (0x00000000d68f26b0) thrown at [C:\workspace\8-2-build-windows-amd64-cygwin\jdk8u65\4987\hotspot\src\share\vm\classfile\systemDictionary.cpp, line 210]
Event: 19.660 Thread 0x0000000019b7a000 Exception <a 'java/lang/ClassNotFoundException': com/google/common/collect/ListsBeanInfo> (0x00000000d69541b0) thrown at [C:\workspace\8-2-build-windows-amd64-cygwin\jdk8u65\4987\hotspot\src\share\vm\classfile\systemDictionary.cpp, line 210]
Event: 19.660 Thread 0x0000000019b7a000 Exception <a 'java/lang/ClassNotFoundException': com/google/common/collect/ListsCustomizer> (0x00000000d6961ad0) thrown at [C:\workspace\8-2-build-windows-amd64-cygwin\jdk8u65\4987\hotspot\src\share\vm\classfile\systemDictionary.cpp, line 210]

Events (10 events):
Event: 25.032 loading class com/sun/tools/javac/util/Position$LineMapImpl
Event: 25.032 loading class com/sun/tools/javac/util/Position$LineMapImpl done
Event: 25.032 loading class com/sun/tools/javac/util/Position$LineMap
Event: 25.032 loading class com/sun/tools/javac/util/Position$LineMap done
Event: 25.033 loading class com/sun/tools/javac/util/Position$LineTabMapImpl
Event: 25.033 loading class com/sun/tools/javac/util/Position$LineTabMapImpl done
Event: 25.061 loading class java/util/regex/Pattern$Caret
Event: 25.061 loading class java/util/regex/Pattern$Caret done
Event: 25.063 loading class com/sun/tools/javac/parser/LazyDocCommentTable$Entry
Event: 25.063 loading class com/sun/tools/javac/parser/LazyDocCommentTable$Entry done


Dynamic libraries:
0x00007ff69b080000 - 0x00007ff69b0b7000 	C:\Program Files\Java\jdk1.8.0_65\bin\java.exe
0x00007ff85a180000 - 0x00007ff85a341000 	C:\Windows\SYSTEM32\ntdll.dll
0x00007ff857bc0000 - 0x00007ff857c6d000 	C:\Windows\system32\KERNEL32.DLL
0x00007ff857160000 - 0x00007ff857348000 	C:\Windows\system32\KERNELBASE.dll
0x00007ff854f90000 - 0x00007ff855009000 	C:\Windows\system32\apphelp.dll
0x00007ff857cd0000 - 0x00007ff857d77000 	C:\Windows\system32\ADVAPI32.dll
0x00007ff85a0e0000 - 0x00007ff85a17d000 	C:\Windows\system32\msvcrt.dll
0x00007ff85a080000 - 0x00007ff85a0db000 	C:\Windows\system32\sechost.dll
0x00007ff859f60000 - 0x00007ff85a07c000 	C:\Windows\system32\RPCRT4.dll
0x00007ff859e00000 - 0x00007ff859f56000 	C:\Windows\system32\USER32.dll
0x00007ff857f40000 - 0x00007ff8580c6000 	C:\Windows\system32\GDI32.dll
0x00007ff84cea0000 - 0x00007ff84d114000 	C:\Windows\WinSxS\amd64_microsoft.windows.common-controls_6595b64144ccf1df_6.0.10586.589_none_a2ddb3caa539acce\COMCTL32.dll
0x00007ff857580000 - 0x00007ff8577fd000 	C:\Windows\system32\combase.dll
0x00007ff857350000 - 0x00007ff8573ba000 	C:\Windows\system32\bcryptPrimitives.dll
0x00007ff8581b0000 - 0x00007ff8581eb000 	C:\Windows\system32\IMM32.DLL
0x0000000076f80000 - 0x0000000077052000 	C:\Program Files\Java\jdk1.8.0_65\jre\bin\msvcr100.dll
0x00000000766f0000 - 0x0000000076f79000 	C:\Program Files\Java\jdk1.8.0_65\jre\bin\server\jvm.dll
0x00007ff8580f0000 - 0x00007ff8580f8000 	C:\Windows\system32\PSAPI.DLL
0x00007ff854a20000 - 0x00007ff854a43000 	C:\Windows\SYSTEM32\WINMM.dll
0x00007ff8529a0000 - 0x00007ff8529a9000 	C:\Windows\SYSTEM32\WSOCK32.dll
0x00007ff853c30000 - 0x00007ff853c3a000 	C:\Windows\SYSTEM32\VERSION.dll
0x00007ff857b50000 - 0x00007ff857bbb000 	C:\Windows\system32\WS2_32.dll
0x00007ff8549c0000 - 0x00007ff8549ec000 	C:\Windows\SYSTEM32\WINMMBASE.dll
0x00007ff857050000 - 0x00007ff857093000 	C:\Windows\system32\cfgmgr32.dll
0x00000000766e0000 - 0x00000000766ef000 	C:\Program Files\Java\jdk1.8.0_65\jre\bin\verify.dll
0x00000000766b0000 - 0x00000000766d9000 	C:\Program Files\Java\jdk1.8.0_65\jre\bin\java.dll
0x0000000076690000 - 0x00000000766a6000 	C:\Program Files\Java\jdk1.8.0_65\jre\bin\zip.dll
0x00007ff8588a0000 - 0x00007ff859dfc000 	C:\Windows\system32\SHELL32.dll
0x00007ff856830000 - 0x00007ff856e75000 	C:\Windows\system32\windows.storage.dll
0x00007ff858630000 - 0x00007ff858682000 	C:\Windows\system32\shlwapi.dll
0x00007ff8567b0000 - 0x00007ff8567bf000 	C:\Windows\system32\kernel.appcore.dll
0x00007ff8570a0000 - 0x00007ff857155000 	C:\Windows\system32\shcore.dll
0x00007ff8567e0000 - 0x00007ff85682b000 	C:\Windows\system32\powrprof.dll
0x00007ff8567c0000 - 0x00007ff8567d4000 	C:\Windows\system32\profapi.dll
0x0000000076670000 - 0x000000007668a000 	C:\Program Files\Java\jdk1.8.0_65\jre\bin\net.dll
0x00007ff8560d0000 - 0x00007ff85612c000 	C:\Windows\system32\mswsock.dll
0x0000000076650000 - 0x0000000076661000 	C:\Program Files\Java\jdk1.8.0_65\jre\bin\nio.dll
0x00007ff843cb0000 - 0x00007ff843cc2000 	C:\Users\Bryan\.gradle\native\19\windows-amd64\native-platform.dll
0x00007ff84ed80000 - 0x00007ff84edb8000 	C:\Windows\SYSTEM32\IPHLPAPI.DLL
0x00007ff8581f0000 - 0x00007ff8581f8000 	C:\Windows\system32\NSI.dll
0x00007ff84ec50000 - 0x00007ff84ec66000 	C:\Windows\SYSTEM32\dhcpcsvc6.DLL
0x00007ff84ec30000 - 0x00007ff84ec4a000 	C:\Windows\SYSTEM32\dhcpcsvc.DLL
0x00007ff856180000 - 0x00007ff856197000 	C:\Windows\SYSTEM32\CRYPTSP.dll
0x00007ff855e10000 - 0x00007ff855e44000 	C:\Windows\system32\rsaenh.dll
0x00007ff8563a0000 - 0x00007ff8563c9000 	C:\Windows\SYSTEM32\bcrypt.dll
0x00007ff855f60000 - 0x00007ff855f7f000 	C:\Windows\SYSTEM32\USERENV.dll
0x00007ff8562a0000 - 0x00007ff8562ab000 	C:\Windows\SYSTEM32\CRYPTBASE.dll
0x0000000076640000 - 0x000000007664d000 	C:\Program Files\Java\jdk1.8.0_65\jre\bin\management.dll
0x00007ff84fea0000 - 0x00007ff85002c000 	C:\Windows\SYSTEM32\dbghelp.dll

VM Arguments:
jvm_args: -XX:MaxPermSize=512m -XX:+HeapDumpOnOutOfMemoryError -Xmx2048m -Dfile.encoding=UTF-8 -Duser.country=US -Duser.language=en -Duser.variant 
java_command: org.gradle.launcher.daemon.bootstrap.GradleDaemon 2.10
java_class_path (initial): C:\Users\Bryan\.gradle\wrapper\dists\gradle-2.10-all\a4w5fzrkeut1ox71xslb49gst\gradle-2.10\lib\gradle-launcher-2.10.jar
Launcher Type: SUN_STANDARD

Environment Variables:
PATH=C:\ProgramData\Oracle\Java\javapath;C:\Windows\system32;C:\Windows;C:\Windows\System32\Wbem;C:\Windows\System32\WindowsPowerShell\v1.0\;C:\Program Files (x86)\ATI Technologies\ATI.ACE\Core-Static;C:\Program Files\Git\cmd;C:\Program Files (x86)\GNU\GnuPG\pub;
USERNAME=Bryan
OS=Windows_NT
PROCESSOR_IDENTIFIER=Intel64 Family 6 Model 15 Stepping 11, GenuineIntel



---------------  S Y S T E M  ---------------

OS: Windows 10.0 , 64 bit Build 10586 (10.0.10586.589)

CPU:total 4 (4 cores per cpu, 1 threads per core) family 6 model 15 stepping 11, cmov, cx8, fxsr, mmx, sse, sse2, sse3, ssse3, tsc

Memory: 4k page, physical 8386804k(3974192k free), swap 16775412k(10761376k free)

vm_info: Java HotSpot(TM) 64-Bit Server VM (25.65-b01) for windows-amd64 JRE (1.8.0_65-b17), built on Oct  6 2015 16:39:20 by "java_re" with MS VC++ 10.0 (VS2010)

time: Tue Sep 20 21:32:37 2016
elapsed time: 25 seconds (0d 0h 0m 25s)

