#
# A fatal error has been detected by the Java Runtime Environment:
#
#  EXCEPTION_ACCESS_VIOLATION (0xc0000005) at pc=0xffffffffa3305120, pid=8256, tid=1284
#
# JRE version: Java(TM) SE Runtime Environment (8.0_65-b17) (build 1.8.0_65-b17)
# Java VM: Java HotSpot(TM) 64-Bit Server VM (25.65-b01 mixed mode windows-amd64 compressed oops)
# Problematic frame:
# C  0xffffffffa3305120
#
# Failed to write core dump. Minidumps are not enabled by default on client versions of Windows
#
# If you would like to submit a bug report, please visit:
#   http://bugreport.java.com/bugreport/crash.jsp
#

---------------  T H R E A D  ---------------

Current thread (0x000000001774a800):  JavaThread "Daemon worker" [_thread_in_Java, id=1284, stack(0x0000000018ba0000,0x0000000018ca0000)]

siginfo: ExceptionCode=0xc0000005, ExceptionInformation=0x0000000000000008 0xffffffffa3305120

Registers:
RAX=0x00000000eee1e5c0, RBX=0x0000000000000001, RCX=0x0000000000000001, RDX=0x00000000eee1e5c0
RSP=0x0000000018c9bf48, RBP=0x0000000018c9c070, RSI=0x00000000eee1e670, RDI=0x00000000eee1e670
R8 =0x0000000000000001, R9 =0x000000000000299d, R10=0x0000000000000001, R11=0x0000000000002999
R12=0x0000000000000000, R13=0x00000000eee4ee30, R14=0x0000000000003dc4, R15=0x000000001774a800
RIP=0xffffffffa3305120, EFLAGS=0x0000000000010246

Top of Stack: (sp=0x0000000018c9bf48)
0x0000000018c9bf48:   0000000003399f54 2064656c7469746e
0x0000000018c9bf58:   6365726964206f74 6f666e6520796c74
0x0000000018c9bf68:   646e61202c656372 707520796c657220
0x0000000018c9bf78:   20796e61202c6e6f 6f697369766f7270
0x0000000018c9bf88:   65687420666f206e 0000000018c9c070
0x0000000018c9bf98:   00000000024fb704 207461687420746e
0x0000000018c9bfa8:   20737265666e6f63 6966656e65622061
0x0000000018c9bfb8:   726f28206e6f2074 00000000eee1e5c0
0x0000000018c9bfc8:   00000000c0082da0 00000000eee1e670
0x0000000018c9bfd8:   00000000eee1e5c0 6874206e00003f03
0x0000000018c9bfe8:   6f206f6e202c7369 00000000eedfeb30
0x0000000018c9bff8:   00000000eee1e428 0000000018c9c070
0x0000000018c9c008:   00000000023077b0 0000000018c9c070
0x0000000018c9c018:   00000000023077b0 00000000c0082da0
0x0000000018c9c028:   00000000eee1e5c0 0000000018c9c030
0x0000000018c9c038:   0000000014036159 0000000018c9c090 

Instructions: (pc=0xffffffffa3305120)
0xffffffffa3305100:   
[error occurred during error reporting (printing registers, top of stack, instructions near pc), id 0xc0000005]

Register to memory mapping:

RAX=0x00000000eee1e5c0 is an oop
java.util.regex.Matcher 
 - klass: 'java/util/regex/Matcher'
RBX=0x0000000000000001 is an unknown value
RCX=0x0000000000000001 is an unknown value
RDX=0x00000000eee1e5c0 is an oop
java.util.regex.Matcher 
 - klass: 'java/util/regex/Matcher'
RSP=0x0000000018c9bf48 is pointing into the stack for thread: 0x000000001774a800
RBP=0x0000000018c9c070 is pointing into the stack for thread: 0x000000001774a800
RSI=0x00000000eee1e670 is an oop
java.lang.StringBuffer 
 - klass: 'java/lang/StringBuffer'
RDI=0x00000000eee1e670 is an oop
java.lang.StringBuffer 
 - klass: 'java/lang/StringBuffer'
R8 =0x0000000000000001 is an unknown value
R9 =0x000000000000299d is an unknown value
R10=0x0000000000000001 is an unknown value
R11=0x0000000000002999 is an unknown value
R12=0x0000000000000000 is an unknown value
R13=0x00000000eee4ee30 is an oop
java.lang.StringBuilder 
 - klass: 'java/lang/StringBuilder'
R14=0x0000000000003dc4 is an unknown value
R15=0x000000001774a800 is a thread


Stack: [0x0000000018ba0000,0x0000000018ca0000],  sp=0x0000000018c9bf48,  free space=1007k
Native frames: (J=compiled Java code, j=interpreted, Vv=VM code, C=native code)
C  0xffffffffa3305120


---------------  P R O C E S S  ---------------

Java Threads: ( => current thread )
  0x0000000017676800 JavaThread "File lock request listener" [_thread_in_native, id=6720, stack(0x000000001a370000,0x000000001a470000)]
  0x0000000017752000 JavaThread "Stdin handler" [_thread_blocked, id=5736, stack(0x0000000018ca0000,0x0000000018da0000)]
=>0x000000001774a800 JavaThread "Daemon worker" [_thread_in_Java, id=1284, stack(0x0000000018ba0000,0x0000000018ca0000)]
  0x0000000017745000 JavaThread "Cancel handler" [_thread_blocked, id=4880, stack(0x0000000018aa0000,0x0000000018ba0000)]
  0x0000000017798800 JavaThread "Handler for socket connection from /127.0.0.1:56830 to /127.0.0.1:56831" [_thread_in_native, id=7612, stack(0x00000000189a0000,0x0000000018aa0000)]
  0x0000000017737800 JavaThread "Daemon" [_thread_blocked, id=1248, stack(0x00000000188a0000,0x00000000189a0000)]
  0x00000000173c1800 JavaThread "Incoming local TCP Connector on port 56830" [_thread_in_native, id=8136, stack(0x0000000017110000,0x0000000017210000)]
  0x000000001633e000 JavaThread "Service Thread" daemon [_thread_blocked, id=7460, stack(0x0000000016710000,0x0000000016810000)]
  0x00000000149cf000 JavaThread "C1 CompilerThread2" daemon [_thread_blocked, id=6804, stack(0x0000000016210000,0x0000000016310000)]
  0x00000000149dd800 JavaThread "C2 CompilerThread1" daemon [_thread_in_native, id=2252, stack(0x0000000016110000,0x0000000016210000)]
  0x00000000149da000 JavaThread "C2 CompilerThread0" daemon [_thread_in_native, id=248, stack(0x0000000016010000,0x0000000016110000)]
  0x00000000149d8800 JavaThread "Attach Listener" daemon [_thread_blocked, id=3348, stack(0x0000000015f10000,0x0000000016010000)]
  0x00000000149d7800 JavaThread "Signal Dispatcher" daemon [_thread_blocked, id=7708, stack(0x0000000015e10000,0x0000000015f10000)]
  0x00000000022f8000 JavaThread "Finalizer" daemon [_thread_blocked, id=5280, stack(0x0000000015c30000,0x0000000015d30000)]
  0x00000000022ef000 JavaThread "Reference Handler" daemon [_thread_blocked, id=8252, stack(0x0000000015b30000,0x0000000015c30000)]
  0x000000000208d800 JavaThread "main" [_thread_blocked, id=3700, stack(0x0000000002100000,0x0000000002200000)]

Other Threads:
  0x0000000014997000 VMThread [stack: 0x0000000015a30000,0x0000000015b30000] [id=2456]
  0x000000001635e000 WatcherThread [stack: 0x0000000016810000,0x0000000016910000] [id=4012]

VM state:not at safepoint (normal execution)

VM Mutex/Monitor currently owned by a thread: None

Heap:
 PSYoungGen      total 194048K, used 70288K [0x00000000eab00000, 0x00000000f8400000, 0x0000000100000000)
  eden space 177664K, 39% used [0x00000000eab00000,0x00000000eefa4340,0x00000000f5880000)
  from space 16384K, 0% used [0x00000000f6980000,0x00000000f6980000,0x00000000f7980000)
  to   space 17408K, 0% used [0x00000000f5880000,0x00000000f5880000,0x00000000f6980000)
 ParOldGen       total 107008K, used 17763K [0x00000000c0000000, 0x00000000c6880000, 0x00000000eab00000)
  object space 107008K, 16% used [0x00000000c0000000,0x00000000c1158d40,0x00000000c6880000)
 Metaspace       used 41018K, capacity 41924K, committed 42112K, reserved 1085440K
  class space    used 5473K, capacity 5682K, committed 5760K, reserved 1048576K

Card table byte_map: [0x00000000116c0000,0x00000000118d0000] byte_map_base: 0x00000000110c0000

Marking Bits: (ParMarkBitMap*) 0x00000000656ea5b0
 Begin Bits: [0x0000000011e30000, 0x0000000012e30000)
 End Bits:   [0x0000000012e30000, 0x0000000013e30000)

Polling page: 0x0000000002040000

CodeCache: size=245760Kb used=17270Kb max_used=17270Kb free=228489Kb
 bounds [0x0000000002300000, 0x00000000033f0000, 0x0000000011300000]
 total_blobs=5350 nmethods=4651 adapters=612
 compilation: enabled

Compilation events (10 events):
Event: 10.468 Thread 0x00000000149cf000 nmethod 4775 0x00000000033dbcd0 code [0x00000000033dbe60, 0x00000000033dc098]
Event: 10.470 Thread 0x00000000149cf000 4776       1       com.android.repository.api.SchemaModule::getNamespaceVersionMap (5 bytes)
Event: 10.471 Thread 0x00000000149cf000 nmethod 4776 0x00000000033dd710 code [0x00000000033dd860, 0x00000000033dd970]
Event: 10.472 Thread 0x00000000149dd800 nmethod 4596 0x00000000033e08d0 code [0x00000000033e0b20, 0x00000000033e22b0]
Event: 10.472 Thread 0x00000000149dd800 4734       4       java.util.regex.Matcher::find (69 bytes)
Event: 10.473 Thread 0x00000000149cf000 4777       2       com.sun.org.apache.xerces.internal.util.SymbolHash::<init> (26 bytes)
Event: 10.473 Thread 0x00000000149cf000 nmethod 4777 0x00000000033dd310 code [0x00000000033dd460, 0x00000000033dd650]
Event: 10.474 Thread 0x00000000149cf000 4778       2       com.sun.org.apache.xerces.internal.jaxp.validation.XMLSchemaValidatorComponentManager::getFeatureState (97 bytes)
Event: 10.475 Thread 0x00000000149cf000 nmethod 4778 0x00000000033dc990 code [0x00000000033dcb60, 0x00000000033dd0c8]
Event: 10.479 Thread 0x00000000149dd800 nmethod 4734 0x00000000033debd0 code [0x00000000033ded20, 0x00000000033df058]

GC Heap History (10 events):
Event: 4.181 GC heap before
{Heap before GC invocations=6 (full 1):
 PSYoungGen      total 94208K, used 94051K [0x00000000eab00000, 0x00000000f3380000, 0x0000000100000000)
  eden space 92672K, 100% used [0x00000000eab00000,0x00000000f0580000,0x00000000f0580000)
  from space 1536K, 89% used [0x00000000f3200000,0x00000000f3358cd0,0x00000000f3380000)
  to   space 5120K, 0% used [0x00000000f2980000,0x00000000f2980000,0x00000000f2e80000)
 ParOldGen       total 71680K, used 10741K [0x00000000c0000000, 0x00000000c4600000, 0x00000000eab00000)
  object space 71680K, 14% used [0x00000000c0000000,0x00000000c0a7d420,0x00000000c4600000)
 Metaspace       used 21039K, capacity 21396K, committed 21632K, reserved 1069056K
  class space    used 2759K, capacity 2884K, committed 2944K, reserved 1048576K
Event: 4.191 GC heap after
Heap after GC invocations=6 (full 1):
 PSYoungGen      total 134656K, used 2080K [0x00000000eab00000, 0x00000000f4500000, 0x0000000100000000)
  eden space 129536K, 0% used [0x00000000eab00000,0x00000000eab00000,0x00000000f2980000)
  from space 5120K, 40% used [0x00000000f2980000,0x00000000f2b88020,0x00000000f2e80000)
  to   space 13312K, 0% used [0x00000000f3800000,0x00000000f3800000,0x00000000f4500000)
 ParOldGen       total 71680K, used 10741K [0x00000000c0000000, 0x00000000c4600000, 0x00000000eab00000)
  object space 71680K, 14% used [0x00000000c0000000,0x00000000c0a7d420,0x00000000c4600000)
 Metaspace       used 21039K, capacity 21396K, committed 21632K, reserved 1069056K
  class space    used 2759K, capacity 2884K, committed 2944K, reserved 1048576K
}
Event: 5.917 GC heap before
{Heap before GC invocations=7 (full 1):
 PSYoungGen      total 134656K, used 131616K [0x00000000eab00000, 0x00000000f4500000, 0x0000000100000000)
  eden space 129536K, 100% used [0x00000000eab00000,0x00000000f2980000,0x00000000f2980000)
  from space 5120K, 40% used [0x00000000f2980000,0x00000000f2b88020,0x00000000f2e80000)
  to   space 13312K, 0% used [0x00000000f3800000,0x00000000f3800000,0x00000000f4500000)
 ParOldGen       total 71680K, used 10741K [0x00000000c0000000, 0x00000000c4600000, 0x00000000eab00000)
  object space 71680K, 14% used [0x00000000c0000000,0x00000000c0a7d420,0x00000000c4600000)
 Metaspace       used 26035K, capacity 26606K, committed 26752K, reserved 1073152K
  class space    used 3493K, capacity 3649K, committed 3712K, reserved 1048576K
Event: 5.936 GC heap after
Heap after GC invocations=7 (full 1):
 PSYoungGen      total 143360K, used 9684K [0x00000000eab00000, 0x00000000f7680000, 0x0000000100000000)
  eden space 130048K, 0% used [0x00000000eab00000,0x00000000eab00000,0x00000000f2a00000)
  from space 13312K, 72% used [0x00000000f3800000,0x00000000f4175150,0x00000000f4500000)
  to   space 14336K, 0% used [0x00000000f2a00000,0x00000000f2a00000,0x00000000f3800000)
 ParOldGen       total 71680K, used 10749K [0x00000000c0000000, 0x00000000c4600000, 0x00000000eab00000)
  object space 71680K, 14% used [0x00000000c0000000,0x00000000c0a7f420,0x00000000c4600000)
 Metaspace       used 26035K, capacity 26606K, committed 26752K, reserved 1073152K
  class space    used 3493K, capacity 3649K, committed 3712K, reserved 1048576K
}
Event: 8.333 GC heap before
{Heap before GC invocations=8 (full 1):
 PSYoungGen      total 143360K, used 139732K [0x00000000eab00000, 0x00000000f7680000, 0x0000000100000000)
  eden space 130048K, 100% used [0x00000000eab00000,0x00000000f2a00000,0x00000000f2a00000)
  from space 13312K, 72% used [0x00000000f3800000,0x00000000f4175150,0x00000000f4500000)
  to   space 14336K, 0% used [0x00000000f2a00000,0x00000000f2a00000,0x00000000f3800000)
 ParOldGen       total 71680K, used 10749K [0x00000000c0000000, 0x00000000c4600000, 0x00000000eab00000)
  object space 71680K, 14% used [0x00000000c0000000,0x00000000c0a7f420,0x00000000c4600000)
 Metaspace       used 31736K, capacity 32388K, committed 32640K, reserved 1077248K
  class space    used 4194K, capacity 4359K, committed 4480K, reserved 1048576K
Event: 8.365 GC heap after
Heap after GC invocations=8 (full 1):
 PSYoungGen      total 144384K, used 12274K [0x00000000eab00000, 0x00000000f7980000, 0x0000000100000000)
  eden space 130048K, 0% used [0x00000000eab00000,0x00000000eab00000,0x00000000f2a00000)
  from space 14336K, 85% used [0x00000000f2a00000,0x00000000f35fc988,0x00000000f3800000)
  to   space 16384K, 0% used [0x00000000f6980000,0x00000000f6980000,0x00000000f7980000)
 ParOldGen       total 71680K, used 10821K [0x00000000c0000000, 0x00000000c4600000, 0x00000000eab00000)
  object space 71680K, 15% used [0x00000000c0000000,0x00000000c0a91430,0x00000000c4600000)
 Metaspace       used 31736K, capacity 32388K, committed 32640K, reserved 1077248K
  class space    used 4194K, capacity 4359K, committed 4480K, reserved 1048576K
}
Event: 9.194 GC heap before
{Heap before GC invocations=9 (full 1):
 PSYoungGen      total 144384K, used 71033K [0x00000000eab00000, 0x00000000f7980000, 0x0000000100000000)
  eden space 130048K, 45% used [0x00000000eab00000,0x00000000ee461e50,0x00000000f2a00000)
  from space 14336K, 85% used [0x00000000f2a00000,0x00000000f35fc988,0x00000000f3800000)
  to   space 16384K, 0% used [0x00000000f6980000,0x00000000f6980000,0x00000000f7980000)
 ParOldGen       total 71680K, used 10821K [0x00000000c0000000, 0x00000000c4600000, 0x00000000eab00000)
  object space 71680K, 15% used [0x00000000c0000000,0x00000000c0a91430,0x00000000c4600000)
 Metaspace       used 34715K, capacity 35424K, committed 35496K, reserved 1079296K
  class space    used 4613K, capacity 4815K, committed 4864K, reserved 1048576K
Event: 9.222 GC heap after
Heap after GC invocations=9 (full 1):
 PSYoungGen      total 194048K, used 11707K [0x00000000eab00000, 0x00000000f8400000, 0x0000000100000000)
  eden space 177664K, 0% used [0x00000000eab00000,0x00000000eab00000,0x00000000f5880000)
  from space 16384K, 71% used [0x00000000f6980000,0x00000000f74eee58,0x00000000f7980000)
  to   space 17408K, 0% used [0x00000000f5880000,0x00000000f5880000,0x00000000f6980000)
 ParOldGen       total 71680K, used 10829K [0x00000000c0000000, 0x00000000c4600000, 0x00000000eab00000)
  object space 71680K, 15% used [0x00000000c0000000,0x00000000c0a93430,0x00000000c4600000)
 Metaspace       used 34715K, capacity 35424K, committed 35496K, reserved 1079296K
  class space    used 4613K, capacity 4815K, committed 4864K, reserved 1048576K
}
Event: 9.222 GC heap before
{Heap before GC invocations=10 (full 2):
 PSYoungGen      total 194048K, used 11707K [0x00000000eab00000, 0x00000000f8400000, 0x0000000100000000)
  eden space 177664K, 0% used [0x00000000eab00000,0x00000000eab00000,0x00000000f5880000)
  from space 16384K, 71% used [0x00000000f6980000,0x00000000f74eee58,0x00000000f7980000)
  to   space 17408K, 0% used [0x00000000f5880000,0x00000000f5880000,0x00000000f6980000)
 ParOldGen       total 71680K, used 10829K [0x00000000c0000000, 0x00000000c4600000, 0x00000000eab00000)
  object space 71680K, 15% used [0x00000000c0000000,0x00000000c0a93430,0x00000000c4600000)
 Metaspace       used 34715K, capacity 35424K, committed 35496K, reserved 1079296K
  class space    used 4613K, capacity 4815K, committed 4864K, reserved 1048576K
Event: 9.367 GC heap after
Heap after GC invocations=10 (full 2):
 PSYoungGen      total 194048K, used 0K [0x00000000eab00000, 0x00000000f8400000, 0x0000000100000000)
  eden space 177664K, 0% used [0x00000000eab00000,0x00000000eab00000,0x00000000f5880000)
  from space 16384K, 0% used [0x00000000f6980000,0x00000000f6980000,0x00000000f7980000)
  to   space 17408K, 0% used [0x00000000f5880000,0x00000000f5880000,0x00000000f6980000)
 ParOldGen       total 107008K, used 17763K [0x00000000c0000000, 0x00000000c6880000, 0x00000000eab00000)
  object space 107008K, 16% used [0x00000000c0000000,0x00000000c1158d40,0x00000000c6880000)
 Metaspace       used 34642K, capacity 35278K, committed 35496K, reserved 1079296K
  class space    used 4591K, capacity 4789K, committed 4864K, reserved 1048576K
}

Deoptimization events (10 events):
Event: 10.042 Thread 0x000000001774a800 Uncommon trap: reason=bimorphic action=maybe_recompile pc=0x0000000002f4c4bc method=java.util.AbstractList$Itr.next()Ljava/lang/Object; @ 14
Event: 10.049 Thread 0x000000001774a800 Uncommon trap: reason=bimorphic action=maybe_recompile pc=0x0000000002f4c4bc method=java.util.AbstractList$Itr.next()Ljava/lang/Object; @ 14
Event: 10.049 Thread 0x000000001774a800 Uncommon trap: reason=bimorphic action=maybe_recompile pc=0x0000000002f4c4bc method=java.util.AbstractList$Itr.next()Ljava/lang/Object; @ 14
Event: 10.064 Thread 0x000000001774a800 Uncommon trap: reason=bimorphic action=maybe_recompile pc=0x0000000002f4c4bc method=java.util.AbstractList$Itr.next()Ljava/lang/Object; @ 14
Event: 10.134 Thread 0x000000001774a800 Uncommon trap: reason=unstable_if action=reinterpret pc=0x0000000002921ca0 method=sun.misc.MetaIndex.mayContain(Ljava/lang/String;)Z @ 38
Event: 10.135 Thread 0x000000001774a800 Uncommon trap: reason=unstable_if action=reinterpret pc=0x00000000024bc970 method=sun.misc.MetaIndex.mayContain(Ljava/lang/String;)Z @ 38
Event: 10.273 Thread 0x000000001774a800 Uncommon trap: reason=unstable_if action=reinterpret pc=0x0000000002e59db4 method=com.sun.org.apache.xerces.internal.utils.XMLLimitAnalyzer.addValue(ILjava/lang/String;I)V @ 68
Event: 10.273 Thread 0x000000001774a800 Uncommon trap: reason=unstable_if action=reinterpret pc=0x0000000002dcdd50 method=com.sun.org.apache.xerces.internal.utils.XMLSecurityManager.isOverLimit(ILcom/sun/org/apache/xerces/internal/utils/XMLLimitAnalyzer;)Z @ 38
Event: 10.395 Thread 0x000000001774a800 Uncommon trap: reason=unstable_if action=reinterpret pc=0x0000000002e7edd0 method=java.lang.CharacterDataLatin1.digit(II)I @ 31
Event: 10.407 Thread 0x000000001774a800 Uncommon trap: reason=unstable_if action=reinterpret pc=0x0000000002dbe4e8 method=java.lang.CharacterDataLatin1.digit(II)I @ 31

Internal exceptions (10 events):
Event: 9.845 Thread 0x000000001774a800 Exception <a 'java/lang/ClassNotFoundException': org/gradle/api/file/FileTreeBeanInfo> (0x00000000ed6ba4f8) thrown at [C:\workspace\8-2-build-windows-amd64-cygwin\jdk8u65\4987\hotspot\src\share\vm\classfile\systemDictionary.cpp, line 210]
Event: 9.846 Thread 0x000000001774a800 Exception <a 'java/lang/ClassNotFoundException': org/gradle/api/file/FileTreeCustomizer> (0x00000000ed6d8508) thrown at [C:\workspace\8-2-build-windows-amd64-cygwin\jdk8u65\4987\hotspot\src\share\vm\classfile\systemDictionary.cpp, line 210]
Event: 9.847 Thread 0x000000001774a800 Exception <a 'java/lang/ClassNotFoundException': org/gradle/api/file/ConfigurableFileTreeBeanInfo> (0x00000000ed70e438) thrown at [C:\workspace\8-2-build-windows-amd64-cygwin\jdk8u65\4987\hotspot\src\share\vm\classfile\systemDictionary.cpp, line 210]
Event: 9.848 Thread 0x000000001774a800 Exception <a 'java/lang/ClassNotFoundException': org/gradle/api/file/ConfigurableFileTreeCustomizer> (0x00000000ed730c48) thrown at [C:\workspace\8-2-build-windows-amd64-cygwin\jdk8u65\4987\hotspot\src\share\vm\classfile\systemDictionary.cpp, line 210]
Event: 9.849 Thread 0x000000001774a800 Exception <a 'java/lang/ClassNotFoundException': org/gradle/api/file/DirectoryTreeBeanInfo> (0x00000000ed762ff0) thrown at [C:\workspace\8-2-build-windows-amd64-cygwin\jdk8u65\4987\hotspot\src\share\vm\classfile\systemDictionary.cpp, line 210]
Event: 9.850 Thread 0x000000001774a800 Exception <a 'java/lang/ClassNotFoundException': org/gradle/api/file/DirectoryTreeCustomizer> (0x00000000ed783c40) thrown at [C:\workspace\8-2-build-windows-amd64-cygwin\jdk8u65\4987\hotspot\src\share\vm\classfile\systemDictionary.cpp, line 210]
Event: 9.851 Thread 0x000000001774a800 Exception <a 'java/lang/ClassNotFoundException': org/gradle/api/tasks/util/PatternFilterableBeanInfo> (0x00000000ed7b6738) thrown at [C:\workspace\8-2-build-windows-amd64-cygwin\jdk8u65\4987\hotspot\src\share\vm\classfile\systemDictionary.cpp, line 210]
Event: 9.852 Thread 0x000000001774a800 Exception <a 'java/lang/ClassNotFoundException': org/gradle/api/tasks/util/PatternFilterableCustomizer> (0x00000000ed7db2d0) thrown at [C:\workspace\8-2-build-windows-amd64-cygwin\jdk8u65\4987\hotspot\src\share\vm\classfile\systemDictionary.cpp, line 210]
Event: 9.991 Thread 0x000000001774a800 Exception <a 'java/lang/ClassNotFoundException': com/sun/org/glassfish/hk2/osgiresourcelocator/ServiceLoader> (0x00000000edf2f478) thrown at [C:\workspace\8-2-build-windows-amd64-cygwin\jdk8u65\4987\hotspot\src\share\vm\classfile\systemDictionary.cpp, linexB&¢
Event: 10.000 Thread 0x000000001774a800 Exception <a 'java/lang/NullPointerException'> (0x00000000edf62ca8) thrown at [C:\workspace\8-2-build-windows-amd64-cygwin\jdk8u65\4987\hotspot\src\share\vm\interpreter\linkResolver.cpp, line 1280]

Events (10 events):
Event: 10.395 Thread 0x000000001774a800 Uncommon trap: trap_request=0xffffff65 fr.pc=0x0000000002e7edd0
Event: 10.396 Thread 0x000000001774a800 DEOPT PACKING pc=0x0000000002e7edd0 sp=0x0000000018c9c3a0
Event: 10.396 Thread 0x000000001774a800 DEOPT UNPACKING pc=0x000000000234556a sp=0x0000000018c9c1d0 mode 2
Event: 10.397 loading class com/sun/xml/internal/bind/v2/runtime/unmarshaller/DefaultIDResolver$1
Event: 10.398 loading class com/sun/xml/internal/bind/v2/runtime/unmarshaller/DefaultIDResolver$1 done
Event: 10.407 Thread 0x000000001774a800 Uncommon trap: trap_request=0xffffff65 fr.pc=0x0000000002dbe4e8
Event: 10.407 Thread 0x000000001774a800 DEOPT PACKING pc=0x0000000002dbe4e8 sp=0x0000000018c9c2a0
Event: 10.407 Thread 0x000000001774a800 DEOPT UNPACKING pc=0x000000000234556a sp=0x0000000018c9c210 mode 2
Event: 10.436 Thread 0x000000001774a800 DEOPT PACKING pc=0x000000000339aa08 sp=0x0000000018c9be20
Event: 10.437 Thread 0x000000001774a800 DEOPT UNPACKING pc=0x00000000023471bf sp=0x0000000018c9bb50 mode 0


Dynamic libraries:
0x00007ff774640000 - 0x00007ff774677000 	C:\Program Files\Java\jdk1.8.0_65\bin\java.exe
0x00007fffa5c00000 - 0x00007fffa5dc1000 	C:\Windows\SYSTEM32\ntdll.dll
0x00007fffa36a0000 - 0x00007fffa374d000 	C:\Windows\system32\KERNEL32.DLL
0x00007fffa22b0000 - 0x00007fffa2498000 	C:\Windows\system32\KERNELBASE.dll
0x00007fffa0a10000 - 0x00007fffa0a89000 	C:\Windows\system32\apphelp.dll
0x00007fffa3de0000 - 0x00007fffa3e87000 	C:\Windows\system32\ADVAPI32.dll
0x00007fffa5a50000 - 0x00007fffa5aed000 	C:\Windows\system32\msvcrt.dll
0x00007fffa3930000 - 0x00007fffa398b000 	C:\Windows\system32\sechost.dll
0x00007fffa3750000 - 0x00007fffa386c000 	C:\Windows\system32\RPCRT4.dll
0x00007fffa4110000 - 0x00007fffa4266000 	C:\Windows\system32\USER32.dll
0x00007fffa3290000 - 0x00007fffa3416000 	C:\Windows\system32\GDI32.dll
0x00007fff98a00000 - 0x00007fff98c74000 	C:\Windows\WinSxS\amd64_microsoft.windows.common-controls_6595b64144ccf1df_6.0.10586.0_none_8c15ae12515e1c22\COMCTL32.dll
0x00007fffa57d0000 - 0x00007fffa5a4d000 	C:\Windows\system32\combase.dll
0x00007fffa2690000 - 0x00007fffa26fa000 	C:\Windows\system32\bcryptPrimitives.dll
0x00007fffa3420000 - 0x00007fffa345b000 	C:\Windows\system32\IMM32.DLL
0x0000000064980000 - 0x0000000064a52000 	C:\Program Files\Java\jdk1.8.0_65\jre\bin\msvcr100.dll
0x0000000064ee0000 - 0x0000000065769000 	C:\Program Files\Java\jdk1.8.0_65\jre\bin\server\jvm.dll
0x00007fffa3dd0000 - 0x00007fffa3dd8000 	C:\Windows\system32\PSAPI.DLL
0x00007fff91020000 - 0x00007fff91029000 	C:\Windows\SYSTEM32\WSOCK32.dll
0x00007fff9e730000 - 0x00007fff9e73a000 	C:\Windows\SYSTEM32\VERSION.dll
0x00007fffa0950000 - 0x00007fffa0973000 	C:\Windows\SYSTEM32\WINMM.dll
0x00007fffa3e90000 - 0x00007fffa3efb000 	C:\Windows\system32\WS2_32.dll
0x00007fffa08f0000 - 0x00007fffa091c000 	C:\Windows\SYSTEM32\WINMMBASE.dll
0x00007fffa2550000 - 0x00007fffa2593000 	C:\Windows\system32\cfgmgr32.dll
0x0000000064df0000 - 0x0000000064dff000 	C:\Program Files\Java\jdk1.8.0_65\jre\bin\verify.dll
0x0000000064dc0000 - 0x0000000064de9000 	C:\Program Files\Java\jdk1.8.0_65\jre\bin\java.dll
0x0000000064da0000 - 0x0000000064db6000 	C:\Program Files\Java\jdk1.8.0_65\jre\bin\zip.dll
0x00007fffa4270000 - 0x00007fffa57cc000 	C:\Windows\system32\SHELL32.dll
0x00007fffa2720000 - 0x00007fffa2d65000 	C:\Windows\system32\windows.storage.dll
0x00007fffa3070000 - 0x00007fffa30c2000 	C:\Windows\system32\shlwapi.dll
0x00007fffa2220000 - 0x00007fffa222f000 	C:\Windows\system32\kernel.appcore.dll
0x00007fffa2d70000 - 0x00007fffa2e25000 	C:\Windows\system32\shcore.dll
0x00007fffa2260000 - 0x00007fffa22ab000 	C:\Windows\system32\powrprof.dll
0x00007fffa2230000 - 0x00007fffa2244000 	C:\Windows\system32\profapi.dll
0x0000000064d80000 - 0x0000000064d9a000 	C:\Program Files\Java\jdk1.8.0_65\jre\bin\net.dll
0x00007fffa1b50000 - 0x00007fffa1bac000 	C:\Windows\system32\mswsock.dll
0x0000000064d60000 - 0x0000000064d71000 	C:\Program Files\Java\jdk1.8.0_65\jre\bin\nio.dll
0x00007fff93d30000 - 0x00007fff93d42000 	C:\Users\Bryan\.gradle\native\19\windows-amd64\native-platform.dll
0x00007fff9af00000 - 0x00007fff9af38000 	C:\Windows\SYSTEM32\IPHLPAPI.DLL
0x00007fffa3920000 - 0x00007fffa3928000 	C:\Windows\system32\NSI.dll
0x00007fff9ab60000 - 0x00007fff9ab76000 	C:\Windows\SYSTEM32\dhcpcsvc6.DLL
0x00007fff9ab30000 - 0x00007fff9ab4a000 	C:\Windows\SYSTEM32\dhcpcsvc.DLL
0x00007fffa1c00000 - 0x00007fffa1c17000 	C:\Windows\SYSTEM32\CRYPTSP.dll
0x00007fffa1890000 - 0x00007fffa18c4000 	C:\Windows\system32\rsaenh.dll
0x00007fffa2150000 - 0x00007fffa2179000 	C:\Windows\SYSTEM32\bcrypt.dll
0x00007fffa19e0000 - 0x00007fffa19ff000 	C:\Windows\SYSTEM32\USERENV.dll
0x00007fffa1d20000 - 0x00007fffa1d2b000 	C:\Windows\SYSTEM32\CRYPTBASE.dll
0x0000000064b60000 - 0x0000000064b6d000 	C:\Program Files\Java\jdk1.8.0_65\jre\bin\management.dll
0x00007fff8f5b0000 - 0x00007fff8f73c000 	C:\Windows\SYSTEM32\dbghelp.dll

VM Arguments:
jvm_args: -XX:MaxPermSize=256m -XX:+HeapDumpOnOutOfMemoryError -Xmx1024m -Dfile.encoding=windows-1252 -Duser.country=US -Duser.language=en -Duser.variant 
java_command: org.gradle.launcher.daemon.bootstrap.GradleDaemon 2.10
java_class_path (initial): C:\Users\Bryan\.gradle\wrapper\dists\gradle-2.10-all\a4w5fzrkeut1ox71xslb49gst\gradle-2.10\lib\gradle-launcher-2.10.jar
Launcher Type: SUN_STANDARD

Environment Variables:
PATH=C:\ProgramData\Oracle\Java\javapath;C:\Windows\system32;C:\Windows;C:\Windows\System32\Wbem;C:\Windows\System32\WindowsPowerShell\v1.0\;C:\Program Files (x86)\ATI Technologies\ATI.ACE\Core-Static;C:\Program Files\Git\cmd;C:\Program Files (x86)\GNU\GnuPG\pub
USERNAME=Bryan
OS=Windows_NT
PROCESSOR_IDENTIFIER=Intel64 Family 6 Model 15 Stepping 11, GenuineIntel



---------------  S Y S T E M  ---------------

OS: Windows 10.0 , 64 bit Build 10586 (10.0.10586.0)

CPU:total 4 (4 cores per cpu, 1 threads per core) family 6 model 15 stepping 11, cmov, cx8, fxsr, mmx, sse, sse2, sse3, ssse3, tsc

Memory: 4k page, physical 8386804k(4562476k free), swap 16775412k(11409300k free)

vm_info: Java HotSpot(TM) 64-Bit Server VM (25.65-b01) for windows-amd64 JRE (1.8.0_65-b17), built on Oct  6 2015 16:39:20 by "java_re" with MS VC++ 10.0 (VS2010)

time: Mon May 02 01:13:59 2016
elapsed time: 10 seconds (0d 0h 0m 10s)

