#
# A fatal error has been detected by the Java Runtime Environment:
#
#  EXCEPTION_ACCESS_VIOLATION (0xc0000005) at pc=0xffffffffa4dc5120, pid=4776, tid=8728
#
# JRE version: Java(TM) SE Runtime Environment (8.0_65-b17) (build 1.8.0_65-b17)
# Java VM: Java HotSpot(TM) 64-Bit Server VM (25.65-b01 mixed mode windows-amd64 compressed oops)
# Problematic frame:
# C  0xffffffffa4dc5120
#
# Failed to write core dump. Minidumps are not enabled by default on client versions of Windows
#
# If you would like to submit a bug report, please visit:
#   http://bugreport.java.com/bugreport/crash.jsp
#

---------------  T H R E A D  ---------------

Current thread (0x000000001a624800):  JavaThread "Daemon worker" [_thread_in_Java, id=8728, stack(0x000000001bbd0000,0x000000001bcd0000)]

siginfo: ExceptionCode=0xc0000005, ExceptionInformation=0x0000000000000008 0xffffffffa4dc5120

Registers:
RAX=0x0000000022843d58, RBX=0x0000000022843d58, RCX=0x0000000022844538, RDX=0x0000000051ab8b18
RSP=0x000000001bccc0d8, RBP=0x000000001bccc148, RSI=0x0000000065006c00, RDI=0x0000000070007000
R8 =0x0000000000000016, R9 =0x00000000dff73e90, R10=0x000000005c362140, R11=0x0000000004a1f920
R12=0x0000000000000000, R13=0x000000001bccc0f0, R14=0x000000001bccc158, R15=0x000000001a624800
RIP=0xffffffffa4dc5120, EFLAGS=0x0000000000010202

Top of Stack: (sp=0x000000001bccc0d8)
0x000000001bccc0d8:   0000000002dc7470 000000001bccc148
0x000000001bccc0e8:   0000000002dc7470 0000000000000016
0x000000001bccc0f8:   0000000051ab8b18 000000004ca86f9a
0x000000001bccc108:   000000001bccc108 0000000022843def
0x000000001bccc118:   000000001bccc158 0000000022844538
0x000000001bccc128:   0000000000000000 0000000022843e00
0x000000001bccc138:   000000001bccc0f0 000000001bccc158
0x000000001bccc148:   000000001bccc1a0 0000000002dc7470
0x000000001bccc158:   0000000051ab8b18 000000001bccc160
0x000000001bccc168:   0000000022844139 000000001bccc218
0x000000001bccc178:   0000000022844538 0000000000000000
0x000000001bccc188:   00000000228441f8 000000001bccc158
0x000000001bccc198:   000000001bccc220 00000000000003b5
0x000000001bccc1a8:   00000000038c6380 0000000031dc933f
0x000000001bccc1b8:   00000000a9e343f4 000000000000001d
0x000000001bccc1c8:   0000000054e1179d 000000008c1f67c2 

Instructions: (pc=0xffffffffa4dc5120)
0xffffffffa4dc5100:   
[error occurred during error reporting (printing registers, top of stack, instructions near pc), id 0xc0000005]

Register to memory mapping:

RAX={method} {0x0000000022843d60} 'lf_S' '(II)I' in 'sun/security/provider/SHA2'
RBX={method} {0x0000000022843d60} 'lf_S' '(II)I' in 'sun/security/provider/SHA2'
RCX=0x0000000022844538 is pointing into metadata
RDX=0x0000000051ab8b18 is an unknown value
RSP=0x000000001bccc0d8 is pointing into the stack for thread: 0x000000001a624800
RBP=0x000000001bccc148 is pointing into the stack for thread: 0x000000001a624800
RSI=0x0000000065006c00 is an unknown value
RDI=0x0000000070007000 is an unknown value
R8 =0x0000000000000016 is an unknown value
R9 =0x00000000dff73e90 is an oop
java.lang.Class 
 - klass: 'java/lang/Class'
R10=0x000000005c362140 is an unknown value
R11=0x0000000004a1f920 is at entry_point+0 in (nmethod*)0x0000000004a1f7d0
R12=0x0000000000000000 is an unknown value
R13=0x000000001bccc0f0 is pointing into the stack for thread: 0x000000001a624800
R14=0x000000001bccc158 is pointing into the stack for thread: 0x000000001a624800
R15=0x000000001a624800 is a thread


Stack: [0x000000001bbd0000,0x000000001bcd0000],  sp=0x000000001bccc0d8,  free space=1008k
Native frames: (J=compiled Java code, j=interpreted, Vv=VM code, C=native code)
C  0xffffffffa4dc5120


---------------  P R O C E S S  ---------------

Java Threads: ( => current thread )
  0x000000001dfa7000 JavaThread "pool-2-thread-2" [_thread_blocked, id=10724, stack(0x00000000231d0000,0x00000000232d0000)]
  0x000000001dfa8800 JavaThread "pool-2-thread-1" [_thread_blocked, id=6112, stack(0x0000000022730000,0x0000000022830000)]
  0x000000001dfab000 JavaThread "pool-1-thread-2" [_thread_blocked, id=10788, stack(0x0000000022630000,0x0000000022730000)]
  0x000000001dfa9800 JavaThread "pool-1-thread-1" [_thread_blocked, id=2640, stack(0x00000000209f0000,0x0000000020af0000)]
  0x000000001adf5800 JavaThread "File lock request listener" [_thread_in_native, id=8160, stack(0x000000001fcb0000,0x000000001fdb0000)]
  0x000000001a60a800 JavaThread "Stdin handler" [_thread_blocked, id=5996, stack(0x000000001bcd0000,0x000000001bdd0000)]
=>0x000000001a624800 JavaThread "Daemon worker" [_thread_in_Java, id=8728, stack(0x000000001bbd0000,0x000000001bcd0000)]
  0x000000001a620800 JavaThread "Cancel handler" [_thread_blocked, id=3424, stack(0x000000001bad0000,0x000000001bbd0000)]
  0x000000001a5ae000 JavaThread "Handler for socket connection from /127.0.0.1:50208 to /127.0.0.1:50211" [_thread_in_native, id=10876, stack(0x000000001b9d0000,0x000000001bad0000)]
  0x000000001a5be800 JavaThread "Daemon" [_thread_blocked, id=8996, stack(0x000000001b8d0000,0x000000001b9d0000)]
  0x000000001a457000 JavaThread "Incoming local TCP Connector on port 50208" [_thread_in_native, id=3988, stack(0x000000001a120000,0x000000001a220000)]
  0x0000000017a3e800 JavaThread "Service Thread" daemon [_thread_blocked, id=8904, stack(0x0000000019720000,0x0000000019820000)]
  0x00000000179df000 JavaThread "C1 CompilerThread2" daemon [_thread_blocked, id=9156, stack(0x0000000019220000,0x0000000019320000)]
  0x00000000179da000 JavaThread "C2 CompilerThread1" daemon [_thread_in_native, id=2180, stack(0x0000000019120000,0x0000000019220000)]
  0x00000000179e9000 JavaThread "C2 CompilerThread0" daemon [_thread_blocked, id=5600, stack(0x0000000019020000,0x0000000019120000)]
  0x00000000179e8000 JavaThread "Attach Listener" daemon [_thread_blocked, id=6668, stack(0x0000000018f20000,0x0000000019020000)]
  0x00000000179e6800 JavaThread "Signal Dispatcher" daemon [_thread_blocked, id=11136, stack(0x0000000018e20000,0x0000000018f20000)]
  0x0000000002db1000 JavaThread "Finalizer" daemon [_thread_blocked, id=11252, stack(0x0000000018c40000,0x0000000018d40000)]
  0x0000000002dae000 JavaThread "Reference Handler" daemon [_thread_blocked, id=8576, stack(0x0000000018b40000,0x0000000018c40000)]
  0x0000000002cbd800 JavaThread "main" [_thread_blocked, id=8368, stack(0x0000000002b40000,0x0000000002c40000)]

Other Threads:
  0x00000000179a7000 VMThread [stack: 0x0000000018a40000,0x0000000018b40000] [id=1412]
  0x00000000179f0000 WatcherThread [stack: 0x0000000019820000,0x0000000019920000] [id=4368]

VM state:not at safepoint (normal execution)

VM Mutex/Monitor currently owned by a thread: None

Heap:
 PSYoungGen      total 209920K, used 196743K [0x00000000d5580000, 0x00000000e8f00000, 0x0000000100000000)
  eden space 187392K, 92% used [0x00000000d5580000,0x00000000dffa70b0,0x00000000e0c80000)
  from space 22528K, 99% used [0x00000000e0c80000,0x00000000e227ae78,0x00000000e2280000)
  to   space 40960K, 0% used [0x00000000e6700000,0x00000000e6700000,0x00000000e8f00000)
 ParOldGen       total 106496K, used 64402K [0x0000000080000000, 0x0000000086800000, 0x00000000d5580000)
  object space 106496K, 60% used [0x0000000080000000,0x0000000083ee4a68,0x0000000086800000)
 Metaspace       used 56038K, capacity 57038K, committed 57216K, reserved 1099776K
  class space    used 7424K, capacity 7709K, committed 7808K, reserved 1048576K

Card table byte_map: [0x0000000012180000,0x0000000012590000] byte_map_base: 0x0000000011d80000

Marking Bits: (ParMarkBitMap*) 0x000000005c37a5b0
 Begin Bits: [0x0000000012c40000, 0x0000000014c40000)
 End Bits:   [0x0000000014c40000, 0x0000000016c40000)

Polling page: 0x0000000001210000

CodeCache: size=245760Kb used=28933Kb max_used=28933Kb free=216826Kb
 bounds [0x0000000002dc0000, 0x0000000004a30000, 0x0000000011dc0000]
 total_blobs=9480 nmethods=8743 adapters=649
 compilation: enabled

Compilation events (10 events):
Event: 26.554 Thread 0x00000000179df000 10450       1       sun.security.provider.SHA2::lf_S (11 bytes)
Event: 26.554 Thread 0x00000000179df000 nmethod 10450 0x0000000004a1cfd0 code [0x0000000004a1d120, 0x0000000004a1d230]
Event: 26.554 Thread 0x00000000179df000 10451       3       sun.security.provider.SHA2::lf_sigma0 (20 bytes)
Event: 26.554 Thread 0x00000000179df000 nmethod 10451 0x0000000004a21310 code [0x0000000004a21480, 0x0000000004a216f0]
Event: 26.554 Thread 0x00000000179df000 10448       3       sun.security.provider.SHA2::lf_sigma1 (21 bytes)
Event: 26.554 Thread 0x00000000179df000 nmethod 10448 0x0000000004a217d0 code [0x0000000004a21940, 0x0000000004a21bb0]
Event: 26.554 Thread 0x00000000179df000 10449       3       sun.security.provider.SHA2::lf_ch (10 bytes)
Event: 26.554 Thread 0x00000000179df000 nmethod 10449 0x0000000004a1ccd0 code [0x0000000004a1ce20, 0x0000000004a1cf70]
Event: 26.554 Thread 0x00000000179df000 10452       3       sun.security.provider.SHA2::lf_maj (12 bytes)
Event: 26.554 Thread 0x00000000179df000 nmethod 10452 0x0000000004a21c90 code [0x0000000004a21de0, 0x0000000004a21f30]

GC Heap History (10 events):
Event: 11.473 GC heap before
{Heap before GC invocations=7 (full 1):
 PSYoungGen      total 138240K, used 79064K [0x00000000d5580000, 0x00000000df280000, 0x0000000100000000)
  eden space 133120K, 55% used [0x00000000d5580000,0x00000000d9dbe108,0x00000000dd780000)
  from space 5120K, 99% used [0x00000000dd780000,0x00000000ddc78010,0x00000000ddc80000)
  to   space 12288K, 0% used [0x00000000de680000,0x00000000de680000,0x00000000df280000)
 ParOldGen       total 71680K, used 16307K [0x0000000080000000, 0x0000000084600000, 0x00000000d5580000)
  object space 71680K, 22% used [0x0000000080000000,0x0000000080fecc58,0x0000000084600000)
 Metaspace       used 34656K, capacity 35300K, committed 35456K, reserved 1079296K
  class space    used 4713K, capacity 4928K, committed 4992K, reserved 1048576K
Event: 11.527 GC heap after
Heap after GC invocations=7 (full 1):
 PSYoungGen      total 145408K, used 12287K [0x00000000d5580000, 0x00000000e3580000, 0x0000000100000000)
  eden space 133120K, 0% used [0x00000000d5580000,0x00000000d5580000,0x00000000dd780000)
  from space 12288K, 99% used [0x00000000de680000,0x00000000df27fcf8,0x00000000df280000)
  to   space 15360K, 0% used [0x00000000dd780000,0x00000000dd780000,0x00000000de680000)
 ParOldGen       total 71680K, used 17743K [0x0000000080000000, 0x0000000084600000, 0x00000000d5580000)
  object space 71680K, 24% used [0x0000000080000000,0x0000000081153ce0,0x0000000084600000)
 Metaspace       used 34656K, capacity 35300K, committed 35456K, reserved 1079296K
  class space    used 4713K, capacity 4928K, committed 4992K, reserved 1048576K
}
Event: 11.527 GC heap before
{Heap before GC invocations=8 (full 2):
 PSYoungGen      total 145408K, used 12287K [0x00000000d5580000, 0x00000000e3580000, 0x0000000100000000)
  eden space 133120K, 0% used [0x00000000d5580000,0x00000000d5580000,0x00000000dd780000)
  from space 12288K, 99% used [0x00000000de680000,0x00000000df27fcf8,0x00000000df280000)
  to   space 15360K, 0% used [0x00000000dd780000,0x00000000dd780000,0x00000000de680000)
 ParOldGen       total 71680K, used 17743K [0x0000000080000000, 0x0000000084600000, 0x00000000d5580000)
  object space 71680K, 24% used [0x0000000080000000,0x0000000081153ce0,0x0000000084600000)
 Metaspace       used 34656K, capacity 35300K, committed 35456K, reserved 1079296K
  class space    used 4713K, capacity 4928K, committed 4992K, reserved 1048576K
Event: 11.722 GC heap after
Heap after GC invocations=8 (full 2):
 PSYoungGen      total 145408K, used 0K [0x00000000d5580000, 0x00000000e3580000, 0x0000000100000000)
  eden space 133120K, 0% used [0x00000000d5580000,0x00000000d5580000,0x00000000dd780000)
  from space 12288K, 0% used [0x00000000de680000,0x00000000de680000,0x00000000df280000)
  to   space 15360K, 0% used [0x00000000dd780000,0x00000000dd780000,0x00000000de680000)
 ParOldGen       total 106496K, used 21146K [0x0000000080000000, 0x0000000086800000, 0x00000000d5580000)
  object space 106496K, 19% used [0x0000000080000000,0x00000000814a6bf8,0x0000000086800000)
 Metaspace       used 34656K, capacity 35300K, committed 35456K, reserved 1079296K
  class space    used 4713K, capacity 4928K, committed 4992K, reserved 1048576K
}
Event: 14.924 GC heap before
{Heap before GC invocations=9 (full 2):
 PSYoungGen      total 145408K, used 133120K [0x00000000d5580000, 0x00000000e3580000, 0x0000000100000000)
  eden space 133120K, 100% used [0x00000000d5580000,0x00000000dd780000,0x00000000dd780000)
  from space 12288K, 0% used [0x00000000de680000,0x00000000de680000,0x00000000df280000)
  to   space 15360K, 0% used [0x00000000dd780000,0x00000000dd780000,0x00000000de680000)
 ParOldGen       total 106496K, used 21146K [0x0000000080000000, 0x0000000086800000, 0x00000000d5580000)
  object space 106496K, 19% used [0x0000000080000000,0x00000000814a6bf8,0x0000000086800000)
 Metaspace       used 41655K, capacity 42454K, committed 42624K, reserved 1085440K
  class space    used 5748K, capacity 5987K, committed 6016K, reserved 1048576K
Event: 14.981 GC heap after
Heap after GC invocations=9 (full 2):
 PSYoungGen      total 148480K, used 14306K [0x00000000d5580000, 0x00000000e3380000, 0x0000000100000000)
  eden space 133120K, 0% used [0x00000000d5580000,0x00000000d5580000,0x00000000dd780000)
  from space 15360K, 93% used [0x00000000dd780000,0x00000000de5788d0,0x00000000de680000)
  to   space 17408K, 0% used [0x00000000e2280000,0x00000000e2280000,0x00000000e3380000)
 ParOldGen       total 106496K, used 21154K [0x0000000080000000, 0x0000000086800000, 0x00000000d5580000)
  object space 106496K, 19% used [0x0000000080000000,0x00000000814a8bf8,0x0000000086800000)
 Metaspace       used 41655K, capacity 42454K, committed 42624K, reserved 1085440K
  class space    used 5748K, capacity 5987K, committed 6016K, reserved 1048576K
}
Event: 20.687 GC heap before
{Heap before GC invocations=10 (full 2):
 PSYoungGen      total 148480K, used 147426K [0x00000000d5580000, 0x00000000e3380000, 0x0000000100000000)
  eden space 133120K, 100% used [0x00000000d5580000,0x00000000dd780000,0x00000000dd780000)
  from space 15360K, 93% used [0x00000000dd780000,0x00000000de5788d0,0x00000000de680000)
  to   space 17408K, 0% used [0x00000000e2280000,0x00000000e2280000,0x00000000e3380000)
 ParOldGen       total 106496K, used 21154K [0x0000000080000000, 0x0000000086800000, 0x00000000d5580000)
  object space 106496K, 19% used [0x0000000080000000,0x00000000814a8bf8,0x0000000086800000)
 Metaspace       used 50031K, capacity 50998K, committed 51328K, reserved 1093632K
  class space    used 6875K, capacity 7187K, committed 7296K, reserved 1048576K
Event: 20.758 GC heap after
Heap after GC invocations=10 (full 2):
 PSYoungGen      total 204800K, used 17382K [0x00000000d5580000, 0x00000000e3b00000, 0x0000000100000000)
  eden space 187392K, 0% used [0x00000000d5580000,0x00000000d5580000,0x00000000e0c80000)
  from space 17408K, 99% used [0x00000000e2280000,0x00000000e3379980,0x00000000e3380000)
  to   space 22528K, 0% used [0x00000000e0c80000,0x00000000e0c80000,0x00000000e2280000)
 ParOldGen       total 106496K, used 27031K [0x0000000080000000, 0x0000000086800000, 0x00000000d5580000)
  object space 106496K, 25% used [0x0000000080000000,0x0000000081a65d90,0x0000000086800000)
 Metaspace       used 50031K, capacity 50998K, committed 51328K, reserved 1093632K
  class space    used 6875K, capacity 7187K, committed 7296K, reserved 1048576K
}
Event: 25.322 GC heap before
{Heap before GC invocations=11 (full 2):
 PSYoungGen      total 204800K, used 204774K [0x00000000d5580000, 0x00000000e3b00000, 0x0000000100000000)
  eden space 187392K, 100% used [0x00000000d5580000,0x00000000e0c80000,0x00000000e0c80000)
  from space 17408K, 99% used [0x00000000e2280000,0x00000000e3379980,0x00000000e3380000)
  to   space 22528K, 0% used [0x00000000e0c80000,0x00000000e0c80000,0x00000000e2280000)
 ParOldGen       total 106496K, used 27031K [0x0000000080000000, 0x0000000086800000, 0x00000000d5580000)
  object space 106496K, 25% used [0x0000000080000000,0x0000000081a65d90,0x0000000086800000)
 Metaspace       used 55290K, capacity 56258K, committed 56320K, reserved 1097728K
  class space    used 7344K, capacity 7643K, committed 7680K, reserved 1048576K
Event: 25.445 GC heap after
Heap after GC invocations=11 (full 2):
 PSYoungGen      total 209920K, used 22507K [0x00000000d5580000, 0x00000000e8f00000, 0x0000000100000000)
  eden space 187392K, 0% used [0x00000000d5580000,0x00000000d5580000,0x00000000e0c80000)
  from space 22528K, 99% used [0x00000000e0c80000,0x00000000e227ae78,0x00000000e2280000)
  to   space 40960K, 0% used [0x00000000e6700000,0x00000000e6700000,0x00000000e8f00000)
 ParOldGen       total 106496K, used 64402K [0x0000000080000000, 0x0000000086800000, 0x00000000d5580000)
  object space 106496K, 60% used [0x0000000080000000,0x0000000083ee4a68,0x0000000086800000)
 Metaspace       used 55290K, capacity 56258K, committed 56320K, reserved 1097728K
  class space    used 7344K, capacity 7643K, committed 7680K, reserved 1048576K
}

Deoptimization events (10 events):
Event: 26.058 Thread 0x000000001dfa7000 Uncommon trap: reason=unstable_if action=reinterpret pc=0x000000000461c22c method=com.android.dx.merge.DexMerger$IdMerger.readIntoMap(Lcom/android/dex/Dex$Section;Lcom/android/dex/TableOfContents$Section;Lcom/android/dx/merge/IndexMap;ILjava/util/TreeMap;I …¢|É:@
Event: 26.058 Thread 0x000000001dfa7000 Uncommon trap: reason=unstable_if action=reinterpret pc=0x00000000030a2528 method=com.android.dex.Mutf8.countBytes(Ljava/lang/String;Z)J @ 28
Event: 26.058 Thread 0x000000001dfa7000 Uncommon trap: reason=unstable_if action=reinterpret pc=0x00000000043c8700 method=com.android.dex.Mutf8.encode([BILjava/lang/String;)V @ 24
Event: 26.058 Thread 0x000000001dfa7000 Uncommon trap: reason=unstable_if action=reinterpret pc=0x000000000384abcc method=com.android.dex.Mutf8.countBytes(Ljava/lang/String;Z)J @ 28
Event: 26.463 Thread 0x000000001a624800 Uncommon trap: reason=unstable_if action=reinterpret pc=0x0000000003860df8 method=com.google.common.collect.MapMakerInternalMap$Segment.getEntry(Ljava/lang/Object;I)Lcom/google/common/collect/MapMakerInternalMap$ReferenceEntry; @ 40
Event: 26.463 Thread 0x000000001a624800 Uncommon trap: reason=unstable_if action=reinterpret pc=0x00000000035a7da8 method=com.google.common.collect.MapMakerInternalMap$Segment.getEntry(Ljava/lang/Object;I)Lcom/google/common/collect/MapMakerInternalMap$ReferenceEntry; @ 40
Event: 26.539 Thread 0x000000001a624800 Uncommon trap: reason=unstable_if action=reinterpret pc=0x00000000046f76d0 method=java.math.BigInteger.stripLeadingZeroBytes([B)[I @ 7
Event: 26.550 Thread 0x000000001a624800 Uncommon trap: reason=unstable_if action=reinterpret pc=0x0000000003c6f9c4 method=sun.net.www.protocol.jar.Handler.parseURL(Ljava/net/URL;Ljava/lang/String;II)V @ 94
Event: 26.553 Thread 0x000000001a624800 Uncommon trap: reason=class_check action=maybe_recompile pc=0x0000000003904128 method=java.util.zip.InflaterInputStream.read([BII)I @ 100
Event: 26.553 Thread 0x000000001a624800 Uncommon trap: reason=bimorphic action=maybe_recompile pc=0x0000000003fea200 method=java.security.MessageDigest$Delegate.engineUpdate([BII)V @ 7

Internal exceptions (10 events):
Event: 16.360 Thread 0x000000001a624800 Exception <a 'java/lang/ClassNotFoundException': java/io/FileBeanInfo> (0x00000000d7c6a448) thrown at [C:\workspace\8-2-build-windows-amd64-cygwin\jdk8u65\4987\hotspot\src\share\vm\classfile\systemDictionary.cpp, line 210]
Event: 16.360 Thread 0x000000001a624800 Exception <a 'java/lang/ClassNotFoundException': java/io/FileCustomizer> (0x00000000d7c6f608) thrown at [C:\workspace\8-2-build-windows-amd64-cygwin\jdk8u65\4987\hotspot\src\share\vm\classfile\systemDictionary.cpp, line 210]
Event: 16.503 Thread 0x000000001a624800 Exception <a 'java/lang/ClassNotFoundException': java/lang/IntegerBeanInfo> (0x00000000d7dd2920) thrown at [C:\workspace\8-2-build-windows-amd64-cygwin\jdk8u65\4987\hotspot\src\share\vm\classfile\systemDictionary.cpp, line 210]
Event: 16.503 Thread 0x000000001a624800 Exception <a 'java/lang/ClassNotFoundException': java/lang/NumberBeanInfo> (0x00000000d7dd7e58) thrown at [C:\workspace\8-2-build-windows-amd64-cygwin\jdk8u65\4987\hotspot\src\share\vm\classfile\systemDictionary.cpp, line 210]
Event: 16.503 Thread 0x000000001a624800 Exception <a 'java/lang/ClassNotFoundException': java/lang/NumberCustomizer> (0x00000000d7ddd3b0) thrown at [C:\workspace\8-2-build-windows-amd64-cygwin\jdk8u65\4987\hotspot\src\share\vm\classfile\systemDictionary.cpp, line 210]
Event: 16.503 Thread 0x000000001a624800 Exception <a 'java/lang/ClassNotFoundException': java/lang/IntegerCustomizer> (0x00000000d7de6178) thrown at [C:\workspace\8-2-build-windows-amd64-cygwin\jdk8u65\4987\hotspot\src\share\vm\classfile\systemDictionary.cpp, line 210]
Event: 16.524 Thread 0x000000001a624800 Exception <a 'java/lang/ClassNotFoundException': com/google/common/collect/ListsBeanInfo> (0x00000000d7e47c78) thrown at [C:\workspace\8-2-build-windows-amd64-cygwin\jdk8u65\4987\hotspot\src\share\vm\classfile\systemDictionary.cpp, line 210]
Event: 16.525 Thread 0x000000001a624800 Exception <a 'java/lang/ClassNotFoundException': com/google/common/collect/ListsCustomizer> (0x00000000d7e55598) thrown at [C:\workspace\8-2-build-windows-amd64-cygwin\jdk8u65\4987\hotspot\src\share\vm\classfile\systemDictionary.cpp, line 210]
Event: 17.566 Thread 0x000000001a624800 Implicit null exception at 0x0000000002f44717 to 0x0000000002f44803
Event: 26.058 Thread 0x000000001dfa7000 Implicit null exception at 0x000000000461bcc4 to 0x000000000461c219

Events (10 events):
Event: 26.552 loading class sun/security/provider/SHA2$SHA256
Event: 26.552 loading class sun/security/provider/SHA2
Event: 26.552 loading class sun/security/provider/SHA2 done
Event: 26.552 loading class sun/security/provider/SHA2$SHA256 done
Event: 26.553 Thread 0x000000001a624800 Uncommon trap: trap_request=0xffffffde fr.pc=0x0000000003904128
Event: 26.553 Thread 0x000000001a624800 DEOPT PACKING pc=0x0000000003904128 sp=0x000000001bccc210
Event: 26.553 Thread 0x000000001a624800 DEOPT UNPACKING pc=0x0000000002e0556a sp=0x000000001bccc218 mode 2
Event: 26.553 Thread 0x000000001a624800 Uncommon trap: trap_request=0xffffffc6 fr.pc=0x0000000003fea200
Event: 26.553 Thread 0x000000001a624800 DEOPT PACKING pc=0x0000000003fea200 sp=0x000000001bccc2f0
Event: 26.553 Thread 0x000000001a624800 DEOPT UNPACKING pc=0x0000000002e0556a sp=0x000000001bccc270 mode 2


Dynamic libraries:
0x00007ff60cfb0000 - 0x00007ff60cfe7000 	C:\Program Files\Java\jdk1.8.0_65\bin\java.exe
0x00007ffc14570000 - 0x00007ffc14731000 	C:\Windows\SYSTEM32\ntdll.dll
0x00007ffc127a0000 - 0x00007ffc1284d000 	C:\Windows\system32\KERNEL32.DLL
0x00007ffc11780000 - 0x00007ffc11968000 	C:\Windows\system32\KERNELBASE.dll
0x00007ffc0f380000 - 0x00007ffc0f3f9000 	C:\Windows\system32\apphelp.dll
0x00007ffc12da0000 - 0x00007ffc12e47000 	C:\Windows\system32\ADVAPI32.dll
0x00007ffc123b0000 - 0x00007ffc1244d000 	C:\Windows\system32\msvcrt.dll
0x00007ffc12e50000 - 0x00007ffc12eab000 	C:\Windows\system32\sechost.dll
0x00007ffc12850000 - 0x00007ffc1296c000 	C:\Windows\system32\RPCRT4.dll
0x00007ffc11d20000 - 0x00007ffc11e76000 	C:\Windows\system32\USER32.dll
0x00007ffc12020000 - 0x00007ffc121a6000 	C:\Windows\system32\GDI32.dll
0x00007ffc05d60000 - 0x00007ffc05fd4000 	C:\Windows\WinSxS\amd64_microsoft.windows.common-controls_6595b64144ccf1df_6.0.10586.589_none_a2ddb3caa539acce\COMCTL32.dll
0x00007ffc11aa0000 - 0x00007ffc11d1d000 	C:\Windows\system32\combase.dll
0x00007ffc10c20000 - 0x00007ffc10c8a000 	C:\Windows\system32\bcryptPrimitives.dll
0x00007ffc125b0000 - 0x00007ffc125eb000 	C:\Windows\system32\IMM32.DLL
0x000000005c400000 - 0x000000005c4d2000 	C:\Program Files\Java\jdk1.8.0_65\jre\bin\msvcr100.dll
0x000000005bb70000 - 0x000000005c3f9000 	C:\Program Files\Java\jdk1.8.0_65\jre\bin\server\jvm.dll
0x00007ffc123a0000 - 0x00007ffc123a8000 	C:\Windows\system32\PSAPI.DLL
0x00007ffc0ede0000 - 0x00007ffc0ee03000 	C:\Windows\SYSTEM32\WINMM.dll
0x00007ffbee080000 - 0x00007ffbee089000 	C:\Windows\SYSTEM32\WSOCK32.dll
0x00007ffc11f40000 - 0x00007ffc11fab000 	C:\Windows\system32\WS2_32.dll
0x00007ffc0df50000 - 0x00007ffc0df5a000 	C:\Windows\SYSTEM32\VERSION.dll
0x00007ffc0edb0000 - 0x00007ffc0eddc000 	C:\Windows\SYSTEM32\WINMMBASE.dll
0x00007ffc11680000 - 0x00007ffc116c3000 	C:\Windows\system32\cfgmgr32.dll
0x000000005bb60000 - 0x000000005bb6f000 	C:\Program Files\Java\jdk1.8.0_65\jre\bin\verify.dll
0x000000005bb30000 - 0x000000005bb59000 	C:\Program Files\Java\jdk1.8.0_65\jre\bin\java.dll
0x000000005bb10000 - 0x000000005bb26000 	C:\Program Files\Java\jdk1.8.0_65\jre\bin\zip.dll
0x00007ffc13010000 - 0x00007ffc1456c000 	C:\Windows\system32\SHELL32.dll
0x00007ffc11030000 - 0x00007ffc11675000 	C:\Windows\system32\windows.storage.dll
0x00007ffc11a40000 - 0x00007ffc11a92000 	C:\Windows\system32\shlwapi.dll
0x00007ffc10ba0000 - 0x00007ffc10baf000 	C:\Windows\system32\kernel.appcore.dll
0x00007ffc10f50000 - 0x00007ffc11005000 	C:\Windows\system32\shcore.dll
0x00007ffc10bb0000 - 0x00007ffc10bfb000 	C:\Windows\system32\powrprof.dll
0x00007ffc10c00000 - 0x00007ffc10c14000 	C:\Windows\system32\profapi.dll
0x000000005baf0000 - 0x000000005bb0a000 	C:\Program Files\Java\jdk1.8.0_65\jre\bin\net.dll
0x00007ffc104c0000 - 0x00007ffc1051c000 	C:\Windows\system32\mswsock.dll
0x000000005bad0000 - 0x000000005bae1000 	C:\Program Files\Java\jdk1.8.0_65\jre\bin\nio.dll
0x00007ffc041e0000 - 0x00007ffc041f2000 	C:\Users\Bryan\.gradle\native\19\windows-amd64\native-platform.dll
0x00007ffc0b0b0000 - 0x00007ffc0b0e8000 	C:\Windows\SYSTEM32\IPHLPAPI.DLL
0x00007ffc121b0000 - 0x00007ffc121b8000 	C:\Windows\system32\NSI.dll
0x00007ffc099a0000 - 0x00007ffc099b6000 	C:\Windows\SYSTEM32\dhcpcsvc6.DLL
0x00007ffc09910000 - 0x00007ffc0992a000 	C:\Windows\SYSTEM32\dhcpcsvc.DLL
0x00007ffc10570000 - 0x00007ffc10587000 	C:\Windows\SYSTEM32\CRYPTSP.dll
0x00007ffc10200000 - 0x00007ffc10234000 	C:\Windows\system32\rsaenh.dll
0x00007ffc10790000 - 0x00007ffc107b9000 	C:\Windows\SYSTEM32\bcrypt.dll
0x00007ffc10350000 - 0x00007ffc1036f000 	C:\Windows\SYSTEM32\USERENV.dll
0x00007ffc10690000 - 0x00007ffc1069b000 	C:\Windows\SYSTEM32\CRYPTBASE.dll
0x000000005bac0000 - 0x000000005bacd000 	C:\Program Files\Java\jdk1.8.0_65\jre\bin\management.dll
0x00007ffbf2ee0000 - 0x00007ffbf306c000 	C:\Windows\SYSTEM32\dbghelp.dll

VM Arguments:
jvm_args: -XX:MaxPermSize=512m -XX:+HeapDumpOnOutOfMemoryError -Xmx2048m -Dfile.encoding=UTF-8 -Duser.country=US -Duser.language=en -Duser.variant 
java_command: org.gradle.launcher.daemon.bootstrap.GradleDaemon 2.10
java_class_path (initial): C:\Users\Bryan\.gradle\wrapper\dists\gradle-2.10-all\a4w5fzrkeut1ox71xslb49gst\gradle-2.10\lib\gradle-launcher-2.10.jar
Launcher Type: SUN_STANDARD

Environment Variables:
PATH=C:\ProgramData\Oracle\Java\javapath;C:\Windows\system32;C:\Windows;C:\Windows\System32\Wbem;C:\Windows\System32\WindowsPowerShell\v1.0\;C:\Program Files (x86)\ATI Technologies\ATI.ACE\Core-Static;C:\Program Files\Git\cmd;C:\Program Files (x86)\GNU\GnuPG\pub;
USERNAME=Bryan
OS=Windows_NT
PROCESSOR_IDENTIFIER=Intel64 Family 6 Model 15 Stepping 11, GenuineIntel



---------------  S Y S T E M  ---------------

OS: Windows 10.0 , 64 bit Build 10586 (10.0.10586.589)

CPU:total 4 (4 cores per cpu, 1 threads per core) family 6 model 15 stepping 11, cmov, cx8, fxsr, mmx, sse, sse2, sse3, ssse3, tsc

Memory: 4k page, physical 8386804k(5076044k free), swap 16775412k(12556916k free)

vm_info: Java HotSpot(TM) 64-Bit Server VM (25.65-b01) for windows-amd64 JRE (1.8.0_65-b17), built on Oct  6 2015 16:39:20 by "java_re" with MS VC++ 10.0 (VS2010)

time: Mon Oct 03 19:48:12 2016
elapsed time: 26 seconds (0d 0h 0m 26s)

