#
# A fatal error has been detected by the Java Runtime Environment:
#
#  EXCEPTION_ACCESS_VIOLATION (0xc0000005) at pc=0xffffffffa39e5120, pid=2252, tid=7096
#
# JRE version: Java(TM) SE Runtime Environment (8.0_65-b17) (build 1.8.0_65-b17)
# Java VM: Java HotSpot(TM) 64-Bit Server VM (25.65-b01 mixed mode windows-amd64 compressed oops)
# Problematic frame:
# C  0xffffffffa39e5120
#
# Failed to write core dump. Minidumps are not enabled by default on client versions of Windows
#
# If you would like to submit a bug report, please visit:
#   http://bugreport.java.com/bugreport/crash.jsp
#

---------------  T H R E A D  ---------------

Current thread (0x000000001d55a800):  JavaThread "pool-33-thread-3" [_thread_in_Java, id=7096, stack(0x0000000027880000,0x0000000027980000)]

siginfo: ExceptionCode=0xc0000005, ExceptionInformation=0x0000000000000008 0xffffffffa39e5120

Registers:
RAX=0x0000000000000002, RBX=0x0000000000000000, RCX=0x0000000023cca670, RDX=0x0000000000000002
RSP=0x000000002797e048, RBP=0x0000000000047f2f, RSI=0x00000000849c9318, RDI=0x0000000000000000
R8 =0x00000000849c9318, R9 =0x00000000ee956800, R10=0x00000000000000a8, R11=0x0000000000000002
R12=0x0000000000000000, R13=0x000000008120c168, R14=0x00000000849c92f8, R15=0x000000001d55a800
RIP=0xffffffffa39e5120, EFLAGS=0x0000000000010206

Top of Stack: (sp=0x000000002797e048)
0x000000002797e048:   0000000004395d14 0000000000047f23
0x000000002797e058:   000000000399e58c 0000000000047f2c
0x000000002797e068:   000000000423b364 00000000ee956080
0x000000002797e078:   00000000832adc30 0000000082b8bee0
0x000000002797e088:   0000003700000001 00000000ee956370
0x000000002797e098:   00000000ee950850 ee9508c80000000c
0x000000002797e0a8:   00000000832adee8 0000006582b8bdd0
0x000000002797e0b8:   0000000000000000 00000000ee950850
0x000000002797e0c8:   00000000ee956050 000004838dddc408
0x000000002797e0d8:   0000000063754eae 0000000000047f2c
0x000000002797e0e8:   0000000004399bfc 00000000ee950850
0x000000002797e0f8:   00000000ee9564f0 0000005700000061
0x000000002797e108:   000000010000000c 00000000ee9565b8
0x000000002797e118:   00000000ee956600 00000000f07dd338
0x000000002797e128:   0000000089f8c408 0000000000000000
0x000000002797e138:   0000000000000000 0000000082b8bee0 

Instructions: (pc=0xffffffffa39e5120)
0xffffffffa39e5100:   
[error occurred during error reporting (printing registers, top of stack, instructions near pc), id 0xc0000005]

Register to memory mapping:

RAX=0x0000000000000002 is an unknown value
RBX=0x0000000000000000 is an unknown value
RCX=0x0000000023cca670 is pointing into metadata
RDX=0x0000000000000002 is an unknown value
RSP=0x000000002797e048 is pointing into the stack for thread: 0x000000001d55a800
RBP=0x0000000000047f2f is an unknown value
RSI=0x00000000849c9318 is an oop
com.android.dx.rop.code.RegisterSpec 
 - klass: 'com/android/dx/rop/code/RegisterSpec'
RDI=0x0000000000000000 is an unknown value
R8 =0x00000000849c9318 is an oop
com.android.dx.rop.code.RegisterSpec 
 - klass: 'com/android/dx/rop/code/RegisterSpec'
R9 =0x00000000ee956800 is an oop
com.android.dx.rop.code.RegisterSpecList 
 - klass: 'com/android/dx/rop/code/RegisterSpecList'
R10=0x00000000000000a8 is an unknown value
R11=0x0000000000000002 is an unknown value
R12=0x0000000000000000 is an unknown value
R13=0x000000008120c168 is an oop
[Ljava.util.concurrent.ConcurrentHashMap$Node; 
 - klass: 'java/util/concurrent/ConcurrentHashMap$Node'[]
 - length: 262144
R14=0x00000000849c92f8 is an oop
java.util.concurrent.ConcurrentHashMap$Node 
 - klass: 'java/util/concurrent/ConcurrentHashMap$Node'
R15=0x000000001d55a800 is a thread


Stack: [0x0000000027880000,0x0000000027980000],  sp=0x000000002797e048,  free space=1016k
Native frames: (J=compiled Java code, j=interpreted, Vv=VM code, C=native code)
C  0xffffffffa39e5120


---------------  P R O C E S S  ---------------

Java Threads: ( => current thread )
  0x000000001d55d800 JavaThread "pool-35-thread-4" [_thread_blocked, id=3108, stack(0x0000000027e80000,0x0000000027f80000)]
  0x000000001d552000 JavaThread "pool-35-thread-3" [_thread_blocked, id=1760, stack(0x0000000027d80000,0x0000000027e80000)]
  0x000000001d556800 JavaThread "pool-35-thread-2" [_thread_blocked, id=4148, stack(0x0000000027c80000,0x0000000027d80000)]
  0x000000001d550000 JavaThread "pool-36-thread-1" [_thread_blocked, id=936, stack(0x0000000027b80000,0x0000000027c80000)]
  0x000000001d556000 JavaThread "pool-35-thread-1" [_thread_blocked, id=8184, stack(0x0000000027a80000,0x0000000027b80000)]
=>0x000000001d55a800 JavaThread "pool-33-thread-3" [_thread_in_Java, id=7096, stack(0x0000000027880000,0x0000000027980000)]
  0x000000001d55b000 JavaThread "pool-33-thread-2" [_thread_blocked, id=7360, stack(0x0000000027780000,0x0000000027880000)]
  0x000000001d559800 JavaThread "pool-34-thread-1" [_thread_blocked, id=8016, stack(0x0000000027680000,0x0000000027780000)]
  0x000000001d557800 JavaThread "pool-33-thread-1" [_thread_in_Java, id=5012, stack(0x0000000027580000,0x0000000027680000)]
  0x000000001d555000 JavaThread "pool-21-thread-4" [_thread_in_vm, id=4848, stack(0x0000000025b80000,0x0000000025c80000)]
  0x000000001d554800 JavaThread "pool-21-thread-3" [_thread_in_vm, id=5492, stack(0x0000000025a80000,0x0000000025b80000)]
  0x000000001d553800 JavaThread "pool-21-thread-2" [_thread_in_vm, id=5560, stack(0x0000000025980000,0x0000000025a80000)]
  0x000000001d553000 JavaThread "pool-22-thread-1" [_thread_blocked, id=268, stack(0x0000000025880000,0x0000000025980000)]
  0x000000001d54e800 JavaThread "pool-21-thread-1" [_thread_in_vm, id=972, stack(0x0000000025780000,0x0000000025880000)]
  0x000000001d550800 JavaThread "pool-2-thread-4" [_thread_in_vm, id=6232, stack(0x00000000225a0000,0x00000000226a0000)]
  0x000000001a029000 JavaThread "pool-2-thread-3" [_thread_blocked, id=5636, stack(0x00000000223a0000,0x00000000224a0000)]
  0x000000001a028000 JavaThread "pool-2-thread-2" [_thread_in_vm, id=732, stack(0x00000000222a0000,0x00000000223a0000)]
  0x000000001a02f000 JavaThread "pool-2-thread-1" [_thread_in_vm, id=7984, stack(0x00000000221a0000,0x00000000222a0000)]
  0x000000001a02e000 JavaThread "pool-1-thread-4" [_thread_blocked, id=232, stack(0x00000000220a0000,0x00000000221a0000)]
  0x000000001a02c800 JavaThread "pool-1-thread-3" [_thread_blocked, id=5656, stack(0x0000000021fa0000,0x00000000220a0000)]
  0x000000001a02c000 JavaThread "pool-1-thread-2" [_thread_blocked, id=8156, stack(0x0000000021ea0000,0x0000000021fa0000)]
  0x000000001a02d800 JavaThread "pool-1-thread-1" [_thread_blocked, id=3004, stack(0x0000000021890000,0x0000000021990000)]
  0x000000001c37c000 JavaThread "File lock request listener" [_thread_in_native, id=3352, stack(0x000000001e180000,0x000000001e280000)]
  0x000000001a1df000 JavaThread "Stdin handler" [_thread_blocked, id=1092, stack(0x000000001b8e0000,0x000000001b9e0000)]
  0x000000001a406800 JavaThread "Daemon worker" [_thread_blocked, id=6916, stack(0x000000001b7e0000,0x000000001b8e0000)]
  0x000000001a15f800 JavaThread "Cancel handler" [_thread_blocked, id=4744, stack(0x000000001b6e0000,0x000000001b7e0000)]
  0x000000001a3fd000 JavaThread "Handler for socket connection from /127.0.0.1:64967 to /127.0.0.1:64969" [_thread_in_native, id=3312, stack(0x000000001b5e0000,0x000000001b6e0000)]
  0x000000001a3e2000 JavaThread "Daemon" [_thread_blocked, id=3384, stack(0x000000001b4e0000,0x000000001b5e0000)]
  0x000000001a340000 JavaThread "Incoming local TCP Connector on port 64967" [_thread_in_native, id=3028, stack(0x0000000019d40000,0x0000000019e40000)]
  0x0000000018f60800 JavaThread "Service Thread" daemon [_thread_blocked, id=1904, stack(0x0000000019340000,0x0000000019440000)]
  0x000000001760b800 JavaThread "C1 CompilerThread2" daemon [_thread_blocked, id=7120, stack(0x0000000018e40000,0x0000000018f40000)]
  0x0000000017601000 JavaThread "C2 CompilerThread1" daemon [_thread_blocked, id=7968, stack(0x0000000018d40000,0x0000000018e40000)]
  0x00000000175fd800 JavaThread "C2 CompilerThread0" daemon [_thread_in_native, id=3848, stack(0x0000000018c40000,0x0000000018d40000)]
  0x00000000175fc800 JavaThread "Attach Listener" daemon [_thread_blocked, id=7700, stack(0x0000000018b40000,0x0000000018c40000)]
  0x00000000175fb000 JavaThread "Signal Dispatcher" daemon [_thread_blocked, id=3300, stack(0x0000000018a40000,0x0000000018b40000)]
  0x00000000029d8000 JavaThread "Finalizer" daemon [_thread_blocked, id=540, stack(0x0000000018860000,0x0000000018960000)]
  0x00000000175c9000 JavaThread "Reference Handler" daemon [_thread_blocked, id=940, stack(0x0000000018760000,0x0000000018860000)]
  0x000000000270d800 JavaThread "main" [_thread_blocked, id=6384, stack(0x00000000027e0000,0x00000000028e0000)]

Other Threads:
  0x00000000175c7000 VMThread [stack: 0x0000000018660000,0x0000000018760000] [id=276]
  0x0000000018f69800 WatcherThread [stack: 0x0000000019440000,0x0000000019540000] [id=5360]

VM state:synchronizing (normal execution)

VM Mutex/Monitor currently owned by a thread:  ([mutex/lock_event])
[0x000000000270cb00] Safepoint_lock - owner thread: 0x00000000175c7000
[0x000000000270d280] Threads_lock - owner thread: 0x00000000175c7000

Heap:
 PSYoungGen      total 500224K, used 481498K [0x00000000d5580000, 0x0000000100000000, 0x0000000100000000)
  eden space 433152K, 95% used [0x00000000d5580000,0x00000000eea3d3a0,0x00000000efc80000)
  from space 67072K, 99% used [0x00000000efc80000,0x00000000f3df9480,0x00000000f3e00000)
  to   space 92160K, 0% used [0x00000000fa600000,0x00000000fa600000,0x0000000100000000)
 ParOldGen       total 238592K, used 197635K [0x0000000080000000, 0x000000008e900000, 0x00000000d5580000)
  object space 238592K, 82% used [0x0000000080000000,0x000000008c100cb0,0x000000008e900000)
 Metaspace       used 48340K, capacity 49312K, committed 49536K, reserved 1091584K
  class space    used 6463K, capacity 6704K, committed 6784K, reserved 1048576K

Card table byte_map: [0x0000000011da0000,0x00000000121b0000] byte_map_base: 0x00000000119a0000

Marking Bits: (ParMarkBitMap*) 0x0000000063b1a5b0
 Begin Bits: [0x0000000012860000, 0x0000000014860000)
 End Bits:   [0x0000000014860000, 0x0000000016860000)

Polling page: 0x0000000002690000

CodeCache: size=245760Kb used=26457Kb max_used=26486Kb free=219302Kb
 bounds [0x00000000029e0000, 0x0000000004400000, 0x00000000119e0000]
 total_blobs=8036 nmethods=7331 adapters=618
 compilation: enabled

Compilation events (10 events):
Event: 30.015 Thread 0x000000001760b800 8914       2       com.android.dx.dex.file.EncodedArrayItem::place0 (50 bytes)
Event: 30.016 Thread 0x000000001760b800 nmethod 8914 0x0000000003a276d0 code [0x0000000003a27880, 0x0000000003a27d28]
Event: 30.039 Thread 0x000000001760b800 8916       2       com.android.dx.dex.code.form.Form31i::writeTo (39 bytes)
Event: 30.040 Thread 0x000000001760b800 nmethod 8916 0x000000000349aad0 code [0x000000000349aca0, 0x000000000349b078]
Event: 30.047 Thread 0x000000001760b800 8919 %     3       com.android.dx.dex.file.MixedItemSection::writeTo0 @ 27 (155 bytes)
Event: 30.049 Thread 0x000000001760b800 nmethod 8919% 0x00000000043d9790 code [0x00000000043d99e0, 0x00000000043daaa8]
Event: 30.049 Thread 0x000000001760b800 8920       3       com.android.dx.dex.file.MixedItemSection::writeTo0 (155 bytes)
Event: 30.050 Thread 0x000000001760b800 nmethod 8920 0x00000000043d7d50 code [0x00000000043d7fa0, 0x00000000043d8fd8]
Event: 30.213 Thread 0x000000001760b800 8922 %     3       com.android.dx.cf.code.LocalVariableList::mergeDescriptorsAndSignatures @ 17 (80 bytes)
Event: 30.214 Thread 0x000000001760b800 nmethod 8922% 0x00000000043e4bd0 code [0x00000000043e4e60, 0x00000000043e61d8]

GC Heap History (10 events):
Event: 21.122 GC heap before
{Heap before GC invocations=14 (full 2):
 PSYoungGen      total 265216K, used 265191K [0x00000000d5580000, 0x00000000f0000000, 0x0000000100000000)
  eden space 223232K, 100% used [0x00000000d5580000,0x00000000e2f80000,0x00000000e2f80000)
  from space 41984K, 99% used [0x00000000e2f80000,0x00000000e5879e80,0x00000000e5880000)
  to   space 56832K, 0% used [0x00000000ec880000,0x00000000ec880000,0x00000000f0000000)
 ParOldGen       total 112128K, used 79739K [0x0000000080000000, 0x0000000086d80000, 0x00000000d5580000)
  object space 112128K, 71% used [0x0000000080000000,0x0000000084ddee10,0x0000000086d80000)
 Metaspace       used 48248K, capacity 49248K, committed 49536K, reserved 1091584K
  class space    used 6462K, capacity 6704K, committed 6784K, reserved 1048576K
Event: 21.337 GC heap after
Heap after GC invocations=14 (full 2):
 PSYoungGen      total 373760K, used 47805K [0x00000000d5580000, 0x00000000f1180000, 0x0000000100000000)
  eden space 316928K, 0% used [0x00000000d5580000,0x00000000d5580000,0x00000000e8b00000)
  from space 56832K, 84% used [0x00000000ec880000,0x00000000ef72f578,0x00000000f0000000)
  to   space 62976K, 0% used [0x00000000e8b00000,0x00000000e8b00000,0x00000000ec880000)
 ParOldGen       total 112128K, used 97822K [0x0000000080000000, 0x0000000086d80000, 0x00000000d5580000)
  object space 112128K, 87% used [0x0000000080000000,0x0000000085f87888,0x0000000086d80000)
 Metaspace       used 48248K, capacity 49248K, committed 49536K, reserved 1091584K
  class space    used 6462K, capacity 6704K, committed 6784K, reserved 1048576K
}
Event: 21.337 GC heap before
{Heap before GC invocations=15 (full 3):
 PSYoungGen      total 373760K, used 47805K [0x00000000d5580000, 0x00000000f1180000, 0x0000000100000000)
  eden space 316928K, 0% used [0x00000000d5580000,0x00000000d5580000,0x00000000e8b00000)
  from space 56832K, 84% used [0x00000000ec880000,0x00000000ef72f578,0x00000000f0000000)
  to   space 62976K, 0% used [0x00000000e8b00000,0x00000000e8b00000,0x00000000ec880000)
 ParOldGen       total 112128K, used 97822K [0x0000000080000000, 0x0000000086d80000, 0x00000000d5580000)
  object space 112128K, 87% used [0x0000000080000000,0x0000000085f87888,0x0000000086d80000)
 Metaspace       used 48248K, capacity 49248K, committed 49536K, reserved 1091584K
  class space    used 6462K, capacity 6704K, committed 6784K, reserved 1048576K
Event: 22.720 GC heap after
Heap after GC invocations=15 (full 3):
 PSYoungGen      total 373760K, used 12271K [0x00000000d5580000, 0x00000000f1180000, 0x0000000100000000)
  eden space 316928K, 0% used [0x00000000d5580000,0x00000000d5580000,0x00000000e8b00000)
  from space 56832K, 21% used [0x00000000ec880000,0x00000000ed47bf68,0x00000000f0000000)
  to   space 62976K, 0% used [0x00000000e8b00000,0x00000000e8b00000,0x00000000ec880000)
 ParOldGen       total 238592K, used 112077K [0x0000000080000000, 0x000000008e900000, 0x00000000d5580000)
  object space 238592K, 46% used [0x0000000080000000,0x0000000086d73558,0x000000008e900000)
 Metaspace       used 48248K, capacity 49248K, committed 49536K, reserved 1091584K
  class space    used 6462K, capacity 6704K, committed 6784K, reserved 1048576K
}
Event: 24.381 GC heap before
{Heap before GC invocations=16 (full 3):
 PSYoungGen      total 373760K, used 329199K [0x00000000d5580000, 0x00000000f1180000, 0x0000000100000000)
  eden space 316928K, 100% used [0x00000000d5580000,0x00000000e8b00000,0x00000000e8b00000)
  from space 56832K, 21% used [0x00000000ec880000,0x00000000ed47bf68,0x00000000f0000000)
  to   space 62976K, 0% used [0x00000000e8b00000,0x00000000e8b00000,0x00000000ec880000)
 ParOldGen       total 238592K, used 112077K [0x0000000080000000, 0x000000008e900000, 0x00000000d5580000)
  object space 238592K, 46% used [0x0000000080000000,0x0000000086d73558,0x000000008e900000)
 Metaspace       used 48300K, capacity 49312K, committed 49536K, reserved 1091584K
  class space    used 6462K, capacity 6704K, committed 6784K, reserved 1048576K
Event: 24.558 GC heap after
Heap after GC invocations=16 (full 3):
 PSYoungGen      total 379904K, used 40741K [0x00000000d5580000, 0x00000000f7d80000, 0x0000000100000000)
  eden space 316928K, 0% used [0x00000000d5580000,0x00000000d5580000,0x00000000e8b00000)
  from space 62976K, 64% used [0x00000000e8b00000,0x00000000eb2c9728,0x00000000ec880000)
  to   space 65024K, 0% used [0x00000000f3e00000,0x00000000f3e00000,0x00000000f7d80000)
 ParOldGen       total 238592K, used 123149K [0x0000000080000000, 0x000000008e900000, 0x00000000d5580000)
  object space 238592K, 51% used [0x0000000080000000,0x0000000087843618,0x000000008e900000)
 Metaspace       used 48300K, capacity 49312K, committed 49536K, reserved 1091584K
  class space    used 6462K, capacity 6704K, committed 6784K, reserved 1048576K
}
Event: 26.062 GC heap before
{Heap before GC invocations=17 (full 3):
 PSYoungGen      total 379904K, used 357669K [0x00000000d5580000, 0x00000000f7d80000, 0x0000000100000000)
  eden space 316928K, 100% used [0x00000000d5580000,0x00000000e8b00000,0x00000000e8b00000)
  from space 62976K, 64% used [0x00000000e8b00000,0x00000000eb2c9728,0x00000000ec880000)
  to   space 65024K, 0% used [0x00000000f3e00000,0x00000000f3e00000,0x00000000f7d80000)
 ParOldGen       total 238592K, used 123149K [0x0000000080000000, 0x000000008e900000, 0x00000000d5580000)
  object space 238592K, 51% used [0x0000000080000000,0x0000000087843618,0x000000008e900000)
 Metaspace       used 48317K, capacity 49312K, committed 49536K, reserved 1091584K
  class space    used 6462K, capacity 6704K, committed 6784K, reserved 1048576K
Event: 26.349 GC heap after
Heap after GC invocations=17 (full 3):
 PSYoungGen      total 498176K, used 41599K [0x00000000d5580000, 0x00000000f8980000, 0x0000000100000000)
  eden space 433152K, 0% used [0x00000000d5580000,0x00000000d5580000,0x00000000efc80000)
  from space 65024K, 63% used [0x00000000f3e00000,0x00000000f669fc18,0x00000000f7d80000)
  to   space 67072K, 0% used [0x00000000efc80000,0x00000000efc80000,0x00000000f3e00000)
 ParOldGen       total 238592K, used 158325K [0x0000000080000000, 0x000000008e900000, 0x00000000d5580000)
  object space 238592K, 66% used [0x0000000080000000,0x0000000089a9d670,0x000000008e900000)
 Metaspace       used 48317K, capacity 49312K, committed 49536K, reserved 1091584K
  class space    used 6462K, capacity 6704K, committed 6784K, reserved 1048576K
}
Event: 28.048 GC heap before
{Heap before GC invocations=18 (full 3):
 PSYoungGen      total 498176K, used 474751K [0x00000000d5580000, 0x00000000f8980000, 0x0000000100000000)
  eden space 433152K, 100% used [0x00000000d5580000,0x00000000efc80000,0x00000000efc80000)
  from space 65024K, 63% used [0x00000000f3e00000,0x00000000f669fc18,0x00000000f7d80000)
  to   space 67072K, 0% used [0x00000000efc80000,0x00000000efc80000,0x00000000f3e00000)
 ParOldGen       total 238592K, used 158325K [0x0000000080000000, 0x000000008e900000, 0x00000000d5580000)
  object space 238592K, 66% used [0x0000000080000000,0x0000000089a9d670,0x000000008e900000)
 Metaspace       used 48329K, capacity 49312K, committed 49536K, reserved 1091584K
  class space    used 6462K, capacity 6704K, committed 6784K, reserved 1048576K
Event: 28.338 GC heap after
Heap after GC invocations=18 (full 3):
 PSYoungGen      total 500224K, used 67045K [0x00000000d5580000, 0x0000000100000000, 0x0000000100000000)
  eden space 433152K, 0% used [0x00000000d5580000,0x00000000d5580000,0x00000000efc80000)
  from space 67072K, 99% used [0x00000000efc80000,0x00000000f3df9480,0x00000000f3e00000)
  to   space 92160K, 0% used [0x00000000fa600000,0x00000000fa600000,0x0000000100000000)
 ParOldGen       total 238592K, used 197635K [0x0000000080000000, 0x000000008e900000, 0x00000000d5580000)
  object space 238592K, 82% used [0x0000000080000000,0x000000008c100cb0,0x000000008e900000)
 Metaspace       used 48329K, capacity 49312K, committed 49536K, reserved 1091584K
  class space    used 6462K, capacity 6704K, committed 6784K, reserved 1048576K
}

Deoptimization events (10 events):
Event: 25.596 Thread 0x000000001d54e800 Uncommon trap: reason=bimorphic action=maybe_recompile pc=0x000000000437b348 method=com.android.dx.cf.code.BytecodeArray.parseInstruction(ILcom/android/dx/cf/code/BytecodeArray$Visitor;)I @ 1987
Event: 27.196 Thread 0x000000001d55b000 Uncommon trap: reason=unstable_if action=reinterpret pc=0x00000000034c8114 method=com.android.dx.ssa.SCCP.simulateBranch(Lcom/android/dx/ssa/SsaInsn;)V @ 140
Event: 27.565 Thread 0x000000001d558000 Uncommon trap: reason=unstable_if action=reinterpret pc=0x000000000412aeb4 method=com.android.dx.rop.code.LocalVariableExtractor.processBlock(I)V @ 208
Event: 27.796 Thread 0x000000001d55b000 Uncommon trap: reason=unstable_if action=reinterpret pc=0x0000000002ef1234 method=com.android.dx.ssa.SsaBasicBlock.scheduleMovesFromPhis()V @ 63
Event: 27.829 Thread 0x000000001a029000 Uncommon trap: reason=unstable_if action=reinterpret pc=0x00000000033e9a38 method=com.android.dx.ssa.SCCP.run()V @ 179
Event: 27.843 Thread 0x000000001a029000 Uncommon trap: reason=unstable_if action=reinterpret pc=0x0000000003fd8080 method=com.android.dx.ssa.DeadCodeRemover.pruneDeadInstructions()V @ 49
Event: 28.555 Thread 0x000000001d554800 Uncommon trap: reason=bimorphic action=maybe_recompile pc=0x000000000401a0dc method=com.android.dx.cf.code.BytecodeArray.parseInstruction(ILcom/android/dx/cf/code/BytecodeArray$Visitor;)I @ 1003
Event: 28.555 Thread 0x000000001d554800 Uncommon trap: reason=bimorphic action=maybe_recompile pc=0x000000000401a160 method=com.android.dx.cf.code.BytecodeArray.parseInstruction(ILcom/android/dx/cf/code/BytecodeArray$Visitor;)I @ 1019
Event: 28.555 Thread 0x000000001d554800 Uncommon trap: reason=bimorphic action=maybe_recompile pc=0x000000000401a0dc method=com.android.dx.cf.code.BytecodeArray.parseInstruction(ILcom/android/dx/cf/code/BytecodeArray$Visitor;)I @ 1003
Event: 29.005 Thread 0x000000001d55b000 Uncommon trap: reason=unstable_if action=reinterpret pc=0x0000000003964474 method=java.util.concurrent.ConcurrentHashMap.get(Ljava/lang/Object;)Ljava/lang/Object; @ 86

Internal exceptions (10 events):
Event: 13.921 Thread 0x000000001a406800 Exception <a 'java/lang/ClassNotFoundException': com/android/sdklib/BuildToolInfoCustomizer> (0x00000000d806d7e8) thrown at [C:\workspace\8-2-build-windows-amd64-cygwin\jdk8u65\4987\hotspot\src\share\vm\classfile\systemDictionary.cpp, line 210]
Event: 13.951 Thread 0x000000001a406800 Exception <a 'java/lang/ClassNotFoundException': java/lang/IntegerBeanInfo> (0x00000000d814aa20) thrown at [C:\workspace\8-2-build-windows-amd64-cygwin\jdk8u65\4987\hotspot\src\share\vm\classfile\systemDictionary.cpp, line 210]
Event: 13.951 Thread 0x000000001a406800 Exception <a 'java/lang/ClassNotFoundException': java/lang/NumberBeanInfo> (0x00000000d814ff58) thrown at [C:\workspace\8-2-build-windows-amd64-cygwin\jdk8u65\4987\hotspot\src\share\vm\classfile\systemDictionary.cpp, line 210]
Event: 13.951 Thread 0x000000001a406800 Exception <a 'java/lang/ClassNotFoundException': java/lang/NumberCustomizer> (0x00000000d81554b0) thrown at [C:\workspace\8-2-build-windows-amd64-cygwin\jdk8u65\4987\hotspot\src\share\vm\classfile\systemDictionary.cpp, line 210]
Event: 13.951 Thread 0x000000001a406800 Exception <a 'java/lang/ClassNotFoundException': java/lang/IntegerCustomizer> (0x00000000d815e278) thrown at [C:\workspace\8-2-build-windows-amd64-cygwin\jdk8u65\4987\hotspot\src\share\vm\classfile\systemDictionary.cpp, line 210]
Event: 13.960 Thread 0x000000001a406800 Exception <a 'java/lang/ClassNotFoundException': com/google/common/collect/ListsBeanInfo> (0x00000000d81bfd78) thrown at [C:\workspace\8-2-build-windows-amd64-cygwin\jdk8u65\4987\hotspot\src\share\vm\classfile\systemDictionary.cpp, line 210]
Event: 13.960 Thread 0x000000001a406800 Exception <a 'java/lang/ClassNotFoundException': com/google/common/collect/ListsCustomizer> (0x00000000d81cd698) thrown at [C:\workspace\8-2-build-windows-amd64-cygwin\jdk8u65\4987\hotspot\src\share\vm\classfile\systemDictionary.cpp, line 210]
Event: 15.564 Thread 0x000000001d556000 Implicit null exception at 0x00000000034eed62 to 0x00000000034eee01
Event: 15.627 Thread 0x000000001d559800 Implicit null exception at 0x0000000002b6aede to 0x0000000002b6b745
Event: 23.763 Thread 0x000000001a02f000 Implicit null exception at 0x000000000433b3d4 to 0x000000000433bd09

Events (10 events):
Event: 29.611 Thread 0x000000001a028000 DEOPT UNPACKING pc=0x0000000002a271bf sp=0x000000002239e6e8 mode 0
Event: 29.637 Thread 0x000000001d553800 DEOPT PACKING pc=0x0000000003b81db7 sp=0x0000000025a7ec30
Event: 29.637 Thread 0x000000001d553800 DEOPT UNPACKING pc=0x0000000002a271bf sp=0x0000000025a7e9a0 mode 0
Event: 29.757 Thread 0x000000001d555000 DEOPT PACKING pc=0x0000000003b81db7 sp=0x0000000025c7ee60
Event: 29.757 Thread 0x000000001d555000 DEOPT UNPACKING pc=0x0000000002a271bf sp=0x0000000025c7ebd0 mode 0
Event: 29.941 Thread 0x000000001a029000 DEOPT PACKING pc=0x0000000003b81db7 sp=0x000000002249de90
Event: 29.941 Thread 0x000000001a029000 DEOPT UNPACKING pc=0x0000000002a271bf sp=0x000000002249dc00 mode 0
Event: 30.170 Thread 0x000000001d553800 DEOPT PACKING pc=0x0000000003b81db7 sp=0x0000000025a7ece0
Event: 30.170 Thread 0x000000001d553800 DEOPT UNPACKING pc=0x0000000002a271bf sp=0x0000000025a7ea50 mode 0
Event: 30.228 Thread 0x000000001d558000 Thread exited: 0x000000001d558000


Dynamic libraries:
0x00007ff6f0490000 - 0x00007ff6f04c7000 	C:\Program Files\Java\jdk1.8.0_65\bin\java.exe
0x00007ffe27160000 - 0x00007ffe27321000 	C:\Windows\SYSTEM32\ntdll.dll
0x00007ffe26470000 - 0x00007ffe2651d000 	C:\Windows\system32\KERNEL32.DLL
0x00007ffe23810000 - 0x00007ffe239f8000 	C:\Windows\system32\KERNELBASE.dll
0x00007ffe21f70000 - 0x00007ffe21fe9000 	C:\Windows\system32\apphelp.dll
0x00007ffe24560000 - 0x00007ffe24607000 	C:\Windows\system32\ADVAPI32.dll
0x00007ffe247a0000 - 0x00007ffe2483d000 	C:\Windows\system32\msvcrt.dll
0x00007ffe26340000 - 0x00007ffe2639b000 	C:\Windows\system32\sechost.dll
0x00007ffe24680000 - 0x00007ffe2479c000 	C:\Windows\system32\RPCRT4.dll
0x00007ffe26eb0000 - 0x00007ffe27006000 	C:\Windows\system32\USER32.dll
0x00007ffe24a00000 - 0x00007ffe24b86000 	C:\Windows\system32\GDI32.dll
0x00007ffe17810000 - 0x00007ffe17a84000 	C:\Windows\WinSxS\amd64_microsoft.windows.common-controls_6595b64144ccf1df_6.0.10586.494_none_a2d8b04ea53e3145\COMCTL32.dll
0x00007ffe26c30000 - 0x00007ffe26ead000 	C:\Windows\system32\combase.dll
0x00007ffe23ab0000 - 0x00007ffe23b1a000 	C:\Windows\system32\bcryptPrimitives.dll
0x00007ffe24d20000 - 0x00007ffe24d5b000 	C:\Windows\system32\IMM32.DLL
0x0000000063ba0000 - 0x0000000063c72000 	C:\Program Files\Java\jdk1.8.0_65\jre\bin\msvcr100.dll
0x0000000063310000 - 0x0000000063b99000 	C:\Program Files\Java\jdk1.8.0_65\jre\bin\server\jvm.dll
0x00007ffe262c0000 - 0x00007ffe262c8000 	C:\Windows\system32\PSAPI.DLL
0x00007ffe20b10000 - 0x00007ffe20b1a000 	C:\Windows\SYSTEM32\VERSION.dll
0x00007ffe219d0000 - 0x00007ffe219f3000 	C:\Windows\SYSTEM32\WINMM.dll
0x00007ffe01c10000 - 0x00007ffe01c19000 	C:\Windows\SYSTEM32\WSOCK32.dll
0x00007ffe262d0000 - 0x00007ffe2633b000 	C:\Windows\system32\WS2_32.dll
0x00000000010a0000 - 0x00000000010cc000 	C:\Windows\SYSTEM32\WINMMBASE.dll
0x00007ffe24510000 - 0x00007ffe24553000 	C:\Windows\system32\cfgmgr32.dll
0x0000000063300000 - 0x000000006330f000 	C:\Program Files\Java\jdk1.8.0_65\jre\bin\verify.dll
0x00000000632d0000 - 0x00000000632f9000 	C:\Program Files\Java\jdk1.8.0_65\jre\bin\java.dll
0x00000000632b0000 - 0x00000000632c6000 	C:\Program Files\Java\jdk1.8.0_65\jre\bin\zip.dll
0x00007ffe24d60000 - 0x00007ffe262bc000 	C:\Windows\system32\SHELL32.dll
0x00007ffe23ec0000 - 0x00007ffe24505000 	C:\Windows\system32\windows.storage.dll
0x00007ffe24620000 - 0x00007ffe24672000 	C:\Windows\system32\shlwapi.dll
0x00007ffe237e0000 - 0x00007ffe237ef000 	C:\Windows\system32\kernel.appcore.dll
0x00007ffe23b20000 - 0x00007ffe23bd5000 	C:\Windows\system32\shcore.dll
0x00007ffe23780000 - 0x00007ffe237cb000 	C:\Windows\system32\powrprof.dll
0x00007ffe237f0000 - 0x00007ffe23804000 	C:\Windows\system32\profapi.dll
0x0000000063290000 - 0x00000000632aa000 	C:\Program Files\Java\jdk1.8.0_65\jre\bin\net.dll
0x00007ffe230b0000 - 0x00007ffe2310c000 	C:\Windows\system32\mswsock.dll
0x0000000063270000 - 0x0000000063281000 	C:\Program Files\Java\jdk1.8.0_65\jre\bin\nio.dll
0x00007ffe1e0a0000 - 0x00007ffe1e0b2000 	C:\Users\Bryan\.gradle\native\19\windows-amd64\native-platform.dll
0x00007ffe19c80000 - 0x00007ffe19cb8000 	C:\Windows\SYSTEM32\IPHLPAPI.DLL
0x00007ffe24b90000 - 0x00007ffe24b98000 	C:\Windows\system32\NSI.dll
0x00007ffe19bb0000 - 0x00007ffe19bc6000 	C:\Windows\SYSTEM32\dhcpcsvc6.DLL
0x00007ffe19b90000 - 0x00007ffe19baa000 	C:\Windows\SYSTEM32\dhcpcsvc.DLL
0x00007ffe23160000 - 0x00007ffe23177000 	C:\Windows\SYSTEM32\CRYPTSP.dll
0x00007ffe22df0000 - 0x00007ffe22e24000 	C:\Windows\system32\rsaenh.dll
0x00007ffe23380000 - 0x00007ffe233a9000 	C:\Windows\SYSTEM32\bcrypt.dll
0x00007ffe22f40000 - 0x00007ffe22f5f000 	C:\Windows\SYSTEM32\USERENV.dll
0x00007ffe23280000 - 0x00007ffe2328b000 	C:\Windows\SYSTEM32\CRYPTBASE.dll
0x0000000063260000 - 0x000000006326d000 	C:\Program Files\Java\jdk1.8.0_65\jre\bin\management.dll
0x00007ffe0c070000 - 0x00007ffe0c1fc000 	C:\Windows\SYSTEM32\dbghelp.dll

VM Arguments:
jvm_args: -XX:MaxPermSize=512m -XX:+HeapDumpOnOutOfMemoryError -Xmx2048m -Dfile.encoding=UTF-8 -Duser.country=US -Duser.language=en -Duser.variant 
java_command: org.gradle.launcher.daemon.bootstrap.GradleDaemon 2.10
java_class_path (initial): C:\Users\Bryan\.gradle\wrapper\dists\gradle-2.10-all\a4w5fzrkeut1ox71xslb49gst\gradle-2.10\lib\gradle-launcher-2.10.jar
Launcher Type: SUN_STANDARD

Environment Variables:
PATH=C:\ProgramData\Oracle\Java\javapath;C:\Windows\system32;C:\Windows;C:\Windows\System32\Wbem;C:\Windows\System32\WindowsPowerShell\v1.0\;C:\Program Files (x86)\ATI Technologies\ATI.ACE\Core-Static;C:\Program Files\Git\cmd;C:\Program Files (x86)\GNU\GnuPG\pub;
USERNAME=Bryan
OS=Windows_NT
PROCESSOR_IDENTIFIER=Intel64 Family 6 Model 15 Stepping 11, GenuineIntel



---------------  S Y S T E M  ---------------

OS: Windows 10.0 , 64 bit Build 10586 (10.0.10586.0)

CPU:total 4 (4 cores per cpu, 1 threads per core) family 6 model 15 stepping 11, cmov, cx8, fxsr, mmx, sse, sse2, sse3, ssse3, tsc

Memory: 4k page, physical 8387060k(3855704k free), swap 16775668k(10626208k free)

vm_info: Java HotSpot(TM) 64-Bit Server VM (25.65-b01) for windows-amd64 JRE (1.8.0_65-b17), built on Oct  6 2015 16:39:20 by "java_re" with MS VC++ 10.0 (VS2010)

time: Fri Sep 02 02:03:17 2016
elapsed time: 30 seconds (0d 0h 0m 30s)

