#
# A fatal error has been detected by the Java Runtime Environment:
#
#  EXCEPTION_ACCESS_VIOLATION (0xc0000005) at pc=0xffffffffa4f55120, pid=1912, tid=908
#
# JRE version: Java(TM) SE Runtime Environment (8.0_65-b17) (build 1.8.0_65-b17)
# Java VM: Java HotSpot(TM) 64-Bit Server VM (25.65-b01 mixed mode windows-amd64 compressed oops)
# Problematic frame:
# C  0xffffffffa4f55120
#
# Failed to write core dump. Minidumps are not enabled by default on client versions of Windows
#
# If you would like to submit a bug report, please visit:
#   http://bugreport.java.com/bugreport/crash.jsp
#

---------------  T H R E A D  ---------------

Current thread (0x000000001f14d800):  JavaThread "Daemon worker Thread 3" [_thread_in_Java, id=908, stack(0x00000000234d0000,0x00000000235d0000)]

siginfo: ExceptionCode=0xc0000005, ExceptionInformation=0x0000000000000008 0xffffffffa4f55120

Registers:
RAX=0x0000000000000160, RBX=0x00000000000040df, RCX=0x00000000d5e3db20, RDX=0x00000000d5e3db20
RSP=0x00000000235cba38, RBP=0x00000000235cbc30, RSI=0x000008000000000a, RDI=0x0000000000000400
R8 =0x00000000d654b468, R9 =0x0000000000000019, R10=0xffffffffffffffff, R11=0x0000000004fd8140
R12=0x0000000000000000, R13=0x00000000235cbbb8, R14=0x0000000022e53898, R15=0x000000001f14d800
RIP=0xffffffffa4f55120, EFLAGS=0x0000000000010216

Top of Stack: (sp=0x00000000235cba38)
0x00000000235cba38:   0000000004fd9914 0000000004fc144c
0x00000000235cba48:   00000000d5fccb80 00000000d654b2e0
0x00000000235cba58:   0000000004fc144c 00000000d654afb0
0x00000000235cba68:   0000000004f85818 00000000d79e7f98
0x00000000235cba78:   0000000003052399 00000000d79e7e98
0x00000000235cba88:   00000000d8aaeba0 00000000d79e7cf0
0x00000000235cba98:   00000000d5fccb80 00000000d654b2e0
0x00000000235cbaa8:   00000000d8aaeda0 0000000000000000
0x00000000235cbab8:   0000000000000000 00000000d8aaed70
0x00000000235cbac8:   0000000004fcd0dc 00000000235cbb38
0x00000000235cbad8:   0000000002f57a2d 00000000235cbc30
0x00000000235cbae8:   0000000004fcdf3c 00000000d79e7f98
0x00000000235cbaf8:   00000000235cbaf8 00000000d5d2ecc0
0x00000000235cbb08:   00000000d654b468 00000000d8aaedc0
0x00000000235cbb18:   0000000000000019 00000000d5e3db20
0x00000000235cbb28:   00000000d654b468 0000000022b75c18 

Instructions: (pc=0xffffffffa4f55120)
0xffffffffa4f55100:   
[error occurred during error reporting (printing registers, top of stack, instructions near pc), id 0xc0000005]

Register to memory mapping:

RAX=0x0000000000000160 is an unknown value
RBX=0x00000000000040df is an unknown value
RCX=0x00000000d5e3db20 is an oop
com.sun.tools.javac.comp.Check 
 - klass: 'com/sun/tools/javac/comp/Check'
RDX=0x00000000d5e3db20 is an oop
com.sun.tools.javac.comp.Check 
 - klass: 'com/sun/tools/javac/comp/Check'
RSP=0x00000000235cba38 is pointing into the stack for thread: 0x000000001f14d800
RBP=0x00000000235cbc30 is pointing into the stack for thread: 0x000000001f14d800
RSI=0x000008000000000a is an unknown value
RDI=0x0000000000000400 is an unknown value
R8 =0x00000000d654b468 is an oop
com.sun.tools.javac.tree.JCTree$JCVariableDecl 
 - klass: 'com/sun/tools/javac/tree/JCTree$JCVariableDecl'
R9 =0x0000000000000019 is an unknown value
R10=0xffffffffffffffff is an unknown value
R11=0x0000000004fd8140 is at entry_point+32 in (nmethod*)0x0000000004fd7d10
R12=0x0000000000000000 is an unknown value
R13=0x00000000235cbbb8 is pointing into the stack for thread: 0x000000001f14d800
R14=0x0000000022e53898 is pointing into metadata
R15=0x000000001f14d800 is a thread


Stack: [0x00000000234d0000,0x00000000235d0000],  sp=0x00000000235cba38,  free space=1006k
Native frames: (J=compiled Java code, j=interpreted, Vv=VM code, C=native code)
C  0xffffffffa4f55120


---------------  P R O C E S S  ---------------

Java Threads: ( => current thread )
  0x000000001f14b000 JavaThread "Stdin handler" [_thread_blocked, id=3496, stack(0x00000000235d0000,0x00000000236d0000)]
=>0x000000001f14d800 JavaThread "Daemon worker Thread 3" [_thread_in_Java, id=908, stack(0x00000000234d0000,0x00000000235d0000)]
  0x000000001f14f000 JavaThread "Cancel handler" [_thread_blocked, id=7412, stack(0x00000000233d0000,0x00000000234d0000)]
  0x000000001f14e000 JavaThread "Handler for socket connection from /127.0.0.1:50416 to /127.0.0.1:53749" [_thread_in_native, id=6268, stack(0x00000000232d0000,0x00000000233d0000)]
  0x000000001f147800 JavaThread "Daemon Thread 3" [_thread_blocked, id=6608, stack(0x00000000231d0000,0x00000000232d0000)]
  0x000000001cd92000 JavaThread "File lock request listener" [_thread_in_native, id=7216, stack(0x000000001eb60000,0x000000001ec60000)]
  0x000000001a473800 JavaThread "Incoming local TCP Connector on port 50416" [_thread_in_native, id=3028, stack(0x000000001b6b0000,0x000000001b7b0000)]
  0x0000000017bce800 JavaThread "Service Thread" daemon [_thread_blocked, id=3664, stack(0x00000000198c0000,0x00000000199c0000)]
  0x0000000017b86000 JavaThread "C1 CompilerThread2" daemon [_thread_blocked, id=1100, stack(0x00000000193c0000,0x00000000194c0000)]
  0x0000000017b6b800 JavaThread "C2 CompilerThread1" daemon [_thread_blocked, id=3672, stack(0x00000000192c0000,0x00000000193c0000)]
  0x0000000017b79800 JavaThread "C2 CompilerThread0" daemon [_thread_blocked, id=7244, stack(0x00000000191c0000,0x00000000192c0000)]
  0x0000000017b78000 JavaThread "Attach Listener" daemon [_thread_blocked, id=1168, stack(0x00000000190c0000,0x00000000191c0000)]
  0x0000000017b76800 JavaThread "Signal Dispatcher" daemon [_thread_blocked, id=4580, stack(0x0000000018fc0000,0x00000000190c0000)]
  0x0000000002f46800 JavaThread "Finalizer" daemon [_thread_blocked, id=2708, stack(0x0000000018de0000,0x0000000018ee0000)]
  0x0000000002f3e000 JavaThread "Reference Handler" daemon [_thread_blocked, id=4084, stack(0x0000000018ce0000,0x0000000018de0000)]
  0x0000000002d4d800 JavaThread "main" [_thread_blocked, id=6748, stack(0x0000000002d50000,0x0000000002e50000)]

Other Threads:
  0x0000000017b37000 VMThread [stack: 0x0000000018be0000,0x0000000018ce0000] [id=2324]
  0x0000000019514800 WatcherThread [stack: 0x00000000199c0000,0x0000000019ac0000] [id=6012]

VM state:not at safepoint (normal execution)

VM Mutex/Monitor currently owned by a thread: None

Heap:
 PSYoungGen      total 257536K, used 76502K [0x00000000d5580000, 0x00000000e7000000, 0x0000000100000000)
  eden space 237056K, 23% used [0x00000000d5580000,0x00000000d8c625d8,0x00000000e3d00000)
  from space 20480K, 99% used [0x00000000e4600000,0x00000000e59d34f0,0x00000000e5a00000)
  to   space 22528K, 0% used [0x00000000e5a00000,0x00000000e5a00000,0x00000000e7000000)
 ParOldGen       total 95744K, used 48007K [0x0000000080000000, 0x0000000085d80000, 0x00000000d5580000)
  object space 95744K, 50% used [0x0000000080000000,0x0000000082ee1cb8,0x0000000085d80000)
 Metaspace       used 61334K, capacity 63494K, committed 63744K, reserved 1103872K
  class space    used 8166K, capacity 8693K, committed 8704K, reserved 1048576K

Card table byte_map: [0x0000000012310000,0x0000000012720000] byte_map_base: 0x0000000011f10000

Marking Bits: (ParMarkBitMap*) 0x0000000063a1a5b0
 Begin Bits: [0x0000000012dd0000, 0x0000000014dd0000)
 End Bits:   [0x0000000014dd0000, 0x0000000016dd0000)

Polling page: 0x0000000001190000

CodeCache: size=245760Kb used=33207Kb max_used=33207Kb free=212552Kb
 bounds [0x0000000002f50000, 0x0000000004ff0000, 0x0000000011f50000]
 total_blobs=10050 nmethods=9281 adapters=682
 compilation: enabled

Compilation events (10 events):
Event: 691.906 Thread 0x0000000017b6b800 11102       4       com.sun.tools.javac.comp.Env::dupto (39 bytes)
Event: 691.907 Thread 0x0000000017b6b800 nmethod 11102 0x0000000004875d90 code [0x0000000004875ec0, 0x0000000004875f78]
Event: 691.909 Thread 0x0000000017b79800 11109       4       com.sun.tools.javac.comp.Check::checkDisjoint (63 bytes)
Event: 691.909 Thread 0x0000000017b86000 nmethod 11098 0x0000000004fd7d10 code [0x0000000004fd8120, 0x0000000004fdaae8]
Event: 691.909 Thread 0x0000000017b86000 11111       1       com.sun.tools.javac.code.DeferredLintHandler::setPos (12 bytes)
Event: 691.910 Thread 0x0000000017b86000 nmethod 11111 0x0000000004fcee90 code [0x0000000004fcefe0, 0x0000000004fcf110]
Event: 691.910 Thread 0x0000000017b86000 11110       3       com.sun.tools.javac.tree.JCTree$Visitor::<init> (5 bytes)
Event: 691.910 Thread 0x0000000017b6b800 11112       4       com.sun.tools.javac.code.Scope::lookup (67 bytes)
Event: 691.910 Thread 0x0000000017b79800 nmethod 11109 0x00000000049d5d90 code [0x00000000049d5ec0, 0x00000000049d5f78]
Event: 691.910 Thread 0x0000000017b86000 nmethod 11110 0x0000000004fd7950 code [0x0000000004fd7aa0, 0x0000000004fd7c50]

GC Heap History (10 events):
Event: 29.857 GC heap before
{Heap before GC invocations=15 (full 3):
 PSYoungGen      total 269824K, used 621K [0x00000000d5580000, 0x00000000e7700000, 0x0000000100000000)
  eden space 244736K, 0% used [0x00000000d5580000,0x00000000d5580000,0x00000000e4480000)
  from space 25088K, 2% used [0x00000000e5d80000,0x00000000e5e1b568,0x00000000e7600000)
  to   space 25600K, 0% used [0x00000000e4480000,0x00000000e4480000,0x00000000e5d80000)
 ParOldGen       total 95744K, used 50853K [0x0000000080000000, 0x0000000085d80000, 0x00000000d5580000)
  object space 95744K, 53% used [0x0000000080000000,0x00000000831a9450,0x0000000085d80000)
 Metaspace       used 51671K, capacity 53156K, committed 53376K, reserved 1095680K
  class space    used 7036K, capacity 7452K, committed 7552K, reserved 1048576K
Event: 30.407 GC heap after
Heap after GC invocations=15 (full 3):
 PSYoungGen      total 269824K, used 0K [0x00000000d5580000, 0x00000000e7700000, 0x0000000100000000)
  eden space 244736K, 0% used [0x00000000d5580000,0x00000000d5580000,0x00000000e4480000)
  from space 25088K, 0% used [0x00000000e5d80000,0x00000000e5d80000,0x00000000e7600000)
  to   space 25600K, 0% used [0x00000000e4480000,0x00000000e4480000,0x00000000e5d80000)
 ParOldGen       total 95744K, used 42047K [0x0000000080000000, 0x0000000085d80000, 0x00000000d5580000)
  object space 95744K, 43% used [0x0000000080000000,0x000000008290feb8,0x0000000085d80000)
 Metaspace       used 51671K, capacity 53156K, committed 53376K, reserved 1095680K
  class space    used 7036K, capacity 7452K, committed 7552K, reserved 1048576K
}
Event: 159.588 GC heap before
{Heap before GC invocations=16 (full 3):
 PSYoungGen      total 269824K, used 225972K [0x00000000d5580000, 0x00000000e7700000, 0x0000000100000000)
  eden space 244736K, 92% used [0x00000000d5580000,0x00000000e322d0e8,0x00000000e4480000)
  from space 25088K, 0% used [0x00000000e5d80000,0x00000000e5d80000,0x00000000e7600000)
  to   space 25600K, 0% used [0x00000000e4480000,0x00000000e4480000,0x00000000e5d80000)
 ParOldGen       total 95744K, used 42047K [0x0000000080000000, 0x0000000085d80000, 0x00000000d5580000)
  object space 95744K, 43% used [0x0000000080000000,0x000000008290feb8,0x0000000085d80000)
 Metaspace       used 52971K, capacity 54766K, committed 55040K, reserved 1097728K
  class space    used 7123K, capacity 7586K, committed 7680K, reserved 1048576K
Event: 159.609 GC heap after
Heap after GC invocations=16 (full 3):
 PSYoungGen      total 252416K, used 7404K [0x00000000d5580000, 0x00000000e7400000, 0x0000000100000000)
  eden space 244736K, 0% used [0x00000000d5580000,0x00000000d5580000,0x00000000e4480000)
  from space 7680K, 96% used [0x00000000e4480000,0x00000000e4bbb388,0x00000000e4c00000)
  to   space 24064K, 0% used [0x00000000e5c80000,0x00000000e5c80000,0x00000000e7400000)
 ParOldGen       total 95744K, used 42055K [0x0000000080000000, 0x0000000085d80000, 0x00000000d5580000)
  object space 95744K, 43% used [0x0000000080000000,0x0000000082911eb8,0x0000000085d80000)
 Metaspace       used 52971K, capacity 54766K, committed 55040K, reserved 1097728K
  class space    used 7123K, capacity 7586K, committed 7680K, reserved 1048576K
}
Event: 159.609 GC heap before
{Heap before GC invocations=17 (full 4):
 PSYoungGen      total 252416K, used 7404K [0x00000000d5580000, 0x00000000e7400000, 0x0000000100000000)
  eden space 244736K, 0% used [0x00000000d5580000,0x00000000d5580000,0x00000000e4480000)
  from space 7680K, 96% used [0x00000000e4480000,0x00000000e4bbb388,0x00000000e4c00000)
  to   space 24064K, 0% used [0x00000000e5c80000,0x00000000e5c80000,0x00000000e7400000)
 ParOldGen       total 95744K, used 42055K [0x0000000080000000, 0x0000000085d80000, 0x00000000d5580000)
  object space 95744K, 43% used [0x0000000080000000,0x0000000082911eb8,0x0000000085d80000)
 Metaspace       used 52971K, capacity 54766K, committed 55040K, reserved 1097728K
  class space    used 7123K, capacity 7586K, committed 7680K, reserved 1048576K
Event: 160.232 GC heap after
Heap after GC invocations=17 (full 4):
 PSYoungGen      total 252416K, used 0K [0x00000000d5580000, 0x00000000e7400000, 0x0000000100000000)
  eden space 244736K, 0% used [0x00000000d5580000,0x00000000d5580000,0x00000000e4480000)
  from space 7680K, 0% used [0x00000000e4480000,0x00000000e4480000,0x00000000e4c00000)
  to   space 24064K, 0% used [0x00000000e5c80000,0x00000000e5c80000,0x00000000e7400000)
 ParOldGen       total 95744K, used 47991K [0x0000000080000000, 0x0000000085d80000, 0x00000000d5580000)
  object space 95744K, 50% used [0x0000000080000000,0x0000000082eddcb8,0x0000000085d80000)
 Metaspace       used 52952K, capacity 54744K, committed 55040K, reserved 1097728K
  class space    used 7117K, capacity 7580K, committed 7680K, reserved 1048576K
}
Event: 671.354 GC heap before
{Heap before GC invocations=18 (full 4):
 PSYoungGen      total 252416K, used 244736K [0x00000000d5580000, 0x00000000e7400000, 0x0000000100000000)
  eden space 244736K, 100% used [0x00000000d5580000,0x00000000e4480000,0x00000000e4480000)
  from space 7680K, 0% used [0x00000000e4480000,0x00000000e4480000,0x00000000e4c00000)
  to   space 24064K, 0% used [0x00000000e5c80000,0x00000000e5c80000,0x00000000e7400000)
 ParOldGen       total 95744K, used 47991K [0x0000000080000000, 0x0000000085d80000, 0x00000000d5580000)
  object space 95744K, 50% used [0x0000000080000000,0x0000000082eddcb8,0x0000000085d80000)
 Metaspace       used 55804K, capacity 57920K, committed 58112K, reserved 1099776K
  class space    used 7502K, capacity 8068K, committed 8192K, reserved 1048576K
Event: 671.394 GC heap after
Heap after GC invocations=18 (full 4):
 PSYoungGen      total 270336K, used 10480K [0x00000000d5580000, 0x00000000eaa00000, 0x0000000100000000)
  eden space 246272K, 0% used [0x00000000d5580000,0x00000000d5580000,0x00000000e4600000)
  from space 24064K, 43% used [0x00000000e5c80000,0x00000000e66bc300,0x00000000e7400000)
  to   space 23040K, 0% used [0x00000000e4600000,0x00000000e4600000,0x00000000e5c80000)
 ParOldGen       total 95744K, used 47999K [0x0000000080000000, 0x0000000085d80000, 0x00000000d5580000)
  object space 95744K, 50% used [0x0000000080000000,0x0000000082edfcb8,0x0000000085d80000)
 Metaspace       used 55804K, capacity 57920K, committed 58112K, reserved 1099776K
  class space    used 7502K, capacity 8068K, committed 8192K, reserved 1048576K
}
Event: 690.159 GC heap before
{Heap before GC invocations=19 (full 4):
 PSYoungGen      total 270336K, used 256752K [0x00000000d5580000, 0x00000000eaa00000, 0x0000000100000000)
  eden space 246272K, 100% used [0x00000000d5580000,0x00000000e4600000,0x00000000e4600000)
  from space 24064K, 43% used [0x00000000e5c80000,0x00000000e66bc300,0x00000000e7400000)
  to   space 23040K, 0% used [0x00000000e4600000,0x00000000e4600000,0x00000000e5c80000)
 ParOldGen       total 95744K, used 47999K [0x0000000080000000, 0x0000000085d80000, 0x00000000d5580000)
  object space 95744K, 50% used [0x0000000080000000,0x0000000082edfcb8,0x0000000085d80000)
 Metaspace       used 57074K, capacity 59334K, committed 59392K, reserved 1099776K
  class space    used 7644K, capacity 8181K, committed 8192K, reserved 1048576K
Event: 690.213 GC heap after
Heap after GC invocations=19 (full 4):
 PSYoungGen      total 257536K, used 20301K [0x00000000d5580000, 0x00000000e7000000, 0x0000000100000000)
  eden space 237056K, 0% used [0x00000000d5580000,0x00000000d5580000,0x00000000e3d00000)
  from space 20480K, 99% used [0x00000000e4600000,0x00000000e59d34f0,0x00000000e5a00000)
  to   space 22528K, 0% used [0x00000000e5a00000,0x00000000e5a00000,0x00000000e7000000)
 ParOldGen       total 95744K, used 48007K [0x0000000080000000, 0x0000000085d80000, 0x00000000d5580000)
  object space 95744K, 50% used [0x0000000080000000,0x0000000082ee1cb8,0x0000000085d80000)
 Metaspace       used 57074K, capacity 59334K, committed 59392K, reserved 1099776K
  class space    used 7644K, capacity 8181K, committed 8192K, reserved 1048576K
}

Deoptimization events (10 events):
Event: 691.297 Thread 0x000000001f14d800 Uncommon trap: reason=unstable_if action=reinterpret pc=0x0000000003a0c948 method=com.sun.tools.javac.parser.UnicodeReader.scanChar()V @ 37
Event: 691.299 Thread 0x000000001f14d800 Uncommon trap: reason=unstable_if action=reinterpret pc=0x0000000004ed7654 method=com.sun.tools.javac.parser.UnicodeReader.scanChar()V @ 37
Event: 691.759 Thread 0x000000001f14d800 Uncommon trap: reason=class_check action=maybe_recompile pc=0x0000000004e0ac1c method=org.gradle.internal.serialize.AbstractCollectionSerializer.writeValues(Lorg/gradle/internal/serialize/Encoder;Ljava/util/Collection;)V @ 2
Event: 691.759 Thread 0x000000001f14d800 Uncommon trap: reason=class_check action=maybe_recompile pc=0x0000000004e0ac1c method=org.gradle.internal.serialize.AbstractCollectionSerializer.writeValues(Lorg/gradle/internal/serialize/Encoder;Ljava/util/Collection;)V @ 2
Event: 691.759 Thread 0x000000001f14d800 Uncommon trap: reason=class_check action=maybe_recompile pc=0x0000000004e0ac1c method=org.gradle.internal.serialize.AbstractCollectionSerializer.writeValues(Lorg/gradle/internal/serialize/Encoder;Ljava/util/Collection;)V @ 2
Event: 691.759 Thread 0x000000001f14d800 Uncommon trap: reason=class_check action=maybe_recompile pc=0x0000000004e0ac1c method=org.gradle.internal.serialize.AbstractCollectionSerializer.writeValues(Lorg/gradle/internal/serialize/Encoder;Ljava/util/Collection;)V @ 2
Event: 691.827 Thread 0x000000001f14d800 Uncommon trap: reason=class_check action=maybe_recompile pc=0x0000000004f23c7c method=com.sun.tools.javac.tree.JCTree$JCVariableDecl.accept(Lcom/sun/tools/javac/tree/JCTree$Visitor;)V @ 2
Event: 691.829 Thread 0x000000001f14d800 Uncommon trap: reason=class_check action=maybe_recompile pc=0x0000000004f23c7c method=com.sun.tools.javac.tree.JCTree$JCVariableDecl.accept(Lcom/sun/tools/javac/tree/JCTree$Visitor;)V @ 2
Event: 691.830 Thread 0x000000001f14d800 Uncommon trap: reason=class_check action=maybe_recompile pc=0x0000000004f23c7c method=com.sun.tools.javac.tree.JCTree$JCVariableDecl.accept(Lcom/sun/tools/javac/tree/JCTree$Visitor;)V @ 2
Event: 691.846 Thread 0x000000001f14d800 Uncommon trap: reason=class_check action=maybe_recompile pc=0x0000000004f23c7c method=com.sun.tools.javac.tree.JCTree$JCVariableDecl.accept(Lcom/sun/tools/javac/tree/JCTree$Visitor;)V @ 2

Internal exceptions (10 events):
Event: 164.978 Thread 0x0000000017b83000 Exception <a 'java/lang/NoSuchMethodError': <clinit>> (0x00000000de66a360) thrown at [C:\workspace\8-2-build-windows-amd64-cygwin\jdk8u65\4987\hotspot\src\share\vm\prims\jni.cpp, line 1591]
Event: 164.979 Thread 0x0000000017b83000 Exception <a 'java/lang/NoSuchMethodError': <clinit>> (0x00000000de671690) thrown at [C:\workspace\8-2-build-windows-amd64-cygwin\jdk8u65\4987\hotspot\src\share\vm\prims\jni.cpp, line 1591]
Event: 164.986 Thread 0x0000000017b83000 Exception <a 'java/lang/NoSuchMethodError': <clinit>> (0x00000000de693f60) thrown at [C:\workspace\8-2-build-windows-amd64-cygwin\jdk8u65\4987\hotspot\src\share\vm\prims\jni.cpp, line 1591]
Event: 164.986 Thread 0x0000000017b83000 Exception <a 'java/lang/NoSuchMethodError': <clinit>> (0x00000000de699b68) thrown at [C:\workspace\8-2-build-windows-amd64-cygwin\jdk8u65\4987\hotspot\src\share\vm\prims\jni.cpp, line 1591]
Event: 164.990 Thread 0x0000000017b83000 Exception <a 'java/lang/NoSuchMethodError': <clinit>> (0x00000000de6aaa08) thrown at [C:\workspace\8-2-build-windows-amd64-cygwin\jdk8u65\4987\hotspot\src\share\vm\prims\jni.cpp, line 1591]
Event: 164.996 Thread 0x0000000017b83000 Exception <a 'java/lang/NoSuchMethodError': <clinit>> (0x00000000de6c5178) thrown at [C:\workspace\8-2-build-windows-amd64-cygwin\jdk8u65\4987\hotspot\src\share\vm\prims\jni.cpp, line 1591]
Event: 164.996 Thread 0x0000000017b83000 Exception <a 'java/lang/NoSuchMethodError': <clinit>> (0x00000000de6c8860) thrown at [C:\workspace\8-2-build-windows-amd64-cygwin\jdk8u65\4987\hotspot\src\share\vm\prims\jni.cpp, line 1591]
Event: 669.261 Thread 0x000000001f14d800 Exception <a 'java/lang/ClassNotFoundException': asLocalRepo18_27p4t3e5kdyiwsyz0548q6viwBeanInfo> (0x00000000dea9a578) thrown at [C:\workspace\8-2-build-windows-amd64-cygwin\jdk8u65\4987\hotspot\src\share\vm\classfile\systemDictionary.cpp, line 210]
Event: 669.262 Thread 0x000000001f14d800 Exception <a 'java/lang/ClassNotFoundException': asLocalRepo18_27p4t3e5kdyiwsyz0548q6viwCustomizer> (0x00000000deaa39f0) thrown at [C:\workspace\8-2-build-windows-amd64-cygwin\jdk8u65\4987\hotspot\src\share\vm\classfile\systemDictionary.cpp, line 210]
Event: 672.704 Thread 0x000000001f14d800 Exception <a 'java/lang/NoSuchMethodError': <clinit>> (0x00000000d8b79538) thrown at [C:\workspace\8-2-build-windows-amd64-cygwin\jdk8u65\4987\hotspot\src\share\vm\prims\jni.cpp, line 1591]

Events (10 events):
Event: 691.829 Thread 0x000000001f14d800 DEOPT PACKING pc=0x0000000004f23c7c sp=0x00000000235cba20
Event: 691.829 Thread 0x000000001f14d800 DEOPT UNPACKING pc=0x0000000002f9556a sp=0x00000000235cb9c0 mode 2
Event: 691.830 Thread 0x000000001f14d800 Uncommon trap: trap_request=0xffffffde fr.pc=0x0000000004f23c7c
Event: 691.830 Thread 0x000000001f14d800 DEOPT PACKING pc=0x0000000004f23c7c sp=0x00000000235cba20
Event: 691.830 Thread 0x000000001f14d800 DEOPT UNPACKING pc=0x0000000002f9556a sp=0x00000000235cb9c0 mode 2
Event: 691.846 Thread 0x000000001f14d800 Uncommon trap: trap_request=0xffffffde fr.pc=0x0000000004f23c7c
Event: 691.846 Thread 0x000000001f14d800 DEOPT PACKING pc=0x0000000004f23c7c sp=0x00000000235cbc70
Event: 691.846 Thread 0x000000001f14d800 DEOPT UNPACKING pc=0x0000000002f9556a sp=0x00000000235cbc10 mode 2
Event: 691.897 loading class com/sun/tools/javac/code/Symbol$VarSymbol$2
Event: 691.897 loading class com/sun/tools/javac/code/Symbol$VarSymbol$2 done


Dynamic libraries:
0x00007ff6f0490000 - 0x00007ff6f04c7000 	C:\Program Files\Java\jdk1.8.0_65\bin\java.exe
0x00007ffe27160000 - 0x00007ffe27321000 	C:\Windows\SYSTEM32\ntdll.dll
0x00007ffe26470000 - 0x00007ffe2651d000 	C:\Windows\system32\KERNEL32.DLL
0x00007ffe23810000 - 0x00007ffe239f8000 	C:\Windows\system32\KERNELBASE.dll
0x00007ffe21f70000 - 0x00007ffe21fe9000 	C:\Windows\system32\apphelp.dll
0x00007ffe24560000 - 0x00007ffe24607000 	C:\Windows\system32\ADVAPI32.dll
0x00007ffe247a0000 - 0x00007ffe2483d000 	C:\Windows\system32\msvcrt.dll
0x00007ffe26340000 - 0x00007ffe2639b000 	C:\Windows\system32\sechost.dll
0x00007ffe24680000 - 0x00007ffe2479c000 	C:\Windows\system32\RPCRT4.dll
0x00007ffe26eb0000 - 0x00007ffe27006000 	C:\Windows\system32\USER32.dll
0x00007ffe24a00000 - 0x00007ffe24b86000 	C:\Windows\system32\GDI32.dll
0x00007ffe17810000 - 0x00007ffe17a84000 	C:\Windows\WinSxS\amd64_microsoft.windows.common-controls_6595b64144ccf1df_6.0.10586.494_none_a2d8b04ea53e3145\COMCTL32.dll
0x00007ffe26c30000 - 0x00007ffe26ead000 	C:\Windows\system32\combase.dll
0x00007ffe23ab0000 - 0x00007ffe23b1a000 	C:\Windows\system32\bcryptPrimitives.dll
0x00007ffe24d20000 - 0x00007ffe24d5b000 	C:\Windows\system32\IMM32.DLL
0x0000000063aa0000 - 0x0000000063b72000 	C:\Program Files\Java\jdk1.8.0_65\jre\bin\msvcr100.dll
0x0000000063210000 - 0x0000000063a99000 	C:\Program Files\Java\jdk1.8.0_65\jre\bin\server\jvm.dll
0x00007ffe262c0000 - 0x00007ffe262c8000 	C:\Windows\system32\PSAPI.DLL
0x00007ffe01c10000 - 0x00007ffe01c19000 	C:\Windows\SYSTEM32\WSOCK32.dll
0x00007ffe219d0000 - 0x00007ffe219f3000 	C:\Windows\SYSTEM32\WINMM.dll
0x00007ffe262d0000 - 0x00007ffe2633b000 	C:\Windows\system32\WS2_32.dll
0x00007ffe20b10000 - 0x00007ffe20b1a000 	C:\Windows\SYSTEM32\VERSION.dll
0x00007ffe219a0000 - 0x00007ffe219cc000 	C:\Windows\SYSTEM32\WINMMBASE.dll
0x00007ffe24510000 - 0x00007ffe24553000 	C:\Windows\system32\cfgmgr32.dll
0x0000000063200000 - 0x000000006320f000 	C:\Program Files\Java\jdk1.8.0_65\jre\bin\verify.dll
0x00000000631d0000 - 0x00000000631f9000 	C:\Program Files\Java\jdk1.8.0_65\jre\bin\java.dll
0x00000000631b0000 - 0x00000000631c6000 	C:\Program Files\Java\jdk1.8.0_65\jre\bin\zip.dll
0x00007ffe24d60000 - 0x00007ffe262bc000 	C:\Windows\system32\SHELL32.dll
0x00007ffe23ec0000 - 0x00007ffe24505000 	C:\Windows\system32\windows.storage.dll
0x00007ffe24620000 - 0x00007ffe24672000 	C:\Windows\system32\shlwapi.dll
0x00007ffe237e0000 - 0x00007ffe237ef000 	C:\Windows\system32\kernel.appcore.dll
0x00007ffe23b20000 - 0x00007ffe23bd5000 	C:\Windows\system32\shcore.dll
0x00007ffe23780000 - 0x00007ffe237cb000 	C:\Windows\system32\powrprof.dll
0x00007ffe237f0000 - 0x00007ffe23804000 	C:\Windows\system32\profapi.dll
0x0000000063190000 - 0x00000000631aa000 	C:\Program Files\Java\jdk1.8.0_65\jre\bin\net.dll
0x00007ffe230b0000 - 0x00007ffe2310c000 	C:\Windows\system32\mswsock.dll
0x0000000063170000 - 0x0000000063181000 	C:\Program Files\Java\jdk1.8.0_65\jre\bin\nio.dll
0x00007ffe1bc10000 - 0x00007ffe1bc22000 	C:\Users\Bryan\.gradle\native\19\windows-amd64\native-platform.dll
0x00007ffe19c80000 - 0x00007ffe19cb8000 	C:\Windows\SYSTEM32\IPHLPAPI.DLL
0x00007ffe24b90000 - 0x00007ffe24b98000 	C:\Windows\system32\NSI.dll
0x00007ffe19bb0000 - 0x00007ffe19bc6000 	C:\Windows\SYSTEM32\dhcpcsvc6.DLL
0x00007ffe19b90000 - 0x00007ffe19baa000 	C:\Windows\SYSTEM32\dhcpcsvc.DLL
0x00007ffe23160000 - 0x00007ffe23177000 	C:\Windows\SYSTEM32\CRYPTSP.dll
0x00007ffe22df0000 - 0x00007ffe22e24000 	C:\Windows\system32\rsaenh.dll
0x00007ffe23380000 - 0x00007ffe233a9000 	C:\Windows\SYSTEM32\bcrypt.dll
0x00007ffe22f40000 - 0x00007ffe22f5f000 	C:\Windows\SYSTEM32\USERENV.dll
0x00007ffe23280000 - 0x00007ffe2328b000 	C:\Windows\SYSTEM32\CRYPTBASE.dll
0x0000000063160000 - 0x000000006316d000 	C:\Program Files\Java\jdk1.8.0_65\jre\bin\management.dll
0x0000000063130000 - 0x0000000063154000 	C:\Program Files\Java\jdk1.8.0_65\jre\bin\sunec.dll
0x00007ffe221f0000 - 0x00007ffe2229a000 	C:\Windows\SYSTEM32\DNSAPI.dll
0x00007ffe16880000 - 0x00007ffe1688a000 	C:\Windows\System32\rasadhlp.dll
0x00007ffe19680000 - 0x00007ffe196e7000 	C:\Windows\System32\fwpuclnt.dll
0x00007ffe0e520000 - 0x00007ffe0e536000 	C:\Windows\system32\napinsp.dll
0x00007ffe0e460000 - 0x00007ffe0e47a000 	C:\Windows\system32\pnrpnsp.dll
0x00007ffe21230000 - 0x00007ffe21248000 	C:\Windows\system32\NLAapi.dll
0x00007ffe0e540000 - 0x00007ffe0e54d000 	C:\Windows\System32\winrnr.dll
0x00007ffe0c070000 - 0x00007ffe0c1fc000 	C:\Windows\SYSTEM32\dbghelp.dll

VM Arguments:
jvm_args: -XX:MaxPermSize=512m -XX:+HeapDumpOnOutOfMemoryError -Xmx2048m -Dfile.encoding=UTF-8 -Duser.country=US -Duser.language=en -Duser.variant 
java_command: org.gradle.launcher.daemon.bootstrap.GradleDaemon 2.10
java_class_path (initial): C:\Users\Bryan\.gradle\wrapper\dists\gradle-2.10-all\a4w5fzrkeut1ox71xslb49gst\gradle-2.10\lib\gradle-launcher-2.10.jar
Launcher Type: SUN_STANDARD

Environment Variables:
PATH=C:\ProgramData\Oracle\Java\javapath;C:\Windows\system32;C:\Windows;C:\Windows\System32\Wbem;C:\Windows\System32\WindowsPowerShell\v1.0\;C:\Program Files (x86)\ATI Technologies\ATI.ACE\Core-Static;C:\Program Files\Git\cmd;C:\Program Files (x86)\GNU\GnuPG\pub;
USERNAME=Bryan
OS=Windows_NT
PROCESSOR_IDENTIFIER=Intel64 Family 6 Model 15 Stepping 11, GenuineIntel



---------------  S Y S T E M  ---------------

OS: Windows 10.0 , 64 bit Build 10586 (10.0.10586.0)

CPU:total 4 (4 cores per cpu, 1 threads per core) family 6 model 15 stepping 11, cmov, cx8, fxsr, mmx, sse, sse2, sse3, ssse3, tsc

Memory: 4k page, physical 8387060k(3734216k free), swap 16775668k(10707672k free)

vm_info: Java HotSpot(TM) 64-Bit Server VM (25.65-b01) for windows-amd64 JRE (1.8.0_65-b17), built on Oct  6 2015 16:39:20 by "java_re" with MS VC++ 10.0 (VS2010)

time: Wed Aug 31 14:45:31 2016
elapsed time: 691 seconds (0d 0h 11m 31s)

