#
# A fatal error has been detected by the Java Runtime Environment:
#
#  EXCEPTION_ACCESS_VIOLATION (0xc0000005) at pc=0xffffffffa3fd5120, pid=7120, tid=7544
#
# JRE version: Java(TM) SE Runtime Environment (8.0_65-b17) (build 1.8.0_65-b17)
# Java VM: Java HotSpot(TM) 64-Bit Server VM (25.65-b01 mixed mode windows-amd64 compressed oops)
# Problematic frame:
# C  0xffffffffa3fd5120
#
# Failed to write core dump. Minidumps are not enabled by default on client versions of Windows
#
# If you would like to submit a bug report, please visit:
#   http://bugreport.java.com/bugreport/crash.jsp
#

---------------  T H R E A D  ---------------

Current thread (0x000000001f438000):  JavaThread "pool-2-thread-1" [_thread_in_Java, id=7544, stack(0x0000000022270000,0x0000000022370000)]

siginfo: ExceptionCode=0xc0000005, ExceptionInformation=0x0000000000000008 0xffffffffa3fd5120

Registers:
RAX=0x0000000022268e48, RBX=0x0000000022268e48, RCX=0x00000000dbafa898, RDX=0x00000000dbafa898
RSP=0x000000002236e5c8, RBP=0x000000002236e628, RSI=0x00000000000013b8, RDI=0x000000010070f548
R8 =0x00000000000013a4, R9 =0x00000000dbd49e00, R10=0x0000000063b02140, R11=0x00000000030fe7e0
R12=0x0000000000000000, R13=0x000000002236e5d8, R14=0x000000002236e680, R15=0x000000001f438000
RIP=0xffffffffa3fd5120, EFLAGS=0x0000000000010202

Top of Stack: (sp=0x000000002236e5c8)
0x000000002236e5c8:   0000000002fd7470 0000000002fd7470
0x000000002236e5d8:   00000000000013a4 00000000dbafa898
0x000000002236e5e8:   000000002236e5e8 000000002226c87d
0x000000002236e5f8:   000000002236e680 0000000022c85db0
0x000000002236e608:   0000000022cd3bc8 000000002226cd20
0x000000002236e618:   000000002236e5d8 000000002236e670
0x000000002236e628:   000000002236e6c8 0000000002fd77b0
0x000000002236e638:   0000000000000000 0000000000000000
0x000000002236e648:   0000000000000000 0000000000000000
0x000000002236e658:   0000000000000000 00000000000013a4
0x000000002236e668:   0000000000000000 00000000dbafbb58
0x000000002236e678:   000000000000018c 00000000dbafa8b0
0x000000002236e688:   000000002236e688 000000002226c382
0x000000002236e698:   000000002236e710 0000000022c85db0
0x000000002236e6a8:   0000000000000000 000000002226c528
0x000000002236e6b8:   000000002236e670 000000002236e710 

Instructions: (pc=0xffffffffa3fd5120)
0xffffffffa3fd5100:   
[error occurred during error reporting (printing registers, top of stack, instructions near pc), id 0xc0000005]

Register to memory mapping:

RAX={method} {0x0000000022268e50} 'getUnsignedByte' '(I)I' in 'com/android/dx/util/ByteArray'
RBX={method} {0x0000000022268e50} 'getUnsignedByte' '(I)I' in 'com/android/dx/util/ByteArray'
RCX=0x00000000dbafa898 is an oop
com.android.dx.util.ByteArray 
 - klass: 'com/android/dx/util/ByteArray'
RDX=0x00000000dbafa898 is an oop
com.android.dx.util.ByteArray 
 - klass: 'com/android/dx/util/ByteArray'
RSP=0x000000002236e5c8 is pointing into the stack for thread: 0x000000001f438000
RBP=0x000000002236e628 is pointing into the stack for thread: 0x000000001f438000
RSI=0x00000000000013b8 is an unknown value
RDI=0x000000010070f548 is pointing into metadata
R8 =0x00000000000013a4 is an unknown value
R9 =0x00000000dbd49e00 is an oop
java.lang.Class 
 - klass: 'java/lang/Class'
R10=0x0000000063b02140 is an unknown value
R11=0x00000000030fe7e0 is at entry_point+32 in (nmethod*)0x00000000030fe650
R12=0x0000000000000000 is an unknown value
R13=0x000000002236e5d8 is pointing into the stack for thread: 0x000000001f438000
R14=0x000000002236e680 is pointing into the stack for thread: 0x000000001f438000
R15=0x000000001f438000 is a thread


Stack: [0x0000000022270000,0x0000000022370000],  sp=0x000000002236e5c8,  free space=1017k
Native frames: (J=compiled Java code, j=interpreted, Vv=VM code, C=native code)
C  0xffffffffa3fd5120


---------------  P R O C E S S  ---------------

Java Threads: ( => current thread )
  0x000000001f43e000 JavaThread "pool-4-thread-4" [_thread_blocked, id=2064, stack(0x0000000023a80000,0x0000000023b80000)]
  0x000000001f43d000 JavaThread "pool-4-thread-3" [_thread_blocked, id=6612, stack(0x0000000023980000,0x0000000023a80000)]
  0x000000001f43c800 JavaThread "pool-5-thread-2" [_thread_blocked, id=92, stack(0x0000000023880000,0x0000000023980000)]
  0x000000001f43b800 JavaThread "pool-4-thread-2" [_thread_blocked, id=860, stack(0x0000000023780000,0x0000000023880000)]
  0x000000001f43b000 JavaThread "pool-6-thread-1" [_thread_blocked, id=6524, stack(0x0000000023680000,0x0000000023780000)]
  0x000000001f433800 JavaThread "pool-5-thread-1" [_thread_blocked, id=6024, stack(0x0000000023580000,0x0000000023680000)]
  0x000000001f43a000 JavaThread "pool-3-thread-4" [_thread_blocked, id=7512, stack(0x0000000023480000,0x0000000023580000)]
  0x000000001f432800 JavaThread "pool-3-thread-3" [_thread_blocked, id=1172, stack(0x0000000023380000,0x0000000023480000)]
  0x000000001f439800 JavaThread "pool-3-thread-2" [_thread_blocked, id=936, stack(0x0000000023280000,0x0000000023380000)]
  0x000000001f437000 JavaThread "pool-7-thread-1" [_thread_blocked, id=6368, stack(0x0000000023180000,0x0000000023280000)]
  0x000000001f432000 JavaThread "pool-3-thread-1" [_thread_in_vm, id=5552, stack(0x0000000023080000,0x0000000023180000)]
  0x000000001f436800 JavaThread "pool-8-thread-1" [_thread_blocked, id=6128, stack(0x0000000022f80000,0x0000000023080000)]
  0x000000001f438800 JavaThread "pool-4-thread-1" [_thread_blocked, id=972, stack(0x0000000022e80000,0x0000000022f80000)]
  0x000000001f435800 JavaThread "pool-2-thread-2" [_thread_in_vm, id=7452, stack(0x00000000226f0000,0x00000000227f0000)]
  0x000000001f435000 JavaThread "pool-2-thread-3" [_thread_blocked, id=2320, stack(0x00000000225f0000,0x00000000226f0000)]
=>0x000000001f438000 JavaThread "pool-2-thread-1" [_thread_in_Java, id=7544, stack(0x0000000022270000,0x0000000022370000)]
  0x000000001f434000 JavaThread "pool-1-thread-3" [_thread_blocked, id=5492, stack(0x0000000020f00000,0x0000000021000000)]
  0x000000001a046800 JavaThread "pool-1-thread-2" [_thread_blocked, id=4524, stack(0x00000000205a0000,0x00000000206a0000)]
  0x000000001a04c800 JavaThread "pool-1-thread-1" [_thread_blocked, id=5560, stack(0x000000001ec80000,0x000000001ed80000)]
  0x000000001f4bd800 JavaThread "File lock request listener" [_thread_in_native, id=1776, stack(0x000000001e780000,0x000000001e880000)]
  0x000000001a8b2000 JavaThread "Stdin handler" [_thread_blocked, id=4908, stack(0x000000001bee0000,0x000000001bfe0000)]
  0x000000001a8ad800 JavaThread "Daemon worker" [_thread_blocked, id=7424, stack(0x000000001bde0000,0x000000001bee0000)]
  0x000000001a99c800 JavaThread "Cancel handler" [_thread_blocked, id=1116, stack(0x000000001bce0000,0x000000001bde0000)]
  0x000000001a7bf000 JavaThread "Handler for socket connection from /127.0.0.1:60125 to /127.0.0.1:60127" [_thread_in_native, id=2796, stack(0x000000001bbe0000,0x000000001bce0000)]
  0x000000001a7bd800 JavaThread "Daemon" [_thread_blocked, id=2060, stack(0x000000001bae0000,0x000000001bbe0000)]
  0x000000001a608000 JavaThread "Incoming local TCP Connector on port 60125" [_thread_in_native, id=1904, stack(0x000000001a320000,0x000000001a420000)]
  0x0000000019551000 JavaThread "Service Thread" daemon [_thread_blocked, id=6924, stack(0x0000000019920000,0x0000000019a20000)]
  0x0000000017bf2000 JavaThread "C1 CompilerThread2" daemon [_thread_blocked, id=7232, stack(0x0000000019420000,0x0000000019520000)]
  0x0000000017bfd800 JavaThread "C2 CompilerThread1" daemon [_thread_blocked, id=5812, stack(0x0000000019320000,0x0000000019420000)]
  0x0000000017bfa000 JavaThread "C2 CompilerThread0" daemon [_thread_in_native, id=7608, stack(0x0000000019220000,0x0000000019320000)]
  0x0000000017bf9000 JavaThread "Attach Listener" daemon [_thread_blocked, id=6100, stack(0x0000000019120000,0x0000000019220000)]
  0x0000000017bf8000 JavaThread "Signal Dispatcher" daemon [_thread_blocked, id=1912, stack(0x0000000019020000,0x0000000019120000)]
  0x0000000002fc8800 JavaThread "Finalizer" daemon [_thread_blocked, id=1036, stack(0x0000000018e40000,0x0000000018f40000)]
  0x0000000002fc0800 JavaThread "Reference Handler" daemon [_thread_blocked, id=1624, stack(0x0000000018d40000,0x0000000018e40000)]
  0x0000000002d8d800 JavaThread "main" [_thread_blocked, id=3664, stack(0x0000000002dd0000,0x0000000002ed0000)]

Other Threads:
  0x0000000017bb7000 VMThread [stack: 0x0000000018c40000,0x0000000018d40000] [id=7308]
  0x0000000017c4e000 WatcherThread [stack: 0x0000000019a20000,0x0000000019b20000] [id=260]

VM state:synchronizing (normal execution)

VM Mutex/Monitor currently owned by a thread:  ([mutex/lock_event])
[0x0000000002d8cb00] Safepoint_lock - owner thread: 0x0000000017bb7000
[0x0000000002d8c800] Threads_lock - owner thread: 0x0000000017bb7000

Heap:
 PSYoungGen      total 189952K, used 128826K [0x00000000d5580000, 0x00000000e3600000, 0x0000000100000000)
  eden space 173568K, 64% used [0x00000000d5580000,0x00000000dc350a68,0x00000000dff00000)
  from space 16384K, 99% used [0x00000000e1700000,0x00000000e26fdda8,0x00000000e2700000)
  to   space 24576K, 0% used [0x00000000dff00000,0x00000000dff00000,0x00000000e1700000)
 ParOldGen       total 112640K, used 34044K [0x0000000080000000, 0x0000000086e00000, 0x00000000d5580000)
  object space 112640K, 30% used [0x0000000080000000,0x000000008213f0a0,0x0000000086e00000)
 Metaspace       used 51654K, capacity 52712K, committed 52864K, reserved 1095680K
  class space    used 7007K, capacity 7292K, committed 7296K, reserved 1048576K

Card table byte_map: [0x0000000012390000,0x00000000127a0000] byte_map_base: 0x0000000011f90000

Marking Bits: (ParMarkBitMap*) 0x0000000063b1a5b0
 Begin Bits: [0x0000000012e50000, 0x0000000014e50000)
 End Bits:   [0x0000000014e50000, 0x0000000016e50000)

Polling page: 0x0000000002ce0000

CodeCache: size=245760Kb used=22572Kb max_used=23559Kb free=223187Kb
 bounds [0x0000000002fd0000, 0x00000000046f0000, 0x0000000011fd0000]
 total_blobs=7547 nmethods=6825 adapters=635
 compilation: enabled

Compilation events (10 events):
Event: 19.802 Thread 0x0000000017bf2000 nmethod 7951 0x00000000040650d0 code [0x0000000004065220, 0x0000000004065330]
Event: 19.803 Thread 0x0000000017bf2000 7953       3       com.android.dx.rop.cst.CstString::utf8BytesToString (391 bytes)
Event: 19.804 Thread 0x0000000017bfd800 nmethod 7952 0x0000000003718990 code [0x0000000003718ae0, 0x0000000003718bf8]
Event: 19.805 Thread 0x0000000017bf2000 nmethod 7953 0x0000000004085c90 code [0x0000000004085f40, 0x00000000040870b8]
Event: 19.805 Thread 0x0000000017bf2000 7956       3       java.lang.String::lastIndexOf (151 bytes)
Event: 19.805 Thread 0x0000000017bf2000 nmethod 7956 0x00000000038fdc50 code [0x00000000038fde00, 0x00000000038fe350]
Event: 19.807 Thread 0x0000000017bfd800 7957       4       com.android.dx.util.ByteArray::checkOffsets (66 bytes)
Event: 19.807 Thread 0x0000000017bfd800 nmethod 7957 0x0000000003b02f50 code [0x0000000003b03080, 0x0000000003b03138]
Event: 19.808 Thread 0x0000000017bfd800 7961       4       com.android.dx.util.ByteArray::getUnsignedByte (14 bytes)
Event: 19.809 Thread 0x0000000017bfd800 nmethod 7961 0x0000000003901750 code [0x00000000039018a0, 0x00000000039019b8]

GC Heap History (10 events):
Event: 8.108 GC heap before
{Heap before GC invocations=6 (full 1):
 PSYoungGen      total 96768K, used 96747K [0x00000000d5580000, 0x00000000de180000, 0x0000000100000000)
  eden space 91648K, 100% used [0x00000000d5580000,0x00000000daf00000,0x00000000daf00000)
  from space 5120K, 99% used [0x00000000ddc80000,0x00000000de17aef8,0x00000000de180000)
  to   space 5120K, 0% used [0x00000000dd780000,0x00000000dd780000,0x00000000ddc80000)
 ParOldGen       total 74240K, used 13520K [0x0000000080000000, 0x0000000084880000, 0x00000000d5580000)
  object space 74240K, 18% used [0x0000000080000000,0x0000000080d340e0,0x0000000084880000)
 Metaspace       used 30165K, capacity 30754K, committed 30848K, reserved 1075200K
  class space    used 4073K, capacity 4209K, committed 4224K, reserved 1048576K
Event: 8.152 GC heap after
Heap after GC invocations=6 (full 1):
 PSYoungGen      total 134656K, used 5108K [0x00000000d5580000, 0x00000000dec00000, 0x0000000100000000)
  eden space 129536K, 0% used [0x00000000d5580000,0x00000000d5580000,0x00000000dd400000)
  from space 5120K, 99% used [0x00000000dd780000,0x00000000ddc7d020,0x00000000ddc80000)
  to   space 12288K, 0% used [0x00000000de000000,0x00000000de000000,0x00000000dec00000)
 ParOldGen       total 74240K, used 16326K [0x0000000080000000, 0x0000000084880000, 0x00000000d5580000)
  object space 74240K, 21% used [0x0000000080000000,0x0000000080ff1920,0x0000000084880000)
 Metaspace       used 30165K, capacity 30754K, committed 30848K, reserved 1075200K
  class space    used 4073K, capacity 4209K, committed 4224K, reserved 1048576K
}
Event: 9.336 GC heap before
{Heap before GC invocations=7 (full 1):
 PSYoungGen      total 134656K, used 81392K [0x00000000d5580000, 0x00000000dec00000, 0x0000000100000000)
  eden space 129536K, 58% used [0x00000000d5580000,0x00000000d9fff060,0x00000000dd400000)
  from space 5120K, 99% used [0x00000000dd780000,0x00000000ddc7d020,0x00000000ddc80000)
  to   space 12288K, 0% used [0x00000000de000000,0x00000000de000000,0x00000000dec00000)
 ParOldGen       total 74240K, used 16326K [0x0000000080000000, 0x0000000084880000, 0x00000000d5580000)
  object space 74240K, 21% used [0x0000000080000000,0x0000000080ff1920,0x0000000084880000)
 Metaspace       used 34487K, capacity 35178K, committed 35456K, reserved 1079296K
  class space    used 4676K, capacity 4865K, committed 4992K, reserved 1048576K
Event: 9.364 GC heap after
Heap after GC invocations=7 (full 1):
 PSYoungGen      total 138752K, used 12256K [0x00000000d5580000, 0x00000000e2b00000, 0x0000000100000000)
  eden space 126464K, 0% used [0x00000000d5580000,0x00000000d5580000,0x00000000dd100000)
  from space 12288K, 99% used [0x00000000de000000,0x00000000debf8338,0x00000000dec00000)
  to   space 15360K, 0% used [0x00000000dd100000,0x00000000dd100000,0x00000000de000000)
 ParOldGen       total 74240K, used 17700K [0x0000000080000000, 0x0000000084880000, 0x00000000d5580000)
  object space 74240K, 23% used [0x0000000080000000,0x0000000081149218,0x0000000084880000)
 Metaspace       used 34487K, capacity 35178K, committed 35456K, reserved 1079296K
  class space    used 4676K, capacity 4865K, committed 4992K, reserved 1048576K
}
Event: 9.364 GC heap before
{Heap before GC invocations=8 (full 2):
 PSYoungGen      total 138752K, used 12256K [0x00000000d5580000, 0x00000000e2b00000, 0x0000000100000000)
  eden space 126464K, 0% used [0x00000000d5580000,0x00000000d5580000,0x00000000dd100000)
  from space 12288K, 99% used [0x00000000de000000,0x00000000debf8338,0x00000000dec00000)
  to   space 15360K, 0% used [0x00000000dd100000,0x00000000dd100000,0x00000000de000000)
 ParOldGen       total 74240K, used 17700K [0x0000000080000000, 0x0000000084880000, 0x00000000d5580000)
  object space 74240K, 23% used [0x0000000080000000,0x0000000081149218,0x0000000084880000)
 Metaspace       used 34487K, capacity 35178K, committed 35456K, reserved 1079296K
  class space    used 4676K, capacity 4865K, committed 4992K, reserved 1048576K
Event: 9.510 GC heap after
Heap after GC invocations=8 (full 2):
 PSYoungGen      total 138752K, used 0K [0x00000000d5580000, 0x00000000e2b00000, 0x0000000100000000)
  eden space 126464K, 0% used [0x00000000d5580000,0x00000000d5580000,0x00000000dd100000)
  from space 12288K, 0% used [0x00000000de000000,0x00000000de000000,0x00000000dec00000)
  to   space 15360K, 0% used [0x00000000dd100000,0x00000000dd100000,0x00000000de000000)
 ParOldGen       total 112640K, used 21118K [0x0000000080000000, 0x0000000086e00000, 0x00000000d5580000)
  object space 112640K, 18% used [0x0000000080000000,0x000000008149f8a0,0x0000000086e00000)
 Metaspace       used 34487K, capacity 35178K, committed 35456K, reserved 1079296K
  class space    used 4676K, capacity 4865K, committed 4992K, reserved 1048576K
}
Event: 11.911 GC heap before
{Heap before GC invocations=9 (full 2):
 PSYoungGen      total 138752K, used 126464K [0x00000000d5580000, 0x00000000e2b00000, 0x0000000100000000)
  eden space 126464K, 100% used [0x00000000d5580000,0x00000000dd100000,0x00000000dd100000)
  from space 12288K, 0% used [0x00000000de000000,0x00000000de000000,0x00000000dec00000)
  to   space 15360K, 0% used [0x00000000dd100000,0x00000000dd100000,0x00000000de000000)
 ParOldGen       total 112640K, used 21118K [0x0000000080000000, 0x0000000086e00000, 0x00000000d5580000)
  object space 112640K, 18% used [0x0000000080000000,0x000000008149f8a0,0x0000000086e00000)
 Metaspace       used 41331K, capacity 42206K, committed 42240K, reserved 1085440K
  class space    used 5702K, capacity 5886K, committed 5888K, reserved 1048576K
Event: 11.970 GC heap after
Heap after GC invocations=9 (full 2):
 PSYoungGen      total 141824K, used 13147K [0x00000000d5580000, 0x00000000e2700000, 0x0000000100000000)
  eden space 126464K, 0% used [0x00000000d5580000,0x00000000d5580000,0x00000000dd100000)
  from space 15360K, 85% used [0x00000000dd100000,0x00000000dddd6d58,0x00000000de000000)
  to   space 16384K, 0% used [0x00000000e1700000,0x00000000e1700000,0x00000000e2700000)
 ParOldGen       total 112640K, used 21126K [0x0000000080000000, 0x0000000086e00000, 0x00000000d5580000)
  object space 112640K, 18% used [0x0000000080000000,0x00000000814a18a0,0x0000000086e00000)
 Metaspace       used 41331K, capacity 42206K, committed 42240K, reserved 1085440K
  class space    used 5702K, capacity 5886K, committed 5888K, reserved 1048576K
}
Event: 16.733 GC heap before
{Heap before GC invocations=10 (full 2):
 PSYoungGen      total 141824K, used 139611K [0x00000000d5580000, 0x00000000e2700000, 0x0000000100000000)
  eden space 126464K, 100% used [0x00000000d5580000,0x00000000dd100000,0x00000000dd100000)
  from space 15360K, 85% used [0x00000000dd100000,0x00000000dddd6d58,0x00000000de000000)
  to   space 16384K, 0% used [0x00000000e1700000,0x00000000e1700000,0x00000000e2700000)
 ParOldGen       total 112640K, used 21126K [0x0000000080000000, 0x0000000086e00000, 0x00000000d5580000)
  object space 112640K, 18% used [0x0000000080000000,0x00000000814a18a0,0x0000000086e00000)
 Metaspace       used 48878K, capacity 49884K, committed 50048K, reserved 1091584K
  class space    used 6700K, capacity 6964K, committed 7040K, reserved 1048576K
Event: 16.812 GC heap after
Heap after GC invocations=10 (full 2):
 PSYoungGen      total 189952K, used 16375K [0x00000000d5580000, 0x00000000e3600000, 0x0000000100000000)
  eden space 173568K, 0% used [0x00000000d5580000,0x00000000d5580000,0x00000000dff00000)
  from space 16384K, 99% used [0x00000000e1700000,0x00000000e26fdda8,0x00000000e2700000)
  to   space 24576K, 0% used [0x00000000dff00000,0x00000000dff00000,0x00000000e1700000)
 ParOldGen       total 112640K, used 34044K [0x0000000080000000, 0x0000000086e00000, 0x00000000d5580000)
  object space 112640K, 30% used [0x0000000080000000,0x000000008213f0a0,0x0000000086e00000)
 Metaspace       used 48878K, capacity 49884K, committed 50048K, reserved 1091584K
  class space    used 6700K, capacity 6964K, committed 7040K, reserved 1048576K
}

Deoptimization events (10 events):
Event: 19.070 Thread 0x000000001a8ad800 Uncommon trap: reason=bimorphic action=maybe_recompile pc=0x00000000045dfd4c method=com.sun.tools.javac.tree.TreeInfo.flags(Lcom/sun/tools/javac/tree/JCTree;)J @ 4
Event: 19.443 Thread 0x000000001a8ad800 Uncommon trap: reason=bimorphic action=maybe_recompile pc=0x000000000388ab08 method=java.util.Collections.indexedBinarySearch(Ljava/util/List;Ljava/lang/Object;)I @ 39
Event: 19.443 Thread 0x000000001a8ad800 Uncommon trap: reason=bimorphic action=maybe_recompile pc=0x000000000388ab08 method=java.util.Collections.indexedBinarySearch(Ljava/util/List;Ljava/lang/Object;)I @ 39
Event: 19.520 Thread 0x000000001a8ad800 Uncommon trap: reason=bimorphic action=maybe_recompile pc=0x000000000388ab08 method=java.util.Collections.indexedBinarySearch(Ljava/util/List;Ljava/lang/Object;)I @ 39
Event: 19.522 Thread 0x000000001a8ad800 Uncommon trap: reason=bimorphic action=maybe_recompile pc=0x000000000388ab08 method=java.util.Collections.indexedBinarySearch(Ljava/util/List;Ljava/lang/Object;)I @ 39
Event: 19.605 Thread 0x000000001a8ad800 Uncommon trap: reason=unstable_if action=reinterpret pc=0x00000000032895a0 method=java.util.Arrays.equals([B[B)Z @ 41
Event: 19.633 Thread 0x000000001a8ad800 Uncommon trap: reason=class_check action=maybe_recompile pc=0x000000000416c3cc method=java.util.HashMap.removeNode(ILjava/lang/Object;Ljava/lang/Object;ZZ)Ljava/util/HashMap$Node; @ 68
Event: 19.635 Thread 0x000000001a8ad800 Uncommon trap: reason=class_check action=maybe_recompile pc=0x000000000416c3cc method=java.util.HashMap.removeNode(ILjava/lang/Object;Ljava/lang/Object;ZZ)Ljava/util/HashMap$Node; @ 68
Event: 19.726 Thread 0x000000001f435000 Uncommon trap: reason=unstable_if action=reinterpret pc=0x0000000003a92620 method=java.lang.String.lastIndexOf([CII[CIII)I @ 118
Event: 19.805 Thread 0x000000001f435000 Uncommon trap: reason=unstable_if action=reinterpret pc=0x00000000037874b0 method=java.lang.String.lastIndexOf([CII[CIII)I @ 118

Internal exceptions (10 events):
Event: 13.528 Thread 0x000000001a8ad800 Exception <a 'java/lang/ClassNotFoundException': java/io/FileCustomizer> (0x00000000d81c8158) thrown at [C:\workspace\8-2-build-windows-amd64-cygwin\jdk8u65\4987\hotspot\src\share\vm\classfile\systemDictionary.cpp, line 210]
Event: 13.558 Thread 0x000000001a8ad800 Exception <a 'java/lang/ClassNotFoundException': com/android/sdklib/BuildToolInfoBeanInfo> (0x00000000d8212190) thrown at [C:\workspace\8-2-build-windows-amd64-cygwin\jdk8u65\4987\hotspot\src\share\vm\classfile\systemDictionary.cpp, line 210]
Event: 13.560 Thread 0x000000001a8ad800 Exception <a 'java/lang/ClassNotFoundException': com/android/sdklib/BuildToolInfoCustomizer> (0x00000000d821fac0) thrown at [C:\workspace\8-2-build-windows-amd64-cygwin\jdk8u65\4987\hotspot\src\share\vm\classfile\systemDictionary.cpp, line 210]
Event: 13.680 Thread 0x000000001a8ad800 Exception <a 'java/lang/ClassNotFoundException': java/lang/IntegerBeanInfo> (0x00000000d82e83f0) thrown at [C:\workspace\8-2-build-windows-amd64-cygwin\jdk8u65\4987\hotspot\src\share\vm\classfile\systemDictionary.cpp, line 210]
Event: 13.680 Thread 0x000000001a8ad800 Exception <a 'java/lang/ClassNotFoundException': java/lang/NumberBeanInfo> (0x00000000d82ed928) thrown at [C:\workspace\8-2-build-windows-amd64-cygwin\jdk8u65\4987\hotspot\src\share\vm\classfile\systemDictionary.cpp, line 210]
Event: 13.680 Thread 0x000000001a8ad800 Exception <a 'java/lang/ClassNotFoundException': java/lang/NumberCustomizer> (0x00000000d82f2e80) thrown at [C:\workspace\8-2-build-windows-amd64-cygwin\jdk8u65\4987\hotspot\src\share\vm\classfile\systemDictionary.cpp, line 210]
Event: 13.683 Thread 0x000000001a8ad800 Exception <a 'java/lang/ClassNotFoundException': java/lang/IntegerCustomizer> (0x00000000d82fbc48) thrown at [C:\workspace\8-2-build-windows-amd64-cygwin\jdk8u65\4987\hotspot\src\share\vm\classfile\systemDictionary.cpp, line 210]
Event: 13.701 Thread 0x000000001a8ad800 Exception <a 'java/lang/ClassNotFoundException': com/google/common/collect/ListsBeanInfo> (0x00000000d835d748) thrown at [C:\workspace\8-2-build-windows-amd64-cygwin\jdk8u65\4987\hotspot\src\share\vm\classfile\systemDictionary.cpp, line 210]
Event: 13.701 Thread 0x000000001a8ad800 Exception <a 'java/lang/ClassNotFoundException': com/google/common/collect/ListsCustomizer> (0x00000000d836b068) thrown at [C:\workspace\8-2-build-windows-amd64-cygwin\jdk8u65\4987\hotspot\src\share\vm\classfile\systemDictionary.cpp, line 210]
Event: 16.833 Thread 0x000000001a8ad800 Implicit null exception at 0x0000000004255b1f to 0x000000000425619d

Events (10 events):
Event: 19.805 Thread 0x000000001f433800 Thread added: 0x000000001f433800
Event: 19.805 Thread 0x000000001f43b000 Thread added: 0x000000001f43b000
Event: 19.806 Thread 0x000000001f43b800 Thread added: 0x000000001f43b800
Event: 19.806 loading class com/android/dx/dex/file/TypeIdItem
Event: 19.806 loading class com/android/dx/dex/file/TypeIdItem done
Event: 19.807 Thread 0x000000001f43c800 Thread added: 0x000000001f43c800
Event: 19.808 loading class com/android/dx/dex/file/IdItem
Event: 19.808 loading class com/android/dx/dex/file/IdItem done
Event: 19.809 loading class com/android/dx/dex/file/ValueEncoder
Event: 19.809 loading class com/android/dx/dex/file/ValueEncoder done


Dynamic libraries:
0x00007ff6f0490000 - 0x00007ff6f04c7000 	C:\Program Files\Java\jdk1.8.0_65\bin\java.exe
0x00007ffe27160000 - 0x00007ffe27321000 	C:\Windows\SYSTEM32\ntdll.dll
0x00007ffe26470000 - 0x00007ffe2651d000 	C:\Windows\system32\KERNEL32.DLL
0x00007ffe23810000 - 0x00007ffe239f8000 	C:\Windows\system32\KERNELBASE.dll
0x00007ffe21f70000 - 0x00007ffe21fe9000 	C:\Windows\system32\apphelp.dll
0x00007ffe24560000 - 0x00007ffe24607000 	C:\Windows\system32\ADVAPI32.dll
0x00007ffe247a0000 - 0x00007ffe2483d000 	C:\Windows\system32\msvcrt.dll
0x00007ffe26340000 - 0x00007ffe2639b000 	C:\Windows\system32\sechost.dll
0x00007ffe24680000 - 0x00007ffe2479c000 	C:\Windows\system32\RPCRT4.dll
0x00007ffe26eb0000 - 0x00007ffe27006000 	C:\Windows\system32\USER32.dll
0x00007ffe24a00000 - 0x00007ffe24b86000 	C:\Windows\system32\GDI32.dll
0x00007ffe17810000 - 0x00007ffe17a84000 	C:\Windows\WinSxS\amd64_microsoft.windows.common-controls_6595b64144ccf1df_6.0.10586.494_none_a2d8b04ea53e3145\COMCTL32.dll
0x00007ffe26c30000 - 0x00007ffe26ead000 	C:\Windows\system32\combase.dll
0x00007ffe23ab0000 - 0x00007ffe23b1a000 	C:\Windows\system32\bcryptPrimitives.dll
0x00007ffe24d20000 - 0x00007ffe24d5b000 	C:\Windows\system32\IMM32.DLL
0x0000000063ba0000 - 0x0000000063c72000 	C:\Program Files\Java\jdk1.8.0_65\jre\bin\msvcr100.dll
0x0000000063310000 - 0x0000000063b99000 	C:\Program Files\Java\jdk1.8.0_65\jre\bin\server\jvm.dll
0x00007ffe262c0000 - 0x00007ffe262c8000 	C:\Windows\system32\PSAPI.DLL
0x00007ffe01c10000 - 0x00007ffe01c19000 	C:\Windows\SYSTEM32\WSOCK32.dll
0x00007ffe219d0000 - 0x00007ffe219f3000 	C:\Windows\SYSTEM32\WINMM.dll
0x00007ffe20b10000 - 0x00007ffe20b1a000 	C:\Windows\SYSTEM32\VERSION.dll
0x00007ffe262d0000 - 0x00007ffe2633b000 	C:\Windows\system32\WS2_32.dll
0x00007ffe219a0000 - 0x00007ffe219cc000 	C:\Windows\SYSTEM32\WINMMBASE.dll
0x00007ffe24510000 - 0x00007ffe24553000 	C:\Windows\system32\cfgmgr32.dll
0x0000000063300000 - 0x000000006330f000 	C:\Program Files\Java\jdk1.8.0_65\jre\bin\verify.dll
0x00000000632d0000 - 0x00000000632f9000 	C:\Program Files\Java\jdk1.8.0_65\jre\bin\java.dll
0x00000000632b0000 - 0x00000000632c6000 	C:\Program Files\Java\jdk1.8.0_65\jre\bin\zip.dll
0x00007ffe24d60000 - 0x00007ffe262bc000 	C:\Windows\system32\SHELL32.dll
0x00007ffe23ec0000 - 0x00007ffe24505000 	C:\Windows\system32\windows.storage.dll
0x00007ffe24620000 - 0x00007ffe24672000 	C:\Windows\system32\shlwapi.dll
0x00007ffe237e0000 - 0x00007ffe237ef000 	C:\Windows\system32\kernel.appcore.dll
0x00007ffe23b20000 - 0x00007ffe23bd5000 	C:\Windows\system32\shcore.dll
0x00007ffe23780000 - 0x00007ffe237cb000 	C:\Windows\system32\powrprof.dll
0x00007ffe237f0000 - 0x00007ffe23804000 	C:\Windows\system32\profapi.dll
0x0000000063290000 - 0x00000000632aa000 	C:\Program Files\Java\jdk1.8.0_65\jre\bin\net.dll
0x00007ffe230b0000 - 0x00007ffe2310c000 	C:\Windows\system32\mswsock.dll
0x0000000063270000 - 0x0000000063281000 	C:\Program Files\Java\jdk1.8.0_65\jre\bin\nio.dll
0x00007ffe1e0a0000 - 0x00007ffe1e0b2000 	C:\Users\Bryan\.gradle\native\19\windows-amd64\native-platform.dll
0x00007ffe19c80000 - 0x00007ffe19cb8000 	C:\Windows\SYSTEM32\IPHLPAPI.DLL
0x00007ffe24b90000 - 0x00007ffe24b98000 	C:\Windows\system32\NSI.dll
0x00007ffe19bb0000 - 0x00007ffe19bc6000 	C:\Windows\SYSTEM32\dhcpcsvc6.DLL
0x00007ffe19b90000 - 0x00007ffe19baa000 	C:\Windows\SYSTEM32\dhcpcsvc.DLL
0x00007ffe23160000 - 0x00007ffe23177000 	C:\Windows\SYSTEM32\CRYPTSP.dll
0x00007ffe22df0000 - 0x00007ffe22e24000 	C:\Windows\system32\rsaenh.dll
0x00007ffe23380000 - 0x00007ffe233a9000 	C:\Windows\SYSTEM32\bcrypt.dll
0x00007ffe22f40000 - 0x00007ffe22f5f000 	C:\Windows\SYSTEM32\USERENV.dll
0x00007ffe23280000 - 0x00007ffe2328b000 	C:\Windows\SYSTEM32\CRYPTBASE.dll
0x0000000063260000 - 0x000000006326d000 	C:\Program Files\Java\jdk1.8.0_65\jre\bin\management.dll
0x00007ffe0c070000 - 0x00007ffe0c1fc000 	C:\Windows\SYSTEM32\dbghelp.dll

VM Arguments:
jvm_args: -XX:MaxPermSize=512m -XX:+HeapDumpOnOutOfMemoryError -Xmx2048m -Dfile.encoding=UTF-8 -Duser.country=US -Duser.language=en -Duser.variant 
java_command: org.gradle.launcher.daemon.bootstrap.GradleDaemon 2.10
java_class_path (initial): C:\Users\Bryan\.gradle\wrapper\dists\gradle-2.10-all\a4w5fzrkeut1ox71xslb49gst\gradle-2.10\lib\gradle-launcher-2.10.jar
Launcher Type: SUN_STANDARD

Environment Variables:
PATH=C:\ProgramData\Oracle\Java\javapath;C:\Windows\system32;C:\Windows;C:\Windows\System32\Wbem;C:\Windows\System32\WindowsPowerShell\v1.0\;C:\Program Files (x86)\ATI Technologies\ATI.ACE\Core-Static;C:\Program Files\Git\cmd;C:\Program Files (x86)\GNU\GnuPG\pub;
USERNAME=Bryan
OS=Windows_NT
PROCESSOR_IDENTIFIER=Intel64 Family 6 Model 15 Stepping 11, GenuineIntel



---------------  S Y S T E M  ---------------

OS: Windows 10.0 , 64 bit Build 10586 (10.0.10586.0)

CPU:total 4 (4 cores per cpu, 1 threads per core) family 6 model 15 stepping 11, cmov, cx8, fxsr, mmx, sse, sse2, sse3, ssse3, tsc

Memory: 4k page, physical 8387060k(4189540k free), swap 16775668k(11221476k free)

vm_info: Java HotSpot(TM) 64-Bit Server VM (25.65-b01) for windows-amd64 JRE (1.8.0_65-b17), built on Oct  6 2015 16:39:20 by "java_re" with MS VC++ 10.0 (VS2010)

time: Fri Sep 02 01:46:23 2016
elapsed time: 19 seconds (0d 0h 0m 19s)

