#
# A fatal error has been detected by the Java Runtime Environment:
#
#  EXCEPTION_ACCESS_VIOLATION (0xc0000005) at pc=0xffffffffa39a5120, pid=6908, tid=5008
#
# JRE version: Java(TM) SE Runtime Environment (8.0_65-b17) (build 1.8.0_65-b17)
# Java VM: Java HotSpot(TM) 64-Bit Server VM (25.65-b01 mixed mode windows-amd64 compressed oops)
# Problematic frame:
# C  0xffffffffa39a5120
#
# Failed to write core dump. Minidumps are not enabled by default on client versions of Windows
#
# If you would like to submit a bug report, please visit:
#   http://bugreport.java.com/bugreport/crash.jsp
#

---------------  T H R E A D  ---------------

Current thread (0x000000001c9ec000):  JavaThread "pool-5-thread-3" [_thread_in_Java, id=5008, stack(0x0000000022a40000,0x0000000022b40000)]

siginfo: ExceptionCode=0xc0000005, ExceptionInformation=0x0000000000000008 0xffffffffa39a5120

Registers:
RAX=0x0000000000000000, RBX=0x00000000d75e8428, RCX=0x0000000023b70e00, RDX=0x00000000d75e8428
RSP=0x0000000022b3eb08, RBP=0x0000000022b3ed60, RSI=0x00000000d75eae30, RDI=0x0000000000000001
R8 =0x00000000d75eae30, R9 =0x000000010066aaa8, R10=0x0000000000000000, R11=0x0000000000000001
R12=0x0000000000000000, R13=0x00000000d75e96c8, R14=0x0000000000000007, R15=0x000000001c9ec000
RIP=0xffffffffa39a5120, EFLAGS=0x0000000000010206

Top of Stack: (sp=0x0000000022b3eb08)
0x0000000022b3eb08:   0000000002e316b4 0000000018f70640
0x0000000022b3eb18:   0000000023b82f60 0000000022b3ebd8
0x0000000022b3eb28:   00000000031a97f4 00000000d75eab50
0x0000000022b3eb38:   0000000000000003 00000000029a7a2d
0x0000000022b3eb48:   00000000d75e8428 00000000d75eab50
0x0000000022b3eb58:   0000000000000003 00000000d75e95b0
0x0000000022b3eb68:   0000000002ba3344 00000000d75ead60
0x0000000022b3eb78:   00000000d75eae30 00000000d75e9640
0x0000000022b3eb88:   0000000000000000 0000000000000009
0x0000000022b3eb98:   0000000000000000 0000000023b95008
0x0000000022b3eba8:   0000000022b3ed20 0000000022b3ed60
0x0000000022b3ebb8:   0000000002b8dafc 00000000208dfbd0
0x0000000022b3ebc8:   0000000002c2c631 0000000000000000
0x0000000022b3ebd8:   0000000003b6faa0 0000000100000006
0x0000000022b3ebe8:   00000000d75e8428 00000000d75ea810
0x0000000022b3ebf8:   000000001c9ec000 00000000e27806a8 

Instructions: (pc=0xffffffffa39a5120)
0xffffffffa39a5100:   
[error occurred during error reporting (printing registers, top of stack, instructions near pc), id 0xc0000005]

Register to memory mapping:

RAX=0x0000000000000000 is an unknown value
RBX=0x00000000d75e8428 is an oop
com.android.dx.ssa.SsaBasicBlock 
 - klass: 'com/android/dx/ssa/SsaBasicBlock'
RCX=0x0000000023b70e00 is pointing into metadata
RDX=0x00000000d75e8428 is an oop
com.android.dx.ssa.SsaBasicBlock 
 - klass: 'com/android/dx/ssa/SsaBasicBlock'
RSP=0x0000000022b3eb08 is pointing into the stack for thread: 0x000000001c9ec000
RBP=0x0000000022b3ed60 is pointing into the stack for thread: 0x000000001c9ec000
RSI=0x00000000d75eae30 is an oop
com.android.dx.ssa.SsaRenamer$BlockRenamer$1 
 - klass: 'com/android/dx/ssa/SsaRenamer$BlockRenamer$1'
RDI=0x0000000000000001 is an unknown value
R8 =0x00000000d75eae30 is an oop
com.android.dx.ssa.SsaRenamer$BlockRenamer$1 
 - klass: 'com/android/dx/ssa/SsaRenamer$BlockRenamer$1'
R9 =0x000000010066aaa8 is pointing into metadata
R10=0x0000000000000000 is an unknown value
R11=0x0000000000000001 is an unknown value
R12=0x0000000000000000 is an unknown value
R13=0x00000000d75e96c8 is an oop
com.android.dx.ssa.NormalSsaInsn 
 - klass: 'com/android/dx/ssa/NormalSsaInsn'
R14=0x0000000000000007 is an unknown value
R15=0x000000001c9ec000 is a thread


Stack: [0x0000000022a40000,0x0000000022b40000],  sp=0x0000000022b3eb08,  free space=1018k
Native frames: (J=compiled Java code, j=interpreted, Vv=VM code, C=native code)
C  0xffffffffa39a5120


---------------  P R O C E S S  ---------------

Java Threads: ( => current thread )
  0x000000001f2f4000 JavaThread "pool-9-thread-4" [_thread_blocked, id=6680, stack(0x0000000023a40000,0x0000000023b40000)]
  0x000000001f2f5800 JavaThread "pool-9-thread-3" [_thread_blocked, id=6420, stack(0x0000000023940000,0x0000000023a40000)]
  0x000000001f2f3800 JavaThread "pool-9-thread-2" [_thread_blocked, id=4464, stack(0x0000000023840000,0x0000000023940000)]
  0x000000001daf7800 JavaThread "pool-10-thread-1" [_thread_blocked, id=540, stack(0x0000000023740000,0x0000000023840000)]
  0x000000001daf5800 JavaThread "pool-9-thread-1" [_thread_blocked, id=4984, stack(0x0000000023640000,0x0000000023740000)]
  0x000000001dafa000 JavaThread "pool-8-thread-1" [_thread_blocked, id=836, stack(0x0000000023240000,0x0000000023340000)]
  0x000000001daf9000 JavaThread "pool-7-thread-1" [_thread_in_Java, id=6540, stack(0x0000000023140000,0x0000000023240000)]
  0x000000001daf8800 JavaThread "pool-3-thread-4" [_thread_in_Java, id=7300, stack(0x0000000023040000,0x0000000023140000)]
  0x000000001dafa800 JavaThread "pool-3-thread-3" [_thread_in_Java, id=7856, stack(0x0000000022f40000,0x0000000023040000)]
  0x000000001daf7000 JavaThread "pool-3-thread-2" [_thread_blocked, id=4008, stack(0x0000000022e40000,0x0000000022f40000)]
  0x000000001c9ed800 JavaThread "pool-4-thread-1" [_thread_blocked, id=5156, stack(0x0000000022d40000,0x0000000022e40000)]
  0x000000001c9ec800 JavaThread "pool-3-thread-1" [_thread_in_Java, id=5248, stack(0x0000000022c40000,0x0000000022d40000)]
  0x000000001c9ef000 JavaThread "pool-5-thread-4" [_thread_in_Java, id=1916, stack(0x0000000022b40000,0x0000000022c40000)]
=>0x000000001c9ec000 JavaThread "pool-5-thread-3" [_thread_in_Java, id=5008, stack(0x0000000022a40000,0x0000000022b40000)]
  0x000000001c9ea800 JavaThread "pool-5-thread-2" [_thread_in_Java, id=2532, stack(0x0000000022940000,0x0000000022a40000)]
  0x000000001c9ee000 JavaThread "pool-6-thread-1" [_thread_blocked, id=4960, stack(0x0000000022840000,0x0000000022940000)]
  0x000000001c9e9800 JavaThread "pool-5-thread-1" [_thread_in_Java, id=6332, stack(0x0000000022740000,0x0000000022840000)]
  0x000000001c9e9000 JavaThread "pool-2-thread-3" [_thread_blocked, id=3896, stack(0x0000000022540000,0x0000000022640000)]
  0x000000001c9eb000 JavaThread "pool-2-thread-2" [_thread_in_Java, id=236, stack(0x0000000022440000,0x0000000022540000)]
  0x000000001c9e8000 JavaThread "pool-2-thread-4" [_thread_blocked, id=3624, stack(0x0000000022340000,0x0000000022440000)]
  0x000000001d3a1000 JavaThread "pool-2-thread-1" [_thread_blocked, id=3096, stack(0x0000000022240000,0x0000000022340000)]
  0x000000001d3a4000 JavaThread "pool-1-thread-4" [_thread_blocked, id=6360, stack(0x0000000022140000,0x0000000022240000)]
  0x000000001d3a3800 JavaThread "pool-1-thread-3" [_thread_blocked, id=3024, stack(0x0000000020c80000,0x0000000020d80000)]
  0x000000001d3a2800 JavaThread "pool-1-thread-2" [_thread_blocked, id=6824, stack(0x000000001ff10000,0x0000000020010000)]
  0x000000001d3a2000 JavaThread "pool-1-thread-1" [_thread_blocked, id=8036, stack(0x000000001e600000,0x000000001e700000)]
  0x000000001c8f5000 JavaThread "File lock request listener" [_thread_in_native, id=4828, stack(0x000000001e0d0000,0x000000001e1d0000)]
  0x000000001a1e9000 JavaThread "Stdin handler" [_thread_blocked, id=6440, stack(0x000000001b830000,0x000000001b930000)]
  0x000000001a2c9800 JavaThread "Daemon worker" [_thread_blocked, id=6304, stack(0x000000001b730000,0x000000001b830000)]
  0x000000001a088000 JavaThread "Cancel handler" [_thread_blocked, id=3332, stack(0x000000001b630000,0x000000001b730000)]
  0x000000001a08b000 JavaThread "Handler for socket connection from /127.0.0.1:64373 to /127.0.0.1:64374" [_thread_in_native, id=6324, stack(0x000000001b530000,0x000000001b630000)]
  0x000000001a0d7800 JavaThread "Daemon" [_thread_blocked, id=7656, stack(0x000000001b430000,0x000000001b530000)]
  0x000000001a174000 JavaThread "Incoming local TCP Connector on port 64373" [_thread_in_native, id=3756, stack(0x0000000019d20000,0x0000000019e20000)]
  0x0000000018f4d000 JavaThread "Service Thread" daemon [_thread_blocked, id=8016, stack(0x0000000019320000,0x0000000019420000)]
  0x00000000175c1800 JavaThread "C1 CompilerThread2" daemon [_thread_in_vm, id=7096, stack(0x0000000018e20000,0x0000000018f20000)]
  0x00000000175bc000 JavaThread "C2 CompilerThread1" daemon [_thread_in_native, id=6896, stack(0x0000000018d20000,0x0000000018e20000)]
  0x00000000175c9800 JavaThread "C2 CompilerThread0" daemon [_thread_in_native, id=4260, stack(0x0000000018c20000,0x0000000018d20000)]
  0x00000000175c8000 JavaThread "Attach Listener" daemon [_thread_blocked, id=5028, stack(0x0000000018b20000,0x0000000018c20000)]
  0x00000000175c6800 JavaThread "Signal Dispatcher" daemon [_thread_blocked, id=1708, stack(0x0000000018a20000,0x0000000018b20000)]
  0x0000000002996800 JavaThread "Finalizer" daemon [_thread_blocked, id=6288, stack(0x0000000018840000,0x0000000018940000)]
  0x000000000298e000 JavaThread "Reference Handler" daemon [_thread_blocked, id=4708, stack(0x0000000018740000,0x0000000018840000)]
  0x00000000026cd800 JavaThread "main" [_thread_blocked, id=4448, stack(0x00000000027a0000,0x00000000028a0000)]

Other Threads:
  0x0000000017587000 VMThread [stack: 0x0000000018640000,0x0000000018740000] [id=3928]
  0x00000000175c5000 WatcherThread [stack: 0x0000000019420000,0x0000000019520000] [id=3036]

VM state:not at safepoint (normal execution)

VM Mutex/Monitor currently owned by a thread: None

Heap:
 PSYoungGen      total 199680K, used 50767K [0x00000000d5580000, 0x00000000e3280000, 0x0000000100000000)
  eden space 183296K, 18% used [0x00000000d5580000,0x00000000d77186c8,0x00000000e0880000)
  from space 16384K, 99% used [0x00000000e1c80000,0x00000000e2c7b718,0x00000000e2c80000)
  to   space 20480K, 0% used [0x00000000e0880000,0x00000000e0880000,0x00000000e1c80000)
 ParOldGen       total 107008K, used 25383K [0x0000000080000000, 0x0000000086880000, 0x00000000d5580000)
  object space 107008K, 23% used [0x0000000080000000,0x00000000818c9c58,0x0000000086880000)
 Metaspace       used 47178K, capacity 48104K, committed 48256K, reserved 1091584K
  class space    used 6420K, capacity 6668K, committed 6784K, reserved 1048576K

Card table byte_map: [0x0000000011d60000,0x0000000012170000] byte_map_base: 0x0000000011960000

Marking Bits: (ParMarkBitMap*) 0x0000000063b1a5b0
 Begin Bits: [0x0000000012820000, 0x0000000014820000)
 End Bits:   [0x0000000014820000, 0x0000000016820000)

Polling page: 0x0000000002600000

CodeCache: size=245760Kb used=18914Kb max_used=19252Kb free=226845Kb
 bounds [0x00000000029a0000, 0x0000000003ca0000, 0x00000000119a0000]
 total_blobs=6501 nmethods=5798 adapters=616
 compilation: enabled

Compilation events (10 events):
Event: 15.678 Thread 0x00000000175c1800 nmethod 6813 0x000000000378b890 code [0x000000000378bba0, 0x000000000378d398]
Event: 15.678 Thread 0x00000000175c1800 6814       3       java.util.BitSet::set (124 bytes)
Event: 15.679 Thread 0x00000000175c1800 nmethod 6814 0x00000000034c6f90 code [0x00000000034c7160, 0x00000000034c7728]
Event: 15.691 Thread 0x00000000175c1800 6838       1       com.android.dx.cf.code.BasicBlocker::setPreviousOffset (6 bytes)
Event: 15.691 Thread 0x00000000175bc000 nmethod 6811 0x0000000003047f10 code [0x00000000030480a0, 0x00000000030484c8]
Event: 15.691 Thread 0x00000000175bc000 6825       4       com.android.dx.ssa.back.LivenessAnalyzer::handleTailRecursion (94 bytes)
Event: 15.691 Thread 0x00000000175c1800 nmethod 6838 0x00000000034c6cd0 code [0x00000000034c6e20, 0x00000000034c6f30]
Event: 15.691 Thread 0x00000000175c1800 6839       1       com.android.dx.cf.code.Simulator$SimVisitor::setPreviousOffset (6 bytes)
Event: 15.691 Thread 0x00000000175c1800 nmethod 6839 0x0000000003047c50 code [0x0000000003047da0, 0x0000000003047eb0]
Event: 15.691 Thread 0x00000000175c1800 6834   !   3       com.android.dx.cf.code.Ropper::processBlock (1101 bytes)

GC Heap History (10 events):
Event: 7.870 GC heap before
{Heap before GC invocations=6 (full 1):
 PSYoungGen      total 97792K, used 97781K [0x00000000d5580000, 0x00000000de180000, 0x0000000100000000)
  eden space 92672K, 100% used [0x00000000d5580000,0x00000000db000000,0x00000000db000000)
  from space 5120K, 99% used [0x00000000ddc80000,0x00000000de17d790,0x00000000de180000)
  to   space 5120K, 0% used [0x00000000dd780000,0x00000000dd780000,0x00000000ddc80000)
 ParOldGen       total 73728K, used 13453K [0x0000000080000000, 0x0000000084800000, 0x00000000d5580000)
  object space 73728K, 18% used [0x0000000080000000,0x0000000080d23700,0x0000000084800000)
 Metaspace       used 30176K, capacity 30690K, committed 30848K, reserved 1075200K
  class space    used 4077K, capacity 4209K, committed 4224K, reserved 1048576K
Event: 7.922 GC heap after
Heap after GC invocations=6 (full 1):
 PSYoungGen      total 135168K, used 5092K [0x00000000d5580000, 0x00000000dec80000, 0x0000000100000000)
  eden space 130048K, 0% used [0x00000000d5580000,0x00000000d5580000,0x00000000dd480000)
  from space 5120K, 99% used [0x00000000dd780000,0x00000000ddc79030,0x00000000ddc80000)
  to   space 12288K, 0% used [0x00000000de080000,0x00000000de080000,0x00000000dec80000)
 ParOldGen       total 73728K, used 16328K [0x0000000080000000, 0x0000000084800000, 0x00000000d5580000)
  object space 73728K, 22% used [0x0000000080000000,0x0000000080ff2240,0x0000000084800000)
 Metaspace       used 30176K, capacity 30690K, committed 30848K, reserved 1075200K
  class space    used 4077K, capacity 4209K, committed 4224K, reserved 1048576K
}
Event: 9.233 GC heap before
{Heap before GC invocations=7 (full 1):
 PSYoungGen      total 135168K, used 81852K [0x00000000d5580000, 0x00000000dec80000, 0x0000000100000000)
  eden space 130048K, 59% used [0x00000000d5580000,0x00000000da0763c8,0x00000000dd480000)
  from space 5120K, 99% used [0x00000000dd780000,0x00000000ddc79030,0x00000000ddc80000)
  to   space 12288K, 0% used [0x00000000de080000,0x00000000de080000,0x00000000dec80000)
 ParOldGen       total 73728K, used 16328K [0x0000000080000000, 0x0000000084800000, 0x00000000d5580000)
  object space 73728K, 22% used [0x0000000080000000,0x0000000080ff2240,0x0000000084800000)
 Metaspace       used 34461K, capacity 35178K, committed 35456K, reserved 1079296K
  class space    used 4669K, capacity 4865K, committed 4992K, reserved 1048576K
Event: 9.357 GC heap after
Heap after GC invocations=7 (full 1):
 PSYoungGen      total 139264K, used 12269K [0x00000000d5580000, 0x00000000e3d00000, 0x0000000100000000)
  eden space 126976K, 0% used [0x00000000d5580000,0x00000000d5580000,0x00000000dd180000)
  from space 12288K, 99% used [0x00000000de080000,0x00000000dec7b4f8,0x00000000dec80000)
  to   space 15360K, 0% used [0x00000000dd180000,0x00000000dd180000,0x00000000de080000)
 ParOldGen       total 73728K, used 17736K [0x0000000080000000, 0x0000000084800000, 0x00000000d5580000)
  object space 73728K, 24% used [0x0000000080000000,0x00000000811520b0,0x0000000084800000)
 Metaspace       used 34461K, capacity 35178K, committed 35456K, reserved 1079296K
  class space    used 4669K, capacity 4865K, committed 4992K, reserved 1048576K
}
Event: 9.357 GC heap before
{Heap before GC invocations=8 (full 2):
 PSYoungGen      total 139264K, used 12269K [0x00000000d5580000, 0x00000000e3d00000, 0x0000000100000000)
  eden space 126976K, 0% used [0x00000000d5580000,0x00000000d5580000,0x00000000dd180000)
  from space 12288K, 99% used [0x00000000de080000,0x00000000dec7b4f8,0x00000000dec80000)
  to   space 15360K, 0% used [0x00000000dd180000,0x00000000dd180000,0x00000000de080000)
 ParOldGen       total 73728K, used 17736K [0x0000000080000000, 0x0000000084800000, 0x00000000d5580000)
  object space 73728K, 24% used [0x0000000080000000,0x00000000811520b0,0x0000000084800000)
 Metaspace       used 34461K, capacity 35178K, committed 35456K, reserved 1079296K
  class space    used 4669K, capacity 4865K, committed 4992K, reserved 1048576K
Event: 9.603 GC heap after
Heap after GC invocations=8 (full 2):
 PSYoungGen      total 139264K, used 0K [0x00000000d5580000, 0x00000000e3d00000, 0x0000000100000000)
  eden space 126976K, 0% used [0x00000000d5580000,0x00000000d5580000,0x00000000dd180000)
  from space 12288K, 0% used [0x00000000de080000,0x00000000de080000,0x00000000dec80000)
  to   space 15360K, 0% used [0x00000000dd180000,0x00000000dd180000,0x00000000de080000)
 ParOldGen       total 107008K, used 21181K [0x0000000080000000, 0x0000000086880000, 0x00000000d5580000)
  object space 107008K, 19% used [0x0000000080000000,0x00000000814af458,0x0000000086880000)
 Metaspace       used 34461K, capacity 35178K, committed 35456K, reserved 1079296K
  class space    used 4669K, capacity 4865K, committed 4992K, reserved 1048576K
}
Event: 12.491 GC heap before
{Heap before GC invocations=9 (full 2):
 PSYoungGen      total 139264K, used 126976K [0x00000000d5580000, 0x00000000e3d00000, 0x0000000100000000)
  eden space 126976K, 100% used [0x00000000d5580000,0x00000000dd180000,0x00000000dd180000)
  from space 12288K, 0% used [0x00000000de080000,0x00000000de080000,0x00000000dec80000)
  to   space 15360K, 0% used [0x00000000dd180000,0x00000000dd180000,0x00000000de080000)
 ParOldGen       total 107008K, used 21181K [0x0000000080000000, 0x0000000086880000, 0x00000000d5580000)
  object space 107008K, 19% used [0x0000000080000000,0x00000000814af458,0x0000000086880000)
 Metaspace       used 41339K, capacity 42142K, committed 42240K, reserved 1085440K
  class space    used 5706K, capacity 5886K, committed 5888K, reserved 1048576K
Event: 12.538 GC heap after
Heap after GC invocations=9 (full 2):
 PSYoungGen      total 142336K, used 13202K [0x00000000d5580000, 0x00000000e2c80000, 0x0000000100000000)
  eden space 126976K, 0% used [0x00000000d5580000,0x00000000d5580000,0x00000000dd180000)
  from space 15360K, 85% used [0x00000000dd180000,0x00000000dde649c8,0x00000000de080000)
  to   space 16384K, 0% used [0x00000000e1c80000,0x00000000e1c80000,0x00000000e2c80000)
 ParOldGen       total 107008K, used 21189K [0x0000000080000000, 0x0000000086880000, 0x00000000d5580000)
  object space 107008K, 19% used [0x0000000080000000,0x00000000814b1458,0x0000000086880000)
 Metaspace       used 41339K, capacity 42142K, committed 42240K, reserved 1085440K
  class space    used 5706K, capacity 5886K, committed 5888K, reserved 1048576K
}
Event: 15.083 GC heap before
{Heap before GC invocations=10 (full 2):
 PSYoungGen      total 142336K, used 140178K [0x00000000d5580000, 0x00000000e2c80000, 0x0000000100000000)
  eden space 126976K, 100% used [0x00000000d5580000,0x00000000dd180000,0x00000000dd180000)
  from space 15360K, 85% used [0x00000000dd180000,0x00000000dde649c8,0x00000000de080000)
  to   space 16384K, 0% used [0x00000000e1c80000,0x00000000e1c80000,0x00000000e2c80000)
 ParOldGen       total 107008K, used 21189K [0x0000000080000000, 0x0000000086880000, 0x00000000d5580000)
  object space 107008K, 19% used [0x0000000080000000,0x00000000814b1458,0x0000000086880000)
 Metaspace       used 46290K, capacity 47208K, committed 47360K, reserved 1089536K
  class space    used 6369K, capacity 6604K, committed 6656K, reserved 1048576K
Event: 15.141 GC heap after
Heap after GC invocations=10 (full 2):
 PSYoungGen      total 199680K, used 16365K [0x00000000d5580000, 0x00000000e3280000, 0x0000000100000000)
  eden space 183296K, 0% used [0x00000000d5580000,0x00000000d5580000,0x00000000e0880000)
  from space 16384K, 99% used [0x00000000e1c80000,0x00000000e2c7b718,0x00000000e2c80000)
  to   space 20480K, 0% used [0x00000000e0880000,0x00000000e0880000,0x00000000e1c80000)
 ParOldGen       total 107008K, used 25383K [0x0000000080000000, 0x0000000086880000, 0x00000000d5580000)
  object space 107008K, 23% used [0x0000000080000000,0x00000000818c9c58,0x0000000086880000)
 Metaspace       used 46290K, capacity 47208K, committed 47360K, reserved 1089536K
  class space    used 6369K, capacity 6604K, committed 6656K, reserved 1048576K
}

Deoptimization events (10 events):
Event: 15.036 Thread 0x000000001f2f4000 Uncommon trap: reason=class_check action=maybe_recompile pc=0x0000000002b27d44 method=java.util.concurrent.ConcurrentHashMap.putVal(Ljava/lang/Object;Ljava/lang/Object;Z)Ljava/lang/Object; @ 192
Event: 15.036 Thread 0x000000001c9e9000 Uncommon trap: reason=class_check action=maybe_recompile pc=0x0000000002b27d44 method=java.util.concurrent.ConcurrentHashMap.putVal(Ljava/lang/Object;Ljava/lang/Object;Z)Ljava/lang/Object; @ 192
Event: 15.039 Thread 0x000000001dafa800 Uncommon trap: reason=class_check action=maybe_recompile pc=0x0000000002b27d44 method=java.util.concurrent.ConcurrentHashMap.putVal(Ljava/lang/Object;Ljava/lang/Object;Z)Ljava/lang/Object; @ 192
Event: 15.042 Thread 0x000000001dafb800 Uncommon trap: reason=class_check action=maybe_recompile pc=0x0000000002b27d44 method=java.util.concurrent.ConcurrentHashMap.putVal(Ljava/lang/Object;Ljava/lang/Object;Z)Ljava/lang/Object; @ 192
Event: 15.046 Thread 0x000000001daf6000 Uncommon trap: reason=class_check action=maybe_recompile pc=0x0000000002b27d44 method=java.util.concurrent.ConcurrentHashMap.putVal(Ljava/lang/Object;Ljava/lang/Object;Z)Ljava/lang/Object; @ 192
Event: 15.047 Thread 0x000000001daf5800 Uncommon trap: reason=class_check action=maybe_recompile pc=0x0000000002b27d44 method=java.util.concurrent.ConcurrentHashMap.putVal(Ljava/lang/Object;Ljava/lang/Object;Z)Ljava/lang/Object; @ 192
Event: 15.052 Thread 0x000000001daf9000 Uncommon trap: reason=class_check action=maybe_recompile pc=0x0000000002b27d44 method=java.util.concurrent.ConcurrentHashMap.putVal(Ljava/lang/Object;Ljava/lang/Object;Z)Ljava/lang/Object; @ 192
Event: 15.306 Thread 0x000000001c9ef000 Uncommon trap: reason=unstable_if action=reinterpret pc=0x00000000038e5f5c method=java.util.concurrent.ConcurrentHashMap.putVal(Ljava/lang/Object;Ljava/lang/Object;Z)Ljava/lang/Object; @ 195
Event: 15.443 Thread 0x000000001dafa800 Uncommon trap: reason=unstable_if action=reinterpret pc=0x0000000003783730 method=com.android.dx.rop.code.LocalItem.hashCode()I @ 25
Event: 15.520 Thread 0x000000001daf5800 Uncommon trap: reason=unstable_if action=reinterpret pc=0x00000000037f35dc method=java.util.concurrent.ConcurrentHashMap.addCount(JI)V @ 34

Internal exceptions (10 events):
Event: 13.597 Thread 0x000000001a2c9800 Exception <a 'java/lang/ClassNotFoundException': java/io/FileBeanInfo> (0x00000000d8193cf0) thrown at [C:\workspace\8-2-build-windows-amd64-cygwin\jdk8u65\4987\hotspot\src\share\vm\classfile\systemDictionary.cpp, line 210]
Event: 13.598 Thread 0x000000001a2c9800 Exception <a 'java/lang/ClassNotFoundException': java/io/FileCustomizer> (0x00000000d8198eb0) thrown at [C:\workspace\8-2-build-windows-amd64-cygwin\jdk8u65\4987\hotspot\src\share\vm\classfile\systemDictionary.cpp, line 210]
Event: 13.600 Thread 0x000000001a2c9800 Exception <a 'java/lang/ClassNotFoundException': com/android/sdklib/BuildToolInfoBeanInfo> (0x00000000d81d6838) thrown at [C:\workspace\8-2-build-windows-amd64-cygwin\jdk8u65\4987\hotspot\src\share\vm\classfile\systemDictionary.cpp, line 210]
Event: 13.601 Thread 0x000000001a2c9800 Exception <a 'java/lang/ClassNotFoundException': com/android/sdklib/BuildToolInfoCustomizer> (0x00000000d81e4168) thrown at [C:\workspace\8-2-build-windows-amd64-cygwin\jdk8u65\4987\hotspot\src\share\vm\classfile\systemDictionary.cpp, line 210]
Event: 13.680 Thread 0x000000001a2c9800 Exception <a 'java/lang/ClassNotFoundException': java/lang/IntegerBeanInfo> (0x00000000d8339d80) thrown at [C:\workspace\8-2-build-windows-amd64-cygwin\jdk8u65\4987\hotspot\src\share\vm\classfile\systemDictionary.cpp, line 210]
Event: 13.681 Thread 0x000000001a2c9800 Exception <a 'java/lang/ClassNotFoundException': java/lang/NumberBeanInfo> (0x00000000d833f2b8) thrown at [C:\workspace\8-2-build-windows-amd64-cygwin\jdk8u65\4987\hotspot\src\share\vm\classfile\systemDictionary.cpp, line 210]
Event: 13.681 Thread 0x000000001a2c9800 Exception <a 'java/lang/ClassNotFoundException': java/lang/NumberCustomizer> (0x00000000d8344810) thrown at [C:\workspace\8-2-build-windows-amd64-cygwin\jdk8u65\4987\hotspot\src\share\vm\classfile\systemDictionary.cpp, line 210]
Event: 13.681 Thread 0x000000001a2c9800 Exception <a 'java/lang/ClassNotFoundException': java/lang/IntegerCustomizer> (0x00000000d834d5d8) thrown at [C:\workspace\8-2-build-windows-amd64-cygwin\jdk8u65\4987\hotspot\src\share\vm\classfile\systemDictionary.cpp, line 210]
Event: 13.688 Thread 0x000000001a2c9800 Exception <a 'java/lang/ClassNotFoundException': com/google/common/collect/ListsBeanInfo> (0x00000000d83af0d8) thrown at [C:\workspace\8-2-build-windows-amd64-cygwin\jdk8u65\4987\hotspot\src\share\vm\classfile\systemDictionary.cpp, line 210]
Event: 13.688 Thread 0x000000001a2c9800 Exception <a 'java/lang/ClassNotFoundException': com/google/common/collect/ListsCustomizer> (0x00000000d83bc9f8) thrown at [C:\workspace\8-2-build-windows-amd64-cygwin\jdk8u65\4987\hotspot\src\share\vm\classfile\systemDictionary.cpp, line 210]

Events (10 events):
Event: 15.452 Executing VM operation: RevokeBias
Event: 15.454 Executing VM operation: RevokeBias done
Event: 15.454 Thread 0x000000001dafb800 Thread exited: 0x000000001dafb800
Event: 15.506 loading class com/android/dx/cf/code/BytecodeArray$ConstantParserVisitor
Event: 15.506 loading class com/android/dx/cf/code/BytecodeArray$ConstantParserVisitor done
Event: 15.520 Thread 0x000000001daf5800 Uncommon trap: trap_request=0xffffff65 fr.pc=0x00000000037f35dc
Event: 15.520 Thread 0x000000001daf5800 DEOPT PACKING pc=0x00000000037f35dc sp=0x000000002373e930
Event: 15.520 Thread 0x000000001daf5800 DEOPT UNPACKING pc=0x00000000029e556a sp=0x000000002373e878 mode 2
Event: 15.520 loading class java/util/concurrent/ThreadLocalRandom
Event: 15.521 loading class java/util/concurrent/ThreadLocalRandom done


Dynamic libraries:
0x00007ff6f0490000 - 0x00007ff6f04c7000 	C:\Program Files\Java\jdk1.8.0_65\bin\java.exe
0x00007ffe27160000 - 0x00007ffe27321000 	C:\Windows\SYSTEM32\ntdll.dll
0x00007ffe26470000 - 0x00007ffe2651d000 	C:\Windows\system32\KERNEL32.DLL
0x00007ffe23810000 - 0x00007ffe239f8000 	C:\Windows\system32\KERNELBASE.dll
0x00007ffe21f70000 - 0x00007ffe21fe9000 	C:\Windows\system32\apphelp.dll
0x00007ffe24560000 - 0x00007ffe24607000 	C:\Windows\system32\ADVAPI32.dll
0x00007ffe247a0000 - 0x00007ffe2483d000 	C:\Windows\system32\msvcrt.dll
0x00007ffe26340000 - 0x00007ffe2639b000 	C:\Windows\system32\sechost.dll
0x00007ffe24680000 - 0x00007ffe2479c000 	C:\Windows\system32\RPCRT4.dll
0x00007ffe26eb0000 - 0x00007ffe27006000 	C:\Windows\system32\USER32.dll
0x00007ffe24a00000 - 0x00007ffe24b86000 	C:\Windows\system32\GDI32.dll
0x00007ffe17810000 - 0x00007ffe17a84000 	C:\Windows\WinSxS\amd64_microsoft.windows.common-controls_6595b64144ccf1df_6.0.10586.494_none_a2d8b04ea53e3145\COMCTL32.dll
0x00007ffe26c30000 - 0x00007ffe26ead000 	C:\Windows\system32\combase.dll
0x00007ffe23ab0000 - 0x00007ffe23b1a000 	C:\Windows\system32\bcryptPrimitives.dll
0x00007ffe24d20000 - 0x00007ffe24d5b000 	C:\Windows\system32\IMM32.DLL
0x0000000063ba0000 - 0x0000000063c72000 	C:\Program Files\Java\jdk1.8.0_65\jre\bin\msvcr100.dll
0x0000000063310000 - 0x0000000063b99000 	C:\Program Files\Java\jdk1.8.0_65\jre\bin\server\jvm.dll
0x00007ffe262c0000 - 0x00007ffe262c8000 	C:\Windows\system32\PSAPI.DLL
0x00007ffe01c10000 - 0x00007ffe01c19000 	C:\Windows\SYSTEM32\WSOCK32.dll
0x00007ffe219d0000 - 0x00007ffe219f3000 	C:\Windows\SYSTEM32\WINMM.dll
0x00007ffe20b10000 - 0x00007ffe20b1a000 	C:\Windows\SYSTEM32\VERSION.dll
0x00007ffe262d0000 - 0x00007ffe2633b000 	C:\Windows\system32\WS2_32.dll
0x00007ffe219a0000 - 0x00007ffe219cc000 	C:\Windows\SYSTEM32\WINMMBASE.dll
0x00007ffe24510000 - 0x00007ffe24553000 	C:\Windows\system32\cfgmgr32.dll
0x0000000063300000 - 0x000000006330f000 	C:\Program Files\Java\jdk1.8.0_65\jre\bin\verify.dll
0x00000000632d0000 - 0x00000000632f9000 	C:\Program Files\Java\jdk1.8.0_65\jre\bin\java.dll
0x00000000632b0000 - 0x00000000632c6000 	C:\Program Files\Java\jdk1.8.0_65\jre\bin\zip.dll
0x00007ffe24d60000 - 0x00007ffe262bc000 	C:\Windows\system32\SHELL32.dll
0x00007ffe23ec0000 - 0x00007ffe24505000 	C:\Windows\system32\windows.storage.dll
0x00007ffe24620000 - 0x00007ffe24672000 	C:\Windows\system32\shlwapi.dll
0x00007ffe237e0000 - 0x00007ffe237ef000 	C:\Windows\system32\kernel.appcore.dll
0x00007ffe23b20000 - 0x00007ffe23bd5000 	C:\Windows\system32\shcore.dll
0x00007ffe23780000 - 0x00007ffe237cb000 	C:\Windows\system32\powrprof.dll
0x00007ffe237f0000 - 0x00007ffe23804000 	C:\Windows\system32\profapi.dll
0x0000000063290000 - 0x00000000632aa000 	C:\Program Files\Java\jdk1.8.0_65\jre\bin\net.dll
0x00007ffe230b0000 - 0x00007ffe2310c000 	C:\Windows\system32\mswsock.dll
0x0000000063270000 - 0x0000000063281000 	C:\Program Files\Java\jdk1.8.0_65\jre\bin\nio.dll
0x00007ffe1e0a0000 - 0x00007ffe1e0b2000 	C:\Users\Bryan\.gradle\native\19\windows-amd64\native-platform.dll
0x00007ffe19c80000 - 0x00007ffe19cb8000 	C:\Windows\SYSTEM32\IPHLPAPI.DLL
0x00007ffe24b90000 - 0x00007ffe24b98000 	C:\Windows\system32\NSI.dll
0x00007ffe19bb0000 - 0x00007ffe19bc6000 	C:\Windows\SYSTEM32\dhcpcsvc6.DLL
0x00007ffe19b90000 - 0x00007ffe19baa000 	C:\Windows\SYSTEM32\dhcpcsvc.DLL
0x00007ffe23160000 - 0x00007ffe23177000 	C:\Windows\SYSTEM32\CRYPTSP.dll
0x00007ffe22df0000 - 0x00007ffe22e24000 	C:\Windows\system32\rsaenh.dll
0x00007ffe23380000 - 0x00007ffe233a9000 	C:\Windows\SYSTEM32\bcrypt.dll
0x00007ffe22f40000 - 0x00007ffe22f5f000 	C:\Windows\SYSTEM32\USERENV.dll
0x00007ffe23280000 - 0x00007ffe2328b000 	C:\Windows\SYSTEM32\CRYPTBASE.dll
0x0000000063260000 - 0x000000006326d000 	C:\Program Files\Java\jdk1.8.0_65\jre\bin\management.dll
0x00007ffe0c070000 - 0x00007ffe0c1fc000 	C:\Windows\SYSTEM32\dbghelp.dll

VM Arguments:
jvm_args: -XX:MaxPermSize=512m -XX:+HeapDumpOnOutOfMemoryError -Xmx2048m -Dfile.encoding=UTF-8 -Duser.country=US -Duser.language=en -Duser.variant 
java_command: org.gradle.launcher.daemon.bootstrap.GradleDaemon 2.10
java_class_path (initial): C:\Users\Bryan\.gradle\wrapper\dists\gradle-2.10-all\a4w5fzrkeut1ox71xslb49gst\gradle-2.10\lib\gradle-launcher-2.10.jar
Launcher Type: SUN_STANDARD

Environment Variables:
PATH=C:\ProgramData\Oracle\Java\javapath;C:\Windows\system32;C:\Windows;C:\Windows\System32\Wbem;C:\Windows\System32\WindowsPowerShell\v1.0\;C:\Program Files (x86)\ATI Technologies\ATI.ACE\Core-Static;C:\Program Files\Git\cmd;C:\Program Files (x86)\GNU\GnuPG\pub;
USERNAME=Bryan
OS=Windows_NT
PROCESSOR_IDENTIFIER=Intel64 Family 6 Model 15 Stepping 11, GenuineIntel



---------------  S Y S T E M  ---------------

OS: Windows 10.0 , 64 bit Build 10586 (10.0.10586.0)

CPU:total 4 (4 cores per cpu, 1 threads per core) family 6 model 15 stepping 11, cmov, cx8, fxsr, mmx, sse, sse2, sse3, ssse3, tsc

Memory: 4k page, physical 8387060k(4291584k free), swap 16775668k(11336516k free)

vm_info: Java HotSpot(TM) 64-Bit Server VM (25.65-b01) for windows-amd64 JRE (1.8.0_65-b17), built on Oct  6 2015 16:39:20 by "java_re" with MS VC++ 10.0 (VS2010)

time: Fri Sep 02 01:58:09 2016
elapsed time: 15 seconds (0d 0h 0m 15s)

