#
# A fatal error has been detected by the Java Runtime Environment:
#
#  EXCEPTION_ACCESS_VIOLATION (0xc0000005) at pc=0xffffffffa4445120, pid=4408, tid=8420
#
# JRE version: Java(TM) SE Runtime Environment (8.0_65-b17) (build 1.8.0_65-b17)
# Java VM: Java HotSpot(TM) 64-Bit Server VM (25.65-b01 mixed mode windows-amd64 compressed oops)
# Problematic frame:
# C  0xffffffffa4445120
#
# Failed to write core dump. Minidumps are not enabled by default on client versions of Windows
#
# If you would like to submit a bug report, please visit:
#   http://bugreport.java.com/bugreport/crash.jsp
#

---------------  T H R E A D  ---------------

Current thread (0x000000001adb7000):  JavaThread "Daemon worker Thread 2" [_thread_in_Java, id=8420, stack(0x00000000229d0000,0x0000000022ad0000)]

siginfo: ExceptionCode=0xc0000005, ExceptionInformation=0x0000000000000008 0xffffffffa4445120

Registers:
RAX=0x0000000000009765, RBX=0x0000000000000006, RCX=0x0000000000000001, RDX=0x00000000f02950e0
RSP=0x0000000022acb5d8, RBP=0x0000000022acb6a8, RSI=0x00000000f02950e0, RDI=0x000000001fb04770
R8 =0x0000000000000069, R9 =0x0000000000000000, R10=0x0000000072502140, R11=0x00000000000000ed
R12=0x0000000000000000, R13=0x0000000000000005, R14=0x0000000000000005, R15=0x000000001adb7000
RIP=0xffffffffa4445120, EFLAGS=0x0000000000010206

Top of Stack: (sp=0x0000000022acb5d8)
0x0000000022acb5d8:   00000000042a668c 0000000022acb6a8
0x0000000022acb5e8:   00000000042aab84 00000000f00cd8c8
0x0000000022acb5f8:   000000000427ce00 00000000f00ce228
0x0000000022acb608:   00000000032f781c 00000000f00ce228
0x0000000022acb618:   000000002f7c783f 000000000000000a
0x0000000022acb628:   00000000f0294c40 0000000022acb6a8
0x0000000022acb638:   0000000002447a2d 0000000022acb6a8
0x0000000022acb648:   0000000002447a2d 0000000000000000
0x0000000022acb658:   0000000000000069 00000000f02950e0
0x0000000022acb668:   0000000022acb668 000000001fad59c4
0x0000000022acb678:   0000000022acb6d8 000000001fad7320
0x0000000022acb688:   000000001fb060c0 000000001fad5b50
0x0000000022acb698:   0000000022acb650 0000000022acb6e0
0x0000000022acb6a8:   0000000022acb9f8 000000000425fa4c
0x0000000022acb6b8:   0000000000000000 0000000000000069
0x0000000022acb6c8:   00000000000000ed 0000000000000000 

Instructions: (pc=0xffffffffa4445120)
0xffffffffa4445100:   
[error occurred during error reporting (printing registers, top of stack, instructions near pc), id 0xc0000005]

Register to memory mapping:

RAX=0x0000000000009765 is an unknown value
RBX=0x0000000000000006 is an unknown value
RCX=0x0000000000000001 is an unknown value
RDX=0x00000000f02950e0 is an oop
com.sun.tools.javac.parser.JavadocTokenizer$DocReader 
 - klass: 'com/sun/tools/javac/parser/JavadocTokenizer$DocReader'
RSP=0x0000000022acb5d8 is pointing into the stack for thread: 0x000000001adb7000
RBP=0x0000000022acb6a8 is pointing into the stack for thread: 0x000000001adb7000
RSI=0x00000000f02950e0 is an oop
com.sun.tools.javac.parser.JavadocTokenizer$DocReader 
 - klass: 'com/sun/tools/javac/parser/JavadocTokenizer$DocReader'
RDI=0x000000001fb04770 is pointing into metadata
R8 =0x0000000000000069 is an unknown value
R9 =0x0000000000000000 is an unknown value
R10=0x0000000072502140 is an unknown value
R11=0x00000000000000ed is an unknown value
R12=0x0000000000000000 is an unknown value
R13=0x0000000000000005 is an unknown value
R14=0x0000000000000005 is an unknown value
R15=0x000000001adb7000 is a thread


Stack: [0x00000000229d0000,0x0000000022ad0000],  sp=0x0000000022acb5d8,  free space=1005k
Native frames: (J=compiled Java code, j=interpreted, Vv=VM code, C=native code)
C  0xffffffffa4445120


---------------  P R O C E S S  ---------------

Java Threads: ( => current thread )
  0x000000001adb2800 JavaThread "pool-2-thread-3" [_thread_blocked, id=5836, stack(0x0000000022dd0000,0x0000000022ed0000)]
  0x000000001adb5800 JavaThread "pool-2-thread-2" [_thread_blocked, id=6300, stack(0x0000000022cd0000,0x0000000022dd0000)]
  0x000000001adb1800 JavaThread "pool-2-thread-1" [_thread_blocked, id=7264, stack(0x0000000022bd0000,0x0000000022cd0000)]
  0x000000001adb7800 JavaThread "Stdin handler" [_thread_blocked, id=4184, stack(0x0000000022ad0000,0x0000000022bd0000)]
=>0x000000001adb7000 JavaThread "Daemon worker Thread 2" [_thread_in_Java, id=8420, stack(0x00000000229d0000,0x0000000022ad0000)]
  0x000000001adb4800 JavaThread "Cancel handler" [_thread_blocked, id=11272, stack(0x00000000228d0000,0x00000000229d0000)]
  0x000000001adb4000 JavaThread "Handler for socket connection from /127.0.0.1:59678 to /127.0.0.1:60384" [_thread_in_native, id=4696, stack(0x00000000227d0000,0x00000000228d0000)]
  0x000000001adb6000 JavaThread "Daemon Thread 2" [_thread_blocked, id=5452, stack(0x00000000226d0000,0x00000000227d0000)]
  0x000000001bf39800 JavaThread "File lock request listener" [_thread_in_native, id=4496, stack(0x000000001ced0000,0x000000001cfd0000)]
  0x00000000173cf000 JavaThread "Incoming local TCP Connector on port 59678" [_thread_in_native, id=13104, stack(0x0000000017170000,0x0000000017270000)]
  0x00000000163aa800 JavaThread "Service Thread" daemon [_thread_blocked, id=13276, stack(0x0000000016770000,0x0000000016870000)]
  0x0000000014b15800 JavaThread "C1 CompilerThread2" daemon [_thread_blocked, id=5576, stack(0x0000000016270000,0x0000000016370000)]
  0x0000000014b0c000 JavaThread "C2 CompilerThread1" daemon [_thread_in_native, id=9672, stack(0x0000000016170000,0x0000000016270000)]
  0x0000000014b19800 JavaThread "C2 CompilerThread0" daemon [_thread_in_native, id=10156, stack(0x0000000016070000,0x0000000016170000)]
  0x0000000014b18000 JavaThread "Attach Listener" daemon [_thread_blocked, id=9380, stack(0x0000000015f70000,0x0000000016070000)]
  0x0000000014b16800 JavaThread "Signal Dispatcher" daemon [_thread_blocked, id=11356, stack(0x0000000015e70000,0x0000000015f70000)]
  0x0000000002436800 JavaThread "Finalizer" daemon [_thread_blocked, id=6056, stack(0x0000000015d70000,0x0000000015e70000)]
  0x000000000242e000 JavaThread "Reference Handler" daemon [_thread_blocked, id=6272, stack(0x0000000015c70000,0x0000000015d70000)]
  0x000000000203d800 JavaThread "main" [_thread_blocked, id=3000, stack(0x0000000002240000,0x0000000002340000)]

Other Threads:
  0x0000000014ad6000 VMThread [stack: 0x0000000015b70000,0x0000000015c70000] [id=4420]
  0x00000000163be000 WatcherThread [stack: 0x0000000016870000,0x0000000016970000] [id=4484]

VM state:not at safepoint (normal execution)

VM Mutex/Monitor currently owned by a thread: None

Heap:
 PSYoungGen      total 201728K, used 97601K [0x00000000eab00000, 0x00000000fa180000, 0x0000000100000000)
  eden space 194048K, 46% used [0x00000000eab00000,0x00000000f030d1e8,0x00000000f6880000)
  from space 7680K, 96% used [0x00000000f6f80000,0x00000000f76c32c8,0x00000000f7700000)
  to   space 29184K, 0% used [0x00000000f8500000,0x00000000f8500000,0x00000000fa180000)
 ParOldGen       total 104448K, used 44267K [0x00000000c0000000, 0x00000000c6600000, 0x00000000eab00000)
  object space 104448K, 42% used [0x00000000c0000000,0x00000000c2b3af20,0x00000000c6600000)
 Metaspace       used 61387K, capacity 63356K, committed 63616K, reserved 1103872K
  class space    used 8237K, capacity 8780K, committed 8832K, reserved 1048576K

Card table byte_map: [0x0000000011800000,0x0000000011a10000] byte_map_base: 0x0000000011200000

Marking Bits: (ParMarkBitMap*) 0x000000007251a5b0
 Begin Bits: [0x0000000011f70000, 0x0000000012f70000)
 End Bits:   [0x0000000012f70000, 0x0000000013f70000)

Polling page: 0x0000000000810000

CodeCache: size=245760Kb used=31063Kb max_used=31075Kb free=214696Kb
 bounds [0x0000000002440000, 0x00000000042c0000, 0x0000000011440000]
 total_blobs=9350 nmethods=8579 adapters=684
 compilation: enabled

Compilation events (10 events):
Event: 1927.079 Thread 0x0000000014b15800 nmethod 10388 0x00000000042a3dd0 code [0x00000000042a3f20, 0x00000000042a4070]
Event: 1927.084 Thread 0x0000000014b0c000 nmethod 10365% 0x00000000042b4450 code [0x00000000042b45c0, 0x00000000042b4dd8]
Event: 1927.084 Thread 0x0000000014b0c000 10387       4       com.sun.tools.javac.parser.UnicodeReader::scanChar (45 bytes)
Event: 1927.084 Thread 0x0000000014b15800 10389   !   2       com.sun.tools.javac.parser.JavadocTokenizer$JavadocComment::scanDocComment (1058 bytes)
Event: 1927.085 Thread 0x0000000014b0c000 nmethod 10387 0x00000000042b13d0 code [0x00000000042b1520, 0x00000000042b1628]
Event: 1927.085 Thread 0x0000000014b0c000 10381       4       com.sun.tools.javac.parser.UnicodeReader::putChar (41 bytes)
Event: 1927.088 Thread 0x0000000014b15800 nmethod 10389 0x00000000042b5390 code [0x00000000042b5860, 0x00000000042b76f8]
Event: 1927.088 Thread 0x0000000014b15800 10390       3       java.util.regex.Pattern$Branch::study (162 bytes)
Event: 1927.089 Thread 0x0000000014b15800 nmethod 10390 0x00000000042b3710 code [0x00000000042b38c0, 0x00000000042b40d8]
Event: 1927.090 Thread 0x0000000014b0c000 nmethod 10381 0x00000000042b1a50 code [0x00000000042b1bc0, 0x00000000042b1f18]

GC Heap History (10 events):
Event: 23.942 GC heap before
{Heap before GC invocations=10 (full 2):
 PSYoungGen      total 158720K, used 142848K [0x00000000eab00000, 0x00000000f9a00000, 0x0000000100000000)
  eden space 142848K, 100% used [0x00000000eab00000,0x00000000f3680000,0x00000000f3680000)
  from space 15872K, 0% used [0x00000000f3680000,0x00000000f3680000,0x00000000f4600000)
  to   space 18432K, 0% used [0x00000000f8800000,0x00000000f8800000,0x00000000f9a00000)
 ParOldGen       total 104448K, used 19374K [0x00000000c0000000, 0x00000000c6600000, 0x00000000eab00000)
  object space 104448K, 18% used [0x00000000c0000000,0x00000000c12eb8b0,0x00000000c6600000)
 Metaspace       used 45753K, capacity 46674K, committed 46848K, reserved 1089536K
  class space    used 6132K, capacity 6340K, committed 6400K, reserved 1048576K
Event: 24.012 GC heap after
Heap after GC invocations=10 (full 2):
 PSYoungGen      total 221184K, used 18203K [0x00000000eab00000, 0x00000000f9b00000, 0x0000000100000000)
  eden space 202752K, 0% used [0x00000000eab00000,0x00000000eab00000,0x00000000f7100000)
  from space 18432K, 98% used [0x00000000f8800000,0x00000000f99c6d70,0x00000000f9a00000)
  to   space 21504K, 0% used [0x00000000f7100000,0x00000000f7100000,0x00000000f8600000)
 ParOldGen       total 104448K, used 19382K [0x00000000c0000000, 0x00000000c6600000, 0x00000000eab00000)
  object space 104448K, 18% used [0x00000000c0000000,0x00000000c12ed8b0,0x00000000c6600000)
 Metaspace       used 45753K, capacity 46674K, committed 46848K, reserved 1089536K
  class space    used 6132K, capacity 6340K, committed 6400K, reserved 1048576K
}
Event: 28.268 GC heap before
{Heap before GC invocations=11 (full 2):
 PSYoungGen      total 221184K, used 180400K [0x00000000eab00000, 0x00000000f9b00000, 0x0000000100000000)
  eden space 202752K, 79% used [0x00000000eab00000,0x00000000f49652c0,0x00000000f7100000)
  from space 18432K, 98% used [0x00000000f8800000,0x00000000f99c6d70,0x00000000f9a00000)
  to   space 21504K, 0% used [0x00000000f7100000,0x00000000f7100000,0x00000000f8600000)
 ParOldGen       total 104448K, used 19382K [0x00000000c0000000, 0x00000000c6600000, 0x00000000eab00000)
  object space 104448K, 18% used [0x00000000c0000000,0x00000000c12ed8b0,0x00000000c6600000)
 Metaspace       used 51413K, capacity 52864K, committed 53120K, reserved 1095680K
  class space    used 7031K, capacity 7446K, committed 7552K, reserved 1048576K
Event: 28.412 GC heap after
Heap after GC invocations=11 (full 2):
 PSYoungGen      total 224256K, used 21503K [0x00000000eab00000, 0x00000000fa900000, 0x0000000100000000)
  eden space 202752K, 0% used [0x00000000eab00000,0x00000000eab00000,0x00000000f7100000)
  from space 21504K, 99% used [0x00000000f7100000,0x00000000f85ffd40,0x00000000f8600000)
  to   space 28672K, 0% used [0x00000000f8d00000,0x00000000f8d00000,0x00000000fa900000)
 ParOldGen       total 104448K, used 27414K [0x00000000c0000000, 0x00000000c6600000, 0x00000000eab00000)
  object space 104448K, 26% used [0x00000000c0000000,0x00000000c1ac5888,0x00000000c6600000)
 Metaspace       used 51413K, capacity 52864K, committed 53120K, reserved 1095680K
  class space    used 7031K, capacity 7446K, committed 7552K, reserved 1048576K
}
Event: 28.412 GC heap before
{Heap before GC invocations=12 (full 3):
 PSYoungGen      total 224256K, used 21503K [0x00000000eab00000, 0x00000000fa900000, 0x0000000100000000)
  eden space 202752K, 0% used [0x00000000eab00000,0x00000000eab00000,0x00000000f7100000)
  from space 21504K, 99% used [0x00000000f7100000,0x00000000f85ffd40,0x00000000f8600000)
  to   space 28672K, 0% used [0x00000000f8d00000,0x00000000f8d00000,0x00000000fa900000)
 ParOldGen       total 104448K, used 27414K [0x00000000c0000000, 0x00000000c6600000, 0x00000000eab00000)
  object space 104448K, 26% used [0x00000000c0000000,0x00000000c1ac5888,0x00000000c6600000)
 Metaspace       used 51413K, capacity 52864K, committed 53120K, reserved 1095680K
  class space    used 7031K, capacity 7446K, committed 7552K, reserved 1048576K
Event: 29.104 GC heap after
Heap after GC invocations=12 (full 3):
 PSYoungGen      total 224256K, used 0K [0x00000000eab00000, 0x00000000fa900000, 0x0000000100000000)
  eden space 202752K, 0% used [0x00000000eab00000,0x00000000eab00000,0x00000000f7100000)
  from space 21504K, 0% used [0x00000000f7100000,0x00000000f7100000,0x00000000f8600000)
  to   space 28672K, 0% used [0x00000000f8d00000,0x00000000f8d00000,0x00000000fa900000)
 ParOldGen       total 104448K, used 44251K [0x00000000c0000000, 0x00000000c6600000, 0x00000000eab00000)
  object space 104448K, 42% used [0x00000000c0000000,0x00000000c2b36f20,0x00000000c6600000)
 Metaspace       used 51413K, capacity 52864K, committed 53120K, reserved 1095680K
  class space    used 7031K, capacity 7446K, committed 7552K, reserved 1048576K
}
Event: 46.346 GC heap before
{Heap before GC invocations=13 (full 3):
 PSYoungGen      total 224256K, used 202752K [0x00000000eab00000, 0x00000000fa900000, 0x0000000100000000)
  eden space 202752K, 100% used [0x00000000eab00000,0x00000000f7100000,0x00000000f7100000)
  from space 21504K, 0% used [0x00000000f7100000,0x00000000f7100000,0x00000000f8600000)
  to   space 28672K, 0% used [0x00000000f8d00000,0x00000000f8d00000,0x00000000fa900000)
 ParOldGen       total 104448K, used 44251K [0x00000000c0000000, 0x00000000c6600000, 0x00000000eab00000)
  object space 104448K, 42% used [0x00000000c0000000,0x00000000c2b36f20,0x00000000c6600000)
 Metaspace       used 55446K, capacity 57156K, committed 57472K, reserved 1099776K
  class space    used 7509K, capacity 7963K, committed 8064K, reserved 1048576K
Event: 46.387 GC heap after
Heap after GC invocations=13 (full 3):
 PSYoungGen      total 229888K, used 19221K [0x00000000eab00000, 0x00000000fd800000, 0x0000000100000000)
  eden space 201216K, 0% used [0x00000000eab00000,0x00000000eab00000,0x00000000f6f80000)
  from space 28672K, 67% used [0x00000000f8d00000,0x00000000f9fc55e8,0x00000000fa900000)
  to   space 30208K, 0% used [0x00000000f6f80000,0x00000000f6f80000,0x00000000f8d00000)
 ParOldGen       total 104448K, used 44259K [0x00000000c0000000, 0x00000000c6600000, 0x00000000eab00000)
  object space 104448K, 42% used [0x00000000c0000000,0x00000000c2b38f20,0x00000000c6600000)
 Metaspace       used 55446K, capacity 57156K, committed 57472K, reserved 1099776K
  class space    used 7509K, capacity 7963K, committed 8064K, reserved 1048576K
}
Event: 1923.234 GC heap before
{Heap before GC invocations=14 (full 3):
 PSYoungGen      total 229888K, used 220437K [0x00000000eab00000, 0x00000000fd800000, 0x0000000100000000)
  eden space 201216K, 100% used [0x00000000eab00000,0x00000000f6f80000,0x00000000f6f80000)
  from space 28672K, 67% used [0x00000000f8d00000,0x00000000f9fc55e8,0x00000000fa900000)
  to   space 30208K, 0% used [0x00000000f6f80000,0x00000000f6f80000,0x00000000f8d00000)
 ParOldGen       total 104448K, used 44259K [0x00000000c0000000, 0x00000000c6600000, 0x00000000eab00000)
  object space 104448K, 42% used [0x00000000c0000000,0x00000000c2b38f20,0x00000000c6600000)
 Metaspace       used 57035K, capacity 58792K, committed 58880K, reserved 1099776K
  class space    used 7675K, capacity 8149K, committed 8192K, reserved 1048576K
Event: 1923.306 GC heap after
Heap after GC invocations=14 (full 3):
 PSYoungGen      total 201728K, used 7436K [0x00000000eab00000, 0x00000000fa180000, 0x0000000100000000)
  eden space 194048K, 0% used [0x00000000eab00000,0x00000000eab00000,0x00000000f6880000)
  from space 7680K, 96% used [0x00000000f6f80000,0x00000000f76c32c8,0x00000000f7700000)
  to   space 29184K, 0% used [0x00000000f8500000,0x00000000f8500000,0x00000000fa180000)
 ParOldGen       total 104448K, used 44267K [0x00000000c0000000, 0x00000000c6600000, 0x00000000eab00000)
  object space 104448K, 42% used [0x00000000c0000000,0x00000000c2b3af20,0x00000000c6600000)
 Metaspace       used 57035K, capacity 58792K, committed 58880K, reserved 1099776K
  class space    used 7675K, capacity 8149K, committed 8192K, reserved 1048576K
}

Deoptimization events (10 events):
Event: 1926.237 Thread 0x000000001adb7000 Uncommon trap: reason=class_check action=maybe_recompile pc=0x0000000002960e4c method=java.util.regex.Matcher.search(I)Z @ 86
Event: 1926.238 Thread 0x000000001adb7000 Uncommon trap: reason=class_check action=maybe_recompile pc=0x0000000002b259d0 method=java.util.regex.Matcher.search(I)Z @ 86
Event: 1926.238 Thread 0x000000001adb7000 Uncommon trap: reason=class_check action=maybe_recompile pc=0x0000000002db1b24 method=java.util.regex.Matcher.search(I)Z @ 86
Event: 1926.838 Thread 0x000000001adb7000 Uncommon trap: reason=unstable_if action=reinterpret pc=0x000000000349550c method=java.lang.StringCoding$StringDecoder.decode([BII)[C @ 20
Event: 1926.845 Thread 0x000000001adb7000 Uncommon trap: reason=unstable_if action=reinterpret pc=0x0000000003f8fa14 method=java.util.regex.Pattern.sequence(Ljava/util/regex/Pattern$Node;)Ljava/util/regex/Pattern$Node; @ 201
Event: 1926.899 Thread 0x000000001adb7000 Uncommon trap: reason=unstable_if action=reinterpret pc=0x00000000036041dc method=java.lang.Integer.parseInt(Ljava/lang/String;I)I @ 122
Event: 1927.006 Thread 0x000000001adb7000 Uncommon trap: reason=unstable_if action=reinterpret pc=0x000000000427358c method=com.sun.tools.javac.util.Name$Table.equals([BI[BII)Z @ 22
Event: 1927.049 Thread 0x000000001adb7000 Uncommon trap: reason=unstable_if action=reinterpret pc=0x00000000042976ac method=com.sun.tools.javac.util.Name$Table.equals([BI[BII)Z @ 22
Event: 1927.067 Thread 0x000000001adb7000 Uncommon trap: reason=unstable_if action=reinterpret pc=0x000000000420c20c method=com.sun.tools.javac.util.ArrayUtils.ensureCapacity([CI)[C @ 3
Event: 1927.072 Thread 0x000000001adb7000 Uncommon trap: reason=unstable_if action=reinterpret pc=0x000000000420aa88 method=com.sun.tools.javac.parser.UnicodeReader.scanChar()V @ 37

Internal exceptions (10 events):
Event: 54.051 Thread 0x0000000017782000 Implicit null exception at 0x00000000037ca83f to 0x00000000037c85ad
Event: 54.739 Thread 0x0000000017782000 Implicit null exception at 0x0000000003f1871e to 0x0000000003f18f1a
Event: 54.943 Thread 0x0000000017782000 Implicit null exception at 0x0000000003e8f1d2 to 0x0000000003e8f4bf
Event: 55.109 Thread 0x0000000017782000 Exception <a 'java/lang/NoSuchMethodError': <clinit>> (0x00000000f106d068) thrown at [C:\workspace\8-2-build-windows-amd64-cygwin\jdk8u65\4987\hotspot\src\share\vm\prims\jni.cpp, line 1591]
Event: 1920.343 Thread 0x000000001adb7000 Exception <a 'java/lang/ClassNotFoundException': asLocalRepo2_2qyirh1c4yj6guib32qteg6gwBeanInfo> (0x00000000f2d115c8) thrown at [C:\workspace\8-2-build-windows-amd64-cygwin\jdk8u65\4987\hotspot\src\share\vm\classfile\systemDictionary.cpp, line 210]
Event: 1920.343 Thread 0x000000001adb7000 Exception <a 'java/lang/ClassNotFoundException': asLocalRepo2_2qyirh1c4yj6guib32qteg6gwCustomizer> (0x00000000f2d1a9f8) thrown at [C:\workspace\8-2-build-windows-amd64-cygwin\jdk8u65\4987\hotspot\src\share\vm\classfile\systemDictionary.cpp, line 210]
Event: 1923.489 Thread 0x000000001adb7000 Implicit null exception at 0x00000000037c148e to 0x00000000037c15c5
Event: 1923.489 Thread 0x000000001adb7000 Implicit null exception at 0x00000000037c1b31 to 0x00000000037c1d01
Event: 1923.832 Thread 0x000000001adb7000 Exception <a 'java/lang/ClassNotFoundException': org/gradle/api/internal/file/collections/DefaultConfigurableFileCollectionBeanInfo> (0x00000000ec038a08) thrown at [C:\workspace\8-2-build-windows-amd64-cygwin\jdk8u65\4987\hotspot\src\share\vm\classfile\sys˜ÿwTž@
Event: 1923.832 Thread 0x000000001adb7000 Exception <a 'java/lang/ClassNotFoundException': org/gradle/api/internal/file/collections/DefaultConfigurableFileCollectionCustomizer> (0x00000000ec04c450) thrown at [C:\workspace\8-2-build-windows-amd64-cygwin\jdk8u65\4987\hotspot\src\share\vm\classfile\sCMpŠK@

Events (10 events):
Event: 1927.006 Thread 0x000000001adb7000 DEOPT UNPACKING pc=0x000000000248556a sp=0x0000000022acacc0 mode 2
Event: 1927.049 Thread 0x000000001adb7000 Uncommon trap: trap_request=0xffffff65 fr.pc=0x00000000042976ac
Event: 1927.049 Thread 0x000000001adb7000 DEOPT PACKING pc=0x00000000042976ac sp=0x0000000022acae00
Event: 1927.049 Thread 0x000000001adb7000 DEOPT UNPACKING pc=0x000000000248556a sp=0x0000000022acad28 mode 2
Event: 1927.067 Thread 0x000000001adb7000 Uncommon trap: trap_request=0xffffff65 fr.pc=0x000000000420c20c
Event: 1927.067 Thread 0x000000001adb7000 DEOPT PACKING pc=0x000000000420c20c sp=0x0000000022acb590
Event: 1927.067 Thread 0x000000001adb7000 DEOPT UNPACKING pc=0x000000000248556a sp=0x0000000022acb4c8 mode 2
Event: 1927.072 Thread 0x000000001adb7000 Uncommon trap: trap_request=0xffffff65 fr.pc=0x000000000420aa88
Event: 1927.072 Thread 0x000000001adb7000 DEOPT PACKING pc=0x000000000420aa88 sp=0x0000000022acb2e0
Event: 1927.072 Thread 0x000000001adb7000 DEOPT UNPACKING pc=0x000000000248556a sp=0x0000000022acb288 mode 2


Dynamic libraries:
0x00007ff6c7970000 - 0x00007ff6c79a7000 	C:\Program Files\Java\jdk1.8.0_65\bin\java.exe
0x00007ffe3b6b0000 - 0x00007ffe3b871000 	C:\Windows\SYSTEM32\ntdll.dll
0x00007ffe3adb0000 - 0x00007ffe3ae5d000 	C:\Windows\system32\KERNEL32.DLL
0x00007ffe38830000 - 0x00007ffe38a18000 	C:\Windows\system32\KERNELBASE.dll
0x00007ffe35b80000 - 0x00007ffe35bf9000 	C:\Windows\system32\apphelp.dll
0x00007ffe392b0000 - 0x00007ffe39357000 	C:\Windows\system32\ADVAPI32.dll
0x00007ffe39000000 - 0x00007ffe3909d000 	C:\Windows\system32\msvcrt.dll
0x00007ffe393d0000 - 0x00007ffe3942b000 	C:\Windows\system32\sechost.dll
0x00007ffe38ee0000 - 0x00007ffe38ffc000 	C:\Windows\system32\RPCRT4.dll
0x00007ffe3b500000 - 0x00007ffe3b656000 	C:\Windows\system32\USER32.dll
0x00007ffe39120000 - 0x00007ffe392a6000 	C:\Windows\system32\GDI32.dll
0x00007ffe2da60000 - 0x00007ffe2dcd4000 	C:\Windows\WinSxS\amd64_microsoft.windows.common-controls_6595b64144ccf1df_6.0.10586.0_none_8c15ae12515e1c22\COMCTL32.dll
0x00007ffe3aac0000 - 0x00007ffe3ad3d000 	C:\Windows\system32\combase.dll
0x00007ffe38700000 - 0x00007ffe3876a000 	C:\Windows\system32\bcryptPrimitives.dll
0x00007ffe3b660000 - 0x00007ffe3b69b000 	C:\Windows\system32\IMM32.DLL
0x0000000076130000 - 0x0000000076202000 	C:\Program Files\Java\jdk1.8.0_65\jre\bin\msvcr100.dll
0x0000000071d10000 - 0x0000000072599000 	C:\Program Files\Java\jdk1.8.0_65\jre\bin\server\jvm.dll
0x00007ffe3b6a0000 - 0x00007ffe3b6a8000 	C:\Windows\system32\PSAPI.DLL
0x00007ffe355e0000 - 0x00007ffe35603000 	C:\Windows\SYSTEM32\WINMM.dll
0x00007ffe17ce0000 - 0x00007ffe17ce9000 	C:\Windows\SYSTEM32\WSOCK32.dll
0x00007ffe36360000 - 0x00007ffe3636a000 	C:\Windows\SYSTEM32\VERSION.dll
0x00007ffe3afd0000 - 0x00007ffe3b03b000 	C:\Windows\system32\WS2_32.dll
0x0000000001fa0000 - 0x0000000001fcc000 	C:\Windows\SYSTEM32\WINMMBASE.dll
0x00007ffe38410000 - 0x00007ffe38453000 	C:\Windows\system32\cfgmgr32.dll
0x0000000071c20000 - 0x0000000071c2f000 	C:\Program Files\Java\jdk1.8.0_65\jre\bin\verify.dll
0x0000000071bf0000 - 0x0000000071c19000 	C:\Program Files\Java\jdk1.8.0_65\jre\bin\java.dll
0x0000000071bd0000 - 0x0000000071be6000 	C:\Program Files\Java\jdk1.8.0_65\jre\bin\zip.dll
0x00007ffe39430000 - 0x00007ffe3a98c000 	C:\Windows\system32\SHELL32.dll
0x00007ffe37d60000 - 0x00007ffe383a4000 	C:\Windows\system32\windows.storage.dll
0x00007ffe3ad50000 - 0x00007ffe3ada2000 	C:\Windows\system32\shlwapi.dll
0x00007ffe37cd0000 - 0x00007ffe37cdf000 	C:\Windows\system32\kernel.appcore.dll
0x00007ffe38770000 - 0x00007ffe38825000 	C:\Windows\system32\shcore.dll
0x00007ffe37ce0000 - 0x00007ffe37d2b000 	C:\Windows\system32\powrprof.dll
0x00007ffe37d40000 - 0x00007ffe37d54000 	C:\Windows\system32\profapi.dll
0x0000000071bb0000 - 0x0000000071bca000 	C:\Program Files\Java\jdk1.8.0_65\jre\bin\net.dll
0x00007ffe372f0000 - 0x00007ffe3734c000 	C:\Windows\system32\mswsock.dll
0x0000000071b90000 - 0x0000000071ba1000 	C:\Program Files\Java\jdk1.8.0_65\jre\bin\nio.dll
0x00007ffe2b8d0000 - 0x00007ffe2b8e2000 	C:\Users\Bryan\.gradle\native\19\windows-amd64\native-platform.dll
0x00007ffe30330000 - 0x00007ffe30368000 	C:\Windows\SYSTEM32\IPHLPAPI.DLL
0x00007ffe3afc0000 - 0x00007ffe3afc8000 	C:\Windows\system32\NSI.dll
0x00007ffe30120000 - 0x00007ffe30136000 	C:\Windows\SYSTEM32\dhcpcsvc6.DLL
0x00007ffe30030000 - 0x00007ffe3004a000 	C:\Windows\SYSTEM32\dhcpcsvc.DLL
0x00007ffe373a0000 - 0x00007ffe373b7000 	C:\Windows\SYSTEM32\CRYPTSP.dll
0x00007ffe37030000 - 0x00007ffe37064000 	C:\Windows\system32\rsaenh.dll
0x00007ffe37aa0000 - 0x00007ffe37ac9000 	C:\Windows\SYSTEM32\bcrypt.dll
0x00007ffe37180000 - 0x00007ffe3719f000 	C:\Windows\SYSTEM32\USERENV.dll
0x00007ffe374c0000 - 0x00007ffe374cb000 	C:\Windows\SYSTEM32\CRYPTBASE.dll
0x0000000071990000 - 0x000000007199d000 	C:\Program Files\Java\jdk1.8.0_65\jre\bin\management.dll
0x0000000076280000 - 0x00000000762a4000 	C:\Program Files\Java\jdk1.8.0_65\jre\bin\sunec.dll
0x00007ffe35dd0000 - 0x00007ffe35e7a000 	C:\Windows\SYSTEM32\DNSAPI.dll
0x00007ffe2da50000 - 0x00007ffe2da5a000 	C:\Windows\System32\rasadhlp.dll
0x00007ffe2f520000 - 0x00007ffe2f587000 	C:\Windows\System32\fwpuclnt.dll
0x00007ffe36a60000 - 0x00007ffe36a76000 	C:\Windows\system32\napinsp.dll
0x00007ffe36a80000 - 0x00007ffe36a9a000 	C:\Windows\system32\pnrpnsp.dll
0x00007ffe348f0000 - 0x00007ffe34908000 	C:\Windows\system32\NLAapi.dll
0x00007ffe36aa0000 - 0x00007ffe36aad000 	C:\Windows\System32\winrnr.dll
0x00007ffe1e960000 - 0x00007ffe1eaec000 	C:\Windows\SYSTEM32\dbghelp.dll

VM Arguments:
jvm_args: -XX:MaxPermSize=256m -XX:+HeapDumpOnOutOfMemoryError -Xmx1024m -Dfile.encoding=windows-1252 -Duser.country=US -Duser.language=en -Duser.variant 
java_command: org.gradle.launcher.daemon.bootstrap.GradleDaemon 2.10
java_class_path (initial): C:\Users\Bryan\.gradle\wrapper\dists\gradle-2.10-all\a4w5fzrkeut1ox71xslb49gst\gradle-2.10\lib\gradle-launcher-2.10.jar
Launcher Type: SUN_STANDARD

Environment Variables:
PATH=C:\ProgramData\Oracle\Java\javapath;C:\Windows\system32;C:\Windows;C:\Windows\System32\Wbem;C:\Windows\System32\WindowsPowerShell\v1.0\;C:\Program Files (x86)\ATI Technologies\ATI.ACE\Core-Static;C:\Program Files\Git\cmd;C:\Program Files (x86)\GNU\GnuPG\pub
USERNAME=Bryan
OS=Windows_NT
PROCESSOR_IDENTIFIER=Intel64 Family 6 Model 15 Stepping 11, GenuineIntel



---------------  S Y S T E M  ---------------

OS: Windows 10.0 , 64 bit Build 10586 (10.0.10586.0)

CPU:total 4 (4 cores per cpu, 1 threads per core) family 6 model 15 stepping 11, cmov, cx8, fxsr, mmx, sse, sse2, sse3, ssse3, tsc

Memory: 4k page, physical 8386804k(4078436k free), swap 16775412k(10493656k free)

vm_info: Java HotSpot(TM) 64-Bit Server VM (25.65-b01) for windows-amd64 JRE (1.8.0_65-b17), built on Oct  6 2015 16:39:20 by "java_re" with MS VC++ 10.0 (VS2010)

time: Fri Jun 10 02:30:25 2016
elapsed time: 1927 seconds (0d 0h 32m 7s)

