#
# A fatal error has been detected by the Java Runtime Environment:
#
#  EXCEPTION_ACCESS_VIOLATION (0xc0000005) at pc=0xffffffffa3325120, pid=2596, tid=4728
#
# JRE version: Java(TM) SE Runtime Environment (8.0_65-b17) (build 1.8.0_65-b17)
# Java VM: Java HotSpot(TM) 64-Bit Server VM (25.65-b01 mixed mode windows-amd64 compressed oops)
# Problematic frame:
# C  0xffffffffa3325120
#
# Failed to write core dump. Minidumps are not enabled by default on client versions of Windows
#
# If you would like to submit a bug report, please visit:
#   http://bugreport.java.com/bugreport/crash.jsp
#

---------------  T H R E A D  ---------------

Current thread (0x0000000002220800):  JavaThread "main" [_thread_in_Java, id=4728, stack(0x0000000002020000,0x0000000002120000)]

siginfo: ExceptionCode=0xc0000005, ExceptionInformation=0x0000000000000008 0xffffffffa3325120

Registers:
RAX=0x0000000014488fd0, RBX=0x0000000014488fd0, RCX=0x00000000ead6a4c0, RDX=0x00000000ead6a4c0
RSP=0x000000000211e2d8, RBP=0x000000000211e348, RSI=0x00000000000034a6, RDI=0x00000000000034a6
R8 =0x00000000000034a7, R9 =0x00000000000034a9, R10=0x000000005fc92140, R11=0x00000000024674c0
R12=0x0000000000000000, R13=0x000000000211e2f0, R14=0x000000000211e360, R15=0x0000000002220800
RIP=0xffffffffa3325120, EFLAGS=0x0000000000010202

Top of Stack: (sp=0x000000000211e2d8)
0x000000000211e2d8:   0000000002327470 000000000211e2f8
0x000000000211e2e8:   0000000002327470 00000000000034a7
0x000000000211e2f8:   00000000ead6a4c0 0000000000000000
0x000000000211e308:   000000000211e308 000000001448896f
0x000000000211e318:   000000000211e360 0000000014489430
0x000000000211e328:   00000000144a5a60 00000000144889a0
0x000000000211e338:   000000000211e2f0 000000000211e358
0x000000000211e348:   000000000211e3a8 0000000002327470
0x000000000211e358:   00000000000034a5 00000000ead6a4c0
0x000000000211e368:   000000000211e368 000000001445a09d
0x000000000211e378:   000000000211e400 0000000014489918
0x000000000211e388:   0000000000000000 000000001445a208
0x000000000211e398:   000000000211e358 000000000211e3e0
0x000000000211e3a8:   000000000211e448 00000000023277b0
0x000000000211e3b8:   0000000000000000 00000000000000b2
0x000000000211e3c8:   00000000eada6f90 00000000ead6a4c0 

Instructions: (pc=0xffffffffa3325120)
0xffffffffa3325100:   
[error occurred during error reporting (printing registers, top of stack, instructions near pc), id 0xc0000005]

Register to memory mapping:

RAX={method} {0x0000000014488fd8} 'getUnsignedByte0' '(I)I' in 'com/android/dx/util/ByteArray'
RBX={method} {0x0000000014488fd8} 'getUnsignedByte0' '(I)I' in 'com/android/dx/util/ByteArray'
RCX=0x00000000ead6a4c0 is an oop
com.android.dx.util.ByteArray 
 - klass: 'com/android/dx/util/ByteArray'
RDX=0x00000000ead6a4c0 is an oop
com.android.dx.util.ByteArray 
 - klass: 'com/android/dx/util/ByteArray'
RSP=0x000000000211e2d8 is pointing into the stack for thread: 0x0000000002220800
RBP=0x000000000211e348 is pointing into the stack for thread: 0x0000000002220800
RSI=0x00000000000034a6 is an unknown value
RDI=0x00000000000034a6 is an unknown value
R8 =0x00000000000034a7 is an unknown value
R9 =0x00000000000034a9 is an unknown value
R10=0x000000005fc92140 is an unknown value
R11=0x00000000024674c0 is at entry_point+32 in (nmethod*)0x0000000002467350
R12=0x0000000000000000 is an unknown value
R13=0x000000000211e2f0 is pointing into the stack for thread: 0x0000000002220800
R14=0x000000000211e360 is pointing into the stack for thread: 0x0000000002220800
R15=0x0000000002220800 is a thread


Stack: [0x0000000002020000,0x0000000002120000],  sp=0x000000000211e2d8,  free space=1016k
Native frames: (J=compiled Java code, j=interpreted, Vv=VM code, C=native code)
C  0xffffffffa3325120


---------------  P R O C E S S  ---------------

Java Threads: ( => current thread )
  0x0000000014a4e800 JavaThread "Service Thread" daemon [_thread_blocked, id=3132, stack(0x0000000016730000,0x0000000016830000)]
  0x0000000014a49800 JavaThread "C1 CompilerThread2" daemon [_thread_blocked, id=4240, stack(0x0000000016230000,0x0000000016330000)]
  0x0000000014a46800 JavaThread "C2 CompilerThread1" daemon [_thread_blocked, id=5132, stack(0x0000000016130000,0x0000000016230000)]
  0x00000000149ed800 JavaThread "C2 CompilerThread0" daemon [_thread_blocked, id=3720, stack(0x0000000016030000,0x0000000016130000)]
  0x00000000149eb800 JavaThread "Attach Listener" daemon [_thread_blocked, id=5856, stack(0x0000000015f30000,0x0000000016030000)]
  0x00000000149ea000 JavaThread "Signal Dispatcher" daemon [_thread_blocked, id=7844, stack(0x0000000015e30000,0x0000000015f30000)]
  0x0000000002310000 JavaThread "Finalizer" daemon [_thread_blocked, id=964, stack(0x0000000015c50000,0x0000000015d50000)]
  0x000000000230d000 JavaThread "Reference Handler" daemon [_thread_blocked, id=1448, stack(0x0000000015b50000,0x0000000015c50000)]
=>0x0000000002220800 JavaThread "main" [_thread_in_Java, id=4728, stack(0x0000000002020000,0x0000000002120000)]

Other Threads:
  0x00000000149b7800 VMThread [stack: 0x0000000015a50000,0x0000000015b50000] [id=6852]
  0x0000000016337800 WatcherThread [stack: 0x0000000016830000,0x0000000016930000] [id=5184]

VM state:not at safepoint (normal execution)

VM Mutex/Monitor currently owned by a thread: None

Heap:
 PSYoungGen      total 38400K, used 4000K [0x00000000eab00000, 0x00000000ed580000, 0x0000000100000000)
  eden space 33280K, 12% used [0x00000000eab00000,0x00000000eaee8308,0x00000000ecb80000)
  from space 5120K, 0% used [0x00000000ed080000,0x00000000ed080000,0x00000000ed580000)
  to   space 5120K, 0% used [0x00000000ecb80000,0x00000000ecb80000,0x00000000ed080000)
 ParOldGen       total 87552K, used 0K [0x00000000c0000000, 0x00000000c5580000, 0x00000000eab00000)
  object space 87552K, 0% used [0x00000000c0000000,0x00000000c0000000,0x00000000c5580000)
 Metaspace       used 3929K, capacity 5104K, committed 5376K, reserved 1056768K
  class space    used 446K, capacity 488K, committed 512K, reserved 1048576K

Card table byte_map: [0x00000000116e0000,0x00000000118f0000] byte_map_base: 0x00000000110e0000

Marking Bits: (ParMarkBitMap*) 0x000000005fcaa5b0
 Begin Bits: [0x0000000011e50000, 0x0000000012e50000)
 End Bits:   [0x0000000012e50000, 0x0000000013e50000)

Polling page: 0x0000000000510000

CodeCache: size=245760Kb used=1492Kb max_used=1494Kb free=244267Kb
 bounds [0x0000000002320000, 0x0000000002590000, 0x0000000011320000]
 total_blobs=448 nmethods=193 adapters=170
 compilation: enabled

Compilation events (10 events):
Event: 3.517 Thread 0x0000000014a49800 nmethod 187 0x0000000002494950 code [0x0000000002494aa0, 0x0000000002494b90]
Event: 3.517 Thread 0x0000000014a49800  188       3       com.android.dx.util.ByteArray$MyInputStream::read (40 bytes)
Event: 3.518 Thread 0x0000000014a49800 nmethod 188 0x0000000002494350 code [0x00000000024944c0, 0x0000000002494770]
Event: 3.518 Thread 0x0000000014a49800  189       3       com.android.dx.util.ByteArray::access$100 (6 bytes)
Event: 3.518 Thread 0x0000000014a49800 nmethod 189 0x0000000002493e90 code [0x0000000002494000, 0x00000000024941d0]
Event: 3.518 Thread 0x0000000014a49800  190       1       com.android.dx.cf.direct.DirectClassFile::getBytes (5 bytes)
Event: 3.518 Thread 0x0000000014a46800  191       4       com.android.dx.util.ByteArray::getUnsignedByte0 (16 bytes)
Event: 3.518 Thread 0x0000000014a49800 nmethod 190 0x0000000002493bd0 code [0x0000000002493d20, 0x0000000002493e30]
Event: 3.519 Thread 0x0000000014a49800  192   !   3       com.android.dx.rop.cst.StdConstantPool::get (24 bytes)
Event: 3.519 Thread 0x0000000014a46800 nmethod 191 0x0000000002492450 code [0x0000000002492580, 0x0000000002492618]

GC Heap History (0 events):
No events

Deoptimization events (0 events):
No events

Internal exceptions (2 events):
Event: 1.048 Thread 0x0000000002220800 Exception <a 'java/lang/NoSuchMethodError': Method sun.misc.Unsafe.defineClass(Ljava/lang/String;[BII)Ljava/lang/Class; name or signature does not match> (0x00000000eab0d4a8) thrown at [C:\workspace\8-2-build-windows-amd64-cygwin\jdk8u65\4987\hotspot\src\sùÃÓaÔ√?
Event: 1.048 Thread 0x0000000002220800 Exception <a 'java/lang/NoSuchMethodError': Method sun.misc.Unsafe.prefetchRead(Ljava/lang/Object;J)V name or signature does not match> (0x00000000eab0d790) thrown at [C:\workspace\8-2-build-windows-amd64-cygwin\jdk8u65\4987\hotspot\src\share\vm\prims\jni.

Events (10 events):
Event: 3.515 loading class com/android/dx/cf/attrib/RawAttribute
Event: 3.515 loading class com/android/dx/cf/attrib/RawAttribute done
Event: 3.516 loading class com/android/dx/cf/code/ByteCatchList$Item
Event: 3.516 loading class com/android/dx/cf/code/ByteCatchList$Item done
Event: 3.516 loading class com/android/dx/cf/attrib/AttRuntimeInvisibleAnnotations
Event: 3.516 loading class com/android/dx/cf/attrib/AttRuntimeInvisibleAnnotations done
Event: 3.517 loading class com/android/dx/cf/attrib/BaseAnnotations
Event: 3.517 loading class com/android/dx/cf/attrib/BaseAnnotations done
Event: 3.517 loading class com/android/dx/cf/attrib/AttExceptions
Event: 3.517 loading class com/android/dx/cf/attrib/AttExceptions done


Dynamic libraries:
0x00007ff67b860000 - 0x00007ff67b897000 	C:\Program Files\Java\jdk1.8.0_65\bin\java.exe
0x00007ffca0920000 - 0x00007ffca0ae1000 	C:\Windows\SYSTEM32\ntdll.dll
0x00007ffc9dd20000 - 0x00007ffc9ddcd000 	C:\Windows\system32\KERNEL32.DLL
0x00007ffc9db30000 - 0x00007ffc9dd18000 	C:\Windows\system32\KERNELBASE.dll
0x00007ffc9df80000 - 0x00007ffc9e027000 	C:\Windows\system32\ADVAPI32.dll
0x00007ffca0880000 - 0x00007ffca091d000 	C:\Windows\system32\msvcrt.dll
0x00007ffca0470000 - 0x00007ffca04cb000 	C:\Windows\system32\sechost.dll
0x00007ffca05e0000 - 0x00007ffca06fc000 	C:\Windows\system32\RPCRT4.dll
0x00007ffc9e3a0000 - 0x00007ffc9e4f6000 	C:\Windows\system32\USER32.dll
0x00007ffca00c0000 - 0x00007ffca0246000 	C:\Windows\system32\GDI32.dll
0x00007ffc95600000 - 0x00007ffc95874000 	C:\Windows\WinSxS\amd64_microsoft.windows.common-controls_6595b64144ccf1df_6.0.10586.0_none_8c15ae12515e1c22\COMCTL32.dll
0x00007ffc9e040000 - 0x00007ffc9e2bd000 	C:\Windows\system32\combase.dll
0x00007ffc9d840000 - 0x00007ffc9d8aa000 	C:\Windows\system32\bcryptPrimitives.dll
0x00007ffca0700000 - 0x00007ffca073b000 	C:\Windows\system32\IMM32.DLL
0x000000005edf0000 - 0x000000005eec2000 	C:\Program Files\Java\jdk1.8.0_65\jre\bin\msvcr100.dll
0x000000005f4a0000 - 0x000000005fd29000 	C:\Program Files\Java\jdk1.8.0_65\jre\bin\server\jvm.dll
0x00007ffc9fc20000 - 0x00007ffc9fc28000 	C:\Windows\system32\PSAPI.DLL
0x00007ffc97b60000 - 0x00007ffc97b69000 	C:\Windows\SYSTEM32\WSOCK32.dll
0x00007ffc9e330000 - 0x00007ffc9e39b000 	C:\Windows\system32\WS2_32.dll
0x00007ffc9b6c0000 - 0x00007ffc9b6e3000 	C:\Windows\SYSTEM32\WINMM.dll
0x00007ffc99450000 - 0x00007ffc9945a000 	C:\Windows\SYSTEM32\VERSION.dll
0x00007ffc9b660000 - 0x00007ffc9b68c000 	C:\Windows\SYSTEM32\WINMMBASE.dll
0x00007ffc9d030000 - 0x00007ffc9d073000 	C:\Windows\system32\cfgmgr32.dll
0x000000005f3b0000 - 0x000000005f3bf000 	C:\Program Files\Java\jdk1.8.0_65\jre\bin\verify.dll
0x000000005f380000 - 0x000000005f3a9000 	C:\Program Files\Java\jdk1.8.0_65\jre\bin\java.dll
0x000000005f360000 - 0x000000005f376000 	C:\Program Files\Java\jdk1.8.0_65\jre\bin\zip.dll
0x00007ffc9e660000 - 0x00007ffc9fbbc000 	C:\Windows\system32\SHELL32.dll
0x00007ffc9d1f0000 - 0x00007ffc9d835000 	C:\Windows\system32\windows.storage.dll
0x00007ffc9fc30000 - 0x00007ffc9fc82000 	C:\Windows\system32\shlwapi.dll
0x00007ffc9cf50000 - 0x00007ffc9cf5f000 	C:\Windows\system32\kernel.appcore.dll
0x00007ffc9d0a0000 - 0x00007ffc9d155000 	C:\Windows\system32\shcore.dll
0x00007ffc9cf80000 - 0x00007ffc9cfcb000 	C:\Windows\system32\powrprof.dll
0x00007ffc9cf60000 - 0x00007ffc9cf74000 	C:\Windows\system32\profapi.dll
0x00007ffc8c050000 - 0x00007ffc8c1dc000 	C:\Windows\SYSTEM32\dbghelp.dll

VM Arguments:
jvm_args: -Djava.awt.headless=true -Xmx1024M -Dfile.encoding=windows-1252 -Duser.country=US -Duser.language=en -Duser.variant 
java_command: com.android.dx.command.Main --dex --num-threads=4 --output C:\Users\Bryan\StudioProjects\Pub15212\app\build\intermediates\pre-dexed\debug\com.android.support-animated-vector-drawable-23.3.0_12b95c42f7cf2e9731109e35b7df2e19659d3dc7.jar C:\Users\Bryan\StudioProjects\Pub15212\app\build\intermediates\exploded-aar\com.android.support\animated-vector-drawable\23.3.0\jars\classes.jar
java_class_path (initial): C:\Users\Bryan\AppData\Local\Android\sdk\build-tools\23.0.2\lib\dx.jar
Launcher Type: SUN_STANDARD

Environment Variables:
PATH=C:\ProgramData\Oracle\Java\javapath;C:\Windows\system32;C:\Windows;C:\Windows\System32\Wbem;C:\Windows\System32\WindowsPowerShell\v1.0\;C:\Program Files (x86)\ATI Technologies\ATI.ACE\Core-Static;C:\Program Files\Git\cmd;C:\Program Files (x86)\GNU\GnuPG\pub
USERNAME=Bryan
OS=Windows_NT
PROCESSOR_IDENTIFIER=Intel64 Family 6 Model 15 Stepping 11, GenuineIntel



---------------  S Y S T E M  ---------------

OS: Windows 10.0 , 64 bit Build 10586 (10.0.10586.0)

CPU:total 4 (4 cores per cpu, 1 threads per core) family 6 model 15 stepping 11, cmov, cx8, fxsr, mmx, sse, sse2, sse3, ssse3, tsc

Memory: 4k page, physical 8386804k(3274072k free), swap 16775412k(9586408k free)

vm_info: Java HotSpot(TM) 64-Bit Server VM (25.65-b01) for windows-amd64 JRE (1.8.0_65-b17), built on Oct  6 2015 16:39:20 by "java_re" with MS VC++ 10.0 (VS2010)

time: Fri Apr 15 00:41:01 2016
elapsed time: 3 seconds (0d 0h 0m 3s)

