#
# A fatal error has been detected by the Java Runtime Environment:
#
#  EXCEPTION_ACCESS_VIOLATION (0xc0000005) at pc=0xffffffffa31d5120, pid=220, tid=5164
#
# JRE version: Java(TM) SE Runtime Environment (8.0_65-b17) (build 1.8.0_65-b17)
# Java VM: Java HotSpot(TM) 64-Bit Server VM (25.65-b01 mixed mode windows-amd64 compressed oops)
# Problematic frame:
# C  0xffffffffa31d5120
#
# Failed to write core dump. Minidumps are not enabled by default on client versions of Windows
#
# If you would like to submit a bug report, please visit:
#   http://bugreport.java.com/bugreport/crash.jsp
#

---------------  T H R E A D  ---------------

Current thread (0x00000000020d0800):  JavaThread "main" [_thread_in_Java, id=5164, stack(0x0000000001fb0000,0x00000000020b0000)]

siginfo: ExceptionCode=0xc0000005, ExceptionInformation=0x0000000000000008 0xffffffffa31d5120

Registers:
RAX=0x0000000014353458, RBX=0x0000000014353458, RCX=0x00000000ebbf2760, RDX=0x00000000ebbf2760
RSP=0x00000000020ae918, RBP=0x00000000020ae988, RSI=0x0000000000761b57, RDI=0x0000000014376080
R8 =0x0000000000000000, R9 =0x00000000ebbf2cd8, R10=0x000000005fc92140, R11=0x00000000023d8d40
R12=0x0000000000000000, R13=0x00000000020ae928, R14=0x00000000020ae9b8, R15=0x00000000020d0800
RIP=0xffffffffa31d5120, EFLAGS=0x0000000000010202

Top of Stack: (sp=0x00000000020ae918)
0x00000000020ae918:   00000000021d77b0 00000000021d77b0
0x00000000020ae928:   0000000000000000 00000000ebbf2760
0x00000000020ae938:   0000000000000001 00000000ec36af50
0x00000000020ae948:   00000000020ae948 000000001435207f
0x00000000020ae958:   00000000020ae9b8 0000000014353ba8
0x00000000020ae968:   0000000000000000 00000000143520d8
0x00000000020ae978:   00000000020ae928 00000000020ae9b0
0x00000000020ae988:   00000000020aea00 00000000021d77b0
0x00000000020ae998:   0000000000000000 00000000ec36af50
0x00000000020ae9a8:   0000000000000003 00000000ebbf2cd8
0x00000000020ae9b8:   00000000ebbf2760 00000000020ae9c0
0x00000000020ae9c8:   000000001434fbf7 00000000020aea30
0x00000000020ae9d8:   000000001434ff38 0000000000000000
0x00000000020ae9e8:   000000001434fc60 00000000020ae9b0
0x00000000020ae9f8:   00000000020aea28 00000000020aea80
0x00000000020aea08:   00000000021d77b0 0000000000000000 

Instructions: (pc=0xffffffffa31d5120)
0xffffffffa31d5100:   
[error occurred during error reporting (printing registers, top of stack, instructions near pc), id 0xc0000005]

Register to memory mapping:

RAX={method} {0x0000000014353460} 'getOrNull0' '(I)Ljava/lang/Object;' in 'com/android/dx/util/FixedSizeList'
RBX={method} {0x0000000014353460} 'getOrNull0' '(I)Ljava/lang/Object;' in 'com/android/dx/util/FixedSizeList'
RCX=0x00000000ebbf2760 is an oop
com.android.dx.rop.type.StdTypeList 
 - klass: 'com/android/dx/rop/type/StdTypeList'
RDX=0x00000000ebbf2760 is an oop
com.android.dx.rop.type.StdTypeList 
 - klass: 'com/android/dx/rop/type/StdTypeList'
RSP=0x00000000020ae918 is pointing into the stack for thread: 0x00000000020d0800
RBP=0x00000000020ae988 is pointing into the stack for thread: 0x00000000020d0800
RSI=0x0000000000761b57 is an unknown value
RDI=0x0000000014376080 is pointing into metadata
R8 =0x0000000000000000 is an unknown value
R9 =0x00000000ebbf2cd8 is an oop
com.android.dx.rop.type.Type 
 - klass: 'com/android/dx/rop/type/Type'
R10=0x000000005fc92140 is an unknown value
R11=0x00000000023d8d40 is at entry_point+32 in (nmethod*)0x00000000023d8bd0
R12=0x0000000000000000 is an unknown value
R13=0x00000000020ae928 is pointing into the stack for thread: 0x00000000020d0800
R14=0x00000000020ae9b8 is pointing into the stack for thread: 0x00000000020d0800
R15=0x00000000020d0800 is a thread


Stack: [0x0000000001fb0000,0x00000000020b0000],  sp=0x00000000020ae918,  free space=1018k
Native frames: (J=compiled Java code, j=interpreted, Vv=VM code, C=native code)
C  0xffffffffa31d5120


---------------  P R O C E S S  ---------------

Java Threads: ( => current thread )
  0x0000000016425000 JavaThread "pool-1-thread-4" [_thread_blocked, id=5856, stack(0x0000000016be0000,0x0000000016ce0000)]
  0x0000000016423800 JavaThread "pool-1-thread-3" [_thread_blocked, id=7844, stack(0x0000000016ae0000,0x0000000016be0000)]
  0x0000000016423000 JavaThread "pool-1-thread-2" [_thread_in_Java, id=964, stack(0x00000000169e0000,0x0000000016ae0000)]
  0x0000000016479800 JavaThread "pool-2-thread-1" [_thread_blocked, id=1448, stack(0x00000000168e0000,0x00000000169e0000)]
  0x0000000016446800 JavaThread "pool-1-thread-1" [_thread_in_vm_trans, id=6852, stack(0x00000000167e0000,0x00000000168e0000)]
  0x00000000161f3800 JavaThread "Service Thread" daemon [_thread_blocked, id=6532, stack(0x00000000165e0000,0x00000000166e0000)]
  0x00000000148fc000 JavaThread "C1 CompilerThread2" daemon [_thread_in_native, id=1172, stack(0x00000000160e0000,0x00000000161e0000)]
  0x00000000148a0000 JavaThread "C2 CompilerThread1" daemon [_thread_blocked, id=3748, stack(0x0000000015fe0000,0x00000000160e0000)]
  0x000000001489c800 JavaThread "C2 CompilerThread0" daemon [_thread_blocked, id=5292, stack(0x0000000015ee0000,0x0000000015fe0000)]
  0x000000001489b000 JavaThread "Attach Listener" daemon [_thread_blocked, id=7500, stack(0x0000000015de0000,0x0000000015ee0000)]
  0x0000000014899800 JavaThread "Signal Dispatcher" daemon [_thread_blocked, id=3548, stack(0x0000000015ce0000,0x0000000015de0000)]
  0x00000000021c0000 JavaThread "Finalizer" daemon [_thread_blocked, id=6724, stack(0x0000000015b00000,0x0000000015c00000)]
  0x00000000021bd000 JavaThread "Reference Handler" daemon [_thread_blocked, id=3596, stack(0x0000000015a00000,0x0000000015b00000)]
=>0x00000000020d0800 JavaThread "main" [_thread_in_Java, id=5164, stack(0x0000000001fb0000,0x00000000020b0000)]

Other Threads:
  0x0000000014868000 VMThread [stack: 0x0000000015900000,0x0000000015a00000] [id=6780]
  0x00000000161ed800 WatcherThread [stack: 0x00000000166e0000,0x00000000167e0000] [id=4872]

VM state:not at safepoint (normal execution)

VM Mutex/Monitor currently owned by a thread: None

Heap:
 PSYoungGen      total 38400K, used 25601K [0x00000000eab00000, 0x00000000ed580000, 0x0000000100000000)
  eden space 33280K, 76% used [0x00000000eab00000,0x00000000ec4007e8,0x00000000ecb80000)
  from space 5120K, 0% used [0x00000000ed080000,0x00000000ed080000,0x00000000ed580000)
  to   space 5120K, 0% used [0x00000000ecb80000,0x00000000ecb80000,0x00000000ed080000)
 ParOldGen       total 87552K, used 0K [0x00000000c0000000, 0x00000000c5580000, 0x00000000eab00000)
  object space 87552K, 0% used [0x00000000c0000000,0x00000000c0000000,0x00000000c5580000)
 Metaspace       used 5592K, capacity 6576K, committed 6784K, reserved 1056768K
  class space    used 596K, capacity 616K, committed 640K, reserved 1048576K

Card table byte_map: [0x0000000011590000,0x00000000117a0000] byte_map_base: 0x0000000010f90000

Marking Bits: (ParMarkBitMap*) 0x000000005fcaa5b0
 Begin Bits: [0x0000000011d00000, 0x0000000012d00000)
 End Bits:   [0x0000000012d00000, 0x0000000013d00000)

Polling page: 0x00000000006f0000

CodeCache: size=245760Kb used=2278Kb max_used=2278Kb free=243481Kb
 bounds [0x00000000021d0000, 0x0000000002440000, 0x00000000111d0000]
 total_blobs=850 nmethods=583 adapters=182
 compilation: enabled

Compilation events (10 events):
Event: 0.987 Thread 0x00000000148fc000 nmethod 550 0x00000000023f75d0 code [0x00000000023f7740, 0x00000000023f78e8]
Event: 0.987 Thread 0x00000000148fc000  548       3       com.android.dx.rop.code.InsnList::getLast (11 bytes)
Event: 0.987 Thread 0x00000000148fc000 nmethod 548 0x00000000023f7990 code [0x00000000023f7b20, 0x00000000023f7fc8]
Event: 0.987 Thread 0x00000000148fc000  560       1       com.android.dx.util.Bits::makeBitSet (11 bytes)
Event: 0.987 Thread 0x00000000148fc000 nmethod 560 0x00000000023f8110 code [0x00000000023f8260, 0x00000000023f83d0]
Event: 0.987 Thread 0x00000000148fc000  562       3       com.android.dx.ssa.RegisterMapper::map (63 bytes)
Event: 0.988 Thread 0x00000000148fc000 nmethod 562 0x00000000023f8450 code [0x00000000023f86a0, 0x00000000023f97a8]
Event: 0.988 Thread 0x00000000148fc000  567       1       com.android.dx.util.FixedSizeList::getOrNull0 (7 bytes)
Event: 0.988 Thread 0x00000000148fc000 nmethod 567 0x00000000023fa250 code [0x00000000023fa3a0, 0x00000000023fa4d0]
Event: 0.988 Thread 0x00000000148fc000  555       3       java.util.ArrayList::<init> (67 bytes)

GC Heap History (0 events):
No events

Deoptimization events (1 events):
Event: 0.425 Thread 0x00000000020d0800 Uncommon trap: reason=unstable_if action=reinterpret pc=0x0000000002329b14 method=java.lang.String.compareTo(Ljava/lang/String;)I @ 38

Internal exceptions (2 events):
Event: 0.058 Thread 0x00000000020d0800 Exception <a 'java/lang/NoSuchMethodError': Method sun.misc.Unsafe.defineClass(Ljava/lang/String;[BII)Ljava/lang/Class; name or signature does not match> (0x00000000eab0d2f0) thrown at [C:\workspace\8-2-build-windows-amd64-cygwin\jdk8u65\4987\hotspot\src\s‡Ρομ­?
Event: 0.058 Thread 0x00000000020d0800 Exception <a 'java/lang/NoSuchMethodError': Method sun.misc.Unsafe.prefetchRead(Ljava/lang/Object;J)V name or signature does not match> (0x00000000eab0d5d8) thrown at [C:\workspace\8-2-build-windows-amd64-cygwin\jdk8u65\4987\hotspot\src\share\vm\prims\jni.

Events (10 events):
Event: 0.962 loading class java/util/TreeMap$EntrySet
Event: 0.962 loading class java/util/TreeMap$EntrySet done
Event: 0.962 loading class java/util/TreeMap$EntryIterator
Event: 0.962 loading class java/util/TreeMap$EntryIterator done
Event: 0.964 loading class com/android/dx/dex/file/ParameterAnnotationStruct
Event: 0.964 loading class com/android/dx/dex/file/ParameterAnnotationStruct done
Event: 0.977 loading class com/android/dx/dex/file/UniformListItem
Event: 0.977 loading class com/android/dx/dex/file/UniformListItem done
Event: 0.978 loading class com/android/dx/dex/file/AnnotationSetRefItem
Event: 0.978 loading class com/android/dx/dex/file/AnnotationSetRefItem done


Dynamic libraries:
0x00007ff67b860000 - 0x00007ff67b897000 	C:\Program Files\Java\jdk1.8.0_65\bin\java.exe
0x00007ffca0920000 - 0x00007ffca0ae1000 	C:\Windows\SYSTEM32\ntdll.dll
0x00007ffc9dd20000 - 0x00007ffc9ddcd000 	C:\Windows\system32\KERNEL32.DLL
0x00007ffc9db30000 - 0x00007ffc9dd18000 	C:\Windows\system32\KERNELBASE.dll
0x00007ffc9df80000 - 0x00007ffc9e027000 	C:\Windows\system32\ADVAPI32.dll
0x00007ffca0880000 - 0x00007ffca091d000 	C:\Windows\system32\msvcrt.dll
0x00007ffca0470000 - 0x00007ffca04cb000 	C:\Windows\system32\sechost.dll
0x00007ffca05e0000 - 0x00007ffca06fc000 	C:\Windows\system32\RPCRT4.dll
0x00007ffc9e3a0000 - 0x00007ffc9e4f6000 	C:\Windows\system32\USER32.dll
0x00007ffca00c0000 - 0x00007ffca0246000 	C:\Windows\system32\GDI32.dll
0x00007ffc95600000 - 0x00007ffc95874000 	C:\Windows\WinSxS\amd64_microsoft.windows.common-controls_6595b64144ccf1df_6.0.10586.0_none_8c15ae12515e1c22\COMCTL32.dll
0x00007ffc9e040000 - 0x00007ffc9e2bd000 	C:\Windows\system32\combase.dll
0x00007ffc9d840000 - 0x00007ffc9d8aa000 	C:\Windows\system32\bcryptPrimitives.dll
0x00007ffca0700000 - 0x00007ffca073b000 	C:\Windows\system32\IMM32.DLL
0x000000005edf0000 - 0x000000005eec2000 	C:\Program Files\Java\jdk1.8.0_65\jre\bin\msvcr100.dll
0x000000005f4a0000 - 0x000000005fd29000 	C:\Program Files\Java\jdk1.8.0_65\jre\bin\server\jvm.dll
0x00007ffc9fc20000 - 0x00007ffc9fc28000 	C:\Windows\system32\PSAPI.DLL
0x00007ffc97b60000 - 0x00007ffc97b69000 	C:\Windows\SYSTEM32\WSOCK32.dll
0x00007ffc9e330000 - 0x00007ffc9e39b000 	C:\Windows\system32\WS2_32.dll
0x00007ffc9b6c0000 - 0x00007ffc9b6e3000 	C:\Windows\SYSTEM32\WINMM.dll
0x00007ffc99450000 - 0x00007ffc9945a000 	C:\Windows\SYSTEM32\VERSION.dll
0x00007ffc9b660000 - 0x00007ffc9b68c000 	C:\Windows\SYSTEM32\WINMMBASE.dll
0x00007ffc9d030000 - 0x00007ffc9d073000 	C:\Windows\system32\cfgmgr32.dll
0x000000005f3b0000 - 0x000000005f3bf000 	C:\Program Files\Java\jdk1.8.0_65\jre\bin\verify.dll
0x000000005f380000 - 0x000000005f3a9000 	C:\Program Files\Java\jdk1.8.0_65\jre\bin\java.dll
0x000000005f360000 - 0x000000005f376000 	C:\Program Files\Java\jdk1.8.0_65\jre\bin\zip.dll
0x00007ffc9e660000 - 0x00007ffc9fbbc000 	C:\Windows\system32\SHELL32.dll
0x00007ffc9d1f0000 - 0x00007ffc9d835000 	C:\Windows\system32\windows.storage.dll
0x00007ffc9fc30000 - 0x00007ffc9fc82000 	C:\Windows\system32\shlwapi.dll
0x00007ffc9cf50000 - 0x00007ffc9cf5f000 	C:\Windows\system32\kernel.appcore.dll
0x00007ffc9d0a0000 - 0x00007ffc9d155000 	C:\Windows\system32\shcore.dll
0x00007ffc9cf80000 - 0x00007ffc9cfcb000 	C:\Windows\system32\powrprof.dll
0x00007ffc9cf60000 - 0x00007ffc9cf74000 	C:\Windows\system32\profapi.dll
0x00007ffc8c050000 - 0x00007ffc8c1dc000 	C:\Windows\SYSTEM32\dbghelp.dll

VM Arguments:
jvm_args: -Djava.awt.headless=true -Xmx1024M -Dfile.encoding=windows-1252 -Duser.country=US -Duser.language=en -Duser.variant 
java_command: com.android.dx.command.Main --dex --num-threads=4 --output C:\Users\Bryan\StudioProjects\Pub15212\app\build\intermediates\pre-dexed\debug\com.android.support-support-v4-23.3.0_1ab43ec5c3abe1382737307cf528cc77cef968f0.jar C:\Users\Bryan\StudioProjects\Pub15212\app\build\intermediates\exploded-aar\com.android.support\support-v4\23.3.0\jars\classes.jar
java_class_path (initial): C:\Users\Bryan\AppData\Local\Android\sdk\build-tools\23.0.2\lib\dx.jar
Launcher Type: SUN_STANDARD

Environment Variables:
PATH=C:\ProgramData\Oracle\Java\javapath;C:\Windows\system32;C:\Windows;C:\Windows\System32\Wbem;C:\Windows\System32\WindowsPowerShell\v1.0\;C:\Program Files (x86)\ATI Technologies\ATI.ACE\Core-Static;C:\Program Files\Git\cmd;C:\Program Files (x86)\GNU\GnuPG\pub
USERNAME=Bryan
OS=Windows_NT
PROCESSOR_IDENTIFIER=Intel64 Family 6 Model 15 Stepping 11, GenuineIntel



---------------  S Y S T E M  ---------------

OS: Windows 10.0 , 64 bit Build 10586 (10.0.10586.0)

CPU:total 4 (4 cores per cpu, 1 threads per core) family 6 model 15 stepping 11, cmov, cx8, fxsr, mmx, sse, sse2, sse3, ssse3, tsc

Memory: 4k page, physical 8386804k(3357412k free), swap 16775412k(9698844k free)

vm_info: Java HotSpot(TM) 64-Bit Server VM (25.65-b01) for windows-amd64 JRE (1.8.0_65-b17), built on Oct  6 2015 16:39:20 by "java_re" with MS VC++ 10.0 (VS2010)

time: Fri Apr 15 00:41:23 2016
elapsed time: 1 seconds (0d 0h 0m 1s)

