#
# A fatal error has been detected by the Java Runtime Environment:
#
#  EXCEPTION_ACCESS_VIOLATION (0xc0000005) at pc=0xffffffffa31d5120, pid=7732, tid=5952
#
# JRE version: Java(TM) SE Runtime Environment (8.0_65-b17) (build 1.8.0_65-b17)
# Java VM: Java HotSpot(TM) 64-Bit Server VM (25.65-b01 mixed mode windows-amd64 compressed oops)
# Problematic frame:
# C  0xffffffffa31d5120
#
# Failed to write core dump. Minidumps are not enabled by default on client versions of Windows
#
# If you would like to submit a bug report, please visit:
#   http://bugreport.java.com/bugreport/crash.jsp
#

---------------  T H R E A D  ---------------

Current thread (0x00000000020d0800):  JavaThread "main" [_thread_in_Java, id=5952, stack(0x0000000001fb0000,0x00000000020b0000)]

siginfo: ExceptionCode=0xc0000005, ExceptionInformation=0x0000000000000008 0xffffffffa31d5120

Registers:
RAX=0x0000000014338b68, RBX=0x0000000014338b68, RCX=0x00000000eaf0cc30, RDX=0x00000000eaf0cc30
RSP=0x00000000020aea38, RBP=0x00000000020aeaa8, RSI=0x0000000000000583, RDI=0x0000000000000022
R8 =0x00000000000005ac, R9 =0x0000000000000584, R10=0x000000005fc92140, R11=0x00000000023120e0
R12=0x0000000000000000, R13=0x00000000020aea50, R14=0x00000000020aeae0, R15=0x00000000020d0800
RIP=0xffffffffa31d5120, EFLAGS=0x0000000000010202

Top of Stack: (sp=0x00000000020aea38)
0x00000000020aea38:   00000000021d7470 00000000020aeaa8
0x00000000020aea48:   00000000021d7470 00000000000005ac
0x00000000020aea58:   00000000eaf0cc30 00000000000005ab
0x00000000020aea68:   00000000020aea68 000000001433c25a
0x00000000020aea78:   00000000020aeae0 00000000143458b0
0x00000000020aea88:   0000000000000000 000000001433c360
0x00000000020aea98:   00000000020aea50 00000000020aeae0
0x00000000020aeaa8:   00000000020aeb28 00000000021d7a2d
0x00000000020aeab8:   0000000000000000 0000000000000001
0x00000000020aeac8:   0000000000000052 0000000000000001
0x00000000020aead8:   00000000000005ab 00000000eaf0cc48
0x00000000020aeae8:   00000000020aeae8 000000001433bed9
0x00000000020aeaf8:   00000000020aeb70 00000000143458b0
0x00000000020aeb08:   0000000000000000 000000001433c100
0x00000000020aeb18:   00000000020aeae0 00000000020aeb70
0x00000000020aeb28:   00000000020aebb8 00000000021d7a2d 

Instructions: (pc=0xffffffffa31d5120)
0xffffffffa31d5100:   
[error occurred during error reporting (printing registers, top of stack, instructions near pc), id 0xc0000005]

Register to memory mapping:

RAX={method} {0x0000000014338b70} 'getUnsignedShort' '(I)I' in 'com/android/dx/util/ByteArray'
RBX={method} {0x0000000014338b70} 'getUnsignedShort' '(I)I' in 'com/android/dx/util/ByteArray'
RCX=0x00000000eaf0cc30 is an oop
com.android.dx.util.ByteArray 
 - klass: 'com/android/dx/util/ByteArray'
RDX=0x00000000eaf0cc30 is an oop
com.android.dx.util.ByteArray 
 - klass: 'com/android/dx/util/ByteArray'
RSP=0x00000000020aea38 is pointing into the stack for thread: 0x00000000020d0800
RBP=0x00000000020aeaa8 is pointing into the stack for thread: 0x00000000020d0800
RSI=0x0000000000000583 is an unknown value
RDI=0x0000000000000022 is an unknown value
R8 =0x00000000000005ac is an unknown value
R9 =0x0000000000000584 is an unknown value
R10=0x000000005fc92140 is an unknown value
R11=0x00000000023120e0 is at entry_point+32 in (nmethod*)0x0000000002311f50
R12=0x0000000000000000 is an unknown value
R13=0x00000000020aea50 is pointing into the stack for thread: 0x00000000020d0800
R14=0x00000000020aeae0 is pointing into the stack for thread: 0x00000000020d0800
R15=0x00000000020d0800 is a thread


Stack: [0x0000000001fb0000,0x00000000020b0000],  sp=0x00000000020aea38,  free space=1018k
Native frames: (J=compiled Java code, j=interpreted, Vv=VM code, C=native code)
C  0xffffffffa31d5120


---------------  P R O C E S S  ---------------

Java Threads: ( => current thread )
  0x000000001642b800 JavaThread "pool-2-thread-4" [_thread_in_vm, id=6340, stack(0x0000000016bd0000,0x0000000016cd0000)]
  0x000000001642a800 JavaThread "pool-2-thread-3" [_thread_in_vm, id=5972, stack(0x0000000016ad0000,0x0000000016bd0000)]
  0x000000001638e000 JavaThread "pool-2-thread-2" [_thread_in_vm, id=5052, stack(0x00000000169d0000,0x0000000016ad0000)]
  0x000000001630b800 JavaThread "pool-3-thread-1" [_thread_blocked, id=3644, stack(0x00000000168d0000,0x00000000169d0000)]
  0x0000000016309000 JavaThread "pool-2-thread-1" [_thread_blocked, id=7824, stack(0x00000000167d0000,0x00000000168d0000)]
  0x00000000161ec800 JavaThread "Service Thread" daemon [_thread_blocked, id=6484, stack(0x00000000165d0000,0x00000000166d0000)]
  0x00000000148c2800 JavaThread "C1 CompilerThread2" daemon [_thread_blocked, id=4704, stack(0x00000000160d0000,0x00000000161d0000)]
  0x00000000148a0800 JavaThread "C2 CompilerThread1" daemon [_thread_blocked, id=7840, stack(0x0000000015fd0000,0x00000000160d0000)]
  0x000000001489d800 JavaThread "C2 CompilerThread0" daemon [_thread_blocked, id=7160, stack(0x0000000015ed0000,0x0000000015fd0000)]
  0x000000001489b800 JavaThread "Attach Listener" daemon [_thread_blocked, id=6548, stack(0x0000000015dd0000,0x0000000015ed0000)]
  0x000000001489a800 JavaThread "Signal Dispatcher" daemon [_thread_blocked, id=7596, stack(0x0000000015cd0000,0x0000000015dd0000)]
  0x00000000021c1000 JavaThread "Finalizer" daemon [_thread_blocked, id=4608, stack(0x0000000015af0000,0x0000000015bf0000)]
  0x00000000021be000 JavaThread "Reference Handler" daemon [_thread_blocked, id=5332, stack(0x00000000159f0000,0x0000000015af0000)]
=>0x00000000020d0800 JavaThread "main" [_thread_in_Java, id=5952, stack(0x0000000001fb0000,0x00000000020b0000)]

Other Threads:
  0x0000000014867800 VMThread [stack: 0x00000000158f0000,0x00000000159f0000] [id=4436]
  0x00000000161f4800 WatcherThread [stack: 0x00000000166d0000,0x00000000167d0000] [id=8068]

VM state:not at safepoint (normal execution)

VM Mutex/Monitor currently owned by a thread: None

Heap:
 PSYoungGen      total 38400K, used 10005K [0x00000000eab00000, 0x00000000ed580000, 0x0000000100000000)
  eden space 33280K, 30% used [0x00000000eab00000,0x00000000eb4c5678,0x00000000ecb80000)
  from space 5120K, 0% used [0x00000000ed080000,0x00000000ed080000,0x00000000ed580000)
  to   space 5120K, 0% used [0x00000000ecb80000,0x00000000ecb80000,0x00000000ed080000)
 ParOldGen       total 87552K, used 0K [0x00000000c0000000, 0x00000000c5580000, 0x00000000eab00000)
  object space 87552K, 0% used [0x00000000c0000000,0x00000000c0000000,0x00000000c5580000)
 Metaspace       used 4360K, capacity 5648K, committed 6016K, reserved 1056768K
  class space    used 481K, capacity 520K, committed 640K, reserved 1048576K

Card table byte_map: [0x0000000011590000,0x00000000117a0000] byte_map_base: 0x0000000010f90000

Marking Bits: (ParMarkBitMap*) 0x000000005fcaa5b0
 Begin Bits: [0x0000000011d00000, 0x0000000012d00000)
 End Bits:   [0x0000000012d00000, 0x0000000013d00000)

Polling page: 0x0000000000520000

CodeCache: size=245760Kb used=1712Kb max_used=1723Kb free=244047Kb
 bounds [0x00000000021d0000, 0x0000000002440000, 0x00000000111d0000]
 total_blobs=533 nmethods=278 adapters=170
 compilation: enabled

Compilation events (10 events):
Event: 0.389 Thread 0x00000000148c2800 nmethod 176 0x0000000002338bd0 code [0x0000000002338d40, 0x0000000002339010]
Event: 0.389 Thread 0x00000000148c2800  177       3       com.android.dx.rop.cst.CstLiteralBits::<init> (5 bytes)
Event: 0.389 Thread 0x00000000148c2800 nmethod 177 0x0000000002339190 code [0x0000000002339300, 0x0000000002339570]
Event: 0.389 Thread 0x00000000148c2800  181   !   3       com.android.dx.util.FixedSizeList::<init> (36 bytes)
Event: 0.389 Thread 0x00000000148c2800 nmethod 181 0x0000000002339690 code [0x0000000002339820, 0x0000000002339c08]
Event: 0.389 Thread 0x00000000148c2800  182       3       com.android.dx.rop.cst.CstInteger::make (47 bytes)
Event: 0.390 Thread 0x00000000148a0800  185       4       com.android.dx.util.ByteArray::getUnsignedShort (25 bytes)
Event: 0.390 Thread 0x00000000148c2800 nmethod 182 0x0000000002339d90 code [0x0000000002339f40, 0x000000000233a670]
Event: 0.390 Thread 0x00000000148c2800  184   !   3       com.android.dx.cf.direct.AttributeListParser::parse (323 bytes)
Event: 0.391 Thread 0x00000000148a0800 nmethod 185 0x000000000233d750 code [0x000000000233d8a0, 0x000000000233d9f8]

GC Heap History (0 events):
No events

Deoptimization events (0 events):
No events

Internal exceptions (2 events):
Event: 0.076 Thread 0x00000000020d0800 Exception <a 'java/lang/NoSuchMethodError': Method sun.misc.Unsafe.defineClass(Ljava/lang/String;[BII)Ljava/lang/Class; name or signature does not match> (0x00000000eab0d298) thrown at [C:\workspace\8-2-build-windows-amd64-cygwin\jdk8u65\4987\hotspot\src\s;ö†Ïh³?
Event: 0.076 Thread 0x00000000020d0800 Exception <a 'java/lang/NoSuchMethodError': Method sun.misc.Unsafe.prefetchRead(Ljava/lang/Object;J)V name or signature does not match> (0x00000000eab0d580) thrown at [C:\workspace\8-2-build-windows-amd64-cygwin\jdk8u65\4987\hotspot\src\share\vm\prims\jni.

Events (10 events):
Event: 0.369 loading class java/util/concurrent/ThreadPoolExecutor$Worker done
Event: 0.369 Thread 0x0000000016309000 Thread added: 0x0000000016309000
Event: 0.369 loading class com/android/dx/command/dexer/Main$ClassDefItemConsumer
Event: 0.369 loading class com/android/dx/command/dexer/Main$ClassDefItemConsumer done
Event: 0.370 Thread 0x000000001630b800 Thread added: 0x000000001630b800
Event: 0.374 loading class com/android/dx/cf/attrib/AttConstantValue
Event: 0.374 loading class com/android/dx/cf/attrib/AttConstantValue done
Event: 0.375 Thread 0x000000001638e000 Thread added: 0x000000001638e000
Event: 0.383 Thread 0x000000001642a800 Thread added: 0x000000001642a800
Event: 0.385 Thread 0x000000001642b800 Thread added: 0x000000001642b800


Dynamic libraries:
0x00007ff67b860000 - 0x00007ff67b897000 	C:\Program Files\Java\jdk1.8.0_65\bin\java.exe
0x00007ffca0920000 - 0x00007ffca0ae1000 	C:\Windows\SYSTEM32\ntdll.dll
0x00007ffc9dd20000 - 0x00007ffc9ddcd000 	C:\Windows\system32\KERNEL32.DLL
0x00007ffc9db30000 - 0x00007ffc9dd18000 	C:\Windows\system32\KERNELBASE.dll
0x00007ffc9df80000 - 0x00007ffc9e027000 	C:\Windows\system32\ADVAPI32.dll
0x00007ffca0880000 - 0x00007ffca091d000 	C:\Windows\system32\msvcrt.dll
0x00007ffca0470000 - 0x00007ffca04cb000 	C:\Windows\system32\sechost.dll
0x00007ffca05e0000 - 0x00007ffca06fc000 	C:\Windows\system32\RPCRT4.dll
0x00007ffc9e3a0000 - 0x00007ffc9e4f6000 	C:\Windows\system32\USER32.dll
0x00007ffca00c0000 - 0x00007ffca0246000 	C:\Windows\system32\GDI32.dll
0x00007ffc95600000 - 0x00007ffc95874000 	C:\Windows\WinSxS\amd64_microsoft.windows.common-controls_6595b64144ccf1df_6.0.10586.0_none_8c15ae12515e1c22\COMCTL32.dll
0x00007ffc9e040000 - 0x00007ffc9e2bd000 	C:\Windows\system32\combase.dll
0x00007ffc9d840000 - 0x00007ffc9d8aa000 	C:\Windows\system32\bcryptPrimitives.dll
0x00007ffca0700000 - 0x00007ffca073b000 	C:\Windows\system32\IMM32.DLL
0x000000005edf0000 - 0x000000005eec2000 	C:\Program Files\Java\jdk1.8.0_65\jre\bin\msvcr100.dll
0x000000005f4a0000 - 0x000000005fd29000 	C:\Program Files\Java\jdk1.8.0_65\jre\bin\server\jvm.dll
0x00007ffc9fc20000 - 0x00007ffc9fc28000 	C:\Windows\system32\PSAPI.DLL
0x00007ffc97b60000 - 0x00007ffc97b69000 	C:\Windows\SYSTEM32\WSOCK32.dll
0x00007ffc9e330000 - 0x00007ffc9e39b000 	C:\Windows\system32\WS2_32.dll
0x00007ffc9b6c0000 - 0x00007ffc9b6e3000 	C:\Windows\SYSTEM32\WINMM.dll
0x00007ffc99450000 - 0x00007ffc9945a000 	C:\Windows\SYSTEM32\VERSION.dll
0x00007ffc9b660000 - 0x00007ffc9b68c000 	C:\Windows\SYSTEM32\WINMMBASE.dll
0x00007ffc9d030000 - 0x00007ffc9d073000 	C:\Windows\system32\cfgmgr32.dll
0x000000005f3b0000 - 0x000000005f3bf000 	C:\Program Files\Java\jdk1.8.0_65\jre\bin\verify.dll
0x000000005f380000 - 0x000000005f3a9000 	C:\Program Files\Java\jdk1.8.0_65\jre\bin\java.dll
0x000000005f360000 - 0x000000005f376000 	C:\Program Files\Java\jdk1.8.0_65\jre\bin\zip.dll
0x00007ffc9e660000 - 0x00007ffc9fbbc000 	C:\Windows\system32\SHELL32.dll
0x00007ffc9d1f0000 - 0x00007ffc9d835000 	C:\Windows\system32\windows.storage.dll
0x00007ffc9fc30000 - 0x00007ffc9fc82000 	C:\Windows\system32\shlwapi.dll
0x00007ffc9cf50000 - 0x00007ffc9cf5f000 	C:\Windows\system32\kernel.appcore.dll
0x00007ffc9d0a0000 - 0x00007ffc9d155000 	C:\Windows\system32\shcore.dll
0x00007ffc9cf80000 - 0x00007ffc9cfcb000 	C:\Windows\system32\powrprof.dll
0x00007ffc9cf60000 - 0x00007ffc9cf74000 	C:\Windows\system32\profapi.dll
0x00007ffc8c050000 - 0x00007ffc8c1dc000 	C:\Windows\SYSTEM32\dbghelp.dll

VM Arguments:
jvm_args: -Djava.awt.headless=true -Xmx1024M -Dfile.encoding=windows-1252 -Duser.country=US -Duser.language=en -Duser.variant 
java_command: com.android.dx.command.Main --dex --force-jumbo --num-threads=4 --multi-dex --output C:\Users\Bryan\StudioProjects\Pub15212\app\build\intermediates\transforms\dex\debug\folders\1000\5\slice_0 C:\Users\Bryan\StudioProjects\Pub15212\app\build\intermediates\transforms\instantRunSlicer\debug\folders\1\5\slice_0
java_class_path (initial): C:\Users\Bryan\AppData\Local\Android\sdk\build-tools\23.0.2\lib\dx.jar
Launcher Type: SUN_STANDARD

Environment Variables:
PATH=C:\ProgramData\Oracle\Java\javapath;C:\Windows\system32;C:\Windows;C:\Windows\System32\Wbem;C:\Windows\System32\WindowsPowerShell\v1.0\;C:\Program Files (x86)\ATI Technologies\ATI.ACE\Core-Static;C:\Program Files\Git\cmd;C:\Program Files (x86)\GNU\GnuPG\pub
USERNAME=Bryan
OS=Windows_NT
PROCESSOR_IDENTIFIER=Intel64 Family 6 Model 15 Stepping 11, GenuineIntel



---------------  S Y S T E M  ---------------

OS: Windows 10.0 , 64 bit Build 10586 (10.0.10586.0)

CPU:total 4 (4 cores per cpu, 1 threads per core) family 6 model 15 stepping 11, cmov, cx8, fxsr, mmx, sse, sse2, sse3, ssse3, tsc

Memory: 4k page, physical 8386804k(3286708k free), swap 16775412k(9377640k free)

vm_info: Java HotSpot(TM) 64-Bit Server VM (25.65-b01) for windows-amd64 JRE (1.8.0_65-b17), built on Oct  6 2015 16:39:20 by "java_re" with MS VC++ 10.0 (VS2010)

time: Fri Apr 15 00:33:12 2016
elapsed time: 0 seconds (0d 0h 0m 0s)

