#
# A fatal error has been detected by the Java Runtime Environment:
#
#  EXCEPTION_ACCESS_VIOLATION (0xc0000005) at pc=0xffffffffa33f5120, pid=8596, tid=3980
#
# JRE version: Java(TM) SE Runtime Environment (8.0_65-b17) (build 1.8.0_65-b17)
# Java VM: Java HotSpot(TM) 64-Bit Server VM (25.65-b01 mixed mode windows-amd64 compressed oops)
# Problematic frame:
# C  0xffffffffa33f5120
#
# Failed to write core dump. Minidumps are not enabled by default on client versions of Windows
#
# If you would like to submit a bug report, please visit:
#   http://bugreport.java.com/bugreport/crash.jsp
#

---------------  T H R E A D  ---------------

Current thread (0x0000000002200800):  JavaThread "main" [_thread_in_Java, id=3980, stack(0x0000000000950000,0x0000000000a50000)]

siginfo: ExceptionCode=0xc0000005, ExceptionInformation=0x0000000000000008 0xffffffffa33f5120

Registers:
RAX=0x00000000145bd748, RBX=0x00000000145bd748, RCX=0x00000000ebd74ca8, RDX=0x00000000ebd74ca8
RSP=0x0000000000a4f3d8, RBP=0x0000000000a4f430, RSI=0x00000000000007c0, RDI=0x00000000ebd65368
R8 =0x00000000ebd74ca8, R9 =0x00000000ebd74cc0, R10=0x000000005fc92140, R11=0x00000000027b3f40
R12=0x0000000000000000, R13=0x0000000000a4f3e8, R14=0x0000000000000000, R15=0x0000000002200800
RIP=0xffffffffa33f5120, EFLAGS=0x0000000000010202

Top of Stack: (sp=0x0000000000a4f3d8)
0x0000000000a4f3d8:   00000000023f77b0 00000000023f77b0
0x0000000000a4f3e8:   00000000ebd74ca8 0000000000a4f3f0
0x0000000000a4f3f8:   0000000014749ddc 0000000000a4f4a8
0x0000000000a4f408:   000000001474bb68 0000000000000000
0x0000000000a4f418:   0000000014749f30 0000000000a4f3e8
0x0000000000a4f428:   0000000000a4f4a0 0000000000a4f4f0
0x0000000000a4f438:   00000000023f7a2d 00000000ebd3c220
0x0000000000a4f448:   00000000ebd74ca8 00000000ec073f08
0x0000000000a4f458:   00000000000006f8 00000000ebd74c68
0x0000000000a4f468:   00000000ebd65350 00000000ebd3c220
0x0000000000a4f478:   00000000ead6b5a0 0000000000000001
0x0000000000a4f488:   000000000000000d 00000000ead89ae0
0x0000000000a4f498:   00000000ec073dd0 00000000ead89830
0x0000000000a4f4a8:   00000000ead89ae0 0000000000a4f4b0
0x0000000000a4f4b8:   000000001453804c 0000000000a4f548
0x0000000000a4f4c8:   000000001453f230 0000000000000000 

Instructions: (pc=0xffffffffa33f5120)
0xffffffffa33f5100:   
[error occurred during error reporting (printing registers, top of stack, instructions near pc), id 0xc0000005]

Register to memory mapping:

RAX={method} {0x00000000145bd750} 'itemType' '()Lcom/android/dx/dex/file/ItemType;' in 'com/android/dx/dex/file/StringIdItem'
RBX={method} {0x00000000145bd750} 'itemType' '()Lcom/android/dx/dex/file/ItemType;' in 'com/android/dx/dex/file/StringIdItem'
RCX=0x00000000ebd74ca8 is an oop
com.android.dx.dex.file.StringIdItem 
 - klass: 'com/android/dx/dex/file/StringIdItem'
RDX=0x00000000ebd74ca8 is an oop
com.android.dx.dex.file.StringIdItem 
 - klass: 'com/android/dx/dex/file/StringIdItem'
RSP=0x0000000000a4f3d8 is pointing into the stack for thread: 0x0000000002200800
RBP=0x0000000000a4f430 is pointing into the stack for thread: 0x0000000002200800
RSI=0x00000000000007c0 is an unknown value
RDI=0x00000000ebd65368 is an oop
java.util.TreeMap$Entry 
 - klass: 'java/util/TreeMap$Entry'
R8 =0x00000000ebd74ca8 is an oop
com.android.dx.dex.file.StringIdItem 
 - klass: 'com/android/dx/dex/file/StringIdItem'
R9 =0x00000000ebd74cc0 is an oop
java.util.TreeMap$Entry 
 - klass: 'java/util/TreeMap$Entry'
R10=0x000000005fc92140 is an unknown value
R11=0x00000000027b3f40 is at entry_point+32 in (nmethod*)0x00000000027b3dd0
R12=0x0000000000000000 is an unknown value
R13=0x0000000000a4f3e8 is pointing into the stack for thread: 0x0000000002200800
R14=0x0000000000000000 is an unknown value
R15=0x0000000002200800 is a thread


Stack: [0x0000000000950000,0x0000000000a50000],  sp=0x0000000000a4f3d8,  free space=1020k
Native frames: (J=compiled Java code, j=interpreted, Vv=VM code, C=native code)
C  0xffffffffa33f5120


---------------  P R O C E S S  ---------------

Java Threads: ( => current thread )
  0x0000000016348800 JavaThread "Service Thread" daemon [_thread_blocked, id=2680, stack(0x0000000016710000,0x0000000016810000)]
  0x0000000014ac5000 JavaThread "C1 CompilerThread2" daemon [_thread_blocked, id=1052, stack(0x0000000016210000,0x0000000016310000)]
  0x0000000014ac1000 JavaThread "C2 CompilerThread1" daemon [_thread_blocked, id=7536, stack(0x0000000016110000,0x0000000016210000)]
  0x0000000014abe000 JavaThread "C2 CompilerThread0" daemon [_thread_in_native, id=5708, stack(0x0000000016010000,0x0000000016110000)]
  0x0000000014abc000 JavaThread "Attach Listener" daemon [_thread_blocked, id=4408, stack(0x0000000015f10000,0x0000000016010000)]
  0x0000000014aba800 JavaThread "Signal Dispatcher" daemon [_thread_blocked, id=2124, stack(0x0000000015e10000,0x0000000015f10000)]
  0x00000000022f6800 JavaThread "Finalizer" daemon [_thread_blocked, id=2752, stack(0x0000000015d10000,0x0000000015e10000)]
  0x00000000022ed000 JavaThread "Reference Handler" daemon [_thread_blocked, id=180, stack(0x0000000015c10000,0x0000000015d10000)]
=>0x0000000002200800 JavaThread "main" [_thread_in_Java, id=3980, stack(0x0000000000950000,0x0000000000a50000)]

Other Threads:
  0x0000000014a87800 VMThread [stack: 0x0000000015b10000,0x0000000015c10000] [id=4816]
  0x000000001634f000 WatcherThread [stack: 0x0000000016810000,0x0000000016910000] [id=6572]

VM state:not at safepoint (normal execution)

VM Mutex/Monitor currently owned by a thread: None

Heap:
 PSYoungGen      total 38400K, used 22247K [0x00000000eab00000, 0x00000000ed580000, 0x0000000100000000)
  eden space 33280K, 66% used [0x00000000eab00000,0x00000000ec0b9f60,0x00000000ecb80000)
  from space 5120K, 0% used [0x00000000ed080000,0x00000000ed080000,0x00000000ed580000)
  to   space 5120K, 0% used [0x00000000ecb80000,0x00000000ecb80000,0x00000000ed080000)
 ParOldGen       total 87552K, used 0K [0x00000000c0000000, 0x00000000c5580000, 0x00000000eab00000)
  object space 87552K, 0% used [0x00000000c0000000,0x00000000c0000000,0x00000000c5580000)
 Metaspace       used 5890K, capacity 6960K, committed 7040K, reserved 1056768K
  class space    used 602K, capacity 616K, committed 640K, reserved 1048576K

Card table byte_map: [0x00000000117b0000,0x00000000119c0000] byte_map_base: 0x00000000111b0000

Marking Bits: (ParMarkBitMap*) 0x000000005fcaa5b0
 Begin Bits: [0x0000000011f20000, 0x0000000012f20000)
 End Bits:   [0x0000000012f20000, 0x0000000013f20000)

Polling page: 0x0000000000510000

CodeCache: size=245760Kb used=3874Kb max_used=3888Kb free=241885Kb
 bounds [0x00000000023f0000, 0x00000000027d0000, 0x00000000113f0000]
 total_blobs=1331 nmethods=1070 adapters=176
 compilation: enabled

Compilation events (10 events):
Event: 0.711 Thread 0x0000000014ac5000 1064       3       com.android.dx.dex.file.EncodedField::encode (157 bytes)
Event: 0.713 Thread 0x0000000014abe000 1066       4       com.android.dex.Leb128::writeUnsignedLeb128 (46 bytes)
Event: 0.713 Thread 0x0000000014ac1000 1067       4       com.android.dx.util.ByteArrayAnnotatedOutput::writeUleb128 (34 bytes)
Event: 0.713 Thread 0x0000000014ac5000 nmethod 1064 0x00000000027b6e90 code [0x00000000027b7260, 0x00000000027b9338]
Event: 0.714 Thread 0x0000000014ac5000 1068       3       com.android.dx.dex.file.ClassDataItem::encodeList (92 bytes)
Event: 0.715 Thread 0x0000000014ac5000 nmethod 1068 0x00000000027ba710 code [0x00000000027ba980, 0x00000000027bb978]
Event: 0.718 Thread 0x0000000014ac5000 1070       3       com.android.dx.dex.file.StringIdItem::itemType (4 bytes)
Event: 0.718 Thread 0x0000000014ac5000 nmethod 1070 0x00000000027b3dd0 code [0x00000000027b3f20, 0x00000000027b4070]
Event: 0.718 Thread 0x0000000014ac5000 1071       1       com.android.dx.dex.file.StringIdItem::itemType (4 bytes)
Event: 0.718 Thread 0x0000000014ac5000 nmethod 1071 0x00000000027b3b10 code [0x00000000027b3c60, 0x00000000027b3d70]

GC Heap History (0 events):
No events

Deoptimization events (10 events):
Event: 0.638 Thread 0x0000000002200800 Uncommon trap: reason=bimorphic action=maybe_recompile pc=0x0000000002653944 method=java.util.HashMap.getNode(ILjava/lang/Object;)Ljava/util/HashMap$Node; @ 126
Event: 0.645 Thread 0x0000000002200800 Uncommon trap: reason=bimorphic action=maybe_recompile pc=0x0000000002708e6c method=java.util.HashMap.putVal(ILjava/lang/Object;Ljava/lang/Object;ZZ)Ljava/lang/Object; @ 91
Event: 0.645 Thread 0x0000000002200800 Uncommon trap: reason=bimorphic action=maybe_recompile pc=0x0000000002708e6c method=java.util.HashMap.putVal(ILjava/lang/Object;Ljava/lang/Object;ZZ)Ljava/lang/Object; @ 91
Event: 0.645 Thread 0x0000000002200800 Uncommon trap: reason=bimorphic action=maybe_recompile pc=0x0000000002708e6c method=java.util.HashMap.putVal(ILjava/lang/Object;Ljava/lang/Object;ZZ)Ljava/lang/Object; @ 91
Event: 0.645 Thread 0x0000000002200800 Uncommon trap: reason=bimorphic action=maybe_recompile pc=0x0000000002708e6c method=java.util.HashMap.putVal(ILjava/lang/Object;Ljava/lang/Object;ZZ)Ljava/lang/Object; @ 91
Event: 0.645 Thread 0x0000000002200800 Uncommon trap: reason=bimorphic action=maybe_recompile pc=0x0000000002716f50 method=java.util.HashMap.putVal(ILjava/lang/Object;Ljava/lang/Object;ZZ)Ljava/lang/Object; @ 91
Event: 0.645 Thread 0x0000000002200800 Uncommon trap: reason=bimorphic action=maybe_recompile pc=0x0000000002653944 method=java.util.HashMap.getNode(ILjava/lang/Object;)Ljava/util/HashMap$Node; @ 126
Event: 0.645 Thread 0x0000000002200800 Uncommon trap: reason=bimorphic action=maybe_recompile pc=0x0000000002653944 method=java.util.HashMap.getNode(ILjava/lang/Object;)Ljava/util/HashMap$Node; @ 126
Event: 0.646 Thread 0x0000000002200800 Uncommon trap: reason=bimorphic action=maybe_recompile pc=0x0000000002653944 method=java.util.HashMap.getNode(ILjava/lang/Object;)Ljava/util/HashMap$Node; @ 126
Event: 0.646 Thread 0x0000000002200800 Uncommon trap: reason=bimorphic action=maybe_recompile pc=0x000000000262a938 method=java.util.HashMap.getNode(ILjava/lang/Object;)Ljava/util/HashMap$Node; @ 126

Internal exceptions (2 events):
Event: 0.047 Thread 0x0000000002200800 Exception <a 'java/lang/NoSuchMethodError': Method sun.misc.Unsafe.defineClass(Ljava/lang/String;[BII)Ljava/lang/Class; name or signature does not match> (0x00000000eab0d248) thrown at [C:\workspace\8-2-build-windows-amd64-cygwin\jdk8u65\4987\hotspot\src\s1š<ö7¨?
Event: 0.047 Thread 0x0000000002200800 Exception <a 'java/lang/NoSuchMethodError': Method sun.misc.Unsafe.prefetchRead(Ljava/lang/Object;J)V name or signature does not match> (0x00000000eab0d530) thrown at [C:\workspace\8-2-build-windows-amd64-cygwin\jdk8u65\4987\hotspot\src\share\vm\prims\jni.

Events (10 events):
Event: 0.701 loading class com/android/dx/dex/file/DebugInfoEncoder$1
Event: 0.701 loading class com/android/dx/dex/file/DebugInfoEncoder$1 done
Event: 0.701 loading class com/android/dx/dex/file/DebugInfoEncoder$2
Event: 0.701 loading class com/android/dx/dex/file/DebugInfoEncoder$2 done
Event: 0.705 loading class com/android/dex/EncodedValueCodec
Event: 0.705 loading class com/android/dex/EncodedValueCodec done
Event: 0.716 loading class com/android/dx/dex/file/MapItem
Event: 0.716 loading class com/android/dx/dex/file/MapItem done
Event: 0.717 loading class com/android/dx/dex/file/UniformListItem
Event: 0.717 loading class com/android/dx/dex/file/UniformListItem done


Dynamic libraries:
0x00007ff67b860000 - 0x00007ff67b897000 	C:\Program Files\Java\jdk1.8.0_65\bin\java.exe
0x00007ffca0920000 - 0x00007ffca0ae1000 	C:\Windows\SYSTEM32\ntdll.dll
0x00007ffc9dd20000 - 0x00007ffc9ddcd000 	C:\Windows\system32\KERNEL32.DLL
0x00007ffc9db30000 - 0x00007ffc9dd18000 	C:\Windows\system32\KERNELBASE.dll
0x00007ffc9df80000 - 0x00007ffc9e027000 	C:\Windows\system32\ADVAPI32.dll
0x00007ffca0880000 - 0x00007ffca091d000 	C:\Windows\system32\msvcrt.dll
0x00007ffca0470000 - 0x00007ffca04cb000 	C:\Windows\system32\sechost.dll
0x00007ffca05e0000 - 0x00007ffca06fc000 	C:\Windows\system32\RPCRT4.dll
0x00007ffc9e3a0000 - 0x00007ffc9e4f6000 	C:\Windows\system32\USER32.dll
0x00007ffca00c0000 - 0x00007ffca0246000 	C:\Windows\system32\GDI32.dll
0x00007ffc95600000 - 0x00007ffc95874000 	C:\Windows\WinSxS\amd64_microsoft.windows.common-controls_6595b64144ccf1df_6.0.10586.0_none_8c15ae12515e1c22\COMCTL32.dll
0x00007ffc9e040000 - 0x00007ffc9e2bd000 	C:\Windows\system32\combase.dll
0x00007ffc9d840000 - 0x00007ffc9d8aa000 	C:\Windows\system32\bcryptPrimitives.dll
0x00007ffca0700000 - 0x00007ffca073b000 	C:\Windows\system32\IMM32.DLL
0x000000005edf0000 - 0x000000005eec2000 	C:\Program Files\Java\jdk1.8.0_65\jre\bin\msvcr100.dll
0x000000005f4a0000 - 0x000000005fd29000 	C:\Program Files\Java\jdk1.8.0_65\jre\bin\server\jvm.dll
0x00007ffc9fc20000 - 0x00007ffc9fc28000 	C:\Windows\system32\PSAPI.DLL
0x00007ffc99450000 - 0x00007ffc9945a000 	C:\Windows\SYSTEM32\VERSION.dll
0x00007ffc9b6c0000 - 0x00007ffc9b6e3000 	C:\Windows\SYSTEM32\WINMM.dll
0x00007ffc97b60000 - 0x00007ffc97b69000 	C:\Windows\SYSTEM32\WSOCK32.dll
0x00007ffc9e330000 - 0x00007ffc9e39b000 	C:\Windows\system32\WS2_32.dll
0x00007ffc9b660000 - 0x00007ffc9b68c000 	C:\Windows\SYSTEM32\WINMMBASE.dll
0x00007ffc9d030000 - 0x00007ffc9d073000 	C:\Windows\system32\cfgmgr32.dll
0x000000005f3b0000 - 0x000000005f3bf000 	C:\Program Files\Java\jdk1.8.0_65\jre\bin\verify.dll
0x000000005f380000 - 0x000000005f3a9000 	C:\Program Files\Java\jdk1.8.0_65\jre\bin\java.dll
0x000000005f360000 - 0x000000005f376000 	C:\Program Files\Java\jdk1.8.0_65\jre\bin\zip.dll
0x00007ffc9e660000 - 0x00007ffc9fbbc000 	C:\Windows\system32\SHELL32.dll
0x00007ffc9d1f0000 - 0x00007ffc9d835000 	C:\Windows\system32\windows.storage.dll
0x00007ffc9fc30000 - 0x00007ffc9fc82000 	C:\Windows\system32\shlwapi.dll
0x00007ffc9cf50000 - 0x00007ffc9cf5f000 	C:\Windows\system32\kernel.appcore.dll
0x00007ffc9d0a0000 - 0x00007ffc9d155000 	C:\Windows\system32\shcore.dll
0x00007ffc9cf80000 - 0x00007ffc9cfcb000 	C:\Windows\system32\powrprof.dll
0x00007ffc9cf60000 - 0x00007ffc9cf74000 	C:\Windows\system32\profapi.dll
0x00007ffc8c050000 - 0x00007ffc8c1dc000 	C:\Windows\SYSTEM32\dbghelp.dll

VM Arguments:
jvm_args: -Djava.awt.headless=true -Xmx1024M -Dfile.encoding=windows-1252 -Duser.country=US -Duser.language=en -Duser.variant 
java_command: com.android.dx.command.Main --dex --num-threads=4 --output C:\Users\Bryan\StudioProjects\Pub15212\app\build\intermediates\pre-dexed\debug\debug_3643617be0d24086c1f1528d9c2298490086612d.jar C:\Users\Bryan\StudioProjects\Pub15212\app\build\intermediates\classes\debug
java_class_path (initial): C:\Users\Bryan\AppData\Local\Android\sdk\build-tools\23.0.2\lib\dx.jar
Launcher Type: SUN_STANDARD

Environment Variables:
PATH=C:\ProgramData\Oracle\Java\javapath;C:\Windows\system32;C:\Windows;C:\Windows\System32\Wbem;C:\Windows\System32\WindowsPowerShell\v1.0\;C:\Program Files (x86)\ATI Technologies\ATI.ACE\Core-Static;C:\Program Files\Git\cmd;C:\Program Files (x86)\GNU\GnuPG\pub
USERNAME=Bryan
OS=Windows_NT
PROCESSOR_IDENTIFIER=Intel64 Family 6 Model 15 Stepping 11, GenuineIntel



---------------  S Y S T E M  ---------------

OS: Windows 10.0 , 64 bit Build 10586 (10.0.10586.0)

CPU:total 4 (4 cores per cpu, 1 threads per core) family 6 model 15 stepping 11, cmov, cx8, fxsr, mmx, sse, sse2, sse3, ssse3, tsc

Memory: 4k page, physical 8386804k(4635896k free), swap 16775412k(11770904k free)

vm_info: Java HotSpot(TM) 64-Bit Server VM (25.65-b01) for windows-amd64 JRE (1.8.0_65-b17), built on Oct  6 2015 16:39:20 by "java_re" with MS VC++ 10.0 (VS2010)

time: Fri Apr 15 19:10:27 2016
elapsed time: 0 seconds (0d 0h 0m 0s)

