#
# A fatal error has been detected by the Java Runtime Environment:
#
#  EXCEPTION_ACCESS_VIOLATION (0xc0000005) at pc=0xffffffffa3385120, pid=5820, tid=6704
#
# JRE version: Java(TM) SE Runtime Environment (8.0_65-b17) (build 1.8.0_65-b17)
# Java VM: Java HotSpot(TM) 64-Bit Server VM (25.65-b01 mixed mode windows-amd64 compressed oops)
# Problematic frame:
# C  0xffffffffa3385120
#
# Failed to write core dump. Minidumps are not enabled by default on client versions of Windows
#
# If you would like to submit a bug report, please visit:
#   http://bugreport.java.com/bugreport/crash.jsp
#

---------------  T H R E A D  ---------------

Current thread (0x00000000001dd800):  JavaThread "main" [_thread_in_Java, id=6704, stack(0x0000000002100000,0x0000000002200000)]

siginfo: ExceptionCode=0xc0000005, ExceptionInformation=0x0000000000000008 0xffffffffa3385120

Registers:
RAX=0x00000001000761e0, RBX=0x00000000145571f8, RCX=0x000000000000006e, RDX=0x00000000eb513188
RSP=0x00000000021feca8, RBP=0x0000000000000011, RSI=0x0000000000000000, RDI=0x0000000000000002
R8 =0x000000000000106e, R9 =0x00000000ec8f5978, R10=0x00000000eb513188, R11=0x0000000000000011
R12=0x0000000000000000, R13=0x00000000ec8f58d8, R14=0x0000000100072278, R15=0x00000000001dd800
RIP=0xffffffffa3385120, EFLAGS=0x0000000000010212

Top of Stack: (sp=0x00000000021feca8)
0x00000000021feca8:   0000000002620514 00000000c04dd380
0x00000000021fecb8:   0000000000000023 0000000000000023
0x00000000021fecc8:   00000000000000a0 00000000c04eae58
0x00000000021fecd8:   0000000000000012 00000000ec8f58d8
0x00000000021fece8:   00000000ec8f5978 0000000100072278
0x00000000021fecf8:   000000010001e5e8 00000000ec8f5b48
0x00000000021fed08:   0000000000000011 0000000000000000
0x00000000021fed18:   0000000002636654 00000000021ff078
0x00000000021fed28:   000000000263186c ffffffffffffffff
0x00000000021fed38:   00000000144e2728 00000000021ff078
0x00000000021fed48:   00000000025dc9cc 0000000000000000
0x00000000021fed58:   0000000000000000 00000000021fedd0
0x00000000021fed68:   0000000002387200 0000000000185274
0x00000000021fed78:   0000000002387200 00000000eb3769c0
0x00000000021fed88:   00000000ecb88538 00000000ec8f5860
0x00000000021fed98:   00000000ed05d6a8 00000000c04eae58 

Instructions: (pc=0xffffffffa3385120)
0xffffffffa3385100:   
[error occurred during error reporting (printing registers, top of stack, instructions near pc), id 0xc0000005]

Register to memory mapping:

RAX=0x00000001000761e0 is pointing into metadata
RBX={method} {0x0000000014557200} 'decode' '(ILcom/android/dx/io/instructions/CodeInput;)Lcom/android/dx/io/instructions/DecodedInstruction;' in 'com/android/dx/io/instructions/InstructionCodec$25'
RCX=0x000000000000006e is an unknown value
RDX=0x00000000eb513188 is an oop
com.android.dx.io.instructions.InstructionCodec$25 
 - klass: 'com/android/dx/io/instructions/InstructionCodec$25'
RSP=0x00000000021feca8 is pointing into the stack for thread: 0x00000000001dd800
RBP=0x0000000000000011 is an unknown value
RSI=0x0000000000000000 is an unknown value
RDI=0x0000000000000002 is an unknown value
R8 =0x000000000000106e is an unknown value
R9 =0x00000000ec8f5978 is an oop
com.android.dx.io.instructions.ShortArrayCodeInput 
 - klass: 'com/android/dx/io/instructions/ShortArrayCodeInput'
R10=0x00000000eb513188 is an oop
com.android.dx.io.instructions.InstructionCodec$25 
 - klass: 'com/android/dx/io/instructions/InstructionCodec$25'
R11=0x0000000000000011 is an unknown value
R12=0x0000000000000000 is an unknown value
R13=0x00000000ec8f58d8 is an oop
[Lcom.android.dx.io.instructions.DecodedInstruction; 
 - klass: 'com/android/dx/io/instructions/DecodedInstruction'[]
 - length: 35
R14=0x0000000100072278 is pointing into metadata
R15=0x00000000001dd800 is a thread


Stack: [0x0000000002100000,0x0000000002200000],  sp=0x00000000021feca8,  free space=1019k
Native frames: (J=compiled Java code, j=interpreted, Vv=VM code, C=native code)
C  0xffffffffa3385120


---------------  P R O C E S S  ---------------

Java Threads: ( => current thread )
  0x0000000014aad800 JavaThread "Service Thread" daemon [_thread_blocked, id=4232, stack(0x0000000016780000,0x0000000016880000)]
  0x0000000014a59000 JavaThread "C1 CompilerThread2" daemon [_thread_blocked, id=7384, stack(0x0000000016280000,0x0000000016380000)]
  0x0000000014a54800 JavaThread "C2 CompilerThread1" daemon [_thread_in_native, id=7892, stack(0x0000000016180000,0x0000000016280000)]
  0x0000000014a4d800 JavaThread "C2 CompilerThread0" daemon [_thread_in_native, id=4244, stack(0x0000000016080000,0x0000000016180000)]
  0x0000000014a4b800 JavaThread "Attach Listener" daemon [_thread_blocked, id=9568, stack(0x0000000015f80000,0x0000000016080000)]
  0x0000000014a4a800 JavaThread "Signal Dispatcher" daemon [_thread_blocked, id=9416, stack(0x0000000015e80000,0x0000000015f80000)]
  0x0000000002376800 JavaThread "Finalizer" daemon [_thread_blocked, id=200, stack(0x0000000015ca0000,0x0000000015da0000)]
  0x000000000236e000 JavaThread "Reference Handler" daemon [_thread_blocked, id=8456, stack(0x0000000015ba0000,0x0000000015ca0000)]
=>0x00000000001dd800 JavaThread "main" [_thread_in_Java, id=6704, stack(0x0000000002100000,0x0000000002200000)]

Other Threads:
  0x0000000014a17800 VMThread [stack: 0x0000000015aa0000,0x0000000015ba0000] [id=2136]
  0x00000000163c3800 WatcherThread [stack: 0x0000000016880000,0x0000000016980000] [id=4964]

VM state:not at safepoint (normal execution)

VM Mutex/Monitor currently owned by a thread: None

Heap:
 PSYoungGen      total 38400K, used 36117K [0x00000000eab00000, 0x00000000ef600000, 0x0000000100000000)
  eden space 33280K, 93% used [0x00000000eab00000,0x00000000ec947fb0,0x00000000ecb80000)
  from space 5120K, 99% used [0x00000000ecb80000,0x00000000ed07d6f0,0x00000000ed080000)
  to   space 5120K, 0% used [0x00000000ef100000,0x00000000ef100000,0x00000000ef600000)
 ParOldGen       total 87552K, used 6274K [0x00000000c0000000, 0x00000000c5580000, 0x00000000eab00000)
  object space 87552K, 7% used [0x00000000c0000000,0x00000000c0620918,0x00000000c5580000)
 Metaspace       used 4370K, capacity 5424K, committed 5632K, reserved 1056768K
  class space    used 471K, capacity 488K, committed 512K, reserved 1048576K

Card table byte_map: [0x0000000011740000,0x0000000011950000] byte_map_base: 0x0000000011140000

Marking Bits: (ParMarkBitMap*) 0x000000005fcaa5b0
 Begin Bits: [0x0000000011eb0000, 0x0000000012eb0000)
 End Bits:   [0x0000000012eb0000, 0x0000000013eb0000)

Polling page: 0x0000000000460000

CodeCache: size=245760Kb used=2832Kb max_used=2845Kb free=242927Kb
 bounds [0x0000000002380000, 0x0000000002650000, 0x0000000011380000]
 total_blobs=1139 nmethods=879 adapters=175
 compilation: enabled

Compilation events (10 events):
Event: 0.723 Thread 0x0000000014a59000 nmethod 899 0x000000000263f210 code [0x000000000263f3a0, 0x000000000263f648]
Event: 0.723 Thread 0x0000000014a59000  900       2       com.android.dx.merge.DexMerger::transformEncodedCatchHandler (105 bytes)
Event: 0.724 Thread 0x0000000014a59000 nmethod 900 0x000000000263e810 code [0x000000000263e9c0, 0x000000000263ed48]
Event: 0.725 Thread 0x0000000014a4d800 nmethod 870 0x0000000002637a50 code [0x0000000002637ba0, 0x0000000002637d38]
Event: 0.725 Thread 0x0000000014a4d800  867       4       com.android.dx.io.instructions.InstructionCodec$25::decode (7 bytes)
Event: 0.727 Thread 0x0000000014a59000  906       1       com.android.dx.io.instructions.FillArrayDataPayloadDecodedInstruction::getData (5 bytes)
Event: 0.727 Thread 0x0000000014a59000 nmethod 906 0x000000000263c010 code [0x000000000263c160, 0x000000000263c270]
Event: 0.727 Thread 0x0000000014a59000  907       1       com.android.dx.io.instructions.FillArrayDataPayloadDecodedInstruction::getSize (5 bytes)
Event: 0.727 Thread 0x0000000014a59000 nmethod 907 0x0000000002647410 code [0x0000000002647560, 0x0000000002647670]
Event: 0.737 Thread 0x0000000014a4d800 nmethod 867 0x000000000263d350 code [0x000000000263d500, 0x000000000263ddd8]

GC Heap History (2 events):
Event: 0.432 GC heap before
{Heap before GC invocations=1 (full 0):
 PSYoungGen      total 38400K, used 33280K [0x00000000eab00000, 0x00000000ed580000, 0x0000000100000000)
  eden space 33280K, 100% used [0x00000000eab00000,0x00000000ecb80000,0x00000000ecb80000)
  from space 5120K, 0% used [0x00000000ed080000,0x00000000ed080000,0x00000000ed580000)
  to   space 5120K, 0% used [0x00000000ecb80000,0x00000000ecb80000,0x00000000ed080000)
 ParOldGen       total 87552K, used 0K [0x00000000c0000000, 0x00000000c5580000, 0x00000000eab00000)
  object space 87552K, 0% used [0x00000000c0000000,0x00000000c0000000,0x00000000c5580000)
 Metaspace       used 3875K, capacity 5008K, committed 5120K, reserved 1056768K
  class space    used 422K, capacity 456K, committed 512K, reserved 1048576K
Event: 0.448 GC heap after
Heap after GC invocations=1 (full 0):
 PSYoungGen      total 38400K, used 5109K [0x00000000eab00000, 0x00000000ef600000, 0x0000000100000000)
  eden space 33280K, 0% used [0x00000000eab00000,0x00000000eab00000,0x00000000ecb80000)
  from space 5120K, 99% used [0x00000000ecb80000,0x00000000ed07d6f0,0x00000000ed080000)
  to   space 5120K, 0% used [0x00000000ef100000,0x00000000ef100000,0x00000000ef600000)
 ParOldGen       total 87552K, used 6274K [0x00000000c0000000, 0x00000000c5580000, 0x00000000eab00000)
  object space 87552K, 7% used [0x00000000c0000000,0x00000000c0620918,0x00000000c5580000)
 Metaspace       used 3875K, capacity 5008K, committed 5120K, reserved 1056768K
  class space    used 422K, capacity 456K, committed 512K, reserved 1048576K
}

Deoptimization events (10 events):
Event: 0.460 Thread 0x00000000001dd800 Uncommon trap: reason=predicate action=maybe_recompile pc=0x00000000025597d0 method=java.util.TreeMap.put(Ljava/lang/Object;Ljava/lang/Object;)Ljava/lang/Object; @ 132
Event: 0.481 Thread 0x00000000001dd800 Uncommon trap: reason=class_check action=maybe_recompile pc=0x00000000025153ec method=com.android.dex.Leb128.readUnsignedLeb128(Lcom/android/dex/util/ByteInput;)I @ 5
Event: 0.481 Thread 0x00000000001dd800 Uncommon trap: reason=class_check action=maybe_recompile pc=0x00000000025153ec method=com.android.dex.Leb128.readUnsignedLeb128(Lcom/android/dex/util/ByteInput;)I @ 5
Event: 0.481 Thread 0x00000000001dd800 Uncommon trap: reason=predicate action=maybe_recompile pc=0x0000000002514048 method=com.android.dex.Leb128.writeUnsignedLeb128(Lcom/android/dex/util/ByteOutput;I)V @ 9
Event: 0.481 Thread 0x00000000001dd800 Uncommon trap: reason=class_check action=maybe_recompile pc=0x00000000025153ec method=com.android.dex.Leb128.readUnsignedLeb128(Lcom/android/dex/util/ByteInput;)I @ 5
Event: 0.481 Thread 0x00000000001dd800 Uncommon trap: reason=class_check action=maybe_recompile pc=0x00000000025153ec method=com.android.dex.Leb128.readUnsignedLeb128(Lcom/android/dex/util/ByteInput;)I @ 5
Event: 0.500 Thread 0x00000000001dd800 Uncommon trap: reason=predicate action=maybe_recompile pc=0x000000000257ab00 method=com.android.dex.Leb128.readUnsignedLeb128(Lcom/android/dex/util/ByteInput;)I @ 41
Event: 0.581 Thread 0x00000000001dd800 Uncommon trap: reason=unstable_if action=reinterpret pc=0x00000000025b0f74 method=com.android.dx.merge.IndexMap.adjustString(I)I @ 2
Event: 0.582 Thread 0x00000000001dd800 Uncommon trap: reason=unstable_if action=reinterpret pc=0x00000000025976b0 method=java.util.HashMap.getNode(ILjava/lang/Object;)Ljava/util/HashMap$Node; @ 84
Event: 0.584 Thread 0x00000000001dd800 Uncommon trap: reason=unstable_if action=reinterpret pc=0x0000000002595280 method=java.util.HashMap.getNode(ILjava/lang/Object;)Ljava/util/HashMap$Node; @ 84

Internal exceptions (2 events):
Event: 0.043 Thread 0x00000000001dd800 Exception <a 'java/lang/NoSuchMethodError': Method sun.misc.Unsafe.defineClass(Ljava/lang/String;[BII)Ljava/lang/Class; name or signature does not match> (0x00000000eab0e010) thrown at [C:\workspace\8-2-build-windows-amd64-cygwin\jdk8u65\4987\hotspot\src\sš(
Event: 0.043 Thread 0x00000000001dd800 Exception <a 'java/lang/NoSuchMethodError': Method sun.misc.Unsafe.prefetchRead(Ljava/lang/Object;J)V name or signature does not match> (0x00000000eab0e2f8) thrown at [C:\workspace\8-2-build-windows-amd64-cygwin\jdk8u65\4987\hotspot\src\share\vm\prims\jni.

Events (10 events):
Event: 0.695 Thread 0x00000000001dd800 DEOPT PACKING pc=0x00000000025cf025 sp=0x00000000021fecc0
Event: 0.695 Thread 0x00000000001dd800 DEOPT UNPACKING pc=0x00000000023c71bf sp=0x00000000021fe9f0 mode 0
Event: 0.696 Thread 0x00000000001dd800 DEOPT PACKING pc=0x00000000025d0386 sp=0x00000000021fecd0
Event: 0.696 Thread 0x00000000001dd800 DEOPT UNPACKING pc=0x00000000023c71bf sp=0x00000000021fe9f0 mode 0
Event: 0.697 Thread 0x00000000001dd800 DEOPT PACKING pc=0x00000000025cf025 sp=0x00000000021fecc0
Event: 0.697 Thread 0x00000000001dd800 DEOPT UNPACKING pc=0x00000000023c71bf sp=0x00000000021fe9f0 mode 0
Event: 0.700 Thread 0x00000000001dd800 DEOPT PACKING pc=0x00000000025cf025 sp=0x00000000021fecc0
Event: 0.700 Thread 0x00000000001dd800 DEOPT UNPACKING pc=0x00000000023c71bf sp=0x00000000021fe9f0 mode 0
Event: 0.703 Thread 0x00000000001dd800 DEOPT PACKING pc=0x00000000025cf025 sp=0x00000000021fecc0
Event: 0.703 Thread 0x00000000001dd800 DEOPT UNPACKING pc=0x00000000023c71bf sp=0x00000000021fe9f0 mode 0


Dynamic libraries:
0x00007ff6332f0000 - 0x00007ff633327000 	C:\Program Files\Java\jdk1.8.0_65\bin\java.exe
0x00007ffca0920000 - 0x00007ffca0ae1000 	C:\Windows\SYSTEM32\ntdll.dll
0x00007ffc9dd20000 - 0x00007ffc9ddcd000 	C:\Windows\system32\KERNEL32.DLL
0x00007ffc9db30000 - 0x00007ffc9dd18000 	C:\Windows\system32\KERNELBASE.dll
0x00007ffc9df80000 - 0x00007ffc9e027000 	C:\Windows\system32\ADVAPI32.dll
0x00007ffca0880000 - 0x00007ffca091d000 	C:\Windows\system32\msvcrt.dll
0x00007ffca0470000 - 0x00007ffca04cb000 	C:\Windows\system32\sechost.dll
0x00007ffca05e0000 - 0x00007ffca06fc000 	C:\Windows\system32\RPCRT4.dll
0x00007ffc9e3a0000 - 0x00007ffc9e4f6000 	C:\Windows\system32\USER32.dll
0x00007ffca00c0000 - 0x00007ffca0246000 	C:\Windows\system32\GDI32.dll
0x00007ffc95600000 - 0x00007ffc95874000 	C:\Windows\WinSxS\amd64_microsoft.windows.common-controls_6595b64144ccf1df_6.0.10586.0_none_8c15ae12515e1c22\COMCTL32.dll
0x00007ffc9e040000 - 0x00007ffc9e2bd000 	C:\Windows\system32\combase.dll
0x00007ffc9d840000 - 0x00007ffc9d8aa000 	C:\Windows\system32\bcryptPrimitives.dll
0x00007ffca0700000 - 0x00007ffca073b000 	C:\Windows\system32\IMM32.DLL
0x000000005edf0000 - 0x000000005eec2000 	C:\Program Files\Java\jdk1.8.0_65\jre\bin\msvcr100.dll
0x000000005f4a0000 - 0x000000005fd29000 	C:\Program Files\Java\jdk1.8.0_65\jre\bin\server\jvm.dll
0x00007ffc9fc20000 - 0x00007ffc9fc28000 	C:\Windows\system32\PSAPI.DLL
0x00007ffc99450000 - 0x00007ffc9945a000 	C:\Windows\SYSTEM32\VERSION.dll
0x00007ffc97b60000 - 0x00007ffc97b69000 	C:\Windows\SYSTEM32\WSOCK32.dll
0x00007ffc9b6c0000 - 0x00007ffc9b6e3000 	C:\Windows\SYSTEM32\WINMM.dll
0x00007ffc9e330000 - 0x00007ffc9e39b000 	C:\Windows\system32\WS2_32.dll
0x00007ffc9b660000 - 0x00007ffc9b68c000 	C:\Windows\SYSTEM32\WINMMBASE.dll
0x00007ffc9d030000 - 0x00007ffc9d073000 	C:\Windows\system32\cfgmgr32.dll
0x000000005f3b0000 - 0x000000005f3bf000 	C:\Program Files\Java\jdk1.8.0_65\jre\bin\verify.dll
0x000000005f380000 - 0x000000005f3a9000 	C:\Program Files\Java\jdk1.8.0_65\jre\bin\java.dll
0x000000005f360000 - 0x000000005f376000 	C:\Program Files\Java\jdk1.8.0_65\jre\bin\zip.dll
0x00007ffc9e660000 - 0x00007ffc9fbbc000 	C:\Windows\system32\SHELL32.dll
0x00007ffc9d1f0000 - 0x00007ffc9d835000 	C:\Windows\system32\windows.storage.dll
0x00007ffc9fc30000 - 0x00007ffc9fc82000 	C:\Windows\system32\shlwapi.dll
0x00007ffc9cf50000 - 0x00007ffc9cf5f000 	C:\Windows\system32\kernel.appcore.dll
0x00007ffc9d0a0000 - 0x00007ffc9d155000 	C:\Windows\system32\shcore.dll
0x00007ffc9cf80000 - 0x00007ffc9cfcb000 	C:\Windows\system32\powrprof.dll
0x00007ffc9cf60000 - 0x00007ffc9cf74000 	C:\Windows\system32\profapi.dll
0x00007ffc8c050000 - 0x00007ffc8c1dc000 	C:\Windows\SYSTEM32\dbghelp.dll

VM Arguments:
jvm_args: -Djava.awt.headless=true -Xmx1024M -Dfile.encoding=windows-1252 -Duser.country=US -Duser.language=en -Duser.variant 
java_command: com.android.dx.command.Main --dex --num-threads=4 --output C:\Users\Bryan\StudioProjects\Pub15212\app\build\intermediates\transforms\dex\debug\folders\1000\1f\main C:\Users\Bryan\StudioProjects\Pub15212\app\build\intermediates\pre-dexed\debug\debug_3643617be0d24086c1f1528d9c2298490086612d.jar C:\Users\Bryan\StudioProjects\Pub15212\app\build\intermediates\pre-dexed\debug\com.jaysoyer.lib-advanced-adapters-15.3_da067533fbfd0f8a5015a010570ea73bcf4931a1.jar C:\Users\Bryan\StudioProjects\Pub15212\app\build\intermediates\pre-dexed\debug\support-annotations-23.3.0_cb926191cc0d71d47d00fb8792819b85d0c9c591.jar C:\Users\Bryan\StudioProjects\Pub15212\app\build\intermediates\pre-dexed\debug\com.android.support-design-23.3.0_26f91786c74292982433596b797e208c49d89a39.jar C:\Users\Bryan\StudioProjects\Pub15212\app\build\intermediates\pre-dexed\debug\butterknife-7.0.1_025d9f5808760f8aed6980cb71b95a5af1fb0dfc.jar C:\Users\Bryan\StudioProjects\Pub15212\app\build\intermediates\pre-dexed\debug\com.android.support-animated-vector-drawable-23.3.0_12b95c42f7cf2e9731109e35b7df2e19659d3dc7.jar C:\Users\Bryan\StudioProjects\Pub15212\app\build\intermediates\pre-dexed\debug\com.android.support-support-v4-23.3.0_1ab43ec5c3abe1382737307cf528cc77cef968f0.jar C:\Users\Bryan\StudioProjects\Pub15212\app\build\intermediates\pre-dexed\debug\com.android.support-recyclerview-v7-23.3.0_18204e1e5611bc077c718371a35e9a519a4f06c5.jar C:\Users\Bryan\StudioProjects\Pub15212\app\build\intermediates\pre-dexed\debug\com.android.support-support-vector-drawable-23.3.0_6e11d2f2d2fdd9a6976cd1ecce12b9c3b1bb4b50.jar C:\Users\Bryan\StudioProjects\Pub15212\app\build\intermediates\pre-dexed\debug\gson-2.6.2_15013809775c95339192423ddf46ac978285afe4.jar C:\Users\Bryan\StudioProjects\Pub15212\app\build\intermediates\pre-dexed\debug\internal_impl-23.3.0_b49d24c432f9d22ee2695b26f95b5ecc9ffc5d6b.jar C:\Users\Bryan\StudioProjects\Pub15212\app\build\intermediates\pre-dexed\debug\com.android.support-appcompat-v7-23.
java_class_path (initial): C:\Users\Bryan\AppData\Local\Android\sdk\build-tools\23.0.2\lib\dx.jar
Launcher Type: SUN_STANDARD

Environment Variables:
PATH=C:\ProgramData\Oracle\Java\javapath;C:\Windows\system32;C:\Windows;C:\Windows\System32\Wbem;C:\Windows\System32\WindowsPowerShell\v1.0\;C:\Program Files (x86)\ATI Technologies\ATI.ACE\Core-Static;C:\Program Files\Git\cmd;C:\Program Files (x86)\GNU\GnuPG\pub
USERNAME=Bryan
OS=Windows_NT
PROCESSOR_IDENTIFIER=Intel64 Family 6 Model 15 Stepping 11, GenuineIntel



---------------  S Y S T E M  ---------------

OS: Windows 10.0 , 64 bit Build 10586 (10.0.10586.0)

CPU:total 4 (4 cores per cpu, 1 threads per core) family 6 model 15 stepping 11, cmov, cx8, fxsr, mmx, sse, sse2, sse3, ssse3, tsc

Memory: 4k page, physical 8386804k(4055404k free), swap 16775412k(11082152k free)

vm_info: Java HotSpot(TM) 64-Bit Server VM (25.65-b01) for windows-amd64 JRE (1.8.0_65-b17), built on Oct  6 2015 16:39:20 by "java_re" with MS VC++ 10.0 (VS2010)

time: Tue Apr 19 00:03:34 2016
elapsed time: 0 seconds (0d 0h 0m 0s)

