#
# A fatal error has been detected by the Java Runtime Environment:
#
#  EXCEPTION_ACCESS_VIOLATION (0xc0000005) at pc=0xffffffffa33c5120, pid=4308, tid=9088
#
# JRE version: Java(TM) SE Runtime Environment (8.0_65-b17) (build 1.8.0_65-b17)
# Java VM: Java HotSpot(TM) 64-Bit Server VM (25.65-b01 mixed mode windows-amd64 compressed oops)
# Problematic frame:
# C  0xffffffffa33c5120
#
# Failed to write core dump. Minidumps are not enabled by default on client versions of Windows
#
# If you would like to submit a bug report, please visit:
#   http://bugreport.java.com/bugreport/crash.jsp
#

---------------  T H R E A D  ---------------

Current thread (0x00000000021bd800):  JavaThread "main" [_thread_in_Java, id=9088, stack(0x00000000021c0000,0x00000000022c0000)]

siginfo: ExceptionCode=0xc0000005, ExceptionInformation=0x0000000000000008 0xffffffffa33c5120

Registers:
RAX=0x000000001457cbe8, RBX=0x000000001457cbe8, RCX=0x00000000eb5d4428, RDX=0x00000000eb5d4428
RSP=0x00000000022becf8, RBP=0x00000000022bed50, RSI=0x0000000000002620, RDI=0x0000000000000054
R8 =0x0000000000003054, R9 =0x00000000eb5d4428, R10=0x000000005fc920f0, R11=0x0000000002609da0
R12=0x0000000000000000, R13=0x00000000022bed08, R14=0x0000000100072028, R15=0x00000000021bd800
RIP=0xffffffffa33c5120, EFLAGS=0x0000000000010206

Top of Stack: (sp=0x00000000022becf8)
0x00000000022becf8:   00000000023c74b5 00000000023c74b5
0x00000000022bed08:   00000000eb5d4428 00000000022bed10
0x00000000022bed18:   00000000145945c2 00000000022bed98
0x00000000022bed28:   00000000145a0460 00000000145ab6e0
0x00000000022bed38:   0000000014594658 00000000022bed08
0x00000000022bed48:   00000000022beda0 00000000022bee98
0x00000000022bed58:   0000000002611094 0000000000000000
0x00000000022bed68:   0000000000000000 0000000000000003
0x00000000022bed78:   0000000000000000 0000000000000054
0x00000000022bed88:   00000000eb5d4428 0000000000003054
0x00000000022bed98:   00000000eb5162e0 000000001457d0c9
0x00000000022beda8:   00000000022bede8 000000001457d468
0x00000000022bedb8:   0000000000000000 000000001457d0f0
0x00000000022bedc8:   0000000000000000 00000000022bede8
0x00000000022bedd8:   00000000022bee30 00000000023c7a2d
0x00000000022bede8:   00000000eb5d4428 00000000022bedf0 

Instructions: (pc=0xffffffffa33c5120)
0xffffffffa33c5100:   
[error occurred during error reporting (printing registers, top of stack, instructions near pc), id 0xc0000005]

Register to memory mapping:

RAX={method} {0x000000001457cbf0} 'read' '()I' in 'com/android/dx/io/instructions/ShortArrayCodeInput'
RBX={method} {0x000000001457cbf0} 'read' '()I' in 'com/android/dx/io/instructions/ShortArrayCodeInput'
RCX=0x00000000eb5d4428 is an oop
com.android.dx.io.instructions.ShortArrayCodeInput 
 - klass: 'com/android/dx/io/instructions/ShortArrayCodeInput'
RDX=0x00000000eb5d4428 is an oop
com.android.dx.io.instructions.ShortArrayCodeInput 
 - klass: 'com/android/dx/io/instructions/ShortArrayCodeInput'
RSP=0x00000000022becf8 is pointing into the stack for thread: 0x00000000021bd800
RBP=0x00000000022bed50 is pointing into the stack for thread: 0x00000000021bd800
RSI=0x0000000000002620 is an unknown value
RDI=0x0000000000000054 is an unknown value
R8 =0x0000000000003054 is an unknown value
R9 =0x00000000eb5d4428 is an oop
com.android.dx.io.instructions.ShortArrayCodeInput 
 - klass: 'com/android/dx/io/instructions/ShortArrayCodeInput'
R10=0x000000005fc920f0 is an unknown value
R11=0x0000000002609da0 is at entry_point+32 in (nmethod*)0x0000000002609c10
R12=0x0000000000000000 is an unknown value
R13=0x00000000022bed08 is pointing into the stack for thread: 0x00000000021bd800
R14=0x0000000100072028 is pointing into metadata
R15=0x00000000021bd800 is a thread


Stack: [0x00000000021c0000,0x00000000022c0000],  sp=0x00000000022becf8,  free space=1019k
Native frames: (J=compiled Java code, j=interpreted, Vv=VM code, C=native code)
C  0xffffffffa33c5120


---------------  P R O C E S S  ---------------

Java Threads: ( => current thread )
  0x0000000016315000 JavaThread "Service Thread" daemon [_thread_blocked, id=3108, stack(0x00000000166f0000,0x00000000167f0000)]
  0x0000000014a98000 JavaThread "C1 CompilerThread2" daemon [_thread_blocked, id=9184, stack(0x00000000161f0000,0x00000000162f0000)]
  0x0000000014a91000 JavaThread "C2 CompilerThread1" daemon [_thread_blocked, id=7824, stack(0x00000000160f0000,0x00000000161f0000)]
  0x0000000014a8f000 JavaThread "C2 CompilerThread0" daemon [_thread_blocked, id=3556, stack(0x0000000015ff0000,0x00000000160f0000)]
  0x0000000014a8d000 JavaThread "Attach Listener" daemon [_thread_blocked, id=4396, stack(0x0000000015ef0000,0x0000000015ff0000)]
  0x0000000014a8c000 JavaThread "Signal Dispatcher" daemon [_thread_blocked, id=9072, stack(0x0000000015df0000,0x0000000015ef0000)]
  0x00000000023b7000 JavaThread "Finalizer" daemon [_thread_blocked, id=8480, stack(0x0000000015ce0000,0x0000000015de0000)]
  0x00000000023ae000 JavaThread "Reference Handler" daemon [_thread_blocked, id=8220, stack(0x0000000015be0000,0x0000000015ce0000)]
=>0x00000000021bd800 JavaThread "main" [_thread_in_Java, id=9088, stack(0x00000000021c0000,0x00000000022c0000)]

Other Threads:
  0x0000000014a58000 VMThread [stack: 0x0000000015ae0000,0x0000000015be0000] [id=9380]
  0x0000000016338800 WatcherThread [stack: 0x00000000167f0000,0x00000000168f0000] [id=8408]

VM state:not at safepoint (normal execution)

VM Mutex/Monitor currently owned by a thread: None

Heap:
 PSYoungGen      total 38400K, used 16525K [0x00000000eab00000, 0x00000000ef600000, 0x0000000100000000)
  eden space 33280K, 34% used [0x00000000eab00000,0x00000000eb627d30,0x00000000ecb80000)
  from space 5120K, 99% used [0x00000000ecb80000,0x00000000ed07b7f8,0x00000000ed080000)
  to   space 5120K, 0% used [0x00000000ef100000,0x00000000ef100000,0x00000000ef600000)
 ParOldGen       total 87552K, used 13413K [0x00000000c0000000, 0x00000000c5580000, 0x00000000eab00000)
  object space 87552K, 15% used [0x00000000c0000000,0x00000000c0d19470,0x00000000c5580000)
 Metaspace       used 4310K, capacity 5360K, committed 5632K, reserved 1056768K
  class space    used 471K, capacity 488K, committed 512K, reserved 1048576K

Card table byte_map: [0x0000000011780000,0x0000000011990000] byte_map_base: 0x0000000011180000

Marking Bits: (ParMarkBitMap*) 0x000000005fcaa5b0
 Begin Bits: [0x0000000011ef0000, 0x0000000012ef0000)
 End Bits:   [0x0000000012ef0000, 0x0000000013ef0000)

Polling page: 0x0000000000520000

CodeCache: size=245760Kb used=2454Kb max_used=2454Kb free=243305Kb
 bounds [0x00000000023c0000, 0x0000000002630000, 0x00000000113c0000]
 total_blobs=968 nmethods=708 adapters=175
 compilation: enabled

Compilation events (10 events):
Event: 0.622 Thread 0x0000000014a98000  697       3       com.android.dx.merge.InstructionTransformer$MethodVisitor::visit (63 bytes)
Event: 0.622 Thread 0x0000000014a91000  710   !   4       com.android.dx.io.instructions.ShortArrayCodeInput::read (29 bytes)
Event: 0.622 Thread 0x0000000014a98000 nmethod 697 0x000000000261f790 code [0x000000000261f940, 0x0000000002620098]
Event: 0.622 Thread 0x0000000014a98000  706       3       com.android.dx.io.instructions.TwoRegisterDecodedInstruction::withIndex (37 bytes)
Event: 0.623 Thread 0x0000000014a8f000 nmethod 709 0x0000000002623110 code [0x0000000002623240, 0x00000000026232d8]
Event: 0.623 Thread 0x0000000014a98000 nmethod 706 0x0000000002622850 code [0x00000000026229e0, 0x0000000002622fa8]
Event: 0.623 Thread 0x0000000014a98000  698       3       com.android.dx.io.instructions.InstructionCodec$25::decode (7 bytes)
Event: 0.623 Thread 0x0000000014a98000 nmethod 698 0x0000000002620f10 code [0x0000000002621080, 0x0000000002621268]
Event: 0.623 Thread 0x0000000014a98000  699       3       com.android.dx.io.instructions.InstructionCodec::access$900 (7 bytes)
Event: 0.623 Thread 0x0000000014a91000 nmethod 710 0x0000000002620c50 code [0x0000000002620d80, 0x0000000002620e38]

GC Heap History (2 events):
Event: 0.460 GC heap before
{Heap before GC invocations=1 (full 0):
 PSYoungGen      total 38400K, used 33280K [0x00000000eab00000, 0x00000000ed580000, 0x0000000100000000)
  eden space 33280K, 100% used [0x00000000eab00000,0x00000000ecb80000,0x00000000ecb80000)
  from space 5120K, 0% used [0x00000000ed080000,0x00000000ed080000,0x00000000ed580000)
  to   space 5120K, 0% used [0x00000000ecb80000,0x00000000ecb80000,0x00000000ed080000)
 ParOldGen       total 87552K, used 0K [0x00000000c0000000, 0x00000000c5580000, 0x00000000eab00000)
  object space 87552K, 0% used [0x00000000c0000000,0x00000000c0000000,0x00000000c5580000)
 Metaspace       used 3875K, capacity 5008K, committed 5120K, reserved 1056768K
  class space    used 422K, capacity 456K, committed 512K, reserved 1048576K
Event: 0.477 GC heap after
Heap after GC invocations=1 (full 0):
 PSYoungGen      total 38400K, used 5101K [0x00000000eab00000, 0x00000000ef600000, 0x0000000100000000)
  eden space 33280K, 0% used [0x00000000eab00000,0x00000000eab00000,0x00000000ecb80000)
  from space 5120K, 99% used [0x00000000ecb80000,0x00000000ed07b7f8,0x00000000ed080000)
  to   space 5120K, 0% used [0x00000000ef100000,0x00000000ef100000,0x00000000ef600000)
 ParOldGen       total 87552K, used 13413K [0x00000000c0000000, 0x00000000c5580000, 0x00000000eab00000)
  object space 87552K, 15% used [0x00000000c0000000,0x00000000c0d19470,0x00000000c5580000)
 Metaspace       used 3875K, capacity 5008K, committed 5120K, reserved 1056768K
  class space    used 422K, capacity 456K, committed 512K, reserved 1048576K
}

Deoptimization events (10 events):
Event: 0.395 Thread 0x00000000021bd800 Uncommon trap: reason=class_check action=maybe_recompile pc=0x0000000002551ef0 method=java.util.TreeMap.getEntry(Ljava/lang/Object;)Ljava/util/TreeMap$Entry; @ 26
Event: 0.395 Thread 0x00000000021bd800 Uncommon trap: reason=class_check action=maybe_recompile pc=0x0000000002553f9c method=java.util.TreeMap.put(Ljava/lang/Object;Ljava/lang/Object;)Ljava/lang/Object; @ 127
Event: 0.395 Thread 0x00000000021bd800 Uncommon trap: reason=class_check action=maybe_recompile pc=0x0000000002553f9c method=java.util.TreeMap.put(Ljava/lang/Object;Ljava/lang/Object;)Ljava/lang/Object; @ 127
Event: 0.395 Thread 0x00000000021bd800 Uncommon trap: reason=class_check action=maybe_recompile pc=0x0000000002553f9c method=java.util.TreeMap.put(Ljava/lang/Object;Ljava/lang/Object;)Ljava/lang/Object; @ 127
Event: 0.435 Thread 0x00000000021bd800 Uncommon trap: reason=predicate action=maybe_recompile pc=0x000000000257cf68 method=java.util.TreeMap.put(Ljava/lang/Object;Ljava/lang/Object;)Ljava/lang/Object; @ 132
Event: 0.437 Thread 0x00000000021bd800 Uncommon trap: reason=predicate action=maybe_recompile pc=0x000000000257ad5c method=java.util.TreeMap.getEntry(Ljava/lang/Object;)Ljava/util/TreeMap$Entry; @ 39
Event: 0.515 Thread 0x00000000021bd800 Uncommon trap: reason=predicate action=maybe_recompile pc=0x0000000002556c84 method=com.android.dex.Leb128.writeUnsignedLeb128(Lcom/android/dex/util/ByteOutput;I)V @ 9
Event: 0.611 Thread 0x00000000021bd800 Uncommon trap: reason=unstable_if action=reinterpret pc=0x00000000025e0af4 method=com.android.dx.merge.IndexMap.adjustString(I)I @ 2
Event: 0.612 Thread 0x00000000021bd800 Uncommon trap: reason=unstable_if action=reinterpret pc=0x00000000025e412c method=java.util.HashMap.getNode(ILjava/lang/Object;)Ljava/util/HashMap$Node; @ 84
Event: 0.614 Thread 0x00000000021bd800 Uncommon trap: reason=unstable_if action=reinterpret pc=0x00000000025d3244 method=java.util.HashMap.getNode(ILjava/lang/Object;)Ljava/util/HashMap$Node; @ 84

Internal exceptions (2 events):
Event: 0.049 Thread 0x00000000021bd800 Exception <a 'java/lang/NoSuchMethodError': Method sun.misc.Unsafe.defineClass(Ljava/lang/String;[BII)Ljava/lang/Class; name or signature does not match> (0x00000000eab0e010) thrown at [C:\workspace\8-2-build-windows-amd64-cygwin\jdk8u65\4987\hotspot\src\sEb±hfU©?
Event: 0.049 Thread 0x00000000021bd800 Exception <a 'java/lang/NoSuchMethodError': Method sun.misc.Unsafe.prefetchRead(Ljava/lang/Object;J)V name or signature does not match> (0x00000000eab0e2f8) thrown at [C:\workspace\8-2-build-windows-amd64-cygwin\jdk8u65\4987\hotspot\src\share\vm\prims\jni.

Events (10 events):
Event: 0.607 loading class com/android/dx/io/instructions/ShortArrayCodeOutput done
Event: 0.611 Thread 0x00000000021bd800 Uncommon trap: trap_request=0xffffff65 fr.pc=0x00000000025e0af4
Event: 0.611 Thread 0x00000000021bd800 DEOPT PACKING pc=0x00000000025e0af4 sp=0x00000000022bee70
Event: 0.611 Thread 0x00000000021bd800 DEOPT UNPACKING pc=0x000000000240556a sp=0x00000000022bee10 mode 2
Event: 0.612 Thread 0x00000000021bd800 Uncommon trap: trap_request=0xffffff65 fr.pc=0x00000000025e412c
Event: 0.612 Thread 0x00000000021bd800 DEOPT PACKING pc=0x00000000025e412c sp=0x00000000022bf080
Event: 0.612 Thread 0x00000000021bd800 DEOPT UNPACKING pc=0x000000000240556a sp=0x00000000022befa0 mode 2
Event: 0.614 Thread 0x00000000021bd800 Uncommon trap: trap_request=0xffffff65 fr.pc=0x00000000025d3244
Event: 0.614 Thread 0x00000000021bd800 DEOPT PACKING pc=0x00000000025d3244 sp=0x00000000022bf010
Event: 0.614 Thread 0x00000000021bd800 DEOPT UNPACKING pc=0x000000000240556a sp=0x00000000022befa0 mode 2


Dynamic libraries:
0x00007ff6332f0000 - 0x00007ff633327000 	C:\Program Files\Java\jdk1.8.0_65\bin\java.exe
0x00007ffca0920000 - 0x00007ffca0ae1000 	C:\Windows\SYSTEM32\ntdll.dll
0x00007ffc9dd20000 - 0x00007ffc9ddcd000 	C:\Windows\system32\KERNEL32.DLL
0x00007ffc9db30000 - 0x00007ffc9dd18000 	C:\Windows\system32\KERNELBASE.dll
0x00007ffc9df80000 - 0x00007ffc9e027000 	C:\Windows\system32\ADVAPI32.dll
0x00007ffca0880000 - 0x00007ffca091d000 	C:\Windows\system32\msvcrt.dll
0x00007ffca0470000 - 0x00007ffca04cb000 	C:\Windows\system32\sechost.dll
0x00007ffca05e0000 - 0x00007ffca06fc000 	C:\Windows\system32\RPCRT4.dll
0x00007ffc9e3a0000 - 0x00007ffc9e4f6000 	C:\Windows\system32\USER32.dll
0x00007ffca00c0000 - 0x00007ffca0246000 	C:\Windows\system32\GDI32.dll
0x00007ffc95600000 - 0x00007ffc95874000 	C:\Windows\WinSxS\amd64_microsoft.windows.common-controls_6595b64144ccf1df_6.0.10586.0_none_8c15ae12515e1c22\COMCTL32.dll
0x00007ffc9e040000 - 0x00007ffc9e2bd000 	C:\Windows\system32\combase.dll
0x00007ffc9d840000 - 0x00007ffc9d8aa000 	C:\Windows\system32\bcryptPrimitives.dll
0x00007ffca0700000 - 0x00007ffca073b000 	C:\Windows\system32\IMM32.DLL
0x000000005edf0000 - 0x000000005eec2000 	C:\Program Files\Java\jdk1.8.0_65\jre\bin\msvcr100.dll
0x000000005f4a0000 - 0x000000005fd29000 	C:\Program Files\Java\jdk1.8.0_65\jre\bin\server\jvm.dll
0x00007ffc9fc20000 - 0x00007ffc9fc28000 	C:\Windows\system32\PSAPI.DLL
0x00007ffc97b60000 - 0x00007ffc97b69000 	C:\Windows\SYSTEM32\WSOCK32.dll
0x00007ffc9b6c0000 - 0x00007ffc9b6e3000 	C:\Windows\SYSTEM32\WINMM.dll
0x00007ffc9e330000 - 0x00007ffc9e39b000 	C:\Windows\system32\WS2_32.dll
0x00007ffc99450000 - 0x00007ffc9945a000 	C:\Windows\SYSTEM32\VERSION.dll
0x00000000020a0000 - 0x00000000020cc000 	C:\Windows\SYSTEM32\WINMMBASE.dll
0x00007ffc9d030000 - 0x00007ffc9d073000 	C:\Windows\system32\cfgmgr32.dll
0x000000005f3b0000 - 0x000000005f3bf000 	C:\Program Files\Java\jdk1.8.0_65\jre\bin\verify.dll
0x000000005f380000 - 0x000000005f3a9000 	C:\Program Files\Java\jdk1.8.0_65\jre\bin\java.dll
0x000000005f360000 - 0x000000005f376000 	C:\Program Files\Java\jdk1.8.0_65\jre\bin\zip.dll
0x00007ffc9e660000 - 0x00007ffc9fbbc000 	C:\Windows\system32\SHELL32.dll
0x00007ffc9d1f0000 - 0x00007ffc9d835000 	C:\Windows\system32\windows.storage.dll
0x00007ffc9fc30000 - 0x00007ffc9fc82000 	C:\Windows\system32\shlwapi.dll
0x00007ffc9cf50000 - 0x00007ffc9cf5f000 	C:\Windows\system32\kernel.appcore.dll
0x00007ffc9d0a0000 - 0x00007ffc9d155000 	C:\Windows\system32\shcore.dll
0x00007ffc9cf80000 - 0x00007ffc9cfcb000 	C:\Windows\system32\powrprof.dll
0x00007ffc9cf60000 - 0x00007ffc9cf74000 	C:\Windows\system32\profapi.dll
0x00007ffc8c050000 - 0x00007ffc8c1dc000 	C:\Windows\SYSTEM32\dbghelp.dll

VM Arguments:
jvm_args: -Djava.awt.headless=true -Xmx1024M -Dfile.encoding=windows-1252 -Duser.country=US -Duser.language=en -Duser.variant 
java_command: com.android.dx.command.Main --dex --num-threads=4 --output C:\Users\Bryan\StudioProjects\Pub15212\app\build\intermediates\transforms\dex\debug\folders\1000\1f\main C:\Users\Bryan\StudioProjects\Pub15212\app\build\intermediates\pre-dexed\debug\debug_3643617be0d24086c1f1528d9c2298490086612d.jar C:\Users\Bryan\StudioProjects\Pub15212\app\build\intermediates\pre-dexed\debug\com.jaysoyer.lib-advanced-adapters-15.3_da067533fbfd0f8a5015a010570ea73bcf4931a1.jar C:\Users\Bryan\StudioProjects\Pub15212\app\build\intermediates\pre-dexed\debug\support-annotations-23.3.0_cb926191cc0d71d47d00fb8792819b85d0c9c591.jar C:\Users\Bryan\StudioProjects\Pub15212\app\build\intermediates\pre-dexed\debug\com.android.support-design-23.3.0_26f91786c74292982433596b797e208c49d89a39.jar C:\Users\Bryan\StudioProjects\Pub15212\app\build\intermediates\pre-dexed\debug\butterknife-7.0.1_025d9f5808760f8aed6980cb71b95a5af1fb0dfc.jar C:\Users\Bryan\StudioProjects\Pub15212\app\build\intermediates\pre-dexed\debug\com.android.support-animated-vector-drawable-23.3.0_12b95c42f7cf2e9731109e35b7df2e19659d3dc7.jar C:\Users\Bryan\StudioProjects\Pub15212\app\build\intermediates\pre-dexed\debug\com.android.support-support-v4-23.3.0_1ab43ec5c3abe1382737307cf528cc77cef968f0.jar C:\Users\Bryan\StudioProjects\Pub15212\app\build\intermediates\pre-dexed\debug\com.android.support-recyclerview-v7-23.3.0_18204e1e5611bc077c718371a35e9a519a4f06c5.jar C:\Users\Bryan\StudioProjects\Pub15212\app\build\intermediates\pre-dexed\debug\com.android.support-support-vector-drawable-23.3.0_6e11d2f2d2fdd9a6976cd1ecce12b9c3b1bb4b50.jar C:\Users\Bryan\StudioProjects\Pub15212\app\build\intermediates\pre-dexed\debug\gson-2.6.2_15013809775c95339192423ddf46ac978285afe4.jar C:\Users\Bryan\StudioProjects\Pub15212\app\build\intermediates\pre-dexed\debug\internal_impl-23.3.0_b49d24c432f9d22ee2695b26f95b5ecc9ffc5d6b.jar C:\Users\Bryan\StudioProjects\Pub15212\app\build\intermediates\pre-dexed\debug\com.android.support-appcompat-v7-23.
java_class_path (initial): C:\Users\Bryan\AppData\Local\Android\sdk\build-tools\23.0.2\lib\dx.jar
Launcher Type: SUN_STANDARD

Environment Variables:
PATH=C:\ProgramData\Oracle\Java\javapath;C:\Windows\system32;C:\Windows;C:\Windows\System32\Wbem;C:\Windows\System32\WindowsPowerShell\v1.0\;C:\Program Files (x86)\ATI Technologies\ATI.ACE\Core-Static;C:\Program Files\Git\cmd;C:\Program Files (x86)\GNU\GnuPG\pub
USERNAME=Bryan
OS=Windows_NT
PROCESSOR_IDENTIFIER=Intel64 Family 6 Model 15 Stepping 11, GenuineIntel



---------------  S Y S T E M  ---------------

OS: Windows 10.0 , 64 bit Build 10586 (10.0.10586.0)

CPU:total 4 (4 cores per cpu, 1 threads per core) family 6 model 15 stepping 11, cmov, cx8, fxsr, mmx, sse, sse2, sse3, ssse3, tsc

Memory: 4k page, physical 8386804k(3992016k free), swap 16775412k(11004752k free)

vm_info: Java HotSpot(TM) 64-Bit Server VM (25.65-b01) for windows-amd64 JRE (1.8.0_65-b17), built on Oct  6 2015 16:39:20 by "java_re" with MS VC++ 10.0 (VS2010)

time: Tue Apr 19 00:05:14 2016
elapsed time: 0 seconds (0d 0h 0m 0s)

