#
# A fatal error has been detected by the Java Runtime Environment:
#
#  EXCEPTION_ACCESS_VIOLATION (0xc0000005) at pc=0xffffffffa3325120, pid=3384, tid=3164
#
# JRE version: Java(TM) SE Runtime Environment (8.0_65-b17) (build 1.8.0_65-b17)
# Java VM: Java HotSpot(TM) 64-Bit Server VM (25.65-b01 mixed mode windows-amd64 compressed oops)
# Problematic frame:
# C  0xffffffffa3325120
#
# Failed to write core dump. Minidumps are not enabled by default on client versions of Windows
#
# If you would like to submit a bug report, please visit:
#   http://bugreport.java.com/bugreport/crash.jsp
#

---------------  T H R E A D  ---------------

Current thread (0x000000000211d800):  JavaThread "main" [_thread_in_Java, id=3164, stack(0x0000000002120000,0x0000000002220000)]

siginfo: ExceptionCode=0xc0000005, ExceptionInformation=0x0000000000000008 0xffffffffa3325120

Registers:
RAX=0x000000010006c430, RBX=0x0000000000003170, RCX=0x00000000eb7990e0, RDX=0x00000000eb798eb0
RSP=0x000000000221f108, RBP=0x000000000221f268, RSI=0x0000000000000c40, RDI=0x0000000000000c40
R8 =0x00000000eb79ed78, R9 =0x00000000eb73e970, R10=0x000000010006c430, R11=0x000000000000454d
R12=0x0000000000000000, R13=0x0000000000000002, R14=0x000000000221f2c0, R15=0x000000000211d800
RIP=0xffffffffa3325120, EFLAGS=0x0000000000010246

Top of Stack: (sp=0x000000000221f108)
0x000000000221f108:   000000000248eaa4 0000000000000000
0x000000000221f118:   00000000144a4b58 000000000221f150
0x000000000221f128:   00000000ec081168 00000000eb78fbd8
0x000000000221f138:   00000000ec081620 0000000000233004
0x000000000221f148:   00000000eb7990e0 000000000221f268
0x000000000221f158:   000000000249b384 000000000221f268
0x000000000221f168:   000000000249709c 0000000000000000
0x000000000221f178:   00000000ec075568 00000000eb7990e0
0x000000000221f188:   0000000000003170 00000000ec081550
0x000000000221f198:   00000000ec081598 00000000eb798eb0
0x000000000221f1a8:   00000000ec081168 000000000221f268
0x000000000221f1b8:   0000000002327470 0000000000000002
0x000000000221f1c8:   0000000002327470 000000000221f268
0x000000000221f1d8:   0000000002327470 0000000000000002
0x000000000221f1e8:   00000000eb7990e0 0000000000000c40
0x000000000221f1f8:   00000000eb73e970 00000000eb715b30 

Instructions: (pc=0xffffffffa3325120)
0xffffffffa3325100:   
[error occurred during error reporting (printing registers, top of stack, instructions near pc), id 0xc0000005]

Register to memory mapping:

RAX=0x000000010006c430 is pointing into metadata
RBX=0x0000000000003170 is an unknown value
RCX=0x00000000eb7990e0 is an oop
java.util.TreeMap 
 - klass: 'java/util/TreeMap'
RDX=0x00000000eb798eb0 is an oop
com.android.dx.merge.DexMerger$1 
 - klass: 'com/android/dx/merge/DexMerger$1'
RSP=0x000000000221f108 is pointing into the stack for thread: 0x000000000211d800
RBP=0x000000000221f268 is pointing into the stack for thread: 0x000000000211d800
RSI=0x0000000000000c40 is an unknown value
RDI=0x0000000000000c40 is an unknown value
R8 =0x00000000eb79ed78 is an oop
com.android.dex.Dex$Section 
 - klass: 'com/android/dex/Dex$Section'
R9 =0x00000000eb73e970 is an oop
com.android.dx.merge.IndexMap 
 - klass: 'com/android/dx/merge/IndexMap'
R10=0x000000010006c430 is pointing into metadata
R11=0x000000000000454d is an unknown value
R12=0x0000000000000000 is an unknown value
R13=0x0000000000000002 is an unknown value
R14=0x000000000221f2c0 is pointing into the stack for thread: 0x000000000211d800
R15=0x000000000211d800 is a thread


Stack: [0x0000000002120000,0x0000000002220000],  sp=0x000000000221f108,  free space=1020k
Native frames: (J=compiled Java code, j=interpreted, Vv=VM code, C=native code)
C  0xffffffffa3325120


---------------  P R O C E S S  ---------------

Java Threads: ( => current thread )
  0x0000000016360800 JavaThread "Service Thread" daemon [_thread_blocked, id=7816, stack(0x0000000016740000,0x0000000016840000)]
  0x00000000149f6000 JavaThread "C1 CompilerThread2" daemon [_thread_blocked, id=6208, stack(0x0000000016240000,0x0000000016340000)]
  0x00000000149f0800 JavaThread "C2 CompilerThread1" daemon [_thread_in_native, id=5392, stack(0x0000000016140000,0x0000000016240000)]
  0x00000000149ed800 JavaThread "C2 CompilerThread0" daemon [_thread_in_native, id=4452, stack(0x0000000016040000,0x0000000016140000)]
  0x00000000149eb800 JavaThread "Attach Listener" daemon [_thread_blocked, id=292, stack(0x0000000015f40000,0x0000000016040000)]
  0x00000000149ea800 JavaThread "Signal Dispatcher" daemon [_thread_blocked, id=6960, stack(0x0000000015e40000,0x0000000015f40000)]
  0x0000000002316800 JavaThread "Finalizer" daemon [_thread_blocked, id=6044, stack(0x0000000015c60000,0x0000000015d60000)]
  0x000000000230e800 JavaThread "Reference Handler" daemon [_thread_blocked, id=4888, stack(0x0000000015b60000,0x0000000015c60000)]
=>0x000000000211d800 JavaThread "main" [_thread_in_Java, id=3164, stack(0x0000000002120000,0x0000000002220000)]

Other Threads:
  0x00000000149b7800 VMThread [stack: 0x0000000015a60000,0x0000000015b60000] [id=3884]
  0x000000001638c800 WatcherThread [stack: 0x0000000016840000,0x0000000016940000] [id=7668]

VM state:not at safepoint (normal execution)

VM Mutex/Monitor currently owned by a thread: None

Heap:
 PSYoungGen      total 38400K, used 22128K [0x00000000eab00000, 0x00000000ed580000, 0x0000000100000000)
  eden space 33280K, 66% used [0x00000000eab00000,0x00000000ec09c270,0x00000000ecb80000)
  from space 5120K, 0% used [0x00000000ed080000,0x00000000ed080000,0x00000000ed580000)
  to   space 5120K, 0% used [0x00000000ecb80000,0x00000000ecb80000,0x00000000ed080000)
 ParOldGen       total 87552K, used 0K [0x00000000c0000000, 0x00000000c5580000, 0x00000000eab00000)
  object space 87552K, 0% used [0x00000000c0000000,0x00000000c0000000,0x00000000c5580000)
 Metaspace       used 3791K, capacity 4944K, committed 5120K, reserved 1056768K
  class space    used 417K, capacity 456K, committed 512K, reserved 1048576K

Card table byte_map: [0x00000000116e0000,0x00000000118f0000] byte_map_base: 0x00000000110e0000

Marking Bits: (ParMarkBitMap*) 0x000000005fcaa5b0
 Begin Bits: [0x0000000011e50000, 0x0000000012e50000)
 End Bits:   [0x0000000012e50000, 0x0000000013e50000)

Polling page: 0x0000000002040000

CodeCache: size=245760Kb used=1604Kb max_used=1619Kb free=244155Kb
 bounds [0x0000000002320000, 0x0000000002590000, 0x0000000011320000]
 total_blobs=523 nmethods=272 adapters=166
 compilation: enabled

Compilation events (10 events):
Event: 0.312 Thread 0x00000000149ed800  269       4       java.util.TreeMap::getEntry (84 bytes)
Event: 0.313 Thread 0x00000000149f0800 nmethod 267 0x00000000024af650 code [0x00000000024af7a0, 0x00000000024afab8]
Event: 0.313 Thread 0x00000000149f0800  270       4       java.util.TreeMap::put (247 bytes)
Event: 0.314 Thread 0x00000000149ed800 nmethod 269 0x00000000024af1d0 code [0x00000000024af320, 0x00000000024af4d8]
Event: 0.315 Thread 0x00000000149ed800  272       4       com.android.dx.merge.DexMerger$1::read (8 bytes)
Event: 0.331 Thread 0x00000000149f0800 nmethod 270 0x00000000024ae090 code [0x00000000024ae220, 0x00000000024aeab8]
Event: 0.332 Thread 0x00000000149f0800  274       4       com.android.dex.Leb128::readUnsignedLeb128 (69 bytes)
Event: 0.339 Thread 0x00000000149f0800 nmethod 274 0x00000000024b15d0 code [0x00000000024b1720, 0x00000000024b1a18]
Event: 0.339 Thread 0x00000000149f0800  271       4       com.android.dx.merge.DexMerger$IdMerger::readIntoMap (89 bytes)
Event: 0.346 Thread 0x00000000149ed800 nmethod 272 0x00000000024b5e90 code [0x00000000024b6060, 0x00000000024b70f8]

GC Heap History (0 events):
No events

Deoptimization events (0 events):
No events

Internal exceptions (2 events):
Event: 0.054 Thread 0x000000000211d800 Exception <a 'java/lang/NoSuchMethodError': Method sun.misc.Unsafe.defineClass(Ljava/lang/String;[BII)Ljava/lang/Class; name or signature does not match> (0x00000000eab0ddd8) thrown at [C:\workspace\8-2-build-windows-amd64-cygwin\jdk8u65\4987\hotspot\src\søDn—óˆ«?
Event: 0.054 Thread 0x000000000211d800 Exception <a 'java/lang/NoSuchMethodError': Method sun.misc.Unsafe.prefetchRead(Ljava/lang/Object;J)V name or signature does not match> (0x00000000eab0e0c0) thrown at [C:\workspace\8-2-build-windows-amd64-cygwin\jdk8u65\4987\hotspot\src\share\vm\prims\jni.

Events (10 events):
Event: 0.261 loading class com/android/dx/merge/DexMerger$1
Event: 0.261 loading class com/android/dx/merge/DexMerger$1 done
Event: 0.262 loading class com/android/dx/merge/DexMerger$IdMerger
Event: 0.262 loading class com/android/dx/merge/DexMerger$IdMerger done
Event: 0.263 loading class com/android/dex/Leb128
Event: 0.263 loading class com/android/dex/Leb128 done
Event: 0.264 loading class com/android/dex/Mutf8
Event: 0.264 loading class com/android/dex/Mutf8 done
Event: 0.264 loading class java/util/AbstractMap$SimpleImmutableEntry
Event: 0.264 loading class java/util/AbstractMap$SimpleImmutableEntry done


Dynamic libraries:
0x00007ff67b860000 - 0x00007ff67b897000 	C:\Program Files\Java\jdk1.8.0_65\bin\java.exe
0x00007ffca0920000 - 0x00007ffca0ae1000 	C:\Windows\SYSTEM32\ntdll.dll
0x00007ffc9dd20000 - 0x00007ffc9ddcd000 	C:\Windows\system32\KERNEL32.DLL
0x00007ffc9db30000 - 0x00007ffc9dd18000 	C:\Windows\system32\KERNELBASE.dll
0x00007ffc9df80000 - 0x00007ffc9e027000 	C:\Windows\system32\ADVAPI32.dll
0x00007ffca0880000 - 0x00007ffca091d000 	C:\Windows\system32\msvcrt.dll
0x00007ffca0470000 - 0x00007ffca04cb000 	C:\Windows\system32\sechost.dll
0x00007ffca05e0000 - 0x00007ffca06fc000 	C:\Windows\system32\RPCRT4.dll
0x00007ffc9e3a0000 - 0x00007ffc9e4f6000 	C:\Windows\system32\USER32.dll
0x00007ffca00c0000 - 0x00007ffca0246000 	C:\Windows\system32\GDI32.dll
0x00007ffc95600000 - 0x00007ffc95874000 	C:\Windows\WinSxS\amd64_microsoft.windows.common-controls_6595b64144ccf1df_6.0.10586.0_none_8c15ae12515e1c22\COMCTL32.dll
0x00007ffc9e040000 - 0x00007ffc9e2bd000 	C:\Windows\system32\combase.dll
0x00007ffc9d840000 - 0x00007ffc9d8aa000 	C:\Windows\system32\bcryptPrimitives.dll
0x00007ffca0700000 - 0x00007ffca073b000 	C:\Windows\system32\IMM32.DLL
0x000000005edf0000 - 0x000000005eec2000 	C:\Program Files\Java\jdk1.8.0_65\jre\bin\msvcr100.dll
0x000000005f4a0000 - 0x000000005fd29000 	C:\Program Files\Java\jdk1.8.0_65\jre\bin\server\jvm.dll
0x00007ffc9fc20000 - 0x00007ffc9fc28000 	C:\Windows\system32\PSAPI.DLL
0x00007ffc9b6c0000 - 0x00007ffc9b6e3000 	C:\Windows\SYSTEM32\WINMM.dll
0x00007ffc99450000 - 0x00007ffc9945a000 	C:\Windows\SYSTEM32\VERSION.dll
0x00007ffc9b660000 - 0x00007ffc9b68c000 	C:\Windows\SYSTEM32\WINMMBASE.dll
0x00007ffc97b60000 - 0x00007ffc97b69000 	C:\Windows\SYSTEM32\WSOCK32.dll
0x00007ffc9d030000 - 0x00007ffc9d073000 	C:\Windows\system32\cfgmgr32.dll
0x00007ffc9e330000 - 0x00007ffc9e39b000 	C:\Windows\system32\WS2_32.dll
0x000000005f3b0000 - 0x000000005f3bf000 	C:\Program Files\Java\jdk1.8.0_65\jre\bin\verify.dll
0x000000005f380000 - 0x000000005f3a9000 	C:\Program Files\Java\jdk1.8.0_65\jre\bin\java.dll
0x000000005f360000 - 0x000000005f376000 	C:\Program Files\Java\jdk1.8.0_65\jre\bin\zip.dll
0x00007ffc9e660000 - 0x00007ffc9fbbc000 	C:\Windows\system32\SHELL32.dll
0x00007ffc9d1f0000 - 0x00007ffc9d835000 	C:\Windows\system32\windows.storage.dll
0x00007ffc9fc30000 - 0x00007ffc9fc82000 	C:\Windows\system32\shlwapi.dll
0x00007ffc9cf50000 - 0x00007ffc9cf5f000 	C:\Windows\system32\kernel.appcore.dll
0x00007ffc9d0a0000 - 0x00007ffc9d155000 	C:\Windows\system32\shcore.dll
0x00007ffc9cf80000 - 0x00007ffc9cfcb000 	C:\Windows\system32\powrprof.dll
0x00007ffc9cf60000 - 0x00007ffc9cf74000 	C:\Windows\system32\profapi.dll
0x00007ffc8c050000 - 0x00007ffc8c1dc000 	C:\Windows\SYSTEM32\dbghelp.dll

VM Arguments:
jvm_args: -Djava.awt.headless=true -Xmx1024M -Dfile.encoding=windows-1252 -Duser.country=US -Duser.language=en -Duser.variant 
java_command: com.android.dx.command.Main --dex --num-threads=4 --output C:\Users\Bryan\StudioProjects\Pub15212\app\build\intermediates\transforms\dex\debug\folders\1000\1f\main C:\Users\Bryan\StudioProjects\Pub15212\app\build\intermediates\pre-dexed\debug\debug_3643617be0d24086c1f1528d9c2298490086612d.jar C:\Users\Bryan\StudioProjects\Pub15212\app\build\intermediates\pre-dexed\debug\com.jaysoyer.lib-advanced-adapters-15.3_da067533fbfd0f8a5015a010570ea73bcf4931a1.jar C:\Users\Bryan\StudioProjects\Pub15212\app\build\intermediates\pre-dexed\debug\com.android.support-design-23.3.0_26f91786c74292982433596b797e208c49d89a39.jar C:\Users\Bryan\StudioProjects\Pub15212\app\build\intermediates\pre-dexed\debug\butterknife-7.0.1_025d9f5808760f8aed6980cb71b95a5af1fb0dfc.jar C:\Users\Bryan\StudioProjects\Pub15212\app\build\intermediates\pre-dexed\debug\com.android.support-animated-vector-drawable-23.3.0_12b95c42f7cf2e9731109e35b7df2e19659d3dc7.jar C:\Users\Bryan\StudioProjects\Pub15212\app\build\intermediates\pre-dexed\debug\com.android.support-support-v4-23.3.0_1ab43ec5c3abe1382737307cf528cc77cef968f0.jar C:\Users\Bryan\StudioProjects\Pub15212\app\build\intermediates\pre-dexed\debug\com.android.support-recyclerview-v7-23.3.0_18204e1e5611bc077c718371a35e9a519a4f06c5.jar C:\Users\Bryan\StudioProjects\Pub15212\app\build\intermediates\pre-dexed\debug\com.android.support-support-vector-drawable-23.3.0_6e11d2f2d2fdd9a6976cd1ecce12b9c3b1bb4b50.jar C:\Users\Bryan\StudioProjects\Pub15212\app\build\intermediates\pre-dexed\debug\internal_impl-23.3.0_b49d24c432f9d22ee2695b26f95b5ecc9ffc5d6b.jar C:\Users\Bryan\StudioProjects\Pub15212\app\build\intermediates\pre-dexed\debug\com.android.support-appcompat-v7-23.3.0_f71266f00af15f5ef0b16a4d240e3b00c069763d.jar
java_class_path (initial): C:\Users\Bryan\AppData\Local\Android\sdk\build-tools\23.0.2\lib\dx.jar
Launcher Type: SUN_STANDARD

Environment Variables:
PATH=C:\ProgramData\Oracle\Java\javapath;C:\Windows\system32;C:\Windows;C:\Windows\System32\Wbem;C:\Windows\System32\WindowsPowerShell\v1.0\;C:\Program Files (x86)\ATI Technologies\ATI.ACE\Core-Static;C:\Program Files\Git\cmd;C:\Program Files (x86)\GNU\GnuPG\pub
USERNAME=Bryan
OS=Windows_NT
PROCESSOR_IDENTIFIER=Intel64 Family 6 Model 15 Stepping 11, GenuineIntel



---------------  S Y S T E M  ---------------

OS: Windows 10.0 , 64 bit Build 10586 (10.0.10586.0)

CPU:total 4 (4 cores per cpu, 1 threads per core) family 6 model 15 stepping 11, cmov, cx8, fxsr, mmx, sse, sse2, sse3, ssse3, tsc

Memory: 4k page, physical 8386804k(4281380k free), swap 16775412k(11576560k free)

vm_info: Java HotSpot(TM) 64-Bit Server VM (25.65-b01) for windows-amd64 JRE (1.8.0_65-b17), built on Oct  6 2015 16:39:20 by "java_re" with MS VC++ 10.0 (VS2010)

time: Fri Apr 15 15:21:34 2016
elapsed time: 0 seconds (0d 0h 0m 0s)

