#
# A fatal error has been detected by the Java Runtime Environment:
#
#  EXCEPTION_ACCESS_VIOLATION (0xc0000005) at pc=0xffffffffa3365120, pid=3364, tid=5488
#
# JRE version: Java(TM) SE Runtime Environment (8.0_65-b17) (build 1.8.0_65-b17)
# Java VM: Java HotSpot(TM) 64-Bit Server VM (25.65-b01 mixed mode windows-amd64 compressed oops)
# Problematic frame:
# C  0xffffffffa3365120
#
# Failed to write core dump. Minidumps are not enabled by default on client versions of Windows
#
# If you would like to submit a bug report, please visit:
#   http://bugreport.java.com/bugreport/crash.jsp
#

---------------  T H R E A D  ---------------

Current thread (0x0000000002260800):  JavaThread "main" [_thread_in_Java, id=5488, stack(0x0000000002150000,0x0000000002250000)]

siginfo: ExceptionCode=0xc0000005, ExceptionInformation=0x0000000000000008 0xffffffffa3365120

Registers:
RAX=0x00000000144e23b8, RBX=0x00000000144e23b8, RCX=0x00000000eafb49d8, RDX=0x00000000eafb49d8
RSP=0x000000000224e608, RBP=0x000000000224e660, RSI=0x0000000000000043, RDI=0x0000000000000000
R8 =0x0000000000000043, R9 =0x0000000000000000, R10=0x000000005fc92140, R11=0x00000000024d3f40
R12=0x0000000000000000, R13=0x000000000224e618, R14=0x000000000224e690, R15=0x0000000002260800
RIP=0xffffffffa3365120, EFLAGS=0x0000000000010202

Top of Stack: (sp=0x000000000224e608)
0x000000000224e608:   0000000002367470 0000000002367470
0x000000000224e618:   00000000eafb49d8 000000000224e620
0x000000000224e628:   00000000144e1291 000000000224e690
0x000000000224e638:   00000000144e2e70 0000000000000000
0x000000000224e648:   00000000144e1310 000000000224e618
0x000000000224e658:   000000000224e688 000000000224e6d8
0x000000000224e668:   00000000023677b0 0000000000000000
0x000000000224e678:   0000000000000000 0000000000000000
0x000000000224e688:   00000000eafb58e0 00000000eafb49d8
0x000000000224e698:   000000000224e698 00000000144dee87
0x000000000224e6a8:   000000000224e708 00000000144df1c8
0x000000000224e6b8:   0000000000000000 00000000144deef0
0x000000000224e6c8:   000000000224e688 000000000224e700
0x000000000224e6d8:   000000000224e750 00000000023677b0
0x000000000224e6e8:   0000000000000000 0000000000000000
0x000000000224e6f8:   00000000eb032d18 00000000eafb58e0 

Instructions: (pc=0xffffffffa3365120)
0xffffffffa3365100:   
[error occurred during error reporting (printing registers, top of stack, instructions near pc), id 0xc0000005]

Register to memory mapping:

RAX={method} {0x00000000144e23c0} 'size' '()I' in 'com/android/dx/util/FixedSizeList'
RBX={method} {0x00000000144e23c0} 'size' '()I' in 'com/android/dx/util/FixedSizeList'
RCX=0x00000000eafb49d8 is an oop
com.android.dx.rop.type.StdTypeList 
 - klass: 'com/android/dx/rop/type/StdTypeList'
RDX=0x00000000eafb49d8 is an oop
com.android.dx.rop.type.StdTypeList 
 - klass: 'com/android/dx/rop/type/StdTypeList'
RSP=0x000000000224e608 is pointing into the stack for thread: 0x0000000002260800
RBP=0x000000000224e660 is pointing into the stack for thread: 0x0000000002260800
RSI=0x0000000000000043 is an unknown value
RDI=0x0000000000000000 is an unknown value
R8 =0x0000000000000043 is an unknown value
R9 =0x0000000000000000 is an unknown value
R10=0x000000005fc92140 is an unknown value
R11=0x00000000024d3f40 is at entry_point+32 in (nmethod*)0x00000000024d3dd0
R12=0x0000000000000000 is an unknown value
R13=0x000000000224e618 is pointing into the stack for thread: 0x0000000002260800
R14=0x000000000224e690 is pointing into the stack for thread: 0x0000000002260800
R15=0x0000000002260800 is a thread


Stack: [0x0000000002150000,0x0000000002250000],  sp=0x000000000224e608,  free space=1017k
Native frames: (J=compiled Java code, j=interpreted, Vv=VM code, C=native code)
C  0xffffffffa3365120


---------------  P R O C E S S  ---------------

Java Threads: ( => current thread )
  0x00000000165f9000 JavaThread "pool-1-thread-4" [_thread_blocked, id=2904, stack(0x0000000016d60000,0x0000000016e60000)]
  0x00000000165f0800 JavaThread "pool-1-thread-3" [_thread_in_vm, id=3424, stack(0x0000000016c60000,0x0000000016d60000)]
  0x000000001655c800 JavaThread "pool-1-thread-2" [_thread_blocked, id=7596, stack(0x0000000016b60000,0x0000000016c60000)]
  0x0000000016558000 JavaThread "pool-2-thread-1" [_thread_blocked, id=2404, stack(0x0000000016a60000,0x0000000016b60000)]
  0x0000000016555000 JavaThread "pool-1-thread-1" [_thread_in_vm, id=1052, stack(0x0000000016960000,0x0000000016a60000)]
  0x0000000016361000 JavaThread "Service Thread" daemon [_thread_blocked, id=7452, stack(0x0000000016760000,0x0000000016860000)]
  0x0000000014a88800 JavaThread "C1 CompilerThread2" daemon [_thread_blocked, id=4192, stack(0x0000000016260000,0x0000000016360000)]
  0x0000000014a2f800 JavaThread "C2 CompilerThread1" daemon [_thread_blocked, id=5700, stack(0x0000000016160000,0x0000000016260000)]
  0x0000000014a2c800 JavaThread "C2 CompilerThread0" daemon [_thread_blocked, id=7728, stack(0x0000000016060000,0x0000000016160000)]
  0x0000000014a2a800 JavaThread "Attach Listener" daemon [_thread_blocked, id=628, stack(0x0000000015f60000,0x0000000016060000)]
  0x0000000014a29800 JavaThread "Signal Dispatcher" daemon [_thread_blocked, id=7400, stack(0x0000000015e60000,0x0000000015f60000)]
  0x0000000002350000 JavaThread "Finalizer" daemon [_thread_blocked, id=5112, stack(0x0000000015c80000,0x0000000015d80000)]
  0x000000000234d000 JavaThread "Reference Handler" daemon [_thread_blocked, id=5888, stack(0x0000000015b80000,0x0000000015c80000)]
=>0x0000000002260800 JavaThread "main" [_thread_in_Java, id=5488, stack(0x0000000002150000,0x0000000002250000)]

Other Threads:
  0x00000000149f7800 VMThread [stack: 0x0000000015a80000,0x0000000015b80000] [id=1120]
  0x0000000016366000 WatcherThread [stack: 0x0000000016860000,0x0000000016960000] [id=6036]

VM state:not at safepoint (normal execution)

VM Mutex/Monitor currently owned by a thread: None

Heap:
 PSYoungGen      total 38400K, used 10689K [0x00000000eab00000, 0x00000000ed580000, 0x0000000100000000)
  eden space 33280K, 32% used [0x00000000eab00000,0x00000000eb5704a0,0x00000000ecb80000)
  from space 5120K, 0% used [0x00000000ed080000,0x00000000ed080000,0x00000000ed580000)
  to   space 5120K, 0% used [0x00000000ecb80000,0x00000000ecb80000,0x00000000ed080000)
 ParOldGen       total 87552K, used 0K [0x00000000c0000000, 0x00000000c5580000, 0x00000000eab00000)
  object space 87552K, 0% used [0x00000000c0000000,0x00000000c0000000,0x00000000c5580000)
 Metaspace       used 4847K, capacity 5936K, committed 6272K, reserved 1056768K
  class space    used 539K, capacity 552K, committed 640K, reserved 1048576K

Card table byte_map: [0x0000000011720000,0x0000000011930000] byte_map_base: 0x0000000011120000

Marking Bits: (ParMarkBitMap*) 0x000000005fcaa5b0
 Begin Bits: [0x0000000011e90000, 0x0000000012e90000)
 End Bits:   [0x0000000012e90000, 0x0000000013e90000)

Polling page: 0x0000000000450000

CodeCache: size=245760Kb used=1887Kb max_used=1887Kb free=243872Kb
 bounds [0x0000000002360000, 0x00000000025d0000, 0x0000000011360000]
 total_blobs=609 nmethods=346 adapters=178
 compilation: enabled

Compilation events (10 events):
Event: 0.459 Thread 0x0000000014a88800  243       3       com.android.dx.cf.direct.AttributeListParser::getList (9 bytes)
Event: 0.459 Thread 0x0000000014a88800 nmethod 243 0x00000000024fa510 code [0x00000000024fa680, 0x00000000024fa8c8]
Event: 0.460 Thread 0x0000000014a88800  244       3       com.android.dx.cf.iface.StdAttributeList::get (9 bytes)
Event: 0.461 Thread 0x0000000014a88800 nmethod 244 0x00000000024f9fd0 code [0x00000000024fa140, 0x00000000024fa448]
Event: 0.461 Thread 0x0000000014a88800  245   !   3       com.android.dx.util.FixedSizeList::get0 (47 bytes)
Event: 0.461 Thread 0x0000000014a88800 nmethod 245 0x00000000025028d0 code [0x0000000002502ae0, 0x0000000002503618]
Event: 0.461 Thread 0x0000000014a88800  246       3       com.android.dx.cf.iface.StdMember::<init> (69 bytes)
Event: 0.462 Thread 0x0000000014a88800 nmethod 246 0x00000000024f9750 code [0x00000000024f9900, 0x00000000024f9dc8]
Event: 0.462 Thread 0x0000000014a88800  247       1       com.android.dx.util.FixedSizeList::size (6 bytes)
Event: 0.462 Thread 0x0000000014a88800 nmethod 247 0x0000000002503d50 code [0x0000000002503ea0, 0x0000000002503fb0]

GC Heap History (0 events):
No events

Deoptimization events (0 events):
No events

Internal exceptions (2 events):
Event: 0.061 Thread 0x0000000002260800 Exception <a 'java/lang/NoSuchMethodError': Method sun.misc.Unsafe.defineClass(Ljava/lang/String;[BII)Ljava/lang/Class; name or signature does not match> (0x00000000eab0d328) thrown at [C:\workspace\8-2-build-windows-amd64-cygwin\jdk8u65\4987\hotspot\src\sLÑlýB¯?
Event: 0.061 Thread 0x0000000002260800 Exception <a 'java/lang/NoSuchMethodError': Method sun.misc.Unsafe.prefetchRead(Ljava/lang/Object;J)V name or signature does not match> (0x00000000eab0d610) thrown at [C:\workspace\8-2-build-windows-amd64-cygwin\jdk8u65\4987\hotspot\src\share\vm\prims\jni.

Events (10 events):
Event: 0.418 loading class com/android/dx/rop/annotation/AnnotationsList
Event: 0.435 loading class com/android/dx/rop/annotation/AnnotationsList done
Event: 0.436 loading class com/android/dx/cf/attrib/AttRuntimeInvisibleParameterAnnotations
Event: 0.436 loading class com/android/dx/cf/attrib/AttRuntimeInvisibleParameterAnnotations done
Event: 0.436 loading class com/android/dx/cf/attrib/BaseParameterAnnotations
Event: 0.436 loading class com/android/dx/cf/attrib/BaseParameterAnnotations done
Event: 0.440 loading class com/android/dx/cf/direct/DirectClassFile$DcfTypeList
Event: 0.440 loading class com/android/dx/cf/direct/DirectClassFile$DcfTypeList done
Event: 0.442 loading class com/android/dx/cf/attrib/AttExceptions
Event: 0.442 loading class com/android/dx/cf/attrib/AttExceptions done


Dynamic libraries:
0x00007ff67b860000 - 0x00007ff67b897000 	C:\Program Files\Java\jdk1.8.0_65\bin\java.exe
0x00007ffca0920000 - 0x00007ffca0ae1000 	C:\Windows\SYSTEM32\ntdll.dll
0x00007ffc9dd20000 - 0x00007ffc9ddcd000 	C:\Windows\system32\KERNEL32.DLL
0x00007ffc9db30000 - 0x00007ffc9dd18000 	C:\Windows\system32\KERNELBASE.dll
0x00007ffc9df80000 - 0x00007ffc9e027000 	C:\Windows\system32\ADVAPI32.dll
0x00007ffca0880000 - 0x00007ffca091d000 	C:\Windows\system32\msvcrt.dll
0x00007ffca0470000 - 0x00007ffca04cb000 	C:\Windows\system32\sechost.dll
0x00007ffca05e0000 - 0x00007ffca06fc000 	C:\Windows\system32\RPCRT4.dll
0x00007ffc9e3a0000 - 0x00007ffc9e4f6000 	C:\Windows\system32\USER32.dll
0x00007ffca00c0000 - 0x00007ffca0246000 	C:\Windows\system32\GDI32.dll
0x00007ffc95600000 - 0x00007ffc95874000 	C:\Windows\WinSxS\amd64_microsoft.windows.common-controls_6595b64144ccf1df_6.0.10586.0_none_8c15ae12515e1c22\COMCTL32.dll
0x00007ffc9e040000 - 0x00007ffc9e2bd000 	C:\Windows\system32\combase.dll
0x00007ffc9d840000 - 0x00007ffc9d8aa000 	C:\Windows\system32\bcryptPrimitives.dll
0x00007ffca0700000 - 0x00007ffca073b000 	C:\Windows\system32\IMM32.DLL
0x000000005edf0000 - 0x000000005eec2000 	C:\Program Files\Java\jdk1.8.0_65\jre\bin\msvcr100.dll
0x000000005f4a0000 - 0x000000005fd29000 	C:\Program Files\Java\jdk1.8.0_65\jre\bin\server\jvm.dll
0x00007ffc9fc20000 - 0x00007ffc9fc28000 	C:\Windows\system32\PSAPI.DLL
0x00007ffc97b60000 - 0x00007ffc97b69000 	C:\Windows\SYSTEM32\WSOCK32.dll
0x00007ffc9e330000 - 0x00007ffc9e39b000 	C:\Windows\system32\WS2_32.dll
0x00007ffc9b6c0000 - 0x00007ffc9b6e3000 	C:\Windows\SYSTEM32\WINMM.dll
0x00007ffc99450000 - 0x00007ffc9945a000 	C:\Windows\SYSTEM32\VERSION.dll
0x00007ffc9b660000 - 0x00007ffc9b68c000 	C:\Windows\SYSTEM32\WINMMBASE.dll
0x00007ffc9d030000 - 0x00007ffc9d073000 	C:\Windows\system32\cfgmgr32.dll
0x000000005f3b0000 - 0x000000005f3bf000 	C:\Program Files\Java\jdk1.8.0_65\jre\bin\verify.dll
0x000000005f380000 - 0x000000005f3a9000 	C:\Program Files\Java\jdk1.8.0_65\jre\bin\java.dll
0x000000005f360000 - 0x000000005f376000 	C:\Program Files\Java\jdk1.8.0_65\jre\bin\zip.dll
0x00007ffc9e660000 - 0x00007ffc9fbbc000 	C:\Windows\system32\SHELL32.dll
0x00007ffc9d1f0000 - 0x00007ffc9d835000 	C:\Windows\system32\windows.storage.dll
0x00007ffc9fc30000 - 0x00007ffc9fc82000 	C:\Windows\system32\shlwapi.dll
0x00007ffc9cf50000 - 0x00007ffc9cf5f000 	C:\Windows\system32\kernel.appcore.dll
0x00007ffc9d0a0000 - 0x00007ffc9d155000 	C:\Windows\system32\shcore.dll
0x00007ffc9cf80000 - 0x00007ffc9cfcb000 	C:\Windows\system32\powrprof.dll
0x00007ffc9cf60000 - 0x00007ffc9cf74000 	C:\Windows\system32\profapi.dll
0x00007ffc8c050000 - 0x00007ffc8c1dc000 	C:\Windows\SYSTEM32\dbghelp.dll

VM Arguments:
jvm_args: -Djava.awt.headless=true -Xmx1024M -Dfile.encoding=windows-1252 -Duser.country=US -Duser.language=en -Duser.variant 
java_command: com.android.dx.command.Main --dex --num-threads=4 --output C:\Users\Bryan\StudioProjects\Pub15212\app\build\intermediates\pre-dexed\debug\com.android.support-support-vector-drawable-23.3.0_6e11d2f2d2fdd9a6976cd1ecce12b9c3b1bb4b50.jar C:\Users\Bryan\StudioProjects\Pub15212\app\build\intermediates\exploded-aar\com.android.support\support-vector-drawable\23.3.0\jars\classes.jar
java_class_path (initial): C:\Users\Bryan\AppData\Local\Android\sdk\build-tools\23.0.2\lib\dx.jar
Launcher Type: SUN_STANDARD

Environment Variables:
PATH=C:\ProgramData\Oracle\Java\javapath;C:\Windows\system32;C:\Windows;C:\Windows\System32\Wbem;C:\Windows\System32\WindowsPowerShell\v1.0\;C:\Program Files (x86)\ATI Technologies\ATI.ACE\Core-Static;C:\Program Files\Git\cmd;C:\Program Files (x86)\GNU\GnuPG\pub
USERNAME=Bryan
OS=Windows_NT
PROCESSOR_IDENTIFIER=Intel64 Family 6 Model 15 Stepping 11, GenuineIntel



---------------  S Y S T E M  ---------------

OS: Windows 10.0 , 64 bit Build 10586 (10.0.10586.0)

CPU:total 4 (4 cores per cpu, 1 threads per core) family 6 model 15 stepping 11, cmov, cx8, fxsr, mmx, sse, sse2, sse3, ssse3, tsc

Memory: 4k page, physical 8386804k(4291096k free), swap 16775412k(10966200k free)

vm_info: Java HotSpot(TM) 64-Bit Server VM (25.65-b01) for windows-amd64 JRE (1.8.0_65-b17), built on Oct  6 2015 16:39:20 by "java_re" with MS VC++ 10.0 (VS2010)

time: Fri Apr 15 15:20:29 2016
elapsed time: 0 seconds (0d 0h 0m 0s)

