#
# A fatal error has been detected by the Java Runtime Environment:
#
#  EXCEPTION_ACCESS_VIOLATION (0xc0000005) at pc=0xffffffffa3355120, pid=5084, tid=10056
#
# JRE version: Java(TM) SE Runtime Environment (8.0_65-b17) (build 1.8.0_65-b17)
# Java VM: Java HotSpot(TM) 64-Bit Server VM (25.65-b01 mixed mode windows-amd64 compressed oops)
# Problematic frame:
# C  0xffffffffa3355120
#
# Failed to write core dump. Minidumps are not enabled by default on client versions of Windows
#
# If you would like to submit a bug report, please visit:
#   http://bugreport.java.com/bugreport/crash.jsp
#

---------------  T H R E A D  ---------------

Current thread (0x0000000002250800):  JavaThread "main" [_thread_in_Java, id=10056, stack(0x0000000002150000,0x0000000002250000)]

siginfo: ExceptionCode=0xc0000005, ExceptionInformation=0x0000000000000008 0xffffffffa3355120

Registers:
RAX=0x0000000014529768, RBX=0x0000000014529768, RCX=0x00000000eb74acd8, RDX=0x00000000eb74acd8
RSP=0x000000000224f4e8, RBP=0x000000000224f540, RSI=0x00000000000009e8, RDI=0x00000000eb73a5c0
R8 =0x00000000eb74acd8, R9 =0x00000000eb74acf0, R10=0x0000000066f62140, R11=0x0000000002cfffc0
R12=0x0000000000000000, R13=0x000000000224f4f8, R14=0x0000000000000000, R15=0x0000000002250800
RIP=0xffffffffa3355120, EFLAGS=0x0000000000010206

Top of Stack: (sp=0x000000000224f4e8)
0x000000000224f4e8:   00000000023577b0 00000000023577b0
0x000000000224f4f8:   00000000eb74acd8 000000000224f500
0x000000000224f508:   00000000147229ec 000000000224f5b8
0x000000000224f518:   0000000014723358 0000000000000000
0x000000000224f528:   0000000014722b40 000000000224f4f8
0x000000000224f538:   000000000224f5b0 000000000224f600
0x000000000224f548:   0000000002357a2d 00000000eee6ac68
0x000000000224f558:   00000000eb74acd8 00000000ebdbbd58
0x000000000224f568:   000000000000063d 00000000eb74ac98
0x000000000224f578:   00000000eb73a5a8 00000000eee6ac68
0x000000000224f588:   00000000c05cbdb0 0000000000000001
0x000000000224f598:   000000000000000d 00000000c03fe6f0
0x000000000224f5a8:   00000000ebdbbc20 00000000c05cb910
0x000000000224f5b8:   00000000c03fe6f0 000000000224f5c0
0x000000000224f5c8:   000000001449804c 000000000224f658
0x000000000224f5d8:   000000001449f230 0000000000000000 

Instructions: (pc=0xffffffffa3355120)
0xffffffffa3355100:   
[error occurred during error reporting (printing registers, top of stack, instructions near pc), id 0xc0000005]

Register to memory mapping:

RAX={method} {0x0000000014529770} 'itemType' '()Lcom/android/dx/dex/file/ItemType;' in 'com/android/dx/dex/file/StringIdItem'
RBX={method} {0x0000000014529770} 'itemType' '()Lcom/android/dx/dex/file/ItemType;' in 'com/android/dx/dex/file/StringIdItem'
RCX=0x00000000eb74acd8 is an oop
com.android.dx.dex.file.StringIdItem 
 - klass: 'com/android/dx/dex/file/StringIdItem'
RDX=0x00000000eb74acd8 is an oop
com.android.dx.dex.file.StringIdItem 
 - klass: 'com/android/dx/dex/file/StringIdItem'
RSP=0x000000000224f4e8 is pointing into the stack for thread: 0x0000000002250800
RBP=0x000000000224f540 is pointing into the stack for thread: 0x0000000002250800
RSI=0x00000000000009e8 is an unknown value
RDI=0x00000000eb73a5c0 is an oop
java.util.TreeMap$Entry 
 - klass: 'java/util/TreeMap$Entry'
R8 =0x00000000eb74acd8 is an oop
com.android.dx.dex.file.StringIdItem 
 - klass: 'com/android/dx/dex/file/StringIdItem'
R9 =0x00000000eb74acf0 is an oop
java.util.TreeMap$Entry 
 - klass: 'java/util/TreeMap$Entry'
R10=0x0000000066f62140 is an unknown value
R11=0x0000000002cfffc0 is at entry_point+32 in (nmethod*)0x0000000002cffe50
R12=0x0000000000000000 is an unknown value
R13=0x000000000224f4f8 is pointing into the stack for thread: 0x0000000002250800
R14=0x0000000000000000 is an unknown value
R15=0x0000000002250800 is a thread


Stack: [0x0000000002150000,0x0000000002250000],  sp=0x000000000224f4e8,  free space=1021k
Native frames: (J=compiled Java code, j=interpreted, Vv=VM code, C=native code)
C  0xffffffffa3355120


---------------  P R O C E S S  ---------------

Java Threads: ( => current thread )
  0x0000000014a7e000 JavaThread "Service Thread" daemon [_thread_blocked, id=8276, stack(0x0000000016750000,0x0000000016850000)]
  0x0000000014a7c000 JavaThread "C1 CompilerThread2" daemon [_thread_blocked, id=4848, stack(0x0000000016250000,0x0000000016350000)]
  0x0000000014a20000 JavaThread "C2 CompilerThread1" daemon [_thread_in_native, id=4184, stack(0x0000000016150000,0x0000000016250000)]
  0x0000000014a1c800 JavaThread "C2 CompilerThread0" daemon [_thread_blocked, id=6148, stack(0x0000000016050000,0x0000000016150000)]
  0x0000000014a1b000 JavaThread "Attach Listener" daemon [_thread_blocked, id=1628, stack(0x0000000015f50000,0x0000000016050000)]
  0x0000000014a19800 JavaThread "Signal Dispatcher" daemon [_thread_blocked, id=9736, stack(0x0000000015e50000,0x0000000015f50000)]
  0x0000000002340000 JavaThread "Finalizer" daemon [_thread_blocked, id=1508, stack(0x0000000015c70000,0x0000000015d70000)]
  0x000000000233d000 JavaThread "Reference Handler" daemon [_thread_blocked, id=5264, stack(0x0000000015b70000,0x0000000015c70000)]
=>0x0000000002250800 JavaThread "main" [_thread_in_Java, id=10056, stack(0x0000000002150000,0x0000000002250000)]

Other Threads:
  0x00000000149e8000 VMThread [stack: 0x0000000015a70000,0x0000000015b70000] [id=8016]
  0x0000000016356000 WatcherThread [stack: 0x0000000016850000,0x0000000016950000] [id=5012]

VM state:not at safepoint (normal execution)

VM Mutex/Monitor currently owned by a thread: None

Heap:
 PSYoungGen      total 71680K, used 24582K [0x00000000eab00000, 0x00000000f3700000, 0x0000000100000000)
  eden space 66560K, 29% used [0x00000000eab00000,0x00000000ebe03878,0x00000000eec00000)
  from space 5120K, 99% used [0x00000000eec00000,0x00000000ef0fdff8,0x00000000ef100000)
  to   space 5120K, 0% used [0x00000000f3200000,0x00000000f3200000,0x00000000f3700000)
 ParOldGen       total 87552K, used 15799K [0x00000000c0000000, 0x00000000c5580000, 0x00000000eab00000)
  object space 87552K, 18% used [0x00000000c0000000,0x00000000c0f6df48,0x00000000c5580000)
 Metaspace       used 6668K, capacity 7512K, committed 7680K, reserved 1056768K
  class space    used 626K, capacity 656K, committed 768K, reserved 1048576K

Card table byte_map: [0x0000000011710000,0x0000000011920000] byte_map_base: 0x0000000011110000

Marking Bits: (ParMarkBitMap*) 0x0000000066f7a5b0
 Begin Bits: [0x0000000011e80000, 0x0000000012e80000)
 End Bits:   [0x0000000012e80000, 0x0000000013e80000)

Polling page: 0x00000000008b0000

CodeCache: size=245760Kb used=9884Kb max_used=9884Kb free=235875Kb
 bounds [0x0000000002350000, 0x0000000002d10000, 0x0000000011350000]
 total_blobs=2538 nmethods=2269 adapters=183
 compilation: enabled

Compilation events (10 events):
Event: 16.671 Thread 0x0000000014a7c000 2341       3       com.android.dx.dex.file.EncodedField::encode (157 bytes)
Event: 16.673 Thread 0x0000000014a7c000 nmethod 2341 0x0000000002cf80d0 code [0x0000000002cf84a0, 0x0000000002cfa5b8]
Event: 16.674 Thread 0x0000000014a7c000 2342       3       com.android.dx.dex.file.ClassDataItem::encodeSize (62 bytes)
Event: 16.676 Thread 0x0000000014a7c000 nmethod 2342 0x0000000002cfb990 code [0x0000000002cfbca0, 0x0000000002cfd428]
Event: 16.676 Thread 0x0000000014a7c000 2343       3       com.android.dx.dex.file.ClassDataItem::encodeList (92 bytes)
Event: 16.677 Thread 0x0000000014a7c000 nmethod 2343 0x0000000002cfe210 code [0x0000000002cfe480, 0x0000000002cff478]
Event: 16.682 Thread 0x0000000014a7c000 2344       3       com.android.dx.dex.file.StringIdItem::itemType (4 bytes)
Event: 16.682 Thread 0x0000000014a7c000 nmethod 2344 0x0000000002cffe50 code [0x0000000002cfffa0, 0x0000000002d000f0]
Event: 16.682 Thread 0x0000000014a7c000 2345       1       com.android.dx.dex.file.StringIdItem::itemType (4 bytes)
Event: 16.682 Thread 0x0000000014a7c000 nmethod 2345 0x0000000002cd9050 code [0x0000000002cd91a0, 0x0000000002cd92b0]

GC Heap History (6 events):
Event: 2.651 GC heap before
{Heap before GC invocations=1 (full 0):
 PSYoungGen      total 38400K, used 33280K [0x00000000eab00000, 0x00000000ed580000, 0x0000000100000000)
  eden space 33280K, 100% used [0x00000000eab00000,0x00000000ecb80000,0x00000000ecb80000)
  from space 5120K, 0% used [0x00000000ed080000,0x00000000ed080000,0x00000000ed580000)
  to   space 5120K, 0% used [0x00000000ecb80000,0x00000000ecb80000,0x00000000ed080000)
 ParOldGen       total 87552K, used 0K [0x00000000c0000000, 0x00000000c5580000, 0x00000000eab00000)
  object space 87552K, 0% used [0x00000000c0000000,0x00000000c0000000,0x00000000c5580000)
 Metaspace       used 5998K, capacity 6896K, committed 7040K, reserved 1056768K
  class space    used 600K, capacity 616K, committed 640K, reserved 1048576K
Event: 2.843 GC heap after
Heap after GC invocations=1 (full 0):
 PSYoungGen      total 38400K, used 5092K [0x00000000eab00000, 0x00000000ef600000, 0x0000000100000000)
  eden space 33280K, 0% used [0x00000000eab00000,0x00000000eab00000,0x00000000ecb80000)
  from space 5120K, 99% used [0x00000000ecb80000,0x00000000ed0791d0,0x00000000ed080000)
  to   space 5120K, 0% used [0x00000000ef100000,0x00000000ef100000,0x00000000ef600000)
 ParOldGen       total 87552K, used 1227K [0x00000000c0000000, 0x00000000c5580000, 0x00000000eab00000)
  object space 87552K, 1% used [0x00000000c0000000,0x00000000c0132f40,0x00000000c5580000)
 Metaspace       used 5998K, capacity 6896K, committed 7040K, reserved 1056768K
  class space    used 600K, capacity 616K, committed 640K, reserved 1048576K
}
Event: 4.253 GC heap before
{Heap before GC invocations=2 (full 0):
 PSYoungGen      total 38400K, used 38372K [0x00000000eab00000, 0x00000000ef600000, 0x0000000100000000)
  eden space 33280K, 100% used [0x00000000eab00000,0x00000000ecb80000,0x00000000ecb80000)
  from space 5120K, 99% used [0x00000000ecb80000,0x00000000ed0791d0,0x00000000ed080000)
  to   space 5120K, 0% used [0x00000000ef100000,0x00000000ef100000,0x00000000ef600000)
 ParOldGen       total 87552K, used 1227K [0x00000000c0000000, 0x00000000c5580000, 0x00000000eab00000)
  object space 87552K, 1% used [0x00000000c0000000,0x00000000c0132f40,0x00000000c5580000)
 Metaspace       used 6181K, capacity 7088K, committed 7296K, reserved 1056768K
  class space    used 602K, capacity 616K, committed 640K, reserved 1048576K
Event: 4.577 GC heap after
Heap after GC invocations=2 (full 0):
 PSYoungGen      total 71680K, used 5103K [0x00000000eab00000, 0x00000000ef600000, 0x0000000100000000)
  eden space 66560K, 0% used [0x00000000eab00000,0x00000000eab00000,0x00000000eec00000)
  from space 5120K, 99% used [0x00000000ef100000,0x00000000ef5fbf70,0x00000000ef600000)
  to   space 5120K, 0% used [0x00000000eec00000,0x00000000eec00000,0x00000000ef100000)
 ParOldGen       total 87552K, used 5684K [0x00000000c0000000, 0x00000000c5580000, 0x00000000eab00000)
  object space 87552K, 6% used [0x00000000c0000000,0x00000000c058d1f8,0x00000000c5580000)
 Metaspace       used 6181K, capacity 7088K, committed 7296K, reserved 1056768K
  class space    used 602K, capacity 616K, committed 640K, reserved 1048576K
}
Event: 9.725 GC heap before
{Heap before GC invocations=3 (full 0):
 PSYoungGen      total 71680K, used 71663K [0x00000000eab00000, 0x00000000ef600000, 0x0000000100000000)
  eden space 66560K, 100% used [0x00000000eab00000,0x00000000eec00000,0x00000000eec00000)
  from space 5120K, 99% used [0x00000000ef100000,0x00000000ef5fbf70,0x00000000ef600000)
  to   space 5120K, 0% used [0x00000000eec00000,0x00000000eec00000,0x00000000ef100000)
 ParOldGen       total 87552K, used 5684K [0x00000000c0000000, 0x00000000c5580000, 0x00000000eab00000)
  object space 87552K, 6% used [0x00000000c0000000,0x00000000c058d1f8,0x00000000c5580000)
 Metaspace       used 6271K, capacity 7152K, committed 7296K, reserved 1056768K
  class space    used 603K, capacity 616K, committed 640K, reserved 1048576K
Event: 10.416 GC heap after
Heap after GC invocations=3 (full 0):
 PSYoungGen      total 71680K, used 5111K [0x00000000eab00000, 0x00000000f3700000, 0x0000000100000000)
  eden space 66560K, 0% used [0x00000000eab00000,0x00000000eab00000,0x00000000eec00000)
  from space 5120K, 99% used [0x00000000eec00000,0x00000000ef0fdff8,0x00000000ef100000)
  to   space 5120K, 0% used [0x00000000f3200000,0x00000000f3200000,0x00000000f3700000)
 ParOldGen       total 87552K, used 15799K [0x00000000c0000000, 0x00000000c5580000, 0x00000000eab00000)
  object space 87552K, 18% used [0x00000000c0000000,0x00000000c0f6df48,0x00000000c5580000)
 Metaspace       used 6271K, capacity 7152K, committed 7296K, reserved 1056768K
  class space    used 603K, capacity 616K, committed 640K, reserved 1048576K
}

Deoptimization events (10 events):
Event: 12.211 Thread 0x0000000002250800 Uncommon trap: reason=unstable_if action=reinterpret pc=0x0000000002b9d5f4 method=java.util.HashMap.putVal(ILjava/lang/Object;Ljava/lang/Object;ZZ)Ljava/lang/Object; @ 94
Event: 14.770 Thread 0x0000000002250800 Uncommon trap: reason=speculate_class_check action=maybe_recompile pc=0x00000000026f6260 method=com.android.dx.util.FixedSizeList.equals(Ljava/lang/Object;)Z @ 25
Event: 14.770 Thread 0x0000000002250800 Uncommon trap: reason=class_check action=maybe_recompile pc=0x00000000026dd048 method=java.util.Arrays.equals([Ljava/lang/Object;[Ljava/lang/Object;)Z @ 62
Event: 14.770 Thread 0x0000000002250800 Uncommon trap: reason=speculate_class_check action=maybe_recompile pc=0x00000000026f6260 method=com.android.dx.util.FixedSizeList.equals(Ljava/lang/Object;)Z @ 25
Event: 14.770 Thread 0x0000000002250800 Uncommon trap: reason=unstable_if action=reinterpret pc=0x00000000026dd07c method=java.util.Arrays.equals([Ljava/lang/Object;[Ljava/lang/Object;)Z @ 23
Event: 14.920 Thread 0x0000000002250800 Uncommon trap: reason=speculate_class_check action=maybe_recompile pc=0x00000000026f6260 method=com.android.dx.util.FixedSizeList.equals(Ljava/lang/Object;)Z @ 25
Event: 14.920 Thread 0x0000000002250800 Uncommon trap: reason=speculate_class_check action=maybe_recompile pc=0x00000000026f6260 method=com.android.dx.util.FixedSizeList.equals(Ljava/lang/Object;)Z @ 25
Event: 15.957 Thread 0x0000000002250800 Uncommon trap: reason=unstable_if action=reinterpret pc=0x0000000002b3abdc method=java.util.TreeMap.put(Ljava/lang/Object;Ljava/lang/Object;)Ljava/lang/Object; @ 163
Event: 16.337 Thread 0x0000000002250800 Uncommon trap: reason=unstable_if action=reinterpret pc=0x0000000002c622d8 method=java.util.ArrayList.<init>(I)V @ 5
Event: 16.652 Thread 0x0000000002250800 Uncommon trap: reason=unstable_if action=reinterpret pc=0x000000000259effc method=java.lang.Long.numberOfTrailingZeros(J)I @ 3

Internal exceptions (7 events):
Event: 0.073 Thread 0x0000000002250800 Exception <a 'java/lang/NoSuchMethodError': Method sun.misc.Unsafe.defineClass(Ljava/lang/String;[BII)Ljava/lang/Class; name or signature does not match> (0x00000000eab0d2e0) thrown at [C:\workspace\8-2-build-windows-amd64-cygwin\jdk8u65\4987\hotspot\src\sæò‡96­²?
Event: 0.073 Thread 0x0000000002250800 Exception <a 'java/lang/NoSuchMethodError': Method sun.misc.Unsafe.prefetchRead(Ljava/lang/Object;J)V name or signature does not match> (0x00000000eab0d5c8) thrown at [C:\workspace\8-2-build-windows-amd64-cygwin\jdk8u65\4987\hotspot\src\share\vm\prims\jni.½¼F‹¥@
Event: 2.331 Thread 0x00000000165bf800 Implicit null exception at 0x00000000026797a2 to 0x0000000002679841
Event: 3.101 Thread 0x00000000165bb800 Implicit null exception at 0x0000000002652f32 to 0x0000000002654631
Event: 10.466 Thread 0x00000000165bf800 Implicit null exception at 0x0000000002ac7480 to 0x0000000002ac8b21
Event: 10.471 Thread 0x00000000165bf800 Implicit null exception at 0x00000000028c2d66 to 0x00000000028c414d
Event: 10.471 Thread 0x00000000165bf800 Implicit null exception at 0x0000000002ad6aa8 to 0x0000000002ad7cc1

Events (10 events):
Event: 16.337 Thread 0x0000000002250800 DEOPT UNPACKING pc=0x000000000239556a sp=0x000000000224f0e8 mode 2
Event: 16.338 loading class com/android/dx/dex/file/DebugInfoEncoder$2
Event: 16.338 loading class com/android/dx/dex/file/DebugInfoEncoder$2 done
Event: 16.475 loading class com/android/dex/EncodedValueCodec
Event: 16.475 loading class com/android/dex/EncodedValueCodec done
Event: 16.652 Thread 0x0000000002250800 Uncommon trap: trap_request=0xffffff65 fr.pc=0x000000000259effc
Event: 16.652 Thread 0x0000000002250800 DEOPT PACKING pc=0x000000000259effc sp=0x000000000224f210
Event: 16.652 Thread 0x0000000002250800 DEOPT UNPACKING pc=0x000000000239556a sp=0x000000000224f1a0 mode 2
Event: 16.681 loading class com/android/dx/dex/file/MapItem
Event: 16.681 loading class com/android/dx/dex/file/MapItem done


Dynamic libraries:
0x00007ff70d990000 - 0x00007ff70d9c7000 	C:\Program Files\Java\jdk1.8.0_65\bin\java.exe
0x00007ffb631d0000 - 0x00007ffb63391000 	C:\Windows\SYSTEM32\ntdll.dll
0x00007ffb60b60000 - 0x00007ffb60c0d000 	C:\Windows\system32\KERNEL32.DLL
0x00007ffb5f880000 - 0x00007ffb5fa68000 	C:\Windows\system32\KERNELBASE.dll
0x00007ffb616f0000 - 0x00007ffb61797000 	C:\Windows\system32\ADVAPI32.dll
0x00007ffb617a0000 - 0x00007ffb6183d000 	C:\Windows\system32\msvcrt.dll
0x00007ffb61ba0000 - 0x00007ffb61bfb000 	C:\Windows\system32\sechost.dll
0x00007ffb605d0000 - 0x00007ffb606ec000 	C:\Windows\system32\RPCRT4.dll
0x00007ffb61170000 - 0x00007ffb612c6000 	C:\Windows\system32\USER32.dll
0x00007ffb61550000 - 0x00007ffb616d6000 	C:\Windows\system32\GDI32.dll
0x00007ffb561a0000 - 0x00007ffb56414000 	C:\Windows\WinSxS\amd64_microsoft.windows.common-controls_6595b64144ccf1df_6.0.10586.0_none_8c15ae12515e1c22\COMCTL32.dll
0x00007ffb60840000 - 0x00007ffb60abd000 	C:\Windows\system32\combase.dll
0x00007ffb60410000 - 0x00007ffb6047a000 	C:\Windows\system32\bcryptPrimitives.dll
0x00007ffb60ac0000 - 0x00007ffb60afb000 	C:\Windows\system32\IMM32.DLL
0x00000000663b0000 - 0x0000000066482000 	C:\Program Files\Java\jdk1.8.0_65\jre\bin\msvcr100.dll
0x0000000066770000 - 0x0000000066ff9000 	C:\Program Files\Java\jdk1.8.0_65\jre\bin\server\jvm.dll
0x00007ffb613e0000 - 0x00007ffb613e8000 	C:\Windows\system32\PSAPI.DLL
0x00007ffb4ded0000 - 0x00007ffb4ded9000 	C:\Windows\SYSTEM32\WSOCK32.dll
0x00007ffb61860000 - 0x00007ffb618cb000 	C:\Windows\system32\WS2_32.dll
0x00007ffb5da40000 - 0x00007ffb5da63000 	C:\Windows\SYSTEM32\WINMM.dll
0x00007ffb5d9e0000 - 0x00007ffb5da0c000 	C:\Windows\SYSTEM32\WINMMBASE.dll
0x00007ffb5fba0000 - 0x00007ffb5fbe3000 	C:\Windows\system32\cfgmgr32.dll
0x00007ffb5bd00000 - 0x00007ffb5bd0a000 	C:\Windows\SYSTEM32\VERSION.dll
0x0000000068000000 - 0x000000006800f000 	C:\Program Files\Java\jdk1.8.0_65\jre\bin\verify.dll
0x0000000067fd0000 - 0x0000000067ff9000 	C:\Program Files\Java\jdk1.8.0_65\jre\bin\java.dll
0x0000000067fb0000 - 0x0000000067fc6000 	C:\Program Files\Java\jdk1.8.0_65\jre\bin\zip.dll
0x00007ffb61c70000 - 0x00007ffb631cc000 	C:\Windows\system32\SHELL32.dll
0x00007ffb5fbf0000 - 0x00007ffb60235000 	C:\Windows\system32\windows.storage.dll
0x00007ffb60c10000 - 0x00007ffb60c62000 	C:\Windows\system32\shlwapi.dll
0x00007ffb5f7f0000 - 0x00007ffb5f7ff000 	C:\Windows\system32\kernel.appcore.dll
0x00007ffb60480000 - 0x00007ffb60535000 	C:\Windows\system32\shcore.dll
0x00007ffb5f820000 - 0x00007ffb5f86b000 	C:\Windows\system32\powrprof.dll
0x00007ffb5f800000 - 0x00007ffb5f814000 	C:\Windows\system32\profapi.dll
0x00007ffb48090000 - 0x00007ffb4821c000 	C:\Windows\SYSTEM32\dbghelp.dll

VM Arguments:
jvm_args: -Djava.awt.headless=true -Xmx1024M -Dfile.encoding=windows-1252 -Duser.country=US -Duser.language=en -Duser.variant 
java_command: com.android.dx.command.Main --dex --num-threads=4 --output C:\Users\Bryan\StudioProjects\Pub15212\app\build\intermediates\pre-dexed\debug\com.android.support-design-23.3.0_26f91786c74292982433596b797e208c49d89a39.jar C:\Users\Bryan\StudioProjects\Pub15212\app\build\intermediates\exploded-aar\com.android.support\design\23.3.0\jars\classes.jar
java_class_path (initial): C:\Users\Bryan\AppData\Local\Android\sdk\build-tools\23.0.2\lib\dx.jar
Launcher Type: SUN_STANDARD

Environment Variables:
PATH=C:\ProgramData\Oracle\Java\javapath;C:\Windows\system32;C:\Windows;C:\Windows\System32\Wbem;C:\Windows\System32\WindowsPowerShell\v1.0\;C:\Program Files (x86)\ATI Technologies\ATI.ACE\Core-Static;C:\Program Files\Git\cmd;C:\Program Files (x86)\GNU\GnuPG\pub
USERNAME=Bryan
OS=Windows_NT
PROCESSOR_IDENTIFIER=Intel64 Family 6 Model 15 Stepping 11, GenuineIntel



---------------  S Y S T E M  ---------------

OS: Windows 10.0 , 64 bit Build 10586 (10.0.10586.0)

CPU:total 4 (4 cores per cpu, 1 threads per core) family 6 model 15 stepping 11, cmov, cx8, fxsr, mmx, sse, sse2, sse3, ssse3, tsc

Memory: 4k page, physical 8386804k(3439044k free), swap 16775412k(9695836k free)

vm_info: Java HotSpot(TM) 64-Bit Server VM (25.65-b01) for windows-amd64 JRE (1.8.0_65-b17), built on Oct  6 2015 16:39:20 by "java_re" with MS VC++ 10.0 (VS2010)

time: Wed Apr 27 19:43:13 2016
elapsed time: 16 seconds (0d 0h 0m 16s)

