#
# A fatal error has been detected by the Java Runtime Environment:
#
#  EXCEPTION_ACCESS_VIOLATION (0xc0000005) at pc=0xffffffffa32f5120, pid=4964, tid=7784
#
# JRE version: Java(TM) SE Runtime Environment (8.0_65-b17) (build 1.8.0_65-b17)
# Java VM: Java HotSpot(TM) 64-Bit Server VM (25.65-b01 mixed mode windows-amd64 compressed oops)
# Problematic frame:
# C  0xffffffffa32f5120
#
# Failed to write core dump. Minidumps are not enabled by default on client versions of Windows
#
# If you would like to submit a bug report, please visit:
#   http://bugreport.java.com/bugreport/crash.jsp
#

---------------  T H R E A D  ---------------

Current thread (0x00000000020cd800):  JavaThread "main" [_thread_in_Java, id=7784, stack(0x00000000020f0000,0x00000000021f0000)]

siginfo: ExceptionCode=0xc0000005, ExceptionInformation=0x0000000000000008 0xffffffffa32f5120

Registers:
RAX=0x000000001445f0b0, RBX=0x000000001445f0b0, RCX=0x00000000ecd84dd8, RDX=0x00000000ecd84dd8
RSP=0x00000000021ef228, RBP=0x00000000021ef290, RSI=0x0000000000000326, RDI=0x0000000000000ef0
R8 =0x0000000000000001, R9 =0x00000000c0002000, R10=0x0000000066f62140, R11=0x0000000002473340
R12=0x0000000000000000, R13=0x00000000021ef240, R14=0x00000000021ef2e0, R15=0x00000000020cd800
RIP=0xffffffffa32f5120, EFLAGS=0x0000000000010206

Top of Stack: (sp=0x00000000021ef228)
0x00000000021ef228:   00000000022f7a2d 00000000021ef2b0
0x00000000021ef238:   00000000022f7a2d 0000000000000001
0x00000000021ef248:   00000000ecd84dd8 00000000021ef250
0x00000000021ef258:   000000001446631e 00000000021ef2e0
0x00000000021ef268:   0000000014467c88 0000000000000000
0x00000000021ef278:   00000000144663b8 00000000021ef240
0x00000000021ef288:   00000000021ef2d0 00000000021ef328
0x00000000021ef298:   00000000022f7a2d 00000000000008e5
0x00000000021ef2a8:   00000000eb61fe30 000000000000000f
0x00000000021ef2b8:   0000000000000017 00000000eb61fc58
0x00000000021ef2c8:   00000000000008e4 00000000eb61fc58
0x00000000021ef2d8:   00000000ecf88668 00000000ecb817e8
0x00000000021ef2e8:   00000000021ef2e8 00000000144661db
0x00000000021ef2f8:   00000000021ef370 0000000014467c88
0x00000000021ef308:   0000000000000000 0000000014466268
0x00000000021ef318:   00000000021ef2d0 00000000021ef358 

Instructions: (pc=0xffffffffa32f5120)
0xffffffffa32f5100:   
[error occurred during error reporting (printing registers, top of stack, instructions near pc), id 0xc0000005]

Register to memory mapping:

RAX={method} {0x000000001445f0b8} 'writeUleb128' '(I)V' in 'com/android/dex/Dex$Section'
RBX={method} {0x000000001445f0b8} 'writeUleb128' '(I)V' in 'com/android/dex/Dex$Section'
RCX=0x00000000ecd84dd8 is an oop
com.android.dex.Dex$Section 
 - klass: 'com/android/dex/Dex$Section'
RDX=0x00000000ecd84dd8 is an oop
com.android.dex.Dex$Section 
 - klass: 'com/android/dex/Dex$Section'
RSP=0x00000000021ef228 is pointing into the stack for thread: 0x00000000020cd800
RBP=0x00000000021ef290 is pointing into the stack for thread: 0x00000000020cd800
RSI=0x0000000000000326 is an unknown value
RDI=0x0000000000000ef0 is an unknown value
R8 =0x0000000000000001 is an unknown value
R9 =0x00000000c0002000 is an oop
[B 
 - klass: {type array byte}
 - length: 3514528
R10=0x0000000066f62140 is an unknown value
R11=0x0000000002473340 is at entry_point+32 in (nmethod*)0x0000000002473110
R12=0x0000000000000000 is an unknown value
R13=0x00000000021ef240 is pointing into the stack for thread: 0x00000000020cd800
R14=0x00000000021ef2e0 is pointing into the stack for thread: 0x00000000020cd800
R15=0x00000000020cd800 is a thread


Stack: [0x00000000020f0000,0x00000000021f0000],  sp=0x00000000021ef228,  free space=1020k
Native frames: (J=compiled Java code, j=interpreted, Vv=VM code, C=native code)
C  0xffffffffa32f5120


---------------  P R O C E S S  ---------------

Java Threads: ( => current thread )
  0x0000000016325000 JavaThread "Service Thread" daemon [_thread_blocked, id=9572, stack(0x0000000016700000,0x0000000016800000)]
  0x00000000149c9000 JavaThread "C1 CompilerThread2" daemon [_thread_blocked, id=9448, stack(0x0000000016200000,0x0000000016300000)]
  0x00000000149c2000 JavaThread "C2 CompilerThread1" daemon [_thread_in_native, id=5084, stack(0x0000000016100000,0x0000000016200000)]
  0x00000000149be800 JavaThread "C2 CompilerThread0" daemon [_thread_in_native, id=8360, stack(0x0000000016000000,0x0000000016100000)]
  0x00000000149bc800 JavaThread "Attach Listener" daemon [_thread_blocked, id=252, stack(0x0000000015f00000,0x0000000016000000)]
  0x00000000149bb800 JavaThread "Signal Dispatcher" daemon [_thread_blocked, id=6228, stack(0x0000000015e00000,0x0000000015f00000)]
  0x00000000022e6800 JavaThread "Finalizer" daemon [_thread_blocked, id=5272, stack(0x0000000015c20000,0x0000000015d20000)]
  0x00000000022de000 JavaThread "Reference Handler" daemon [_thread_blocked, id=8548, stack(0x0000000015b20000,0x0000000015c20000)]
=>0x00000000020cd800 JavaThread "main" [_thread_in_Java, id=7784, stack(0x00000000020f0000,0x00000000021f0000)]

Other Threads:
  0x0000000014987800 VMThread [stack: 0x0000000015a20000,0x0000000015b20000] [id=1292]
  0x0000000016349800 WatcherThread [stack: 0x0000000016800000,0x0000000016900000] [id=8500]

VM state:not at safepoint (normal execution)

VM Mutex/Monitor currently owned by a thread: None

Heap:
 PSYoungGen      total 38400K, used 16855K [0x00000000eab00000, 0x00000000ef600000, 0x0000000100000000)
  eden space 33280K, 35% used [0x00000000eab00000,0x00000000eb6b11d8,0x00000000ecb80000)
  from space 5120K, 95% used [0x00000000ecb80000,0x00000000ed044a70,0x00000000ed080000)
  to   space 5120K, 0% used [0x00000000ef100000,0x00000000ef100000,0x00000000ef600000)
 ParOldGen       total 87552K, used 10304K [0x00000000c0000000, 0x00000000c5580000, 0x00000000eab00000)
  object space 87552K, 11% used [0x00000000c0000000,0x00000000c0a10210,0x00000000c5580000)
 Metaspace       used 4343K, capacity 5424K, committed 5632K, reserved 1056768K
  class space    used 471K, capacity 488K, committed 512K, reserved 1048576K

Card table byte_map: [0x00000000116b0000,0x00000000118c0000] byte_map_base: 0x00000000110b0000

Marking Bits: (ParMarkBitMap*) 0x0000000066f7a5b0
 Begin Bits: [0x0000000011e20000, 0x0000000012e20000)
 End Bits:   [0x0000000012e20000, 0x0000000013e20000)

Polling page: 0x00000000009a0000

CodeCache: size=245760Kb used=2562Kb max_used=2574Kb free=243197Kb
 bounds [0x00000000022f0000, 0x0000000002580000, 0x00000000112f0000]
 total_blobs=976 nmethods=716 adapters=175
 compilation: enabled

Compilation events (10 events):
Event: 0.837 Thread 0x00000000149c9000  726       2       com.android.dx.io.instructions.DecodedInstruction::getLiteralNibble (64 bytes)
Event: 0.838 Thread 0x00000000149c9000 nmethod 726 0x0000000002571fd0 code [0x0000000002572180, 0x00000000025725e8]
Event: 0.838 Thread 0x00000000149be800 nmethod 536 0x0000000002572850 code [0x00000000025729a0, 0x0000000002572c98]
Event: 0.838 Thread 0x00000000149be800  725   !   4       com.android.dx.io.OpcodeInfo::get (50 bytes)
Event: 0.838 Thread 0x00000000149c9000  727       2       com.android.dx.merge.InstructionTransformer$TypeVisitor::visit (63 bytes)
Event: 0.838 Thread 0x00000000149be800 nmethod 725 0x000000000256f090 code [0x000000000256f1c0, 0x000000000256f258]
Event: 0.838 Thread 0x00000000149be800  576   !   4       com.android.dex.Dex$Section::writeUleb128 (55 bytes)
Event: 0.838 Thread 0x00000000149c9000 nmethod 727 0x0000000002571810 code [0x00000000025719a0, 0x0000000002571c98]
Event: 0.839 Thread 0x00000000149be800 nmethod 576 0x0000000002570050 code [0x00000000025701a0, 0x0000000002570248]
Event: 0.839 Thread 0x00000000149be800  602       4       com.android.dex.Dex$Section::readUleb128 (5 bytes)

GC Heap History (2 events):
Event: 0.485 GC heap before
{Heap before GC invocations=1 (full 0):
 PSYoungGen      total 38400K, used 33280K [0x00000000eab00000, 0x00000000ed580000, 0x0000000100000000)
  eden space 33280K, 100% used [0x00000000eab00000,0x00000000ecb80000,0x00000000ecb80000)
  from space 5120K, 0% used [0x00000000ed080000,0x00000000ed080000,0x00000000ed580000)
  to   space 5120K, 0% used [0x00000000ecb80000,0x00000000ecb80000,0x00000000ed080000)
 ParOldGen       total 87552K, used 0K [0x00000000c0000000, 0x00000000c5580000, 0x00000000eab00000)
  object space 87552K, 0% used [0x00000000c0000000,0x00000000c0000000,0x00000000c5580000)
 Metaspace       used 3874K, capacity 5008K, committed 5120K, reserved 1056768K
  class space    used 422K, capacity 456K, committed 512K, reserved 1048576K
Event: 0.502 GC heap after
Heap after GC invocations=1 (full 0):
 PSYoungGen      total 38400K, used 4882K [0x00000000eab00000, 0x00000000ef600000, 0x0000000100000000)
  eden space 33280K, 0% used [0x00000000eab00000,0x00000000eab00000,0x00000000ecb80000)
  from space 5120K, 95% used [0x00000000ecb80000,0x00000000ed044a70,0x00000000ed080000)
  to   space 5120K, 0% used [0x00000000ef100000,0x00000000ef100000,0x00000000ef600000)
 ParOldGen       total 87552K, used 10304K [0x00000000c0000000, 0x00000000c5580000, 0x00000000eab00000)
  object space 87552K, 11% used [0x00000000c0000000,0x00000000c0a10210,0x00000000c5580000)
 Metaspace       used 3874K, capacity 5008K, committed 5120K, reserved 1056768K
  class space    used 422K, capacity 456K, committed 512K, reserved 1048576K
}

Deoptimization events (10 events):
Event: 0.464 Thread 0x00000000020cd800 Uncommon trap: reason=bimorphic action=maybe_recompile pc=0x00000000024b3074 method=com.android.dx.merge.DexMerger$IdMerger.readIntoMap(Lcom/android/dex/Dex$Section;Lcom/android/dex/TableOfContents$Section;Lcom/android/dx/merge/IndexMap;ILjava/util/TreeMapê:¢àb‚?
Event: 0.575 Thread 0x00000000020cd800 Uncommon trap: reason=class_check action=maybe_recompile pc=0x0000000002487270 method=com.android.dex.Leb128.readUnsignedLeb128(Lcom/android/dex/util/ByteInput;)I @ 5
Event: 0.575 Thread 0x00000000020cd800 Uncommon trap: reason=class_check action=maybe_recompile pc=0x0000000002487270 method=com.android.dex.Leb128.readUnsignedLeb128(Lcom/android/dex/util/ByteInput;)I @ 5
Event: 0.575 Thread 0x00000000020cd800 Uncommon trap: reason=predicate action=maybe_recompile pc=0x0000000002489b08 method=com.android.dex.Leb128.writeUnsignedLeb128(Lcom/android/dex/util/ByteOutput;I)V @ 9
Event: 0.575 Thread 0x00000000020cd800 Uncommon trap: reason=class_check action=maybe_recompile pc=0x0000000002487270 method=com.android.dex.Leb128.readUnsignedLeb128(Lcom/android/dex/util/ByteInput;)I @ 5
Event: 0.575 Thread 0x00000000020cd800 Uncommon trap: reason=class_check action=maybe_recompile pc=0x0000000002487270 method=com.android.dex.Leb128.readUnsignedLeb128(Lcom/android/dex/util/ByteInput;)I @ 5
Event: 0.587 Thread 0x00000000020cd800 Uncommon trap: reason=predicate action=maybe_recompile pc=0x00000000024ed3e8 method=com.android.dex.Leb128.readUnsignedLeb128(Lcom/android/dex/util/ByteInput;)I @ 41
Event: 0.640 Thread 0x00000000020cd800 Uncommon trap: reason=unstable_if action=reinterpret pc=0x00000000024fa89c method=com.android.dex.EncodedValueCodec.readUnsignedInt(Lcom/android/dex/util/ByteInput;IZ)I @ 3
Event: 0.772 Thread 0x00000000020cd800 Uncommon trap: reason=unstable_if action=reinterpret pc=0x0000000002513afc method=java.util.HashMap.getNode(ILjava/lang/Object;)Ljava/util/HashMap$Node; @ 84
Event: 0.775 Thread 0x00000000020cd800 Uncommon trap: reason=unstable_if action=reinterpret pc=0x00000000024cc6b4 method=com.android.dx.merge.IndexMap.adjustString(I)I @ 2

Internal exceptions (2 events):
Event: 0.049 Thread 0x00000000020cd800 Exception <a 'java/lang/NoSuchMethodError': Method sun.misc.Unsafe.defineClass(Ljava/lang/String;[BII)Ljava/lang/Class; name or signature does not match> (0x00000000eab0e010) thrown at [C:\workspace\8-2-build-windows-amd64-cygwin\jdk8u65\4987\hotspot\src\s˛§srÊ"©?
Event: 0.049 Thread 0x00000000020cd800 Exception <a 'java/lang/NoSuchMethodError': Method sun.misc.Unsafe.prefetchRead(Ljava/lang/Object;J)V name or signature does not match> (0x00000000eab0e2f8) thrown at [C:\workspace\8-2-build-windows-amd64-cygwin\jdk8u65\4987\hotspot\src\share\vm\prims\jni.

Events (10 events):
Event: 0.771 loading class com/android/dx/io/instructions/ShortArrayCodeOutput
Event: 0.771 loading class com/android/dx/io/instructions/ShortArrayCodeOutput done
Event: 0.772 Thread 0x00000000020cd800 Uncommon trap: trap_request=0xffffff65 fr.pc=0x0000000002513afc
Event: 0.772 Thread 0x00000000020cd800 DEOPT PACKING pc=0x0000000002513afc sp=0x00000000021ef240
Event: 0.772 Thread 0x00000000020cd800 DEOPT UNPACKING pc=0x000000000233556a sp=0x00000000021ef1b8 mode 2
Event: 0.775 Thread 0x00000000020cd800 Uncommon trap: trap_request=0xffffff65 fr.pc=0x00000000024cc6b4
Event: 0.775 Thread 0x00000000020cd800 DEOPT PACKING pc=0x00000000024cc6b4 sp=0x00000000021ef0a0
Event: 0.775 Thread 0x00000000020cd800 DEOPT UNPACKING pc=0x000000000233556a sp=0x00000000021ef040 mode 2
Event: 0.824 Thread 0x00000000020cd800 DEOPT PACKING pc=0x000000000249a697 sp=0x00000000021ef0b0
Event: 0.824 Thread 0x00000000020cd800 DEOPT UNPACKING pc=0x00000000023371bf sp=0x00000000021eedf0 mode 0


Dynamic libraries:
0x00007ff70d990000 - 0x00007ff70d9c7000 	C:\Program Files\Java\jdk1.8.0_65\bin\java.exe
0x00007ffb631d0000 - 0x00007ffb63391000 	C:\Windows\SYSTEM32\ntdll.dll
0x00007ffb60b60000 - 0x00007ffb60c0d000 	C:\Windows\system32\KERNEL32.DLL
0x00007ffb5f880000 - 0x00007ffb5fa68000 	C:\Windows\system32\KERNELBASE.dll
0x00007ffb616f0000 - 0x00007ffb61797000 	C:\Windows\system32\ADVAPI32.dll
0x00007ffb617a0000 - 0x00007ffb6183d000 	C:\Windows\system32\msvcrt.dll
0x00007ffb61ba0000 - 0x00007ffb61bfb000 	C:\Windows\system32\sechost.dll
0x00007ffb605d0000 - 0x00007ffb606ec000 	C:\Windows\system32\RPCRT4.dll
0x00007ffb61170000 - 0x00007ffb612c6000 	C:\Windows\system32\USER32.dll
0x00007ffb61550000 - 0x00007ffb616d6000 	C:\Windows\system32\GDI32.dll
0x00007ffb561a0000 - 0x00007ffb56414000 	C:\Windows\WinSxS\amd64_microsoft.windows.common-controls_6595b64144ccf1df_6.0.10586.0_none_8c15ae12515e1c22\COMCTL32.dll
0x00007ffb60840000 - 0x00007ffb60abd000 	C:\Windows\system32\combase.dll
0x00007ffb60410000 - 0x00007ffb6047a000 	C:\Windows\system32\bcryptPrimitives.dll
0x00007ffb60ac0000 - 0x00007ffb60afb000 	C:\Windows\system32\IMM32.DLL
0x00000000663b0000 - 0x0000000066482000 	C:\Program Files\Java\jdk1.8.0_65\jre\bin\msvcr100.dll
0x0000000066770000 - 0x0000000066ff9000 	C:\Program Files\Java\jdk1.8.0_65\jre\bin\server\jvm.dll
0x00007ffb613e0000 - 0x00007ffb613e8000 	C:\Windows\system32\PSAPI.DLL
0x00007ffb5da40000 - 0x00007ffb5da63000 	C:\Windows\SYSTEM32\WINMM.dll
0x00007ffb5bd00000 - 0x00007ffb5bd0a000 	C:\Windows\SYSTEM32\VERSION.dll
0x00007ffb4ded0000 - 0x00007ffb4ded9000 	C:\Windows\SYSTEM32\WSOCK32.dll
0x00007ffb61860000 - 0x00007ffb618cb000 	C:\Windows\system32\WS2_32.dll
0x00007ffb5d9e0000 - 0x00007ffb5da0c000 	C:\Windows\SYSTEM32\WINMMBASE.dll
0x00007ffb5fba0000 - 0x00007ffb5fbe3000 	C:\Windows\system32\cfgmgr32.dll
0x0000000068000000 - 0x000000006800f000 	C:\Program Files\Java\jdk1.8.0_65\jre\bin\verify.dll
0x0000000067fd0000 - 0x0000000067ff9000 	C:\Program Files\Java\jdk1.8.0_65\jre\bin\java.dll
0x0000000067fb0000 - 0x0000000067fc6000 	C:\Program Files\Java\jdk1.8.0_65\jre\bin\zip.dll
0x00007ffb61c70000 - 0x00007ffb631cc000 	C:\Windows\system32\SHELL32.dll
0x00007ffb5fbf0000 - 0x00007ffb60235000 	C:\Windows\system32\windows.storage.dll
0x00007ffb60c10000 - 0x00007ffb60c62000 	C:\Windows\system32\shlwapi.dll
0x00007ffb5f7f0000 - 0x00007ffb5f7ff000 	C:\Windows\system32\kernel.appcore.dll
0x00007ffb60480000 - 0x00007ffb60535000 	C:\Windows\system32\shcore.dll
0x00007ffb5f820000 - 0x00007ffb5f86b000 	C:\Windows\system32\powrprof.dll
0x00007ffb5f800000 - 0x00007ffb5f814000 	C:\Windows\system32\profapi.dll
0x00007ffb48090000 - 0x00007ffb4821c000 	C:\Windows\SYSTEM32\dbghelp.dll

VM Arguments:
jvm_args: -Djava.awt.headless=true -Xmx1024M -Dfile.encoding=windows-1252 -Duser.country=US -Duser.language=en -Duser.variant 
java_command: com.android.dx.command.Main --dex --num-threads=4 --output C:\Users\Bryan\StudioProjects\Pub15212\app\build\intermediates\transforms\dex\debug\folders\1000\1f\main C:\Users\Bryan\StudioProjects\Pub15212\app\build\intermediates\pre-dexed\debug\debug_3643617be0d24086c1f1528d9c2298490086612d.jar C:\Users\Bryan\StudioProjects\Pub15212\app\build\intermediates\pre-dexed\debug\com.jaysoyer.lib-advanced-adapters-15.3_da067533fbfd0f8a5015a010570ea73bcf4931a1.jar C:\Users\Bryan\StudioProjects\Pub15212\app\build\intermediates\pre-dexed\debug\support-annotations-23.3.0_cb926191cc0d71d47d00fb8792819b85d0c9c591.jar C:\Users\Bryan\StudioProjects\Pub15212\app\build\intermediates\pre-dexed\debug\com.android.support-design-23.3.0_26f91786c74292982433596b797e208c49d89a39.jar C:\Users\Bryan\StudioProjects\Pub15212\app\build\intermediates\pre-dexed\debug\butterknife-7.0.1_025d9f5808760f8aed6980cb71b95a5af1fb0dfc.jar C:\Users\Bryan\StudioProjects\Pub15212\app\build\intermediates\pre-dexed\debug\com.android.support-animated-vector-drawable-23.3.0_12b95c42f7cf2e9731109e35b7df2e19659d3dc7.jar C:\Users\Bryan\StudioProjects\Pub15212\app\build\intermediates\pre-dexed\debug\com.android.support-support-v4-23.3.0_1ab43ec5c3abe1382737307cf528cc77cef968f0.jar C:\Users\Bryan\StudioProjects\Pub15212\app\build\intermediates\pre-dexed\debug\com.android.support-recyclerview-v7-23.3.0_18204e1e5611bc077c718371a35e9a519a4f06c5.jar C:\Users\Bryan\StudioProjects\Pub15212\app\build\intermediates\pre-dexed\debug\com.android.support-support-vector-drawable-23.3.0_6e11d2f2d2fdd9a6976cd1ecce12b9c3b1bb4b50.jar C:\Users\Bryan\StudioProjects\Pub15212\app\build\intermediates\pre-dexed\debug\gson-2.6.2_15013809775c95339192423ddf46ac978285afe4.jar C:\Users\Bryan\StudioProjects\Pub15212\app\build\intermediates\pre-dexed\debug\internal_impl-23.3.0_b49d24c432f9d22ee2695b26f95b5ecc9ffc5d6b.jar C:\Users\Bryan\StudioProjects\Pub15212\app\build\intermediates\pre-dexed\debug\com.android.support-appcompat-v7-23.
java_class_path (initial): C:\Users\Bryan\AppData\Local\Android\sdk\build-tools\23.0.2\lib\dx.jar
Launcher Type: SUN_STANDARD

Environment Variables:
PATH=C:\ProgramData\Oracle\Java\javapath;C:\Windows\system32;C:\Windows;C:\Windows\System32\Wbem;C:\Windows\System32\WindowsPowerShell\v1.0\;C:\Program Files (x86)\ATI Technologies\ATI.ACE\Core-Static;C:\Program Files\Git\cmd;C:\Program Files (x86)\GNU\GnuPG\pub
USERNAME=Bryan
OS=Windows_NT
PROCESSOR_IDENTIFIER=Intel64 Family 6 Model 15 Stepping 11, GenuineIntel



---------------  S Y S T E M  ---------------

OS: Windows 10.0 , 64 bit Build 10586 (10.0.10586.0)

CPU:total 4 (4 cores per cpu, 1 threads per core) family 6 model 15 stepping 11, cmov, cx8, fxsr, mmx, sse, sse2, sse3, ssse3, tsc

Memory: 4k page, physical 8386804k(3475740k free), swap 16775412k(9403020k free)

vm_info: Java HotSpot(TM) 64-Bit Server VM (25.65-b01) for windows-amd64 JRE (1.8.0_65-b17), built on Oct  6 2015 16:39:20 by "java_re" with MS VC++ 10.0 (VS2010)

time: Wed Apr 27 23:54:07 2016
elapsed time: 0 seconds (0d 0h 0m 0s)

