#
# A fatal error has been detected by the Java Runtime Environment:
#
#  EXCEPTION_ACCESS_VIOLATION (0xc0000005) at pc=0xffffffffa3435120, pid=7992, tid=7332
#
# JRE version: Java(TM) SE Runtime Environment (8.0_65-b17) (build 1.8.0_65-b17)
# Java VM: Java HotSpot(TM) 64-Bit Server VM (25.65-b01 mixed mode windows-amd64 compressed oops)
# Problematic frame:
# C  0xffffffffa3435120
#
# Failed to write core dump. Minidumps are not enabled by default on client versions of Windows
#
# If you would like to submit a bug report, please visit:
#   http://bugreport.java.com/bugreport/crash.jsp
#

---------------  T H R E A D  ---------------

Current thread (0x000000000212d800):  JavaThread "main" [_thread_in_Java, id=7332, stack(0x0000000002230000,0x0000000002330000)]

siginfo: ExceptionCode=0xc0000005, ExceptionInformation=0x0000000000000008 0xffffffffa3435120

Registers:
RAX=0x00000000145ad840, RBX=0x00000000145ad840, RCX=0x00000000ecb81518, RDX=0x00000000ecb81518
RSP=0x000000000232ee58, RBP=0x000000000232eec0, RSI=0x00000000eceeca78, RDI=0x0000000000001040
R8 =0x00000000000002ac, R9 =0x00000000eceeca98, R10=0x0000000066f62140, R11=0x000000000267e600
R12=0x0000000000000000, R13=0x000000000232ee70, R14=0x000000000232ef10, R15=0x000000000212d800
RIP=0xffffffffa3435120, EFLAGS=0x0000000000010206

Top of Stack: (sp=0x000000000232ee58)
0x000000000232ee58:   0000000002437470 000000000232eec0
0x000000000232ee68:   0000000002437470 00000000000002ac
0x000000000232ee78:   00000000ecb81518 000000000232ee80
0x000000000232ee88:   00000000145a6311 000000000232ef10
0x000000000232ee98:   00000000145a7c88 0000000000000000
0x000000000232eea8:   00000000145a63b8 000000000232ee70
0x000000000232eeb8:   000000000232ef00 000000000232ef58
0x000000000232eec8:   0000000002437a2d 0000000000000316
0x000000000232eed8:   00000000eb58c718 0000000000000071
0x000000000232eee8:   000000000000007f 00000000eb58ba70
0x000000000232eef8:   0000000000000316 00000000eb58ba70
0x000000000232ef08:   00000000ecb81518 00000000ecb816e0
0x000000000232ef18:   000000000232ef18 00000000145a61d4
0x000000000232ef28:   000000000232efa0 00000000145a7c88
0x000000000232ef38:   0000000000000000 00000000145a6268
0x000000000232ef48:   000000000232ef00 000000000232ef88 

Instructions: (pc=0xffffffffa3435120)
0xffffffffa3435100:   
[error occurred during error reporting (printing registers, top of stack, instructions near pc), id 0xc0000005]

Register to memory mapping:

RAX={method} {0x00000000145ad848} 'adjustField' '(I)I' in 'com/android/dx/merge/IndexMap'
RBX={method} {0x00000000145ad848} 'adjustField' '(I)I' in 'com/android/dx/merge/IndexMap'
RCX=0x00000000ecb81518 is an oop
com.android.dx.merge.IndexMap 
 - klass: 'com/android/dx/merge/IndexMap'
RDX=0x00000000ecb81518 is an oop
com.android.dx.merge.IndexMap 
 - klass: 'com/android/dx/merge/IndexMap'
RSP=0x000000000232ee58 is pointing into the stack for thread: 0x000000000212d800
RBP=0x000000000232eec0 is pointing into the stack for thread: 0x000000000212d800
RSI=0x00000000eceeca78 is an oop
com.android.dex.Dex$Section 
 - klass: 'com/android/dex/Dex$Section'
RDI=0x0000000000001040 is an unknown value
R8 =0x00000000000002ac is an unknown value
R9 =0x00000000eceeca98 is an oop
java.nio.HeapByteBuffer 
 - klass: 'java/nio/HeapByteBuffer'
R10=0x0000000066f62140 is an unknown value
R11=0x000000000267e600 is at entry_point+32 in (nmethod*)0x000000000267e490
R12=0x0000000000000000 is an unknown value
R13=0x000000000232ee70 is pointing into the stack for thread: 0x000000000212d800
R14=0x000000000232ef10 is pointing into the stack for thread: 0x000000000212d800
R15=0x000000000212d800 is a thread


Stack: [0x0000000002230000,0x0000000002330000],  sp=0x000000000232ee58,  free space=1019k
Native frames: (J=compiled Java code, j=interpreted, Vv=VM code, C=native code)
C  0xffffffffa3435120


---------------  P R O C E S S  ---------------

Java Threads: ( => current thread )
  0x0000000014b5e000 JavaThread "Service Thread" daemon [_thread_blocked, id=3504, stack(0x0000000016750000,0x0000000016850000)]
  0x0000000014b0f000 JavaThread "C1 CompilerThread2" daemon [_thread_blocked, id=2928, stack(0x0000000016250000,0x0000000016350000)]
  0x0000000014b01000 JavaThread "C2 CompilerThread1" daemon [_thread_in_native, id=10236, stack(0x0000000016150000,0x0000000016250000)]
  0x0000000014afe000 JavaThread "C2 CompilerThread0" daemon [_thread_in_native, id=8176, stack(0x0000000016050000,0x0000000016150000)]
  0x0000000014afb800 JavaThread "Attach Listener" daemon [_thread_blocked, id=268, stack(0x0000000015f50000,0x0000000016050000)]
  0x0000000014afa800 JavaThread "Signal Dispatcher" daemon [_thread_blocked, id=3412, stack(0x0000000015e50000,0x0000000015f50000)]
  0x0000000002426800 JavaThread "Finalizer" daemon [_thread_blocked, id=7736, stack(0x0000000015d50000,0x0000000015e50000)]
  0x000000000241e000 JavaThread "Reference Handler" daemon [_thread_blocked, id=4832, stack(0x0000000015c50000,0x0000000015d50000)]
=>0x000000000212d800 JavaThread "main" [_thread_in_Java, id=7332, stack(0x0000000002230000,0x0000000002330000)]

Other Threads:
  0x0000000014ac7800 VMThread [stack: 0x0000000015b50000,0x0000000015c50000] [id=8380]
  0x000000001639b000 WatcherThread [stack: 0x0000000016850000,0x0000000016950000] [id=7316]

VM state:not at safepoint (normal execution)

VM Mutex/Monitor currently owned by a thread: None

Heap:
 PSYoungGen      total 38400K, used 16044K [0x00000000eab00000, 0x00000000ef600000, 0x0000000100000000)
  eden space 33280K, 34% used [0x00000000eab00000,0x00000000eb6267b0,0x00000000ecb80000)
  from space 5120K, 90% used [0x00000000ecb80000,0x00000000ed004b90,0x00000000ed080000)
  to   space 5120K, 0% used [0x00000000ef100000,0x00000000ef100000,0x00000000ef600000)
 ParOldGen       total 87552K, used 13745K [0x00000000c0000000, 0x00000000c5580000, 0x00000000eab00000)
  object space 87552K, 15% used [0x00000000c0000000,0x00000000c0d6c700,0x00000000c5580000)
 Metaspace       used 4279K, capacity 5360K, committed 5632K, reserved 1056768K
  class space    used 471K, capacity 488K, committed 512K, reserved 1048576K

Card table byte_map: [0x00000000117f0000,0x0000000011a00000] byte_map_base: 0x00000000111f0000

Marking Bits: (ParMarkBitMap*) 0x0000000066f7a5b0
 Begin Bits: [0x0000000011f60000, 0x0000000012f60000)
 End Bits:   [0x0000000012f60000, 0x0000000013f60000)

Polling page: 0x00000000004f0000

CodeCache: size=245760Kb used=2356Kb max_used=2356Kb free=243404Kb
 bounds [0x0000000002430000, 0x00000000026a0000, 0x0000000011430000]
 total_blobs=844 nmethods=589 adapters=170
 compilation: enabled

Compilation events (10 events):
Event: 0.658 Thread 0x0000000014b0f000 nmethod 600 0x000000000267e0d0 code [0x000000000267e240, 0x000000000267e408]
Event: 0.659 Thread 0x0000000014b0f000  601       3       com.android.dx.merge.IndexMap::adjustField (10 bytes)
Event: 0.659 Thread 0x0000000014b0f000 nmethod 601 0x000000000267e490 code [0x000000000267e5e0, 0x000000000267e770]
Event: 0.659 Thread 0x0000000014b0f000  602       3       com.android.dex.ClassData$Field::<init> (15 bytes)
Event: 0.659 Thread 0x0000000014b0f000 nmethod 602 0x000000000267e850 code [0x000000000267e9a0, 0x000000000267eb50]
Event: 0.659 Thread 0x0000000014b0f000  604       1       com.android.dex.ClassData$Field::getAccessFlags (5 bytes)
Event: 0.659 Thread 0x0000000014b0f000 nmethod 604 0x000000000267ec10 code [0x000000000267ed60, 0x000000000267ee70]
Event: 0.659 Thread 0x0000000014b0f000  606       1       com.android.dx.merge.IndexMap::adjustField (10 bytes)
Event: 0.659 Thread 0x0000000014b0f000 nmethod 606 0x000000000267eed0 code [0x000000000267f020, 0x000000000267f150]
Event: 0.659 Thread 0x0000000014b0f000  603       1       com.android.dex.ClassData$Field::getFieldIndex (5 bytes)

GC Heap History (2 events):
Event: 0.467 GC heap before
{Heap before GC invocations=1 (full 0):
 PSYoungGen      total 38400K, used 33280K [0x00000000eab00000, 0x00000000ed580000, 0x0000000100000000)
  eden space 33280K, 100% used [0x00000000eab00000,0x00000000ecb80000,0x00000000ecb80000)
  from space 5120K, 0% used [0x00000000ed080000,0x00000000ed080000,0x00000000ed580000)
  to   space 5120K, 0% used [0x00000000ecb80000,0x00000000ecb80000,0x00000000ed080000)
 ParOldGen       total 87552K, used 0K [0x00000000c0000000, 0x00000000c5580000, 0x00000000eab00000)
  object space 87552K, 0% used [0x00000000c0000000,0x00000000c0000000,0x00000000c5580000)
 Metaspace       used 3869K, capacity 5008K, committed 5120K, reserved 1056768K
  class space    used 422K, capacity 456K, committed 512K, reserved 1048576K
Event: 0.482 GC heap after
Heap after GC invocations=1 (full 0):
 PSYoungGen      total 38400K, used 4626K [0x00000000eab00000, 0x00000000ef600000, 0x0000000100000000)
  eden space 33280K, 0% used [0x00000000eab00000,0x00000000eab00000,0x00000000ecb80000)
  from space 5120K, 90% used [0x00000000ecb80000,0x00000000ed004b90,0x00000000ed080000)
  to   space 5120K, 0% used [0x00000000ef100000,0x00000000ef100000,0x00000000ef600000)
 ParOldGen       total 87552K, used 13745K [0x00000000c0000000, 0x00000000c5580000, 0x00000000eab00000)
  object space 87552K, 15% used [0x00000000c0000000,0x00000000c0d6c700,0x00000000c5580000)
 Metaspace       used 3869K, capacity 5008K, committed 5120K, reserved 1056768K
  class space    used 422K, capacity 456K, committed 512K, reserved 1048576K
}

Deoptimization events (10 events):
Event: 0.457 Thread 0x000000000212d800 Uncommon trap: reason=bimorphic action=maybe_recompile pc=0x00000000025febac method=com.android.dx.merge.DexMerger$IdMerger.readIntoMap(Lcom/android/dex/Dex$Section;Lcom/android/dex/TableOfContents$Section;Lcom/android/dx/merge/IndexMap;ILjava/util/TreeMapLÒ7<JÝ?
Event: 0.458 Thread 0x000000000212d800 Uncommon trap: reason=bimorphic action=maybe_recompile pc=0x00000000025febac method=com.android.dx.merge.DexMerger$IdMerger.readIntoMap(Lcom/android/dex/Dex$Section;Lcom/android/dex/TableOfContents$Section;Lcom/android/dx/merge/IndexMap;ILjava/util/TreeMaplzûÞKÝ?
Event: 0.458 Thread 0x000000000212d800 Uncommon trap: reason=bimorphic action=maybe_recompile pc=0x00000000025febac method=com.android.dx.merge.DexMerger$IdMerger.readIntoMap(Lcom/android/dex/Dex$Section;Lcom/android/dex/TableOfContents$Section;Lcom/android/dx/merge/IndexMap;ILjava/util/TreeMap’ß6¬XLÝ?
Event: 0.458 Thread 0x000000000212d800 Uncommon trap: reason=bimorphic action=maybe_recompile pc=0x00000000025febac method=com.android.dx.merge.DexMerger$IdMerger.readIntoMap(Lcom/android/dex/Dex$Section;Lcom/android/dex/TableOfContents$Section;Lcom/android/dx/merge/IndexMap;ILjava/util/TreeMap=Ý\áœ±à?
Event: 0.522 Thread 0x000000000212d800 Uncommon trap: reason=class_check action=maybe_recompile pc=0x00000000025be2f0 method=com.android.dex.Leb128.readUnsignedLeb128(Lcom/android/dex/util/ByteInput;)I @ 5
Event: 0.522 Thread 0x000000000212d800 Uncommon trap: reason=class_check action=maybe_recompile pc=0x00000000025be2f0 method=com.android.dex.Leb128.readUnsignedLeb128(Lcom/android/dex/util/ByteInput;)I @ 5
Event: 0.522 Thread 0x000000000212d800 Uncommon trap: reason=predicate action=maybe_recompile pc=0x00000000025c2e88 method=com.android.dex.Leb128.writeUnsignedLeb128(Lcom/android/dex/util/ByteOutput;I)V @ 9
Event: 0.522 Thread 0x000000000212d800 Uncommon trap: reason=class_check action=maybe_recompile pc=0x00000000025be2f0 method=com.android.dex.Leb128.readUnsignedLeb128(Lcom/android/dex/util/ByteInput;)I @ 5
Event: 0.522 Thread 0x000000000212d800 Uncommon trap: reason=class_check action=maybe_recompile pc=0x00000000025be2f0 method=com.android.dex.Leb128.readUnsignedLeb128(Lcom/android/dex/util/ByteInput;)I @ 5
Event: 0.541 Thread 0x000000000212d800 Uncommon trap: reason=predicate action=maybe_recompile pc=0x0000000002628c48 method=com.android.dex.Leb128.readUnsignedLeb128(Lcom/android/dex/util/ByteInput;)I @ 41

Internal exceptions (2 events):
Event: 0.045 Thread 0x000000000212d800 Exception <a 'java/lang/NoSuchMethodError': Method sun.misc.Unsafe.defineClass(Ljava/lang/String;[BII)Ljava/lang/Class; name or signature does not match> (0x00000000eab0ded8) thrown at [C:\workspace\8-2-build-windows-amd64-cygwin\jdk8u65\4987\hotspot\src\s€RmO§?
Event: 0.046 Thread 0x000000000212d800 Exception <a 'java/lang/NoSuchMethodError': Method sun.misc.Unsafe.prefetchRead(Ljava/lang/Object;J)V name or signature does not match> (0x00000000eab0e1c0) thrown at [C:\workspace\8-2-build-windows-amd64-cygwin\jdk8u65\4987\hotspot\src\share\vm\prims\jni.

Events (10 events):
Event: 0.648 loading class com/android/dx/io/instructions/FillArrayDataPayloadDecodedInstruction
Event: 0.648 loading class com/android/dx/io/instructions/FillArrayDataPayloadDecodedInstruction done
Event: 0.651 loading class com/android/dx/io/IndexType
Event: 0.651 loading class com/android/dx/io/IndexType done
Event: 0.657 loading class com/android/dx/io/CodeReader$1
Event: 0.657 loading class com/android/dx/io/CodeReader$1 done
Event: 0.658 loading class java/lang/NoSuchFieldError
Event: 0.658 loading class java/lang/NoSuchFieldError done
Event: 0.658 loading class com/android/dx/io/instructions/ShortArrayCodeOutput
Event: 0.658 loading class com/android/dx/io/instructions/ShortArrayCodeOutput done


Dynamic libraries:
0x00007ff70d990000 - 0x00007ff70d9c7000 	C:\Program Files\Java\jdk1.8.0_65\bin\java.exe
0x00007ffb631d0000 - 0x00007ffb63391000 	C:\Windows\SYSTEM32\ntdll.dll
0x00007ffb60b60000 - 0x00007ffb60c0d000 	C:\Windows\system32\KERNEL32.DLL
0x00007ffb5f880000 - 0x00007ffb5fa68000 	C:\Windows\system32\KERNELBASE.dll
0x00007ffb616f0000 - 0x00007ffb61797000 	C:\Windows\system32\ADVAPI32.dll
0x00007ffb617a0000 - 0x00007ffb6183d000 	C:\Windows\system32\msvcrt.dll
0x00007ffb61ba0000 - 0x00007ffb61bfb000 	C:\Windows\system32\sechost.dll
0x00007ffb605d0000 - 0x00007ffb606ec000 	C:\Windows\system32\RPCRT4.dll
0x00007ffb61170000 - 0x00007ffb612c6000 	C:\Windows\system32\USER32.dll
0x00007ffb61550000 - 0x00007ffb616d6000 	C:\Windows\system32\GDI32.dll
0x00007ffb561a0000 - 0x00007ffb56414000 	C:\Windows\WinSxS\amd64_microsoft.windows.common-controls_6595b64144ccf1df_6.0.10586.0_none_8c15ae12515e1c22\COMCTL32.dll
0x00007ffb60840000 - 0x00007ffb60abd000 	C:\Windows\system32\combase.dll
0x00007ffb60410000 - 0x00007ffb6047a000 	C:\Windows\system32\bcryptPrimitives.dll
0x00007ffb60ac0000 - 0x00007ffb60afb000 	C:\Windows\system32\IMM32.DLL
0x00000000663b0000 - 0x0000000066482000 	C:\Program Files\Java\jdk1.8.0_65\jre\bin\msvcr100.dll
0x0000000066770000 - 0x0000000066ff9000 	C:\Program Files\Java\jdk1.8.0_65\jre\bin\server\jvm.dll
0x00007ffb613e0000 - 0x00007ffb613e8000 	C:\Windows\system32\PSAPI.DLL
0x00007ffb5da40000 - 0x00007ffb5da63000 	C:\Windows\SYSTEM32\WINMM.dll
0x00007ffb5bd00000 - 0x00007ffb5bd0a000 	C:\Windows\SYSTEM32\VERSION.dll
0x00007ffb4ded0000 - 0x00007ffb4ded9000 	C:\Windows\SYSTEM32\WSOCK32.dll
0x00007ffb61860000 - 0x00007ffb618cb000 	C:\Windows\system32\WS2_32.dll
0x00007ffb5d9e0000 - 0x00007ffb5da0c000 	C:\Windows\SYSTEM32\WINMMBASE.dll
0x00007ffb5fba0000 - 0x00007ffb5fbe3000 	C:\Windows\system32\cfgmgr32.dll
0x0000000068000000 - 0x000000006800f000 	C:\Program Files\Java\jdk1.8.0_65\jre\bin\verify.dll
0x0000000067fd0000 - 0x0000000067ff9000 	C:\Program Files\Java\jdk1.8.0_65\jre\bin\java.dll
0x0000000067fb0000 - 0x0000000067fc6000 	C:\Program Files\Java\jdk1.8.0_65\jre\bin\zip.dll
0x00007ffb61c70000 - 0x00007ffb631cc000 	C:\Windows\system32\SHELL32.dll
0x00007ffb5fbf0000 - 0x00007ffb60235000 	C:\Windows\system32\windows.storage.dll
0x00007ffb60c10000 - 0x00007ffb60c62000 	C:\Windows\system32\shlwapi.dll
0x00007ffb5f7f0000 - 0x00007ffb5f7ff000 	C:\Windows\system32\kernel.appcore.dll
0x00007ffb60480000 - 0x00007ffb60535000 	C:\Windows\system32\shcore.dll
0x00007ffb5f820000 - 0x00007ffb5f86b000 	C:\Windows\system32\powrprof.dll
0x00007ffb5f800000 - 0x00007ffb5f814000 	C:\Windows\system32\profapi.dll
0x00007ffb48090000 - 0x00007ffb4821c000 	C:\Windows\SYSTEM32\dbghelp.dll

VM Arguments:
jvm_args: -Djava.awt.headless=true -Xmx1024M -Dfile.encoding=windows-1252 -Duser.country=US -Duser.language=en -Duser.variant 
java_command: com.android.dx.command.Main --dex --num-threads=4 --output C:\Users\Bryan\StudioProjects\Pub15212\app\build\intermediates\transforms\dex\debug\folders\1000\1f\main C:\Users\Bryan\StudioProjects\Pub15212\app\build\intermediates\pre-dexed\debug\debug_3643617be0d24086c1f1528d9c2298490086612d.jar C:\Users\Bryan\StudioProjects\Pub15212\app\build\intermediates\pre-dexed\debug\com.jaysoyer.lib-advanced-adapters-15.3_da067533fbfd0f8a5015a010570ea73bcf4931a1.jar C:\Users\Bryan\StudioProjects\Pub15212\app\build\intermediates\pre-dexed\debug\support-annotations-23.3.0_cb926191cc0d71d47d00fb8792819b85d0c9c591.jar C:\Users\Bryan\StudioProjects\Pub15212\app\build\intermediates\pre-dexed\debug\com.android.support-design-23.3.0_26f91786c74292982433596b797e208c49d89a39.jar C:\Users\Bryan\StudioProjects\Pub15212\app\build\intermediates\pre-dexed\debug\butterknife-7.0.1_025d9f5808760f8aed6980cb71b95a5af1fb0dfc.jar C:\Users\Bryan\StudioProjects\Pub15212\app\build\intermediates\pre-dexed\debug\com.android.support-animated-vector-drawable-23.3.0_12b95c42f7cf2e9731109e35b7df2e19659d3dc7.jar C:\Users\Bryan\StudioProjects\Pub15212\app\build\intermediates\pre-dexed\debug\com.android.support-support-v4-23.3.0_1ab43ec5c3abe1382737307cf528cc77cef968f0.jar C:\Users\Bryan\StudioProjects\Pub15212\app\build\intermediates\pre-dexed\debug\com.android.support-recyclerview-v7-23.3.0_18204e1e5611bc077c718371a35e9a519a4f06c5.jar C:\Users\Bryan\StudioProjects\Pub15212\app\build\intermediates\pre-dexed\debug\com.android.support-support-vector-drawable-23.3.0_6e11d2f2d2fdd9a6976cd1ecce12b9c3b1bb4b50.jar C:\Users\Bryan\StudioProjects\Pub15212\app\build\intermediates\pre-dexed\debug\gson-2.6.2_15013809775c95339192423ddf46ac978285afe4.jar C:\Users\Bryan\StudioProjects\Pub15212\app\build\intermediates\pre-dexed\debug\internal_impl-23.3.0_b49d24c432f9d22ee2695b26f95b5ecc9ffc5d6b.jar C:\Users\Bryan\StudioProjects\Pub15212\app\build\intermediates\pre-dexed\debug\com.android.support-appcompat-v7-23.
java_class_path (initial): C:\Users\Bryan\AppData\Local\Android\sdk\build-tools\23.0.2\lib\dx.jar
Launcher Type: SUN_STANDARD

Environment Variables:
PATH=C:\ProgramData\Oracle\Java\javapath;C:\Windows\system32;C:\Windows;C:\Windows\System32\Wbem;C:\Windows\System32\WindowsPowerShell\v1.0\;C:\Program Files (x86)\ATI Technologies\ATI.ACE\Core-Static;C:\Program Files\Git\cmd;C:\Program Files (x86)\GNU\GnuPG\pub
USERNAME=Bryan
OS=Windows_NT
PROCESSOR_IDENTIFIER=Intel64 Family 6 Model 15 Stepping 11, GenuineIntel



---------------  S Y S T E M  ---------------

OS: Windows 10.0 , 64 bit Build 10586 (10.0.10586.0)

CPU:total 4 (4 cores per cpu, 1 threads per core) family 6 model 15 stepping 11, cmov, cx8, fxsr, mmx, sse, sse2, sse3, ssse3, tsc

Memory: 4k page, physical 8386804k(3614436k free), swap 16775412k(9866188k free)

vm_info: Java HotSpot(TM) 64-Bit Server VM (25.65-b01) for windows-amd64 JRE (1.8.0_65-b17), built on Oct  6 2015 16:39:20 by "java_re" with MS VC++ 10.0 (VS2010)

time: Thu Apr 28 01:10:36 2016
elapsed time: 0 seconds (0d 0h 0m 0s)

