#
# A fatal error has been detected by the Java Runtime Environment:
#
#  EXCEPTION_ACCESS_VIOLATION (0xc0000005) at pc=0xffffffffa32d5120, pid=5696, tid=4480
#
# JRE version: Java(TM) SE Runtime Environment (8.0_65-b17) (build 1.8.0_65-b17)
# Java VM: Java HotSpot(TM) 64-Bit Server VM (25.65-b01 mixed mode windows-amd64 compressed oops)
# Problematic frame:
# C  0xffffffffa32d5120
#
# Failed to write core dump. Minidumps are not enabled by default on client versions of Windows
#
# If you would like to submit a bug report, please visit:
#   http://bugreport.java.com/bugreport/crash.jsp
#

---------------  T H R E A D  ---------------

Current thread (0x00000000163f6000):  JavaThread "pool-2-thread-2" [_thread_in_Java, id=4480, stack(0x0000000016ad0000,0x0000000016bd0000)]

siginfo: ExceptionCode=0xc0000005, ExceptionInformation=0x0000000000000008 0xffffffffa32d5120

Registers:
RAX=0x0000000014194818, RBX=0x0000000014194818, RCX=0x000000001419a8e0, RDX=0x00000000eaefccc8
RSP=0x0000000016bcca18, RBP=0x0000000016bcca88, RSI=0x00000000007577e7, RDI=0x000000001426e220
R8 =0x000000000000006c, R9 =0x00000000ead45678, R10=0x000000005fc92140, R11=0x00000000023e4b60
R12=0x0000000000000000, R13=0x0000000016bcca28, R14=0x0000000016bccb68, R15=0x00000000163f6000
RIP=0xffffffffa32d5120, EFLAGS=0x0000000000010202

Top of Stack: (sp=0x0000000016bcca18)
0x0000000016bcca18:   00000000022d77b0 00000000022d77b0
0x0000000016bcca28:   000000000000006c 00000000eaefccc8
0x0000000016bcca38:   0000000000000001 00000000ead45678
0x0000000016bcca48:   0000000016bcca38 00000000141980ea
0x0000000016bcca58:   0000000016bccb68 000000001419a8e0
0x0000000016bcca68:   00000000142b9e60 0000000014198368
0x0000000016bcca78:   0000000016bcca28 0000000016bccb70
0x0000000016bcca88:   0000000016bcd1f0 000000000241632c
0x0000000016bcca98:   0000000000000000 0000000000000000
0x0000000016bccaa8:   0000000000000000 0000000000000000
0x0000000016bccab8:   0000000000000000 00000000ead6ce68
0x0000000016bccac8:   00000000ead6cd98 00000000436ae874
0x0000000016bccad8:   00000000ead8c4f8 00000000ead8c4f8
0x0000000016bccae8:   0000000000000000 0000000000000000
0x0000000016bccaf8:   0000000000000060 00000000ead45678
0x0000000016bccb08:   000000004dc81a6c 00000000ead45678 

Instructions: (pc=0xffffffffa32d5120)
0xffffffffa32d5100:   
[error occurred during error reporting (printing registers, top of stack, instructions near pc), id 0xc0000005]

Register to memory mapping:

RAX={method} {0x0000000014194820} 'tabAt' '([Ljava/util/concurrent/ConcurrentHashMap$Node;I)Ljava/util/concurrent/ConcurrentHashMap$Node;' in 'java/util/concurrent/ConcurrentHashMap'
RBX={method} {0x0000000014194820} 'tabAt' '([Ljava/util/concurrent/ConcurrentHashMap$Node;I)Ljava/util/concurrent/ConcurrentHashMap$Node;' in 'java/util/concurrent/ConcurrentHashMap'
RCX=0x000000001419a8e0 is pointing into metadata
RDX=0x00000000eaefccc8 is an oop
[Ljava.util.concurrent.ConcurrentHashMap$Node; 
 - klass: 'java/util/concurrent/ConcurrentHashMap$Node'[]
 - length: 512
RSP=0x0000000016bcca18 is pointing into the stack for thread: 0x00000000163f6000
RBP=0x0000000016bcca88 is pointing into the stack for thread: 0x00000000163f6000
RSI=0x00000000007577e7 is an unknown value
RDI=0x000000001426e220 is pointing into metadata
R8 =0x000000000000006c is an unknown value
R9 =0x00000000ead45678 is an oop
java.util.concurrent.ConcurrentHashMap$Node 
 - klass: 'java/util/concurrent/ConcurrentHashMap$Node'
R10=0x000000005fc92140 is an unknown value
R11=0x00000000023e4b60 is at entry_point+0 in (nmethod*)0x00000000023e4a10
R12=0x0000000000000000 is an unknown value
R13=0x0000000016bcca28 is pointing into the stack for thread: 0x00000000163f6000
R14=0x0000000016bccb68 is pointing into the stack for thread: 0x00000000163f6000
R15=0x00000000163f6000 is a thread


Stack: [0x0000000016ad0000,0x0000000016bd0000],  sp=0x0000000016bcca18,  free space=1010k
Native frames: (J=compiled Java code, j=interpreted, Vv=VM code, C=native code)
C  0xffffffffa32d5120


---------------  P R O C E S S  ---------------

Java Threads: ( => current thread )
  0x0000000016417000 JavaThread "pool-2-thread-4" [_thread_blocked, id=6608, stack(0x0000000016cd0000,0x0000000016dd0000)]
  0x0000000016416000 JavaThread "pool-2-thread-3" [_thread_blocked, id=2984, stack(0x0000000016bd0000,0x0000000016cd0000)]
=>0x00000000163f6000 JavaThread "pool-2-thread-2" [_thread_in_Java, id=4480, stack(0x0000000016ad0000,0x0000000016bd0000)]
  0x0000000016343000 JavaThread "pool-3-thread-1" [_thread_blocked, id=7260, stack(0x00000000169d0000,0x0000000016ad0000)]
  0x000000001633c800 JavaThread "pool-2-thread-1" [_thread_blocked, id=2596, stack(0x00000000168d0000,0x00000000169d0000)]
  0x00000000161e4000 JavaThread "Service Thread" daemon [_thread_blocked, id=3884, stack(0x00000000166d0000,0x00000000167d0000)]
  0x00000000161d8800 JavaThread "C1 CompilerThread2" daemon [_thread_blocked, id=7908, stack(0x00000000165d0000,0x00000000166d0000)]
  0x00000000149a0800 JavaThread "C2 CompilerThread1" daemon [_thread_blocked, id=336, stack(0x00000000160d0000,0x00000000161d0000)]
  0x000000001499c800 JavaThread "C2 CompilerThread0" daemon [_thread_blocked, id=5800, stack(0x0000000015fd0000,0x00000000160d0000)]
  0x000000001499a800 JavaThread "Attach Listener" daemon [_thread_blocked, id=5308, stack(0x0000000015ed0000,0x0000000015fd0000)]
  0x0000000014999800 JavaThread "Signal Dispatcher" daemon [_thread_blocked, id=752, stack(0x0000000015dd0000,0x0000000015ed0000)]
  0x00000000022c0000 JavaThread "Finalizer" daemon [_thread_blocked, id=6380, stack(0x0000000015bf0000,0x0000000015cf0000)]
  0x00000000022bd000 JavaThread "Reference Handler" daemon [_thread_blocked, id=5284, stack(0x0000000015af0000,0x0000000015bf0000)]
  0x00000000021d0800 JavaThread "main" [_thread_in_native, id=5760, stack(0x00000000020d0000,0x00000000021d0000)]

Other Threads:
  0x0000000014968000 VMThread [stack: 0x00000000159f0000,0x0000000015af0000] [id=1784]
  0x00000000161de800 WatcherThread [stack: 0x00000000167d0000,0x00000000168d0000] [id=5716]

VM state:not at safepoint (normal execution)

VM Mutex/Monitor currently owned by a thread: None

Heap:
 PSYoungGen      total 38400K, used 11351K [0x00000000eab00000, 0x00000000ed580000, 0x0000000100000000)
  eden space 33280K, 34% used [0x00000000eab00000,0x00000000eb615ec8,0x00000000ecb80000)
  from space 5120K, 0% used [0x00000000ed080000,0x00000000ed080000,0x00000000ed580000)
  to   space 5120K, 0% used [0x00000000ecb80000,0x00000000ecb80000,0x00000000ed080000)
 ParOldGen       total 87552K, used 0K [0x00000000c0000000, 0x00000000c5580000, 0x00000000eab00000)
  object space 87552K, 0% used [0x00000000c0000000,0x00000000c0000000,0x00000000c5580000)
 Metaspace       used 5067K, capacity 6288K, committed 6528K, reserved 1056768K
  class space    used 553K, capacity 584K, committed 640K, reserved 1048576K

Card table byte_map: [0x0000000011690000,0x00000000118a0000] byte_map_base: 0x0000000011090000

Marking Bits: (ParMarkBitMap*) 0x000000005fcaa5b0
 Begin Bits: [0x0000000011e00000, 0x0000000012e00000)
 End Bits:   [0x0000000012e00000, 0x0000000013e00000)

Polling page: 0x0000000000460000

CodeCache: size=245760Kb used=2266Kb max_used=2266Kb free=243493Kb
 bounds [0x00000000022d0000, 0x0000000002540000, 0x00000000112d0000]
 total_blobs=757 nmethods=499 adapters=173
 compilation: enabled

Compilation events (10 events):
Event: 0.689 Thread 0x00000000161d8800  485   !   3       sun.misc.URLClassPath$JarLoader::checkResource (55 bytes)
Event: 0.689 Thread 0x00000000161d8800 nmethod 485 0x00000000024fd490 code [0x00000000024fd640, 0x00000000024fdca8]
Event: 0.695 Thread 0x00000000149a0800 nmethod 482 0x00000000024fcd50 code [0x00000000024fcea0, 0x00000000024fd198]
Event: 0.696 Thread 0x00000000161d8800  486   !   3       com.android.dx.rop.type.Prototype::intern (233 bytes)
Event: 0.698 Thread 0x00000000161d8800 nmethod 486 0x0000000002502150 code [0x0000000002502520, 0x00000000025044f8]
Event: 0.698 Thread 0x00000000161d8800  487       3       java.lang.String::substring (56 bytes)
Event: 0.698 Thread 0x00000000161d8800 nmethod 487 0x00000000024fc690 code [0x00000000024fc820, 0x00000000024fcbc8]
Event: 0.702 Thread 0x000000001499c800  488       4       java.util.concurrent.ConcurrentHashMap::tabAt (21 bytes)
Event: 0.702 Thread 0x00000000149a0800  489       4       java.util.concurrent.ConcurrentHashMap::casTabAt (20 bytes)
Event: 0.702 Thread 0x000000001499c800 nmethod 488 0x00000000024ff250 code [0x00000000024ff380, 0x00000000024ff3d8]

GC Heap History (0 events):
No events

Deoptimization events (4 events):
Event: 0.567 Thread 0x0000000016417000 Uncommon trap: reason=class_check action=maybe_recompile pc=0x0000000002480ea4 method=com.android.dx.rop.cst.Constant.compareTo(Ljava/lang/Object;)I @ 2
Event: 0.567 Thread 0x0000000016417000 Uncommon trap: reason=class_check action=maybe_recompile pc=0x0000000002480ea4 method=com.android.dx.rop.cst.Constant.compareTo(Ljava/lang/Object;)I @ 2
Event: 0.567 Thread 0x0000000016417000 Uncommon trap: reason=class_check action=maybe_recompile pc=0x0000000002480ea4 method=com.android.dx.rop.cst.Constant.compareTo(Ljava/lang/Object;)I @ 2
Event: 0.567 Thread 0x0000000016417000 Uncommon trap: reason=class_check action=maybe_recompile pc=0x0000000002480ea4 method=com.android.dx.rop.cst.Constant.compareTo(Ljava/lang/Object;)I @ 2

Internal exceptions (2 events):
Event: 0.066 Thread 0x00000000021d0800 Exception <a 'java/lang/NoSuchMethodError': Method sun.misc.Unsafe.defineClass(Ljava/lang/String;[BII)Ljava/lang/Class; name or signature does not match> (0x00000000eab0d298) thrown at [C:\workspace\8-2-build-windows-amd64-cygwin\jdk8u65\4987\hotspot\src\s›ë‹•Ì±?
Event: 0.067 Thread 0x00000000021d0800 Exception <a 'java/lang/NoSuchMethodError': Method sun.misc.Unsafe.prefetchRead(Ljava/lang/Object;J)V name or signature does not match> (0x00000000eab0d580) thrown at [C:\workspace\8-2-build-windows-amd64-cygwin\jdk8u65\4987\hotspot\src\share\vm\prims\jni.

Events (10 events):
Event: 0.699 loading class com/android/dx/dex/code/form/Form21s
Event: 0.699 loading class com/android/dx/dex/code/form/Form21s done
Event: 0.699 loading class com/android/dx/dex/code/form/Form31i
Event: 0.699 loading class com/android/dx/dex/code/form/Form31i done
Event: 0.700 loading class com/android/dx/dex/code/form/Form21h
Event: 0.700 loading class com/android/dx/dex/code/form/Form21h done
Event: 0.700 loading class com/android/dx/dex/code/form/Form51l
Event: 0.700 loading class com/android/dx/dex/code/form/Form51l done
Event: 0.701 loading class com/android/dx/dex/code/form/Form21c
Event: 0.701 loading class com/android/dx/dex/code/form/Form21c done


Dynamic libraries:
0x00007ff67b860000 - 0x00007ff67b897000 	C:\Program Files\Java\jdk1.8.0_65\bin\java.exe
0x00007ffca0920000 - 0x00007ffca0ae1000 	C:\Windows\SYSTEM32\ntdll.dll
0x00007ffc9dd20000 - 0x00007ffc9ddcd000 	C:\Windows\system32\KERNEL32.DLL
0x00007ffc9db30000 - 0x00007ffc9dd18000 	C:\Windows\system32\KERNELBASE.dll
0x00007ffc9df80000 - 0x00007ffc9e027000 	C:\Windows\system32\ADVAPI32.dll
0x00007ffca0880000 - 0x00007ffca091d000 	C:\Windows\system32\msvcrt.dll
0x00007ffca0470000 - 0x00007ffca04cb000 	C:\Windows\system32\sechost.dll
0x00007ffca05e0000 - 0x00007ffca06fc000 	C:\Windows\system32\RPCRT4.dll
0x00007ffc9e3a0000 - 0x00007ffc9e4f6000 	C:\Windows\system32\USER32.dll
0x00007ffca00c0000 - 0x00007ffca0246000 	C:\Windows\system32\GDI32.dll
0x00007ffc95600000 - 0x00007ffc95874000 	C:\Windows\WinSxS\amd64_microsoft.windows.common-controls_6595b64144ccf1df_6.0.10586.0_none_8c15ae12515e1c22\COMCTL32.dll
0x00007ffc9e040000 - 0x00007ffc9e2bd000 	C:\Windows\system32\combase.dll
0x00007ffc9d840000 - 0x00007ffc9d8aa000 	C:\Windows\system32\bcryptPrimitives.dll
0x00007ffca0700000 - 0x00007ffca073b000 	C:\Windows\system32\IMM32.DLL
0x000000005edf0000 - 0x000000005eec2000 	C:\Program Files\Java\jdk1.8.0_65\jre\bin\msvcr100.dll
0x000000005f4a0000 - 0x000000005fd29000 	C:\Program Files\Java\jdk1.8.0_65\jre\bin\server\jvm.dll
0x00007ffc9fc20000 - 0x00007ffc9fc28000 	C:\Windows\system32\PSAPI.DLL
0x00007ffc97b60000 - 0x00007ffc97b69000 	C:\Windows\SYSTEM32\WSOCK32.dll
0x00007ffc9e330000 - 0x00007ffc9e39b000 	C:\Windows\system32\WS2_32.dll
0x00007ffc9b6c0000 - 0x00007ffc9b6e3000 	C:\Windows\SYSTEM32\WINMM.dll
0x00007ffc99450000 - 0x00007ffc9945a000 	C:\Windows\SYSTEM32\VERSION.dll
0x00007ffc9b660000 - 0x00007ffc9b68c000 	C:\Windows\SYSTEM32\WINMMBASE.dll
0x00007ffc9d030000 - 0x00007ffc9d073000 	C:\Windows\system32\cfgmgr32.dll
0x000000005f3b0000 - 0x000000005f3bf000 	C:\Program Files\Java\jdk1.8.0_65\jre\bin\verify.dll
0x000000005f380000 - 0x000000005f3a9000 	C:\Program Files\Java\jdk1.8.0_65\jre\bin\java.dll
0x000000005f360000 - 0x000000005f376000 	C:\Program Files\Java\jdk1.8.0_65\jre\bin\zip.dll
0x00007ffc9e660000 - 0x00007ffc9fbbc000 	C:\Windows\system32\SHELL32.dll
0x00007ffc9d1f0000 - 0x00007ffc9d835000 	C:\Windows\system32\windows.storage.dll
0x00007ffc9fc30000 - 0x00007ffc9fc82000 	C:\Windows\system32\shlwapi.dll
0x00007ffc9cf50000 - 0x00007ffc9cf5f000 	C:\Windows\system32\kernel.appcore.dll
0x00007ffc9d0a0000 - 0x00007ffc9d155000 	C:\Windows\system32\shcore.dll
0x00007ffc9cf80000 - 0x00007ffc9cfcb000 	C:\Windows\system32\powrprof.dll
0x00007ffc9cf60000 - 0x00007ffc9cf74000 	C:\Windows\system32\profapi.dll
0x00007ffc8c050000 - 0x00007ffc8c1dc000 	C:\Windows\SYSTEM32\dbghelp.dll

VM Arguments:
jvm_args: -Djava.awt.headless=true -Xmx1024M -Dfile.encoding=windows-1252 -Duser.country=US -Duser.language=en -Duser.variant 
java_command: com.android.dx.command.Main --dex --force-jumbo --num-threads=4 --multi-dex --output C:\Users\Bryan\StudioProjects\Pub15212\app\build\intermediates\transforms\dex\debug\folders\1000\5\slice_0 C:\Users\Bryan\StudioProjects\Pub15212\app\build\intermediates\transforms\instantRunSlicer\debug\folders\1\5\slice_0
java_class_path (initial): C:\Users\Bryan\AppData\Local\Android\sdk\build-tools\23.0.2\lib\dx.jar
Launcher Type: SUN_STANDARD

Environment Variables:
PATH=C:\ProgramData\Oracle\Java\javapath;C:\Windows\system32;C:\Windows;C:\Windows\System32\Wbem;C:\Windows\System32\WindowsPowerShell\v1.0\;C:\Program Files (x86)\ATI Technologies\ATI.ACE\Core-Static;C:\Program Files\Git\cmd;C:\Program Files (x86)\GNU\GnuPG\pub
USERNAME=Bryan
OS=Windows_NT
PROCESSOR_IDENTIFIER=Intel64 Family 6 Model 15 Stepping 11, GenuineIntel



---------------  S Y S T E M  ---------------

OS: Windows 10.0 , 64 bit Build 10586 (10.0.10586.0)

CPU:total 4 (4 cores per cpu, 1 threads per core) family 6 model 15 stepping 11, cmov, cx8, fxsr, mmx, sse, sse2, sse3, ssse3, tsc

Memory: 4k page, physical 8386804k(3270764k free), swap 16775412k(9536468k free)

vm_info: Java HotSpot(TM) 64-Bit Server VM (25.65-b01) for windows-amd64 JRE (1.8.0_65-b17), built on Oct  6 2015 16:39:20 by "java_re" with MS VC++ 10.0 (VS2010)

time: Fri Apr 15 00:32:26 2016
elapsed time: 0 seconds (0d 0h 0m 0s)

