#
# A fatal error has been detected by the Java Runtime Environment:
#
#  EXCEPTION_ACCESS_VIOLATION (0xc0000005) at pc=0xffffffffa3215120, pid=3100, tid=7496
#
# JRE version: Java(TM) SE Runtime Environment (8.0_65-b17) (build 1.8.0_65-b17)
# Java VM: Java HotSpot(TM) 64-Bit Server VM (25.65-b01 mixed mode windows-amd64 compressed oops)
# Problematic frame:
# C  0xffffffffa3215120
#
# Failed to write core dump. Minidumps are not enabled by default on client versions of Windows
#
# If you would like to submit a bug report, please visit:
#   http://bugreport.java.com/bugreport/crash.jsp
#

---------------  T H R E A D  ---------------

Current thread (0x0000000002110800):  JavaThread "main" [_thread_in_Java, id=7496, stack(0x0000000002010000,0x0000000002110000)]

siginfo: ExceptionCode=0xc0000005, ExceptionInformation=0x0000000000000008 0xffffffffa3215120

Registers:
RAX=0x000000010009a410, RBX=0x00000000c0721040, RCX=0x0000000000000046, RDX=0x00000000eb69bb30
RSP=0x000000000210ec88, RBP=0x000000000210edb0, RSI=0x0000000014599ca0, RDI=0x0000000000004710
R8 =0x0000000014575798, R9 =0x00000000eec22298, R10=0x000000010009a410, R11=0x00000000eec222b0
R12=0x0000000000000000, R13=0x00000000c0d29510, R14=0x000000002000d5fd, R15=0x0000000002110800
RIP=0xffffffffa3215120, EFLAGS=0x0000000000010246

Top of Stack: (sp=0x000000000210ec88)
0x000000000210ec88:   0000000002ab83dc 000000000210ed30
0x000000000210ec98:   0000000002aad8b4 00000000140ff737
0x000000000210eca8:   000000000210ece8 0000000014263bf0
0x000000000210ecb8:   000000000222cc03 000000000210ed30
0x000000000210ecc8:   0000000002217a2d 000000000210ed30
0x000000000210ecd8:   0000000002217245 0000000002217245
0x000000000210ece8:   00000000eb66f5e8 00000000eb69b4b0
0x000000000210ecf8:   00000000c0d274c8 00000000c02f5ec8
0x000000000210ed08:   00000000c06f9de0 00000000c06ea880
0x000000000210ed18:   00000000144db3b8 0000000000000000
0x000000000210ed28:   00000000eb69bb30 000000000210edb0
0x000000000210ed38:   0000000002217a2d 000000000210edb0
0x000000000210ed48:   0000000002217a2d 00000000c06f9de0
0x000000000210ed58:   0000000002217a2d 00000000c06ea880
0x000000000210ed68:   00000000c0d274c8 000000000210ed70
0x000000000210ed78:   000000001435ddb4 000000000210ede0 

Instructions: (pc=0xffffffffa3215120)
0xffffffffa3215100:   
[error occurred during error reporting (printing registers, top of stack, instructions near pc), id 0xc0000005]

Register to memory mapping:

RAX=0x000000010009a410 is pointing into metadata
RBX=0x00000000c0721040 is an oop
[C 
 - klass: {type array char}
 - length: 17
RCX=0x0000000000000046 is an unknown value
RDX=0x00000000eb69bb30 is an oop
java.util.HashMap$KeyIterator 
 - klass: 'java/util/HashMap$KeyIterator'
RSP=0x000000000210ec88 is pointing into the stack for thread: 0x0000000002110800
RBP=0x000000000210edb0 is pointing into the stack for thread: 0x0000000002110800
RSI=0x0000000014599ca0 is pointing into metadata
RDI=0x0000000000004710 is an unknown value
R8 =0x0000000014575798 is pointing into metadata
R9 =0x00000000eec22298 is an oop
java.lang.String 
 - klass: 'java/lang/String'
R10=0x000000010009a410 is pointing into metadata
R11=0x00000000eec222b0 is an oop
[C 
 - klass: {type array char}
 - length: 1
R12=0x0000000000000000 is an unknown value
R13=0x00000000c0d29510 is an oop
com.android.dx.rop.cst.CstFieldRef 
 - klass: 'com/android/dx/rop/cst/CstFieldRef'
R14=0x000000002000d5fd is an unknown value
R15=0x0000000002110800 is a thread


Stack: [0x0000000002010000,0x0000000002110000],  sp=0x000000000210ec88,  free space=1019k
Native frames: (J=compiled Java code, j=interpreted, Vv=VM code, C=native code)
C  0xffffffffa3215120


---------------  P R O C E S S  ---------------

Java Threads: ( => current thread )
  0x000000001493e000 JavaThread "Service Thread" daemon [_thread_blocked, id=3908, stack(0x0000000016620000,0x0000000016720000)]
  0x0000000014931800 JavaThread "C1 CompilerThread2" daemon [_thread_blocked, id=1228, stack(0x0000000016120000,0x0000000016220000)]
  0x00000000148dd000 JavaThread "C2 CompilerThread1" daemon [_thread_blocked, id=3616, stack(0x0000000016020000,0x0000000016120000)]
  0x00000000148d9800 JavaThread "C2 CompilerThread0" daemon [_thread_in_native, id=8064, stack(0x0000000015f20000,0x0000000016020000)]
  0x00000000148d8000 JavaThread "Attach Listener" daemon [_thread_blocked, id=1572, stack(0x0000000015e20000,0x0000000015f20000)]
  0x00000000148ec800 JavaThread "Signal Dispatcher" daemon [_thread_blocked, id=7084, stack(0x0000000015d20000,0x0000000015e20000)]
  0x0000000002201800 JavaThread "Finalizer" daemon [_thread_blocked, id=2728, stack(0x0000000015b40000,0x0000000015c40000)]
  0x00000000021fe800 JavaThread "Reference Handler" daemon [_thread_blocked, id=3388, stack(0x0000000015a40000,0x0000000015b40000)]
=>0x0000000002110800 JavaThread "main" [_thread_in_Java, id=7496, stack(0x0000000002010000,0x0000000002110000)]

Other Threads:
  0x00000000148a6000 VMThread [stack: 0x0000000015940000,0x0000000015a40000] [id=4860]
  0x000000001623d800 WatcherThread [stack: 0x0000000016720000,0x0000000016820000] [id=1068]

VM state:not at safepoint (normal execution)

VM Mutex/Monitor currently owned by a thread: None

Heap:
 PSYoungGen      total 71680K, used 17104K [0x00000000eab00000, 0x00000000f3700000, 0x0000000100000000)
  eden space 66560K, 18% used [0x00000000eab00000,0x00000000eb6b4738,0x00000000eec00000)
  from space 5120K, 99% used [0x00000000eec00000,0x00000000ef0ff9c0,0x00000000ef100000)
  to   space 5120K, 0% used [0x00000000f3200000,0x00000000f3200000,0x00000000f3700000)
 ParOldGen       total 87552K, used 15564K [0x00000000c0000000, 0x00000000c5580000, 0x00000000eab00000)
  object space 87552K, 17% used [0x00000000c0000000,0x00000000c0f33330,0x00000000c5580000)
 Metaspace       used 6370K, capacity 7158K, committed 7296K, reserved 1056768K
  class space    used 609K, capacity 622K, committed 640K, reserved 1048576K

Card table byte_map: [0x00000000115d0000,0x00000000117e0000] byte_map_base: 0x0000000010fd0000

Marking Bits: (ParMarkBitMap*) 0x00000000656ea5b0
 Begin Bits: [0x0000000011d40000, 0x0000000012d40000)
 End Bits:   [0x0000000012d40000, 0x0000000013d40000)

Polling page: 0x0000000000530000

CodeCache: size=245760Kb used=8925Kb max_used=8951Kb free=236834Kb
 bounds [0x0000000002210000, 0x0000000002ae0000, 0x0000000011210000]
 total_blobs=2160 nmethods=1892 adapters=182
 compilation: enabled

Compilation events (10 events):
Event: 15.184 Thread 0x00000000148dd000 nmethod 1956 0x0000000002acb310 code [0x0000000002acb8e0, 0x0000000002ad10a8]
Event: 15.428 Thread 0x00000000148d9800 1968   !   4       com.android.dx.rop.cst.CstType::intern (48 bytes)
Event: 15.431 Thread 0x0000000014931800 1969       3       com.android.dx.dex.file.DebugInfoItem::<init> (36 bytes)
Event: 15.432 Thread 0x0000000014931800 nmethod 1969 0x0000000002abe550 code [0x0000000002abe6c0, 0x0000000002abe998]
Event: 15.432 Thread 0x00000000148dd000 1970       4       java.util.HashMap$HashIterator::nextNode (100 bytes)
Event: 15.435 Thread 0x0000000014931800 1971  s    3       com.android.dx.dex.file.StringIdsSection::intern (53 bytes)
Event: 15.436 Thread 0x0000000014931800 nmethod 1971 0x0000000002abd650 code [0x0000000002abd820, 0x0000000002abe198]
Event: 15.437 Thread 0x00000000148dd000 nmethod 1970 0x0000000002aba350 code [0x0000000002aba4a0, 0x0000000002aba6d8]
Event: 15.438 Thread 0x00000000148dd000 1972       4       java.util.HashMap$HashIterator::hasNext (13 bytes)
Event: 15.438 Thread 0x00000000148dd000 nmethod 1972 0x000000000279b090 code [0x000000000279b1c0, 0x000000000279b238]

GC Heap History (6 events):
Event: 6.079 GC heap before
{Heap before GC invocations=1 (full 0):
 PSYoungGen      total 38400K, used 33280K [0x00000000eab00000, 0x00000000ed580000, 0x0000000100000000)
  eden space 33280K, 100% used [0x00000000eab00000,0x00000000ecb80000,0x00000000ecb80000)
  from space 5120K, 0% used [0x00000000ed080000,0x00000000ed080000,0x00000000ed580000)
  to   space 5120K, 0% used [0x00000000ecb80000,0x00000000ecb80000,0x00000000ed080000)
 ParOldGen       total 87552K, used 0K [0x00000000c0000000, 0x00000000c5580000, 0x00000000eab00000)
  object space 87552K, 0% used [0x00000000c0000000,0x00000000c0000000,0x00000000c5580000)
 Metaspace       used 6043K, capacity 6960K, committed 7040K, reserved 1056768K
  class space    used 600K, capacity 616K, committed 640K, reserved 1048576K
Event: 6.564 GC heap after
Heap after GC invocations=1 (full 0):
 PSYoungGen      total 38400K, used 5115K [0x00000000eab00000, 0x00000000ef600000, 0x0000000100000000)
  eden space 33280K, 0% used [0x00000000eab00000,0x00000000eab00000,0x00000000ecb80000)
  from space 5120K, 99% used [0x00000000ecb80000,0x00000000ed07ee08,0x00000000ed080000)
  to   space 5120K, 0% used [0x00000000ef100000,0x00000000ef100000,0x00000000ef600000)
 ParOldGen       total 87552K, used 1205K [0x00000000c0000000, 0x00000000c5580000, 0x00000000eab00000)
  object space 87552K, 1% used [0x00000000c0000000,0x00000000c012d7d0,0x00000000c5580000)
 Metaspace       used 6043K, capacity 6960K, committed 7040K, reserved 1056768K
  class space    used 600K, capacity 616K, committed 640K, reserved 1048576K
}
Event: 8.091 GC heap before
{Heap before GC invocations=2 (full 0):
 PSYoungGen      total 38400K, used 38395K [0x00000000eab00000, 0x00000000ef600000, 0x0000000100000000)
  eden space 33280K, 100% used [0x00000000eab00000,0x00000000ecb80000,0x00000000ecb80000)
  from space 5120K, 99% used [0x00000000ecb80000,0x00000000ed07ee08,0x00000000ed080000)
  to   space 5120K, 0% used [0x00000000ef100000,0x00000000ef100000,0x00000000ef600000)
 ParOldGen       total 87552K, used 1205K [0x00000000c0000000, 0x00000000c5580000, 0x00000000eab00000)
  object space 87552K, 1% used [0x00000000c0000000,0x00000000c012d7d0,0x00000000c5580000)
 Metaspace       used 6169K, capacity 7024K, committed 7296K, reserved 1056768K
  class space    used 602K, capacity 616K, committed 640K, reserved 1048576K
Event: 8.845 GC heap after
Heap after GC invocations=2 (full 0):
 PSYoungGen      total 71680K, used 5094K [0x00000000eab00000, 0x00000000ef600000, 0x0000000100000000)
  eden space 66560K, 0% used [0x00000000eab00000,0x00000000eab00000,0x00000000eec00000)
  from space 5120K, 99% used [0x00000000ef100000,0x00000000ef5f9ad8,0x00000000ef600000)
  to   space 5120K, 0% used [0x00000000eec00000,0x00000000eec00000,0x00000000ef100000)
 ParOldGen       total 87552K, used 5634K [0x00000000c0000000, 0x00000000c5580000, 0x00000000eab00000)
  object space 87552K, 6% used [0x00000000c0000000,0x00000000c0580a68,0x00000000c5580000)
 Metaspace       used 6169K, capacity 7024K, committed 7296K, reserved 1056768K
  class space    used 602K, capacity 616K, committed 640K, reserved 1048576K
}
Event: 12.947 GC heap before
{Heap before GC invocations=3 (full 0):
 PSYoungGen      total 71680K, used 71654K [0x00000000eab00000, 0x00000000ef600000, 0x0000000100000000)
  eden space 66560K, 100% used [0x00000000eab00000,0x00000000eec00000,0x00000000eec00000)
  from space 5120K, 99% used [0x00000000ef100000,0x00000000ef5f9ad8,0x00000000ef600000)
  to   space 5120K, 0% used [0x00000000eec00000,0x00000000eec00000,0x00000000ef100000)
 ParOldGen       total 87552K, used 5634K [0x00000000c0000000, 0x00000000c5580000, 0x00000000eab00000)
  object space 87552K, 6% used [0x00000000c0000000,0x00000000c0580a68,0x00000000c5580000)
 Metaspace       used 6290K, capacity 7152K, committed 7296K, reserved 1056768K
  class space    used 602K, capacity 616K, committed 640K, reserved 1048576K
Event: 13.213 GC heap after
Heap after GC invocations=3 (full 0):
 PSYoungGen      total 71680K, used 5118K [0x00000000eab00000, 0x00000000f3700000, 0x0000000100000000)
  eden space 66560K, 0% used [0x00000000eab00000,0x00000000eab00000,0x00000000eec00000)
  from space 5120K, 99% used [0x00000000eec00000,0x00000000ef0ff9c0,0x00000000ef100000)
  to   space 5120K, 0% used [0x00000000f3200000,0x00000000f3200000,0x00000000f3700000)
 ParOldGen       total 87552K, used 15564K [0x00000000c0000000, 0x00000000c5580000, 0x00000000eab00000)
  object space 87552K, 17% used [0x00000000c0000000,0x00000000c0f33330,0x00000000c5580000)
 Metaspace       used 6290K, capacity 7152K, committed 7296K, reserved 1056768K
  class space    used 602K, capacity 616K, committed 640K, reserved 1048576K
}

Deoptimization events (10 events):
Event: 12.125 Thread 0x00000000165e1800 Uncommon trap: reason=unstable_if action=reinterpret pc=0x00000000029a144c method=com.android.dx.rop.code.LocalItem.compareHandlesNulls(Lcom/android/dx/rop/cst/CstString;Lcom/android/dx/rop/cst/CstString;)I @ 14
Event: 13.421 Thread 0x00000000164de800 Uncommon trap: reason=bimorphic action=maybe_recompile pc=0x00000000029e1a38 method=com.android.dx.cf.code.BytecodeArray.parseInstruction(ILcom/android/dx/cf/code/BytecodeArray$Visitor;)I @ 2484
Event: 13.422 Thread 0x00000000164de800 Uncommon trap: reason=bimorphic action=maybe_recompile pc=0x00000000029e1a38 method=com.android.dx.cf.code.BytecodeArray.parseInstruction(ILcom/android/dx/cf/code/BytecodeArray$Visitor;)I @ 2484
Event: 14.174 Thread 0x00000000164de800 Uncommon trap: reason=unstable_if action=reinterpret pc=0x000000000297bf70 method=java.util.HashMap.putVal(ILjava/lang/Object;Ljava/lang/Object;ZZ)Ljava/lang/Object; @ 94
Event: 14.285 Thread 0x0000000002110800 Uncommon trap: reason=class_check action=maybe_recompile pc=0x00000000026be6c4 method=java.util.Arrays.hashCode([Ljava/lang/Object;)I @ 43
Event: 14.285 Thread 0x0000000002110800 Uncommon trap: reason=class_check action=maybe_recompile pc=0x00000000026be6c4 method=java.util.Arrays.hashCode([Ljava/lang/Object;)I @ 43
Event: 14.285 Thread 0x0000000002110800 Uncommon trap: reason=class_check action=maybe_recompile pc=0x00000000026be6c4 method=java.util.Arrays.hashCode([Ljava/lang/Object;)I @ 43
Event: 14.285 Thread 0x0000000002110800 Uncommon trap: reason=class_check action=maybe_recompile pc=0x00000000026be6c4 method=java.util.Arrays.hashCode([Ljava/lang/Object;)I @ 43
Event: 14.286 Thread 0x0000000002110800 Uncommon trap: reason=class_check action=maybe_recompile pc=0x00000000026c08a8 method=java.util.Arrays.hashCode([Ljava/lang/Object;)I @ 43
Event: 14.412 Thread 0x0000000002110800 Uncommon trap: reason=unstable_if action=reinterpret pc=0x00000000028f9008 method=java.util.HashMap.putVal(ILjava/lang/Object;Ljava/lang/Object;ZZ)Ljava/lang/Object; @ 94

Internal exceptions (6 events):
Event: 0.063 Thread 0x0000000002110800 Exception <a 'java/lang/NoSuchMethodError': Method sun.misc.Unsafe.defineClass(Ljava/lang/String;[BII)Ljava/lang/Class; name or signature does not match> (0x00000000eab0d2e0) thrown at [C:\workspace\8-2-build-windows-amd64-cygwin\jdk8u65\4987\hotspot\src\sû‰± 8°?
Event: 0.063 Thread 0x0000000002110800 Exception <a 'java/lang/NoSuchMethodError': Method sun.misc.Unsafe.prefetchRead(Ljava/lang/Object;J)V name or signature does not match> (0x00000000eab0d5c8) thrown at [C:\workspace\8-2-build-windows-amd64-cygwin\jdk8u65\4987\hotspot\src\share\vm\prims\jni.{jî5@
Event: 6.757 Thread 0x000000001647e800 Implicit null exception at 0x00000000024a3d3b to 0x00000000024a543d
Event: 12.123 Thread 0x00000000165e1800 Implicit null exception at 0x00000000028ea3e3 to 0x00000000028eb36d
Event: 12.124 Thread 0x00000000165e1800 Implicit null exception at 0x000000000279ef6a to 0x00000000027a0345
Event: 12.124 Thread 0x00000000165e1800 Implicit null exception at 0x00000000029a0382 to 0x00000000029a143d

Events (10 events):
Event: 14.285 Thread 0x0000000002110800 DEOPT UNPACKING pc=0x000000000225556a sp=0x000000000210e9e0 mode 2
Event: 14.286 Thread 0x0000000002110800 Uncommon trap: trap_request=0xffffffde fr.pc=0x00000000026c08a8
Event: 14.286 Thread 0x0000000002110800 DEOPT PACKING pc=0x00000000026c08a8 sp=0x000000000210eaa0
Event: 14.286 Thread 0x0000000002110800 DEOPT UNPACKING pc=0x000000000225556a sp=0x000000000210ea28 mode 2
Event: 14.293 loading class com/android/dx/rop/cst/Zeroes
Event: 14.293 loading class com/android/dx/rop/cst/Zeroes done
Event: 14.412 Thread 0x0000000002110800 Uncommon trap: trap_request=0xffffff65 fr.pc=0x00000000028f9008
Event: 14.412 Thread 0x0000000002110800 DEOPT PACKING pc=0x00000000028f9008 sp=0x000000000210ea90
Event: 14.412 Thread 0x0000000002110800 DEOPT UNPACKING pc=0x000000000225556a sp=0x000000000210e9c8 mode 2
Event: 14.415 Thread 0x00000000164de800 Thread exited: 0x00000000164de800


Dynamic libraries:
0x00007ff774640000 - 0x00007ff774677000 	C:\Program Files\Java\jdk1.8.0_65\bin\java.exe
0x00007fffa5c00000 - 0x00007fffa5dc1000 	C:\Windows\SYSTEM32\ntdll.dll
0x00007fffa36a0000 - 0x00007fffa374d000 	C:\Windows\system32\KERNEL32.DLL
0x00007fffa22b0000 - 0x00007fffa2498000 	C:\Windows\system32\KERNELBASE.dll
0x00007fffa0a10000 - 0x00007fffa0a89000 	C:\Windows\system32\apphelp.dll
0x00007fffa3de0000 - 0x00007fffa3e87000 	C:\Windows\system32\ADVAPI32.dll
0x00007fffa5a50000 - 0x00007fffa5aed000 	C:\Windows\system32\msvcrt.dll
0x00007fffa3930000 - 0x00007fffa398b000 	C:\Windows\system32\sechost.dll
0x00007fffa3750000 - 0x00007fffa386c000 	C:\Windows\system32\RPCRT4.dll
0x00007fffa4110000 - 0x00007fffa4266000 	C:\Windows\system32\USER32.dll
0x00007fffa3290000 - 0x00007fffa3416000 	C:\Windows\system32\GDI32.dll
0x00007fff98a00000 - 0x00007fff98c74000 	C:\Windows\WinSxS\amd64_microsoft.windows.common-controls_6595b64144ccf1df_6.0.10586.0_none_8c15ae12515e1c22\COMCTL32.dll
0x00007fffa57d0000 - 0x00007fffa5a4d000 	C:\Windows\system32\combase.dll
0x00007fffa2690000 - 0x00007fffa26fa000 	C:\Windows\system32\bcryptPrimitives.dll
0x00007fffa3420000 - 0x00007fffa345b000 	C:\Windows\system32\IMM32.DLL
0x0000000064940000 - 0x0000000064a12000 	C:\Program Files\Java\jdk1.8.0_65\jre\bin\msvcr100.dll
0x0000000064ee0000 - 0x0000000065769000 	C:\Program Files\Java\jdk1.8.0_65\jre\bin\server\jvm.dll
0x00007fffa3dd0000 - 0x00007fffa3dd8000 	C:\Windows\system32\PSAPI.DLL
0x00007fff91020000 - 0x00007fff91029000 	C:\Windows\SYSTEM32\WSOCK32.dll
0x00007fffa3e90000 - 0x00007fffa3efb000 	C:\Windows\system32\WS2_32.dll
0x00007fffa0950000 - 0x00007fffa0973000 	C:\Windows\SYSTEM32\WINMM.dll
0x00007fff9e730000 - 0x00007fff9e73a000 	C:\Windows\SYSTEM32\VERSION.dll
0x00007fffa08f0000 - 0x00007fffa091c000 	C:\Windows\SYSTEM32\WINMMBASE.dll
0x00007fffa2550000 - 0x00007fffa2593000 	C:\Windows\system32\cfgmgr32.dll
0x0000000064df0000 - 0x0000000064dff000 	C:\Program Files\Java\jdk1.8.0_65\jre\bin\verify.dll
0x0000000064dc0000 - 0x0000000064de9000 	C:\Program Files\Java\jdk1.8.0_65\jre\bin\java.dll
0x0000000064da0000 - 0x0000000064db6000 	C:\Program Files\Java\jdk1.8.0_65\jre\bin\zip.dll
0x00007fffa4270000 - 0x00007fffa57cc000 	C:\Windows\system32\SHELL32.dll
0x00007fffa2720000 - 0x00007fffa2d65000 	C:\Windows\system32\windows.storage.dll
0x00007fffa3070000 - 0x00007fffa30c2000 	C:\Windows\system32\shlwapi.dll
0x00007fffa2220000 - 0x00007fffa222f000 	C:\Windows\system32\kernel.appcore.dll
0x00007fffa2d70000 - 0x00007fffa2e25000 	C:\Windows\system32\shcore.dll
0x00007fffa2260000 - 0x00007fffa22ab000 	C:\Windows\system32\powrprof.dll
0x00007fffa2230000 - 0x00007fffa2244000 	C:\Windows\system32\profapi.dll
0x00007fff8f5b0000 - 0x00007fff8f73c000 	C:\Windows\SYSTEM32\dbghelp.dll

VM Arguments:
jvm_args: -Djava.awt.headless=true -Xmx1024M -Dfile.encoding=windows-1252 -Duser.country=US -Duser.language=en -Duser.variant 
java_command: com.android.dx.command.Main --dex --num-threads=4 --output C:\Users\Bryan\StudioProjects\Pub15212\app\build\intermediates\pre-dexed\debug\com.android.support-design-23.3.0_26f91786c74292982433596b797e208c49d89a39.jar C:\Users\Bryan\StudioProjects\Pub15212\app\build\intermediates\exploded-aar\com.android.support\design\23.3.0\jars\classes.jar
java_class_path (initial): C:\Users\Bryan\AppData\Local\Android\sdk\build-tools\23.0.2\lib\dx.jar
Launcher Type: SUN_STANDARD

Environment Variables:
PATH=C:\ProgramData\Oracle\Java\javapath;C:\Windows\system32;C:\Windows;C:\Windows\System32\Wbem;C:\Windows\System32\WindowsPowerShell\v1.0\;C:\Program Files (x86)\ATI Technologies\ATI.ACE\Core-Static;C:\Program Files\Git\cmd;C:\Program Files (x86)\GNU\GnuPG\pub
USERNAME=Bryan
OS=Windows_NT
PROCESSOR_IDENTIFIER=Intel64 Family 6 Model 15 Stepping 11, GenuineIntel



---------------  S Y S T E M  ---------------

OS: Windows 10.0 , 64 bit Build 10586 (10.0.10586.0)

CPU:total 4 (4 cores per cpu, 1 threads per core) family 6 model 15 stepping 11, cmov, cx8, fxsr, mmx, sse, sse2, sse3, ssse3, tsc

Memory: 4k page, physical 8386804k(3304380k free), swap 16775412k(9845384k free)

vm_info: Java HotSpot(TM) 64-Bit Server VM (25.65-b01) for windows-amd64 JRE (1.8.0_65-b17), built on Oct  6 2015 16:39:20 by "java_re" with MS VC++ 10.0 (VS2010)

time: Mon May 02 00:30:34 2016
elapsed time: 15 seconds (0d 0h 0m 15s)

