#
# A fatal error has been detected by the Java Runtime Environment:
#
#  EXCEPTION_ACCESS_VIOLATION (0xc0000005) at pc=0xffffffffa3275120, pid=4172, tid=8740
#
# JRE version: Java(TM) SE Runtime Environment (8.0_65-b17) (build 1.8.0_65-b17)
# Java VM: Java HotSpot(TM) 64-Bit Server VM (25.65-b01 mixed mode windows-amd64 compressed oops)
# Problematic frame:
# C  0xffffffffa3275120
#
# Failed to write core dump. Minidumps are not enabled by default on client versions of Windows
#
# If you would like to submit a bug report, please visit:
#   http://bugreport.java.com/bugreport/crash.jsp
#

---------------  T H R E A D  ---------------

Current thread (0x0000000002170800):  JavaThread "main" [_thread_in_Java, id=8740, stack(0x0000000001eb0000,0x0000000001fb0000)]

siginfo: ExceptionCode=0xc0000005, ExceptionInformation=0x0000000000000008 0xffffffffa3275120

Registers:
RAX=0x00000000143eb128, RBX=0x00000000143eb128, RCX=0x00000000ecbac738, RDX=0x00000000ecbac738
RSP=0x0000000001faeaa8, RBP=0x0000000001faeb00, RSI=0x0000000000000358, RDI=0x0000000000000ca8
R8 =0x0000000000000001, R9 =0x00000000ecfe8048, R10=0x000000005fc92140, R11=0x0000000002653380
R12=0x0000000000000000, R13=0x0000000001faeab8, R14=0x0000000001faeb10, R15=0x0000000002170800
RIP=0xffffffffa3275120, EFLAGS=0x0000000000010202

Top of Stack: (sp=0x0000000001faeaa8)
0x0000000001faeaa8:   0000000002277200 0000000002277200
0x0000000001faeab8:   00000000ecbac738 0000000001faeac0
0x0000000001faeac8:   000000001448b739 0000000001faeb10
0x0000000001faead8:   000000001448c4e8 0000000000000000
0x0000000001faeae8:   000000001448b750 0000000001faeab8
0x0000000001faeaf8:   0000000001faeb10 0000000001faeb58
0x0000000001faeb08:   0000000002277200 00000000ecd8a098
0x0000000001faeb18:   0000000001faeb18 000000001453ca09
0x0000000001faeb28:   0000000001faebd0 000000001453d0b0
0x0000000001faeb38:   0000000000000000 000000001453cb78
0x0000000001faeb48:   0000000001faeb10 0000000001faebc8
0x0000000001faeb58:   0000000001faec18 0000000002277a2d
0x0000000001faeb68:   0000000000000000 00000000ecd8a098
0x0000000001faeb78:   0000000000000001 00000000eb0f5f78
0x0000000001faeb88:   00000000eb0f5fa8 00000000eb10bd30
0x0000000001faeb98:   0000000000000018 000000000000001d 

Instructions: (pc=0xffffffffa3275120)
0xffffffffa3275100:   
[error occurred during error reporting (printing registers, top of stack, instructions near pc), id 0xc0000005]

Register to memory mapping:

RAX={method} {0x00000000143eb130} 'isCategory2' '()Z' in 'com/android/dx/rop/type/Type'
RBX={method} {0x00000000143eb130} 'isCategory2' '()Z' in 'com/android/dx/rop/type/Type'
RCX=0x00000000ecbac738 is an oop
com.android.dx.rop.type.Type 
 - klass: 'com/android/dx/rop/type/Type'
RDX=0x00000000ecbac738 is an oop
com.android.dx.rop.type.Type 
 - klass: 'com/android/dx/rop/type/Type'
RSP=0x0000000001faeaa8 is pointing into the stack for thread: 0x0000000002170800
RBP=0x0000000001faeb00 is pointing into the stack for thread: 0x0000000002170800
RSI=0x0000000000000358 is an unknown value
RDI=0x0000000000000ca8 is an unknown value
R8 =0x0000000000000001 is an unknown value
R9 =0x00000000ecfe8048 is an oop
[Ljava.lang.Object; 
 - klass: 'java/lang/Object'[]
 - length: 2101
R10=0x000000005fc92140 is an unknown value
R11=0x0000000002653380 is at entry_point+32 in (nmethod*)0x0000000002653210
R12=0x0000000000000000 is an unknown value
R13=0x0000000001faeab8 is pointing into the stack for thread: 0x0000000002170800
R14=0x0000000001faeb10 is pointing into the stack for thread: 0x0000000002170800
R15=0x0000000002170800 is a thread


Stack: [0x0000000001eb0000,0x0000000001fb0000],  sp=0x0000000001faeaa8,  free space=1018k
Native frames: (J=compiled Java code, j=interpreted, Vv=VM code, C=native code)
C  0xffffffffa3275120


---------------  P R O C E S S  ---------------

Java Threads: ( => current thread )
  0x0000000016293800 JavaThread "Service Thread" daemon [_thread_blocked, id=6264, stack(0x0000000016680000,0x0000000016780000)]
  0x000000001499c000 JavaThread "C1 CompilerThread2" daemon [_thread_blocked, id=8124, stack(0x0000000016180000,0x0000000016280000)]
  0x000000001493f800 JavaThread "C2 CompilerThread1" daemon [_thread_in_native, id=8732, stack(0x0000000016080000,0x0000000016180000)]
  0x000000001493c800 JavaThread "C2 CompilerThread0" daemon [_thread_blocked, id=9096, stack(0x0000000015f80000,0x0000000016080000)]
  0x000000001493a800 JavaThread "Attach Listener" daemon [_thread_blocked, id=1736, stack(0x0000000015e80000,0x0000000015f80000)]
  0x0000000014939800 JavaThread "Signal Dispatcher" daemon [_thread_blocked, id=7376, stack(0x0000000015d80000,0x0000000015e80000)]
  0x0000000002260000 JavaThread "Finalizer" daemon [_thread_blocked, id=2768, stack(0x0000000015ba0000,0x0000000015ca0000)]
  0x000000000225d000 JavaThread "Reference Handler" daemon [_thread_blocked, id=2432, stack(0x0000000015aa0000,0x0000000015ba0000)]
=>0x0000000002170800 JavaThread "main" [_thread_in_Java, id=8740, stack(0x0000000001eb0000,0x0000000001fb0000)]

Other Threads:
  0x0000000014907800 VMThread [stack: 0x00000000159a0000,0x0000000015aa0000] [id=772]
  0x000000001628c000 WatcherThread [stack: 0x0000000016780000,0x0000000016880000] [id=3440]

VM state:not at safepoint (normal execution)

VM Mutex/Monitor currently owned by a thread: None

Heap:
 PSYoungGen      total 38400K, used 11326K [0x00000000eab00000, 0x00000000ef600000, 0x0000000100000000)
  eden space 33280K, 18% used [0x00000000eab00000,0x00000000eb117b38,0x00000000ecb80000)
  from space 5120K, 99% used [0x00000000ecb80000,0x00000000ed078048,0x00000000ed080000)
  to   space 5120K, 0% used [0x00000000ef100000,0x00000000ef100000,0x00000000ef600000)
 ParOldGen       total 87552K, used 1561K [0x00000000c0000000, 0x00000000c5580000, 0x00000000eab00000)
  object space 87552K, 1% used [0x00000000c0000000,0x00000000c0186600,0x00000000c5580000)
 Metaspace       used 6192K, capacity 7096K, committed 7296K, reserved 1056768K
  class space    used 619K, capacity 624K, committed 640K, reserved 1048576K

Card table byte_map: [0x0000000011630000,0x0000000011840000] byte_map_base: 0x0000000011030000

Marking Bits: (ParMarkBitMap*) 0x000000005fcaa5b0
 Begin Bits: [0x0000000011da0000, 0x0000000012da0000)
 End Bits:   [0x0000000012da0000, 0x0000000013da0000)

Polling page: 0x0000000000520000

CodeCache: size=245760Kb used=5416Kb max_used=5426Kb free=240343Kb
 bounds [0x0000000002270000, 0x00000000027d0000, 0x0000000011270000]
 total_blobs=1666 nmethods=1398 adapters=182
 compilation: enabled

Compilation events (10 events):
Event: 1.803 Thread 0x000000001499c000 1403       3       com.android.dx.dex.code.SimpleInsn::<init> (8 bytes)
Event: 1.803 Thread 0x000000001499c000 nmethod 1403 0x00000000027bb510 code [0x00000000027bb680, 0x00000000027bb868]
Event: 1.804 Thread 0x000000001499c000 1404       3       com.android.dx.dex.code.FixedSizeInsn::withRegisterOffset (13 bytes)
Event: 1.804 Thread 0x000000001499c000 nmethod 1404 0x00000000027baf50 code [0x00000000027bb0c0, 0x00000000027bb438]
Event: 1.804 Thread 0x000000001499c000 1405       3       com.android.dx.dex.code.LocalSnapshot::withRegisterOffset (20 bytes)
Event: 1.804 Thread 0x000000001499c000 nmethod 1405 0x00000000027ba610 code [0x00000000027ba7c0, 0x00000000027bad08]
Event: 1.804 Thread 0x000000001499c000 1406       3       com.android.dx.dex.code.form.Form23x::isCompatible (68 bytes)
Event: 1.805 Thread 0x000000001493c800 1407       4       com.android.dx.rop.type.Type::isCategory2 (36 bytes)
Event: 1.805 Thread 0x000000001499c000 nmethod 1406 0x00000000027bce10 code [0x00000000027bd020, 0x00000000027be0c8]
Event: 1.805 Thread 0x000000001493c800 nmethod 1407 0x000000000264c290 code [0x000000000264c3c0, 0x000000000264c438]

GC Heap History (2 events):
Event: 1.612 GC heap before
{Heap before GC invocations=1 (full 0):
 PSYoungGen      total 38400K, used 33280K [0x00000000eab00000, 0x00000000ed580000, 0x0000000100000000)
  eden space 33280K, 100% used [0x00000000eab00000,0x00000000ecb80000,0x00000000ecb80000)
  from space 5120K, 0% used [0x00000000ed080000,0x00000000ed080000,0x00000000ed580000)
  to   space 5120K, 0% used [0x00000000ecb80000,0x00000000ecb80000,0x00000000ed080000)
 ParOldGen       total 87552K, used 0K [0x00000000c0000000, 0x00000000c5580000, 0x00000000eab00000)
  object space 87552K, 0% used [0x00000000c0000000,0x00000000c0000000,0x00000000c5580000)
 Metaspace       used 6010K, capacity 6962K, committed 7040K, reserved 1056768K
  class space    used 604K, capacity 618K, committed 640K, reserved 1048576K
Event: 1.658 GC heap after
Heap after GC invocations=1 (full 0):
 PSYoungGen      total 38400K, used 5088K [0x00000000eab00000, 0x00000000ef600000, 0x0000000100000000)
  eden space 33280K, 0% used [0x00000000eab00000,0x00000000eab00000,0x00000000ecb80000)
  from space 5120K, 99% used [0x00000000ecb80000,0x00000000ed078048,0x00000000ed080000)
  to   space 5120K, 0% used [0x00000000ef100000,0x00000000ef100000,0x00000000ef600000)
 ParOldGen       total 87552K, used 1561K [0x00000000c0000000, 0x00000000c5580000, 0x00000000eab00000)
  object space 87552K, 1% used [0x00000000c0000000,0x00000000c0186600,0x00000000c5580000)
 Metaspace       used 6010K, capacity 6962K, committed 7040K, reserved 1056768K
  class space    used 604K, capacity 618K, committed 640K, reserved 1048576K
}

Deoptimization events (10 events):
Event: 1.127 Thread 0x00000000164dd000 Uncommon trap: reason=unstable_if action=reinterpret pc=0x0000000002498f64 method=java.util.HashMap.getNode(ILjava/lang/Object;)Ljava/util/HashMap$Node; @ 129
Event: 1.164 Thread 0x00000000164dd800 Uncommon trap: reason=unstable_if action=reinterpret pc=0x00000000025a6edc method=com.android.dx.rop.cst.Constant.compareTo(Lcom/android/dx/rop/cst/Constant;)I @ 12
Event: 1.400 Thread 0x00000000164dd800 Uncommon trap: reason=unstable_if action=reinterpret pc=0x00000000025ce4b8 method=com.android.dx.cf.code.Ropper.labelToResultIndex(I)I @ 34
Event: 1.532 Thread 0x0000000016402800 Uncommon trap: reason=unstable_if action=reinterpret pc=0x00000000025a8c64 method=com.android.dx.rop.code.RegisterSpecSet.put(Lcom/android/dx/rop/code/RegisterSpec;)V @ 77
Event: 1.532 Thread 0x0000000016402800 Uncommon trap: reason=unstable_if action=reinterpret pc=0x00000000025e92a0 method=com.android.dx.rop.code.RegisterSpecSet.put(Lcom/android/dx/rop/code/RegisterSpec;)V @ 77
Event: 1.538 Thread 0x0000000016402800 Uncommon trap: reason=bimorphic action=maybe_recompile pc=0x000000000260b628 method=java.util.HashMap.getNode(ILjava/lang/Object;)Ljava/util/HashMap$Node; @ 126
Event: 1.555 Thread 0x00000000163f1800 Uncommon trap: reason=unstable_if action=reinterpret pc=0x00000000025089c8 method=com.android.dx.rop.code.RegisterSpec.equals(ILcom/android/dx/rop/type/TypeBearer;Lcom/android/dx/rop/code/LocalItem;)Z @ 42
Event: 1.589 Thread 0x00000000164dd800 Uncommon trap: reason=bimorphic action=maybe_recompile pc=0x000000000260b628 method=java.util.HashMap.getNode(ILjava/lang/Object;)Ljava/util/HashMap$Node; @ 126
Event: 1.731 Thread 0x0000000002170800 Uncommon trap: reason=bimorphic action=maybe_recompile pc=0x0000000002621700 method=java.util.HashMap.getNode(ILjava/lang/Object;)Ljava/util/HashMap$Node; @ 126
Event: 1.731 Thread 0x0000000002170800 Uncommon trap: reason=bimorphic action=maybe_recompile pc=0x0000000002621700 method=java.util.HashMap.getNode(ILjava/lang/Object;)Ljava/util/HashMap$Node; @ 126

Internal exceptions (2 events):
Event: 0.163 Thread 0x0000000002170800 Exception <a 'java/lang/NoSuchMethodError': Method sun.misc.Unsafe.defineClass(Ljava/lang/String;[BII)Ljava/lang/Class; name or signature does not match> (0x00000000eab0d4a8) thrown at [C:\workspace\8-2-build-windows-amd64-cygwin\jdk8u65\4987\hotspot\src\s>`9ìMíÄ?
Event: 0.163 Thread 0x0000000002170800 Exception <a 'java/lang/NoSuchMethodError': Method sun.misc.Unsafe.prefetchRead(Ljava/lang/Object;J)V name or signature does not match> (0x00000000eab0d790) thrown at [C:\workspace\8-2-build-windows-amd64-cygwin\jdk8u65\4987\hotspot\src\share\vm\prims\jni.

Events (10 events):
Event: 1.789 loading class com/android/dx/dex/code/CatchHandlerList
Event: 1.789 loading class com/android/dx/dex/code/CatchHandlerList done
Event: 1.790 loading class com/android/dx/dex/code/CatchTable
Event: 1.790 loading class com/android/dx/dex/code/CatchTable done
Event: 1.791 loading class com/android/dx/dex/code/LocalList$Disposition
Event: 1.791 loading class com/android/dx/dex/code/LocalList$Disposition done
Event: 1.791 loading class com/android/dx/dex/code/LocalList$Entry
Event: 1.791 loading class com/android/dx/dex/code/LocalList$Entry done
Event: 1.797 loading class com/android/dx/rop/code/RegisterSpecList$Expander
Event: 1.797 loading class com/android/dx/rop/code/RegisterSpecList$Expander done


Dynamic libraries:
0x00007ff6332f0000 - 0x00007ff633327000 	C:\Program Files\Java\jdk1.8.0_65\bin\java.exe
0x00007ffca0920000 - 0x00007ffca0ae1000 	C:\Windows\SYSTEM32\ntdll.dll
0x00007ffc9dd20000 - 0x00007ffc9ddcd000 	C:\Windows\system32\KERNEL32.DLL
0x00007ffc9db30000 - 0x00007ffc9dd18000 	C:\Windows\system32\KERNELBASE.dll
0x00007ffc9df80000 - 0x00007ffc9e027000 	C:\Windows\system32\ADVAPI32.dll
0x00007ffca0880000 - 0x00007ffca091d000 	C:\Windows\system32\msvcrt.dll
0x00007ffca0470000 - 0x00007ffca04cb000 	C:\Windows\system32\sechost.dll
0x00007ffca05e0000 - 0x00007ffca06fc000 	C:\Windows\system32\RPCRT4.dll
0x00007ffc9e3a0000 - 0x00007ffc9e4f6000 	C:\Windows\system32\USER32.dll
0x00007ffca00c0000 - 0x00007ffca0246000 	C:\Windows\system32\GDI32.dll
0x00007ffc95600000 - 0x00007ffc95874000 	C:\Windows\WinSxS\amd64_microsoft.windows.common-controls_6595b64144ccf1df_6.0.10586.0_none_8c15ae12515e1c22\COMCTL32.dll
0x00007ffc9e040000 - 0x00007ffc9e2bd000 	C:\Windows\system32\combase.dll
0x00007ffc9d840000 - 0x00007ffc9d8aa000 	C:\Windows\system32\bcryptPrimitives.dll
0x00007ffca0700000 - 0x00007ffca073b000 	C:\Windows\system32\IMM32.DLL
0x000000005edf0000 - 0x000000005eec2000 	C:\Program Files\Java\jdk1.8.0_65\jre\bin\msvcr100.dll
0x000000005f4a0000 - 0x000000005fd29000 	C:\Program Files\Java\jdk1.8.0_65\jre\bin\server\jvm.dll
0x00007ffc9fc20000 - 0x00007ffc9fc28000 	C:\Windows\system32\PSAPI.DLL
0x00007ffc97b60000 - 0x00007ffc97b69000 	C:\Windows\SYSTEM32\WSOCK32.dll
0x00007ffc9e330000 - 0x00007ffc9e39b000 	C:\Windows\system32\WS2_32.dll
0x00007ffc9b6c0000 - 0x00007ffc9b6e3000 	C:\Windows\SYSTEM32\WINMM.dll
0x00007ffc99450000 - 0x00007ffc9945a000 	C:\Windows\SYSTEM32\VERSION.dll
0x00007ffc9b660000 - 0x00007ffc9b68c000 	C:\Windows\SYSTEM32\WINMMBASE.dll
0x00007ffc9d030000 - 0x00007ffc9d073000 	C:\Windows\system32\cfgmgr32.dll
0x000000005f3b0000 - 0x000000005f3bf000 	C:\Program Files\Java\jdk1.8.0_65\jre\bin\verify.dll
0x000000005f380000 - 0x000000005f3a9000 	C:\Program Files\Java\jdk1.8.0_65\jre\bin\java.dll
0x000000005f360000 - 0x000000005f376000 	C:\Program Files\Java\jdk1.8.0_65\jre\bin\zip.dll
0x00007ffc9e660000 - 0x00007ffc9fbbc000 	C:\Windows\system32\SHELL32.dll
0x00007ffc9d1f0000 - 0x00007ffc9d835000 	C:\Windows\system32\windows.storage.dll
0x00007ffc9fc30000 - 0x00007ffc9fc82000 	C:\Windows\system32\shlwapi.dll
0x00007ffc9cf50000 - 0x00007ffc9cf5f000 	C:\Windows\system32\kernel.appcore.dll
0x00007ffc9d0a0000 - 0x00007ffc9d155000 	C:\Windows\system32\shcore.dll
0x00007ffc9cf80000 - 0x00007ffc9cfcb000 	C:\Windows\system32\powrprof.dll
0x00007ffc9cf60000 - 0x00007ffc9cf74000 	C:\Windows\system32\profapi.dll
0x00007ffc8c050000 - 0x00007ffc8c1dc000 	C:\Windows\SYSTEM32\dbghelp.dll

VM Arguments:
jvm_args: -Djava.awt.headless=true -Xmx1024M -Dfile.encoding=windows-1252 -Duser.country=US -Duser.language=en -Duser.variant 
java_command: com.android.dx.command.Main --dex --num-threads=4 --output C:\Users\Bryan\StudioProjects\Pub15212\app\build\intermediates\pre-dexed\debug\com.android.support-support-vector-drawable-23.3.0_6e11d2f2d2fdd9a6976cd1ecce12b9c3b1bb4b50.jar C:\Users\Bryan\StudioProjects\Pub15212\app\build\intermediates\exploded-aar\com.android.support\support-vector-drawable\23.3.0\jars\classes.jar
java_class_path (initial): C:\Users\Bryan\AppData\Local\Android\sdk\build-tools\23.0.2\lib\dx.jar
Launcher Type: SUN_STANDARD

Environment Variables:
PATH=C:\ProgramData\Oracle\Java\javapath;C:\Windows\system32;C:\Windows;C:\Windows\System32\Wbem;C:\Windows\System32\WindowsPowerShell\v1.0\;C:\Program Files (x86)\ATI Technologies\ATI.ACE\Core-Static;C:\Program Files\Git\cmd;C:\Program Files (x86)\GNU\GnuPG\pub
USERNAME=Bryan
OS=Windows_NT
PROCESSOR_IDENTIFIER=Intel64 Family 6 Model 15 Stepping 11, GenuineIntel



---------------  S Y S T E M  ---------------

OS: Windows 10.0 , 64 bit Build 10586 (10.0.10586.0)

CPU:total 4 (4 cores per cpu, 1 threads per core) family 6 model 15 stepping 11, cmov, cx8, fxsr, mmx, sse, sse2, sse3, ssse3, tsc

Memory: 4k page, physical 8386804k(4170324k free), swap 16775412k(10351616k free)

vm_info: Java HotSpot(TM) 64-Bit Server VM (25.65-b01) for windows-amd64 JRE (1.8.0_65-b17), built on Oct  6 2015 16:39:20 by "java_re" with MS VC++ 10.0 (VS2010)

time: Tue Apr 19 00:06:05 2016
elapsed time: 1 seconds (0d 0h 0m 1s)

