#
# A fatal error has been detected by the Java Runtime Environment:
#
#  EXCEPTION_ACCESS_VIOLATION (0xc0000005) at pc=0xffffffffa3285120, pid=5852, tid=5696
#
# JRE version: Java(TM) SE Runtime Environment (8.0_65-b17) (build 1.8.0_65-b17)
# Java VM: Java HotSpot(TM) 64-Bit Server VM (25.65-b01 mixed mode windows-amd64 compressed oops)
# Problematic frame:
# C  0xffffffffa3285120
#
# Failed to write core dump. Minidumps are not enabled by default on client versions of Windows
#
# If you would like to submit a bug report, please visit:
#   http://bugreport.java.com/bugreport/crash.jsp
#

---------------  T H R E A D  ---------------

Current thread (0x0000000002180800):  JavaThread "main" [_thread_in_Java, id=5696, stack(0x0000000002030000,0x0000000002130000)]

siginfo: ExceptionCode=0xc0000005, ExceptionInformation=0x0000000000000008 0xffffffffa3285120

Registers:
RAX=0x0000000013fb0480, RBX=0x0000000013fb0480, RCX=0x00000000eab56a88, RDX=0x00000000eab56a88
RSP=0x000000000212cf98, RBP=0x000000000212cff8, RSI=0x0000000020007b55, RDI=0x0000000000000224
R8 =0x0000000000000041, R9 =0x00000000020282c0, R10=0x000000005fc92140, R11=0x0000000002389f00
R12=0x0000000000000000, R13=0x000000000212cfb0, R14=0x000000000212d020, R15=0x0000000002180800
RIP=0xffffffffa3285120, EFLAGS=0x0000000000010206

Top of Stack: (sp=0x000000000212cf98)
0x000000000212cf98:   0000000002287a2d 0000000000000016
0x000000000212cfa8:   0000000002287a2d 00000000eab56a88
0x000000000212cfb8:   000000000212cfb8 00000000141a37a1
0x000000000212cfc8:   000000000212d020 00000000141a3c48
0x000000000212cfd8:   0000000000000000 00000000141a37c8
0x000000000212cfe8:   000000000212cfb0 000000000212d008
0x000000000212cff8:   000000000212d070 0000000002287a2d
0x000000000212d008:   00000000eab565b8 00000000eab54ed8
0x000000000212d018:   00000000eab54e88 00000000eab56a88
0x000000000212d028:   00000000eab56a88 000000000212d030
0x000000000212d038:   000000001419b318 000000000212d0b8
0x000000000212d048:   000000001419e8c0 0000000000000000
0x000000000212d058:   000000001419b380 000000000212d008
0x000000000212d068:   000000000212d0a8 000000000212d100
0x000000000212d078:   00000000022877b0 0000000000000000
0x000000000212d088:   00000000eab53088 00000000eab565b8 

Instructions: (pc=0xffffffffa3285120)
0xffffffffa3285100:   
[error occurred during error reporting (printing registers, top of stack, instructions near pc), id 0xc0000005]

Register to memory mapping:

RAX={method} {0x0000000013fb0488} '<init>' '()V' in 'java/lang/Object'
RBX={method} {0x0000000013fb0488} '<init>' '()V' in 'java/lang/Object'
RCX=0x00000000eab56a88 is an oop
java.util.TreeMap$Entry 
 - klass: 'java/util/TreeMap$Entry'
RDX=0x00000000eab56a88 is an oop
java.util.TreeMap$Entry 
 - klass: 'java/util/TreeMap$Entry'
RSP=0x000000000212cf98 is pointing into the stack for thread: 0x0000000002180800
RBP=0x000000000212cff8 is pointing into the stack for thread: 0x0000000002180800
RSI=0x0000000020007b55 is an unknown value
RDI=0x0000000000000224 is an unknown value
R8 =0x0000000000000041 is an unknown value
R9 =0x00000000020282c0 is an unknown value
R10=0x000000005fc92140 is an unknown value
R11=0x0000000002389f00 is at entry_point+32 in (nmethod*)0x0000000002389d90
R12=0x0000000000000000 is an unknown value
R13=0x000000000212cfb0 is pointing into the stack for thread: 0x0000000002180800
R14=0x000000000212d020 is pointing into the stack for thread: 0x0000000002180800
R15=0x0000000002180800 is a thread


Stack: [0x0000000002030000,0x0000000002130000],  sp=0x000000000212cf98,  free space=1011k
Native frames: (J=compiled Java code, j=interpreted, Vv=VM code, C=native code)
C  0xffffffffa3285120


---------------  P R O C E S S  ---------------

Java Threads: ( => current thread )
  0x00000000162a0800 JavaThread "Service Thread" daemon [_thread_blocked, id=3620, stack(0x00000000166a0000,0x00000000167a0000)]
  0x00000000149ac000 JavaThread "C1 CompilerThread2" daemon [_thread_blocked, id=6252, stack(0x00000000161a0000,0x00000000162a0000)]
  0x0000000014950000 JavaThread "C2 CompilerThread1" daemon [_thread_blocked, id=3720, stack(0x00000000160a0000,0x00000000161a0000)]
  0x000000001494c800 JavaThread "C2 CompilerThread0" daemon [_thread_blocked, id=4352, stack(0x0000000015fa0000,0x00000000160a0000)]
  0x000000001494a800 JavaThread "Attach Listener" daemon [_thread_blocked, id=5856, stack(0x0000000015ea0000,0x0000000015fa0000)]
  0x0000000014949800 JavaThread "Signal Dispatcher" daemon [_thread_blocked, id=6940, stack(0x0000000015da0000,0x0000000015ea0000)]
  0x0000000002270000 JavaThread "Finalizer" daemon [_thread_blocked, id=4732, stack(0x0000000015bc0000,0x0000000015cc0000)]
  0x000000000226d000 JavaThread "Reference Handler" daemon [_thread_blocked, id=6432, stack(0x0000000015ac0000,0x0000000015bc0000)]
=>0x0000000002180800 JavaThread "main" [_thread_in_Java, id=5696, stack(0x0000000002030000,0x0000000002130000)]

Other Threads:
  0x0000000014918000 VMThread [stack: 0x00000000159c0000,0x0000000015ac0000] [id=1356]

VM state:not at safepoint (normal execution)

VM Mutex/Monitor currently owned by a thread: None

Heap:
 PSYoungGen      total 38400K, used 665K [0x00000000eab00000, 0x00000000ed580000, 0x0000000100000000)
  eden space 33280K, 2% used [0x00000000eab00000,0x00000000eaba6670,0x00000000ecb80000)
  from space 5120K, 0% used [0x00000000ed080000,0x00000000ed080000,0x00000000ed580000)
  to   space 5120K, 0% used [0x00000000ecb80000,0x00000000ecb80000,0x00000000ed080000)
 ParOldGen       total 87552K, used 0K [0x00000000c0000000, 0x00000000c5580000, 0x00000000eab00000)
  object space 87552K, 0% used [0x00000000c0000000,0x00000000c0000000,0x00000000c5580000)
 Metaspace       used 2248K, capacity 4480K, committed 4480K, reserved 1056768K
  class space    used 247K, capacity 384K, committed 384K, reserved 1048576K

Card table byte_map: [0x0000000011640000,0x0000000011850000] byte_map_base: 0x0000000011040000

Marking Bits: (ParMarkBitMap*) 0x000000005fcaa5b0
 Begin Bits: [0x0000000011db0000, 0x0000000012db0000)
 End Bits:   [0x0000000012db0000, 0x0000000013db0000)

Polling page: 0x00000000008a0000

CodeCache: size=245760Kb used=1073Kb max_used=1073Kb free=244686Kb
 bounds [0x0000000002280000, 0x00000000024f0000, 0x0000000011280000]
 total_blobs=233 nmethods=13 adapters=136
 compilation: enabled

Compilation events (10 events):
Event: 0.334 Thread 0x00000000149ac000 nmethod 7 0x000000000238a0d0 code [0x000000000238a260, 0x000000000238a5e8]
Event: 0.334 Thread 0x00000000149ac000    8       3       java.lang.Math::min (11 bytes)
Event: 0.334 Thread 0x00000000149ac000 nmethod 8 0x000000000238a750 code [0x000000000238a8a0, 0x000000000238aa30]
Event: 0.335 Thread 0x00000000149ac000    9       3       java.lang.String::<init> (82 bytes)
Event: 0.335 Thread 0x00000000149ac000 nmethod 9 0x000000000238aa90 code [0x000000000238ac60, 0x000000000238b158]
Event: 0.336 Thread 0x00000000149ac000   10       3       java.lang.String::length (6 bytes)
Event: 0.337 Thread 0x00000000149ac000 nmethod 10 0x000000000238b610 code [0x000000000238b760, 0x000000000238b8b0]
Event: 0.337 Thread 0x00000000149ac000   11       1       java.lang.Object::<init> (1 bytes)
Event: 0.337 Thread 0x00000000149ac000 nmethod 11 0x000000000238b950 code [0x000000000238baa0, 0x000000000238bbb0]
Event: 0.337 Thread 0x00000000149ac000   12       3       java.lang.String::charAt (29 bytes)

GC Heap History (0 events):
No events

Deoptimization events (0 events):
No events

Internal exceptions (2 events):
Event: 0.229 Thread 0x0000000002180800 Exception <a 'java/lang/NoSuchMethodError': Method sun.misc.Unsafe.defineClass(Ljava/lang/String;[BII)Ljava/lang/Class; name or signature does not match> (0x00000000eab0d418) thrown at [C:\workspace\8-2-build-windows-amd64-cygwin\jdk8u65\4987\hotspot\src\sP[JžbÍ?
Event: 0.230 Thread 0x0000000002180800 Exception <a 'java/lang/NoSuchMethodError': Method sun.misc.Unsafe.prefetchRead(Ljava/lang/Object;J)V name or signature does not match> (0x00000000eab0d700) thrown at [C:\workspace\8-2-build-windows-amd64-cygwin\jdk8u65\4987\hotspot\src\share\vm\prims\jni.

Events (10 events):
Event: 0.336 loading class java/lang/ProcessEnvironment$CheckedEntrySet$1
Event: 0.336 loading class java/lang/ProcessEnvironment$CheckedEntrySet$1 done
Event: 0.336 loading class java/util/HashMap$EntryIterator
Event: 0.336 loading class java/util/HashMap$HashIterator
Event: 0.336 loading class java/util/HashMap$HashIterator done
Event: 0.336 loading class java/util/HashMap$EntryIterator done
Event: 0.336 loading class java/lang/ProcessEnvironment$CheckedEntry
Event: 0.336 loading class java/lang/ProcessEnvironment$CheckedEntry done
Event: 0.336 loading class java/util/TreeMap$Entry
Event: 0.336 loading class java/util/TreeMap$Entry done


Dynamic libraries:
0x00007ff67b860000 - 0x00007ff67b897000 	C:\Program Files\Java\jdk1.8.0_65\bin\java.exe
0x00007ffca0920000 - 0x00007ffca0ae1000 	C:\Windows\SYSTEM32\ntdll.dll
0x00007ffc9dd20000 - 0x00007ffc9ddcd000 	C:\Windows\system32\KERNEL32.DLL
0x00007ffc9db30000 - 0x00007ffc9dd18000 	C:\Windows\system32\KERNELBASE.dll
0x00007ffc9df80000 - 0x00007ffc9e027000 	C:\Windows\system32\ADVAPI32.dll
0x00007ffca0880000 - 0x00007ffca091d000 	C:\Windows\system32\msvcrt.dll
0x00007ffca0470000 - 0x00007ffca04cb000 	C:\Windows\system32\sechost.dll
0x00007ffca05e0000 - 0x00007ffca06fc000 	C:\Windows\system32\RPCRT4.dll
0x00007ffc9e3a0000 - 0x00007ffc9e4f6000 	C:\Windows\system32\USER32.dll
0x00007ffca00c0000 - 0x00007ffca0246000 	C:\Windows\system32\GDI32.dll
0x00007ffc95600000 - 0x00007ffc95874000 	C:\Windows\WinSxS\amd64_microsoft.windows.common-controls_6595b64144ccf1df_6.0.10586.0_none_8c15ae12515e1c22\COMCTL32.dll
0x00007ffc9e040000 - 0x00007ffc9e2bd000 	C:\Windows\system32\combase.dll
0x00007ffc9d840000 - 0x00007ffc9d8aa000 	C:\Windows\system32\bcryptPrimitives.dll
0x00007ffca0700000 - 0x00007ffca073b000 	C:\Windows\system32\IMM32.DLL
0x000000005edf0000 - 0x000000005eec2000 	C:\Program Files\Java\jdk1.8.0_65\jre\bin\msvcr100.dll
0x000000005f4a0000 - 0x000000005fd29000 	C:\Program Files\Java\jdk1.8.0_65\jre\bin\server\jvm.dll
0x00007ffc9fc20000 - 0x00007ffc9fc28000 	C:\Windows\system32\PSAPI.DLL
0x00007ffc97b60000 - 0x00007ffc97b69000 	C:\Windows\SYSTEM32\WSOCK32.dll
0x00007ffc9e330000 - 0x00007ffc9e39b000 	C:\Windows\system32\WS2_32.dll
0x00007ffc9b6c0000 - 0x00007ffc9b6e3000 	C:\Windows\SYSTEM32\WINMM.dll
0x00007ffc99450000 - 0x00007ffc9945a000 	C:\Windows\SYSTEM32\VERSION.dll
0x00007ffc9b660000 - 0x00007ffc9b68c000 	C:\Windows\SYSTEM32\WINMMBASE.dll
0x00007ffc9d030000 - 0x00007ffc9d073000 	C:\Windows\system32\cfgmgr32.dll
0x000000005f3b0000 - 0x000000005f3bf000 	C:\Program Files\Java\jdk1.8.0_65\jre\bin\verify.dll
0x000000005f380000 - 0x000000005f3a9000 	C:\Program Files\Java\jdk1.8.0_65\jre\bin\java.dll
0x000000005f360000 - 0x000000005f376000 	C:\Program Files\Java\jdk1.8.0_65\jre\bin\zip.dll
0x00007ffc9e660000 - 0x00007ffc9fbbc000 	C:\Windows\system32\SHELL32.dll
0x00007ffc9d1f0000 - 0x00007ffc9d835000 	C:\Windows\system32\windows.storage.dll
0x00007ffc9fc30000 - 0x00007ffc9fc82000 	C:\Windows\system32\shlwapi.dll
0x00007ffc9cf50000 - 0x00007ffc9cf5f000 	C:\Windows\system32\kernel.appcore.dll
0x00007ffc9d0a0000 - 0x00007ffc9d155000 	C:\Windows\system32\shcore.dll
0x00007ffc9cf80000 - 0x00007ffc9cfcb000 	C:\Windows\system32\powrprof.dll
0x00007ffc9cf60000 - 0x00007ffc9cf74000 	C:\Windows\system32\profapi.dll
0x00007ffc8c050000 - 0x00007ffc8c1dc000 	C:\Windows\SYSTEM32\dbghelp.dll

VM Arguments:
jvm_args: -Djava.awt.headless=true -Xmx1024M -Dfile.encoding=windows-1252 -Duser.country=US -Duser.language=en -Duser.variant 
java_command: com.android.dx.command.Main --dex --force-jumbo --num-threads=4 --multi-dex --output C:\Users\Bryan\StudioProjects\Pub15212\app\build\intermediates\transforms\dex\debug\folders\1000\5\slice_8 C:\Users\Bryan\StudioProjects\Pub15212\app\build\intermediates\transforms\instantRunSlicer\debug\folders\1\5\slice_8
java_class_path (initial): C:\Users\Bryan\AppData\Local\Android\sdk\build-tools\23.0.2\lib\dx.jar
Launcher Type: SUN_STANDARD

Environment Variables:
PATH=C:\ProgramData\Oracle\Java\javapath;C:\Windows\system32;C:\Windows;C:\Windows\System32\Wbem;C:\Windows\System32\WindowsPowerShell\v1.0\;C:\Program Files (x86)\ATI Technologies\ATI.ACE\Core-Static;C:\Program Files\Git\cmd;C:\Program Files (x86)\GNU\GnuPG\pub
USERNAME=Bryan
OS=Windows_NT
PROCESSOR_IDENTIFIER=Intel64 Family 6 Model 15 Stepping 11, GenuineIntel



---------------  S Y S T E M  ---------------

OS: Windows 10.0 , 64 bit Build 10586 (10.0.10586.0)

CPU:total 4 (4 cores per cpu, 1 threads per core) family 6 model 15 stepping 11, cmov, cx8, fxsr, mmx, sse, sse2, sse3, ssse3, tsc

Memory: 4k page, physical 8386804k(3337684k free), swap 16775412k(9794896k free)

vm_info: Java HotSpot(TM) 64-Bit Server VM (25.65-b01) for windows-amd64 JRE (1.8.0_65-b17), built on Oct  6 2015 16:39:20 by "java_re" with MS VC++ 10.0 (VS2010)

time: Fri Apr 15 00:33:46 2016
elapsed time: 0 seconds (0d 0h 0m 0s)

