#
# A fatal error has been detected by the Java Runtime Environment:
#
#  EXCEPTION_ACCESS_VIOLATION (0xc0000005) at pc=0xffffffffa32e5120, pid=3304, tid=3932
#
# JRE version: Java(TM) SE Runtime Environment (8.0_65-b17) (build 1.8.0_65-b17)
# Java VM: Java HotSpot(TM) 64-Bit Server VM (25.65-b01 mixed mode windows-amd64 compressed oops)
# Problematic frame:
# C  0xffffffffa32e5120
#
# Failed to write core dump. Minidumps are not enabled by default on client versions of Windows
#
# If you would like to submit a bug report, please visit:
#   http://bugreport.java.com/bugreport/crash.jsp
#

---------------  T H R E A D  ---------------

Current thread (0x000000000204d800):  JavaThread "main" [_thread_in_Java, id=3932, stack(0x00000000020e0000,0x00000000021e0000)]

siginfo: ExceptionCode=0xc0000005, ExceptionInformation=0x0000000000000008 0xffffffffa32e5120

Registers:
RAX=0x0000000014010480, RBX=0x0000000014010480, RCX=0x00000000eab58fa0, RDX=0x00000000eab58fa0
RSP=0x00000000021dc8c8, RBP=0x00000000021dc928, RSI=0x0000000020007b09, RDI=0x00000000000001b6
R8 =0x0000000000000067, R9 =0x0000000002048020, R10=0x000000005fc92140, R11=0x00000000023e2f00
R12=0x0000000000000000, R13=0x00000000021dc8e0, R14=0x00000000021dc940, R15=0x000000000204d800
RIP=0xffffffffa32e5120, EFLAGS=0x0000000000010202

Top of Stack: (sp=0x00000000021dc8c8)
0x00000000021dc8c8:   00000000022e7a2d 00000000021dc928
0x00000000021dc8d8:   00000000022e7a2d 00000000eab58fa0
0x00000000021dc8e8:   00000000021dc8e8 00000000142024e9
0x00000000021dc8f8:   00000000021dc940 0000000014202b00
0x00000000021dc908:   0000000000000000 0000000014202500
0x00000000021dc918:   00000000021dc8e0 00000000021dc938
0x00000000021dc928:   00000000021dc990 00000000022e7a2d
0x00000000021dc938:   00000000eab569f0 00000000eab58fa0
0x00000000021dc948:   00000000eab58fa0 00000000021dc950
0x00000000021dc958:   0000000014200e98 00000000021dc9a0
0x00000000021dc968:   0000000014201078 0000000000000000
0x00000000021dc978:   0000000014200ea8 00000000021dc938
0x00000000021dc988:   00000000021dc9a0 00000000021dc9e8
0x00000000021dc998:   00000000022e77b0 00000000eab58880
0x00000000021dc9a8:   00000000021dc9a8 0000000014200fc9
0x00000000021dc9b8:   00000000021dc9f8 0000000014201078 

Instructions: (pc=0xffffffffa32e5120)
0xffffffffa32e5100:   
[error occurred during error reporting (printing registers, top of stack, instructions near pc), id 0xc0000005]

Register to memory mapping:

RAX={method} {0x0000000014010488} '<init>' '()V' in 'java/lang/Object'
RBX={method} {0x0000000014010488} '<init>' '()V' in 'java/lang/Object'
RCX=0x00000000eab58fa0 is an oop
java.lang.ProcessEnvironment$CheckedEntry 
 - klass: 'java/lang/ProcessEnvironment$CheckedEntry'
RDX=0x00000000eab58fa0 is an oop
java.lang.ProcessEnvironment$CheckedEntry 
 - klass: 'java/lang/ProcessEnvironment$CheckedEntry'
RSP=0x00000000021dc8c8 is pointing into the stack for thread: 0x000000000204d800
RBP=0x00000000021dc928 is pointing into the stack for thread: 0x000000000204d800
RSI=0x0000000020007b09 is an unknown value
RDI=0x00000000000001b6 is an unknown value
R8 =0x0000000000000067 is an unknown value
R9 =0x0000000002048020 is an unknown value
R10=0x000000005fc92140 is an unknown value
R11=0x00000000023e2f00 is at entry_point+32 in (nmethod*)0x00000000023e2d90
R12=0x0000000000000000 is an unknown value
R13=0x00000000021dc8e0 is pointing into the stack for thread: 0x000000000204d800
R14=0x00000000021dc940 is pointing into the stack for thread: 0x000000000204d800
R15=0x000000000204d800 is a thread


Stack: [0x00000000020e0000,0x00000000021e0000],  sp=0x00000000021dc8c8,  free space=1010k
Native frames: (J=compiled Java code, j=interpreted, Vv=VM code, C=native code)
C  0xffffffffa32e5120


---------------  P R O C E S S  ---------------

Java Threads: ( => current thread )
  0x0000000016328800 JavaThread "Service Thread" daemon [_thread_blocked, id=6992, stack(0x0000000016700000,0x0000000016800000)]
  0x00000000149b9000 JavaThread "C1 CompilerThread2" daemon [_thread_blocked, id=3520, stack(0x0000000016200000,0x0000000016300000)]
  0x00000000149b2000 JavaThread "C2 CompilerThread1" daemon [_thread_blocked, id=5128, stack(0x0000000016100000,0x0000000016200000)]
  0x00000000149af000 JavaThread "C2 CompilerThread0" daemon [_thread_blocked, id=2440, stack(0x0000000016000000,0x0000000016100000)]
  0x00000000149ad800 JavaThread "Attach Listener" daemon [_thread_blocked, id=308, stack(0x0000000015f00000,0x0000000016000000)]
  0x00000000149ad000 JavaThread "Signal Dispatcher" daemon [_thread_blocked, id=6908, stack(0x0000000015e00000,0x0000000015f00000)]
  0x0000000014979000 JavaThread "Finalizer" daemon [_thread_blocked, id=4776, stack(0x0000000015c10000,0x0000000015d10000)]
  0x00000000022d1800 JavaThread "Reference Handler" daemon [_thread_blocked, id=2856, stack(0x0000000015b10000,0x0000000015c10000)]
=>0x000000000204d800 JavaThread "main" [_thread_in_Java, id=3932, stack(0x00000000020e0000,0x00000000021e0000)]

Other Threads:
  0x0000000014977000 VMThread [stack: 0x0000000015a10000,0x0000000015b10000] [id=332]

VM state:not at safepoint (normal execution)

VM Mutex/Monitor currently owned by a thread: None

Heap:
 PSYoungGen      total 38400K, used 1331K [0x00000000eab00000, 0x00000000ed580000, 0x0000000100000000)
  eden space 33280K, 4% used [0x00000000eab00000,0x00000000eac4cd80,0x00000000ecb80000)
  from space 5120K, 0% used [0x00000000ed080000,0x00000000ed080000,0x00000000ed580000)
  to   space 5120K, 0% used [0x00000000ecb80000,0x00000000ecb80000,0x00000000ed080000)
 ParOldGen       total 87552K, used 0K [0x00000000c0000000, 0x00000000c5580000, 0x00000000eab00000)
  object space 87552K, 0% used [0x00000000c0000000,0x00000000c0000000,0x00000000c5580000)
 Metaspace       used 2246K, capacity 4480K, committed 4480K, reserved 1056768K
  class space    used 247K, capacity 384K, committed 384K, reserved 1048576K

Card table byte_map: [0x00000000116a0000,0x00000000118b0000] byte_map_base: 0x00000000110a0000

Marking Bits: (ParMarkBitMap*) 0x000000005fcaa5b0
 Begin Bits: [0x0000000011e10000, 0x0000000012e10000)
 End Bits:   [0x0000000012e10000, 0x0000000013e10000)

Polling page: 0x0000000002050000

CodeCache: size=245760Kb used=1070Kb max_used=1077Kb free=244689Kb
 bounds [0x00000000022e0000, 0x0000000002550000, 0x00000000112e0000]
 total_blobs=231 nmethods=11 adapters=136
 compilation: enabled

Compilation events (10 events):
Event: 0.082 Thread 0x00000000149b9000 nmethod 7 0x00000000023e30d0 code [0x00000000023e3260, 0x00000000023e35e8]
Event: 0.082 Thread 0x00000000149b9000    6       3       java.lang.Object::<init> (1 bytes)
Event: 0.082 Thread 0x00000000149b9000 nmethod 6 0x00000000023e2d90 code [0x00000000023e2ee0, 0x00000000023e3030]
Event: 0.082 Thread 0x00000000149b9000    8       3       java.lang.Math::min (11 bytes)
Event: 0.082 Thread 0x00000000149b9000 nmethod 8 0x00000000023e2a50 code [0x00000000023e2ba0, 0x00000000023e2d30]
Event: 0.084 Thread 0x00000000149b9000    9       3       java.lang.String::length (6 bytes)
Event: 0.084 Thread 0x00000000149b9000 nmethod 9 0x00000000023e24d0 code [0x00000000023e2620, 0x00000000023e2770]
Event: 0.084 Thread 0x00000000149b9000   10       1       java.lang.Object::<init> (1 bytes)
Event: 0.084 Thread 0x00000000149b9000 nmethod 10 0x00000000023ee110 code [0x00000000023ee260, 0x00000000023ee370]
Event: 0.084 Thread 0x00000000149b9000   11       3       java.lang.String::charAt (29 bytes)

GC Heap History (0 events):
No events

Deoptimization events (0 events):
No events

Internal exceptions (2 events):
Event: 0.043 Thread 0x000000000204d800 Exception <a 'java/lang/NoSuchMethodError': Method sun.misc.Unsafe.defineClass(Ljava/lang/String;[BII)Ljava/lang/Class; name or signature does not match> (0x00000000eab0e010) thrown at [C:\workspace\8-2-build-windows-amd64-cygwin\jdk8u65\4987\hotspot\src\seÂ\Á™:¦?
Event: 0.043 Thread 0x000000000204d800 Exception <a 'java/lang/NoSuchMethodError': Method sun.misc.Unsafe.prefetchRead(Ljava/lang/Object;J)V name or signature does not match> (0x00000000eab0e2f8) thrown at [C:\workspace\8-2-build-windows-amd64-cygwin\jdk8u65\4987\hotspot\src\share\vm\prims\jni.

Events (10 events):
Event: 0.083 loading class java/lang/ProcessEnvironment$CheckedEntrySet$1
Event: 0.083 loading class java/lang/ProcessEnvironment$CheckedEntrySet$1 done
Event: 0.083 loading class java/util/HashMap$EntryIterator
Event: 0.083 loading class java/util/HashMap$HashIterator
Event: 0.083 loading class java/util/HashMap$HashIterator done
Event: 0.083 loading class java/util/HashMap$EntryIterator done
Event: 0.083 loading class java/lang/ProcessEnvironment$CheckedEntry
Event: 0.083 loading class java/lang/ProcessEnvironment$CheckedEntry done
Event: 0.084 loading class java/util/TreeMap$Entry
Event: 0.084 loading class java/util/TreeMap$Entry done


Dynamic libraries:
0x00007ff67b860000 - 0x00007ff67b897000 	C:\Program Files\Java\jdk1.8.0_65\bin\java.exe
0x00007ffca0920000 - 0x00007ffca0ae1000 	C:\Windows\SYSTEM32\ntdll.dll
0x00007ffc9dd20000 - 0x00007ffc9ddcd000 	C:\Windows\system32\KERNEL32.DLL
0x00007ffc9db30000 - 0x00007ffc9dd18000 	C:\Windows\system32\KERNELBASE.dll
0x00007ffc9df80000 - 0x00007ffc9e027000 	C:\Windows\system32\ADVAPI32.dll
0x00007ffca0880000 - 0x00007ffca091d000 	C:\Windows\system32\msvcrt.dll
0x00007ffca0470000 - 0x00007ffca04cb000 	C:\Windows\system32\sechost.dll
0x00007ffca05e0000 - 0x00007ffca06fc000 	C:\Windows\system32\RPCRT4.dll
0x00007ffc9e3a0000 - 0x00007ffc9e4f6000 	C:\Windows\system32\USER32.dll
0x00007ffca00c0000 - 0x00007ffca0246000 	C:\Windows\system32\GDI32.dll
0x00007ffc95600000 - 0x00007ffc95874000 	C:\Windows\WinSxS\amd64_microsoft.windows.common-controls_6595b64144ccf1df_6.0.10586.0_none_8c15ae12515e1c22\COMCTL32.dll
0x00007ffc9e040000 - 0x00007ffc9e2bd000 	C:\Windows\system32\combase.dll
0x00007ffc9d840000 - 0x00007ffc9d8aa000 	C:\Windows\system32\bcryptPrimitives.dll
0x00007ffca0700000 - 0x00007ffca073b000 	C:\Windows\system32\IMM32.DLL
0x000000005edf0000 - 0x000000005eec2000 	C:\Program Files\Java\jdk1.8.0_65\jre\bin\msvcr100.dll
0x000000005f4a0000 - 0x000000005fd29000 	C:\Program Files\Java\jdk1.8.0_65\jre\bin\server\jvm.dll
0x00007ffc9fc20000 - 0x00007ffc9fc28000 	C:\Windows\system32\PSAPI.DLL
0x00007ffc99450000 - 0x00007ffc9945a000 	C:\Windows\SYSTEM32\VERSION.dll
0x00007ffc9b6c0000 - 0x00007ffc9b6e3000 	C:\Windows\SYSTEM32\WINMM.dll
0x00007ffc97b60000 - 0x00007ffc97b69000 	C:\Windows\SYSTEM32\WSOCK32.dll
0x00007ffc9e330000 - 0x00007ffc9e39b000 	C:\Windows\system32\WS2_32.dll
0x00000000020b0000 - 0x00000000020dc000 	C:\Windows\SYSTEM32\WINMMBASE.dll
0x00007ffc9d030000 - 0x00007ffc9d073000 	C:\Windows\system32\cfgmgr32.dll
0x000000005f3b0000 - 0x000000005f3bf000 	C:\Program Files\Java\jdk1.8.0_65\jre\bin\verify.dll
0x000000005f380000 - 0x000000005f3a9000 	C:\Program Files\Java\jdk1.8.0_65\jre\bin\java.dll
0x000000005f360000 - 0x000000005f376000 	C:\Program Files\Java\jdk1.8.0_65\jre\bin\zip.dll
0x00007ffc9e660000 - 0x00007ffc9fbbc000 	C:\Windows\system32\SHELL32.dll
0x00007ffc9d1f0000 - 0x00007ffc9d835000 	C:\Windows\system32\windows.storage.dll
0x00007ffc9fc30000 - 0x00007ffc9fc82000 	C:\Windows\system32\shlwapi.dll
0x00007ffc9cf50000 - 0x00007ffc9cf5f000 	C:\Windows\system32\kernel.appcore.dll
0x00007ffc9d0a0000 - 0x00007ffc9d155000 	C:\Windows\system32\shcore.dll
0x00007ffc9cf80000 - 0x00007ffc9cfcb000 	C:\Windows\system32\powrprof.dll
0x00007ffc9cf60000 - 0x00007ffc9cf74000 	C:\Windows\system32\profapi.dll
0x00007ffc8c050000 - 0x00007ffc8c1dc000 	C:\Windows\SYSTEM32\dbghelp.dll

VM Arguments:
jvm_args: -Djava.awt.headless=true -Xmx1024M -Dfile.encoding=windows-1252 -Duser.country=US -Duser.language=en -Duser.variant 
java_command: com.android.dx.command.Main --dex --num-threads=4 --output C:\Users\Bryan\StudioProjects\Pub15212\app\build\intermediates\transforms\dex\debug\folders\1000\1f\main C:\Users\Bryan\StudioProjects\Pub15212\app\build\intermediates\pre-dexed\debug\debug_3643617be0d24086c1f1528d9c2298490086612d.jar C:\Users\Bryan\StudioProjects\Pub15212\app\build\intermediates\pre-dexed\debug\com.jaysoyer.lib-advanced-adapters-15.3_da067533fbfd0f8a5015a010570ea73bcf4931a1.jar C:\Users\Bryan\StudioProjects\Pub15212\app\build\intermediates\pre-dexed\debug\support-annotations-23.3.0_cb926191cc0d71d47d00fb8792819b85d0c9c591.jar C:\Users\Bryan\StudioProjects\Pub15212\app\build\intermediates\pre-dexed\debug\com.android.support-design-23.3.0_26f91786c74292982433596b797e208c49d89a39.jar C:\Users\Bryan\StudioProjects\Pub15212\app\build\intermediates\pre-dexed\debug\butterknife-7.0.1_025d9f5808760f8aed6980cb71b95a5af1fb0dfc.jar C:\Users\Bryan\StudioProjects\Pub15212\app\build\intermediates\pre-dexed\debug\com.android.support-animated-vector-drawable-23.3.0_12b95c42f7cf2e9731109e35b7df2e19659d3dc7.jar C:\Users\Bryan\StudioProjects\Pub15212\app\build\intermediates\pre-dexed\debug\com.android.support-support-v4-23.3.0_1ab43ec5c3abe1382737307cf528cc77cef968f0.jar C:\Users\Bryan\StudioProjects\Pub15212\app\build\intermediates\pre-dexed\debug\com.android.support-recyclerview-v7-23.3.0_18204e1e5611bc077c718371a35e9a519a4f06c5.jar C:\Users\Bryan\StudioProjects\Pub15212\app\build\intermediates\pre-dexed\debug\com.android.support-support-vector-drawable-23.3.0_6e11d2f2d2fdd9a6976cd1ecce12b9c3b1bb4b50.jar C:\Users\Bryan\StudioProjects\Pub15212\app\build\intermediates\pre-dexed\debug\gson-2.6.2_15013809775c95339192423ddf46ac978285afe4.jar C:\Users\Bryan\StudioProjects\Pub15212\app\build\intermediates\pre-dexed\debug\internal_impl-23.3.0_b49d24c432f9d22ee2695b26f95b5ecc9ffc5d6b.jar C:\Users\Bryan\StudioProjects\Pub15212\app\build\intermediates\pre-dexed\debug\com.android.support-appcompat-v7-23.
java_class_path (initial): C:\Users\Bryan\AppData\Local\Android\sdk\build-tools\23.0.2\lib\dx.jar
Launcher Type: SUN_STANDARD

Environment Variables:
PATH=C:\ProgramData\Oracle\Java\javapath;C:\Windows\system32;C:\Windows;C:\Windows\System32\Wbem;C:\Windows\System32\WindowsPowerShell\v1.0\;C:\Program Files (x86)\ATI Technologies\ATI.ACE\Core-Static;C:\Program Files\Git\cmd;C:\Program Files (x86)\GNU\GnuPG\pub
USERNAME=Bryan
OS=Windows_NT
PROCESSOR_IDENTIFIER=Intel64 Family 6 Model 15 Stepping 11, GenuineIntel



---------------  S Y S T E M  ---------------

OS: Windows 10.0 , 64 bit Build 10586 (10.0.10586.0)

CPU:total 4 (4 cores per cpu, 1 threads per core) family 6 model 15 stepping 11, cmov, cx8, fxsr, mmx, sse, sse2, sse3, ssse3, tsc

Memory: 4k page, physical 8386804k(4510492k free), swap 16775412k(11665112k free)

vm_info: Java HotSpot(TM) 64-Bit Server VM (25.65-b01) for windows-amd64 JRE (1.8.0_65-b17), built on Oct  6 2015 16:39:20 by "java_re" with MS VC++ 10.0 (VS2010)

time: Fri Apr 15 15:19:14 2016
elapsed time: 0 seconds (0d 0h 0m 0s)

