#
# A fatal error has been detected by the Java Runtime Environment:
#
#  EXCEPTION_ACCESS_VIOLATION (0xc0000005) at pc=0xffffffffa32f5120, pid=5320, tid=7212
#
# JRE version: Java(TM) SE Runtime Environment (8.0_65-b17) (build 1.8.0_65-b17)
# Java VM: Java HotSpot(TM) 64-Bit Server VM (25.65-b01 mixed mode windows-amd64 compressed oops)
# Problematic frame:
# C  0xffffffffa32f5120
#
# Failed to write core dump. Minidumps are not enabled by default on client versions of Windows
#
# If you would like to submit a bug report, please visit:
#   http://bugreport.java.com/bugreport/crash.jsp
#

---------------  T H R E A D  ---------------

Current thread (0x0000000002130800):  JavaThread "main" [_thread_in_Java, id=7212, stack(0x0000000001f90000,0x0000000002090000)]

siginfo: ExceptionCode=0xc0000005, ExceptionInformation=0x0000000000000008 0xffffffffa32f5120

Registers:
RAX=0x00000000f3030360, RBX=0x0000000014594a80, RCX=0x000000000002abf5, RDX=0x00000000c0b63ef0
RSP=0x000000000208eca8, RBP=0x000000000208f228, RSI=0x00000000146e43c8, RDI=0x00000001000817d0
R8 =0x0000000000000007, R9 =0x00000000c0b63ef0, R10=0x0000000000000001, R11=0x00000000c0b63f28
R12=0x0000000000000000, R13=0x00000000146e3638, R14=0x000000000208ed18, R15=0x0000000002130800
RIP=0xffffffffa32f5120, EFLAGS=0x0000000000010202

Top of Stack: (sp=0x000000000208eca8)
0x000000000208eca8:   000000000287467c 00000000145a01bd
0x000000000208ecb8:   000000000208ed18 00000000145a02f8
0x000000000208ecc8:   00000000c0b64038 00000000eb6d5d70
0x000000000208ecd8:   00000002000014a2 00000000c0b64060
0x000000000208ece8:   0000000800000007 00000000c0b63ef0
0x000000000208ecf8:   00000000eb6d5d70 0000000000000087
0x000000000208ed08:   00000000c0b654d8 000000000208f228
0x000000000208ed18:   00000000026ecbbc 000000000002ab30
0x000000000208ed28:   000000000000003d 000000000208ed60
0x000000000208ed38:   000000000208ed60 000000000208f228
0x000000000208ed48:   000000000272d9e8 000000000002ab31
0x000000000208ed58:   0000000014698fa8 000000000208f228
0x000000000208ed68:   000000000264c49c 00000000000000bd
0x000000000208ed78:   0000000014698fa8 000000000208ee00
0x000000000208ed88:   00000000022f7a2d 00000000022f7a2d
0x000000000208ed98:   0000000000000005 000000000002a508 

Instructions: (pc=0xffffffffa32f5120)
0xffffffffa32f5100:   
[error occurred during error reporting (printing registers, top of stack, instructions near pc), id 0xc0000005]

Register to memory mapping:

RAX=0x00000000f3030360 is an oop
com.android.dx.rop.code.RegisterSpec 
 - klass: 'com/android/dx/rop/code/RegisterSpec'
RBX={method} {0x0000000014594a88} 'writeTo' '(Lcom/android/dx/util/AnnotatedOutput;Lcom/android/dx/dex/code/DalvInsn;)V' in 'com/android/dx/dex/code/form/Form11x'
RCX=0x000000000002abf5 is an unknown value
RDX=0x00000000c0b63ef0 is an oop
com.android.dx.dex.code.SimpleInsn 
 - klass: 'com/android/dx/dex/code/SimpleInsn'
RSP=0x000000000208eca8 is pointing into the stack for thread: 0x0000000002130800
RBP=0x000000000208f228 is pointing into the stack for thread: 0x0000000002130800
RSI=0x00000000146e43c8 is pointing into metadata
RDI=0x00000001000817d0 is pointing into metadata
R8 =0x0000000000000007 is an unknown value
R9 =0x00000000c0b63ef0 is an oop
com.android.dx.dex.code.SimpleInsn 
 - klass: 'com/android/dx/dex/code/SimpleInsn'
R10=0x0000000000000001 is an unknown value
R11=0x00000000c0b63f28 is an oop
[Ljava.lang.Object; 
 - klass: 'java/lang/Object'[]
 - length: 1
R12=0x0000000000000000 is an unknown value
R13=0x00000000146e3638 is pointing into metadata
R14=0x000000000208ed18 is pointing into the stack for thread: 0x0000000002130800
R15=0x0000000002130800 is a thread


Stack: [0x0000000001f90000,0x0000000002090000],  sp=0x000000000208eca8,  free space=1019k
Native frames: (J=compiled Java code, j=interpreted, Vv=VM code, C=native code)
C  0xffffffffa32f5120


---------------  P R O C E S S  ---------------

Java Threads: ( => current thread )
  0x0000000016204800 JavaThread "Service Thread" daemon [_thread_blocked, id=9752, stack(0x00000000166f0000,0x00000000167f0000)]
  0x00000000161f8800 JavaThread "C1 CompilerThread2" daemon [_thread_blocked, id=4108, stack(0x00000000165f0000,0x00000000166f0000)]
  0x00000000149c0000 JavaThread "C2 CompilerThread1" daemon [_thread_in_native, id=892, stack(0x00000000160f0000,0x00000000161f0000)]
  0x00000000149bc800 JavaThread "C2 CompilerThread0" daemon [_thread_blocked, id=4032, stack(0x0000000015ff0000,0x00000000160f0000)]
  0x00000000149bb000 JavaThread "Attach Listener" daemon [_thread_blocked, id=8432, stack(0x0000000015ef0000,0x0000000015ff0000)]
  0x00000000149b9800 JavaThread "Signal Dispatcher" daemon [_thread_blocked, id=9504, stack(0x0000000015df0000,0x0000000015ef0000)]
  0x0000000002220000 JavaThread "Finalizer" daemon [_thread_blocked, id=8120, stack(0x0000000015c10000,0x0000000015d10000)]
  0x000000000221d000 JavaThread "Reference Handler" daemon [_thread_blocked, id=8984, stack(0x0000000015b10000,0x0000000015c10000)]
=>0x0000000002130800 JavaThread "main" [_thread_in_Java, id=7212, stack(0x0000000001f90000,0x0000000002090000)]

Other Threads:
  0x0000000014988000 VMThread [stack: 0x0000000015a10000,0x0000000015b10000] [id=8688]
  0x00000000161fc800 WatcherThread [stack: 0x00000000167f0000,0x00000000168f0000] [id=4896]

VM state:not at safepoint (normal execution)

VM Mutex/Monitor currently owned by a thread: None

Heap:
 PSYoungGen      total 148992K, used 28831K [0x00000000eab00000, 0x00000000fdc00000, 0x0000000100000000)
  eden space 133120K, 9% used [0x00000000eab00000,0x00000000eb7aa470,0x00000000f2d00000)
  from space 15872K, 99% used [0x00000000f2d00000,0x00000000f3c7db18,0x00000000f3c80000)
  to   space 23040K, 0% used [0x00000000fc580000,0x00000000fc580000,0x00000000fdc00000)
 ParOldGen       total 87552K, used 33397K [0x00000000c0000000, 0x00000000c5580000, 0x00000000eab00000)
  object space 87552K, 38% used [0x00000000c0000000,0x00000000c209d560,0x00000000c5580000)
 Metaspace       used 6941K, capacity 7672K, committed 7936K, reserved 1056768K
  class space    used 645K, capacity 688K, committed 768K, reserved 1048576K

Card table byte_map: [0x00000000116b0000,0x00000000118c0000] byte_map_base: 0x00000000110b0000

Marking Bits: (ParMarkBitMap*) 0x0000000066f7a5b0
 Begin Bits: [0x0000000011e20000, 0x0000000012e20000)
 End Bits:   [0x0000000012e20000, 0x0000000013e20000)

Polling page: 0x0000000000510000

CodeCache: size=245760Kb used=9450Kb max_used=10503Kb free=236309Kb
 bounds [0x00000000022f0000, 0x0000000002d40000, 0x00000000112f0000]
 total_blobs=2462 nmethods=2193 adapters=183
 compilation: enabled

Compilation events (10 events):
Event: 24.737 Thread 0x00000000161f8800 2753       3       com.android.dx.dex.code.form.Form22x::writeTo (31 bytes)
Event: 24.738 Thread 0x00000000161f8800 nmethod 2753 0x00000000025a26d0 code [0x00000000025a28c0, 0x00000000025a3268]
Event: 24.739 Thread 0x00000000161f8800 2755       1       com.android.dx.dex.code.CatchTable$Entry::getHandlers (5 bytes)
Event: 24.740 Thread 0x00000000161f8800 nmethod 2755 0x00000000025bc850 code [0x00000000025bc9a0, 0x00000000025bcab0]
Event: 24.741 Thread 0x00000000161f8800 2756       3       com.android.dx.dex.code.form.Form10t::writeTo (22 bytes)
Event: 24.741 Thread 0x00000000161f8800 nmethod 2756 0x0000000002591550 code [0x0000000002591720, 0x0000000002591f18]
Event: 24.744 Thread 0x00000000149bc800 nmethod 2719 0x000000000258d310 code [0x000000000258d480, 0x000000000258d958]
Event: 24.744 Thread 0x00000000149bc800 2754       4       com.android.dx.dex.code.InsnFormat::opcodeUnit (54 bytes)
Event: 24.745 Thread 0x00000000149bc800 nmethod 2754 0x000000000258e590 code [0x000000000258e6c0, 0x000000000258e778]
Event: 24.745 Thread 0x00000000149bc800 2757 %     4       com.android.dx.dex.code.DalvInsnList::getOutsSize @ 9 (105 bytes)

GC Heap History (10 events):
Event: 7.398 GC heap before
{Heap before GC invocations=3 (full 0):
 PSYoungGen      total 38400K, used 38378K [0x00000000eab00000, 0x00000000ef600000, 0x0000000100000000)
  eden space 33280K, 100% used [0x00000000eab00000,0x00000000ecb80000,0x00000000ecb80000)
  from space 5120K, 99% used [0x00000000ed080000,0x00000000ed57aa78,0x00000000ed580000)
  to   space 5120K, 0% used [0x00000000ecb80000,0x00000000ecb80000,0x00000000ed080000)
 ParOldGen       total 87552K, used 4754K [0x00000000c0000000, 0x00000000c5580000, 0x00000000eab00000)
  object space 87552K, 5% used [0x00000000c0000000,0x00000000c04a4bb8,0x00000000c5580000)
 Metaspace       used 6240K, capacity 7088K, committed 7296K, reserved 1056768K
  class space    used 602K, capacity 616K, committed 640K, reserved 1048576K
Event: 8.418 GC heap after
Heap after GC invocations=3 (full 0):
 PSYoungGen      total 38400K, used 5110K [0x00000000eab00000, 0x00000000ef600000, 0x0000000100000000)
  eden space 33280K, 0% used [0x00000000eab00000,0x00000000eab00000,0x00000000ecb80000)
  from space 5120K, 99% used [0x00000000ecb80000,0x00000000ed07d9b0,0x00000000ed080000)
  to   space 5120K, 0% used [0x00000000ef100000,0x00000000ef100000,0x00000000ef600000)
 ParOldGen       total 87552K, used 9911K [0x00000000c0000000, 0x00000000c5580000, 0x00000000eab00000)
  object space 87552K, 11% used [0x00000000c0000000,0x00000000c09ade50,0x00000000c5580000)
 Metaspace       used 6240K, capacity 7088K, committed 7296K, reserved 1056768K
  class space    used 602K, capacity 616K, committed 640K, reserved 1048576K
}
Event: 10.398 GC heap before
{Heap before GC invocations=4 (full 0):
 PSYoungGen      total 38400K, used 38390K [0x00000000eab00000, 0x00000000ef600000, 0x0000000100000000)
  eden space 33280K, 100% used [0x00000000eab00000,0x00000000ecb80000,0x00000000ecb80000)
  from space 5120K, 99% used [0x00000000ecb80000,0x00000000ed07d9b0,0x00000000ed080000)
  to   space 5120K, 0% used [0x00000000ef100000,0x00000000ef100000,0x00000000ef600000)
 ParOldGen       total 87552K, used 9911K [0x00000000c0000000, 0x00000000c5580000, 0x00000000eab00000)
  object space 87552K, 11% used [0x00000000c0000000,0x00000000c09ade50,0x00000000c5580000)
 Metaspace       used 6277K, capacity 7152K, committed 7296K, reserved 1056768K
  class space    used 603K, capacity 616K, committed 640K, reserved 1048576K
Event: 11.385 GC heap after
Heap after GC invocations=4 (full 0):
 PSYoungGen      total 71680K, used 5088K [0x00000000eab00000, 0x00000000ef600000, 0x0000000100000000)
  eden space 66560K, 0% used [0x00000000eab00000,0x00000000eab00000,0x00000000eec00000)
  from space 5120K, 99% used [0x00000000ef100000,0x00000000ef5f8220,0x00000000ef600000)
  to   space 5120K, 0% used [0x00000000eec00000,0x00000000eec00000,0x00000000ef100000)
 ParOldGen       total 87552K, used 15185K [0x00000000c0000000, 0x00000000c5580000, 0x00000000eab00000)
  object space 87552K, 17% used [0x00000000c0000000,0x00000000c0ed4770,0x00000000c5580000)
 Metaspace       used 6277K, capacity 7152K, committed 7296K, reserved 1056768K
  class space    used 603K, capacity 616K, committed 640K, reserved 1048576K
}
Event: 14.938 GC heap before
{Heap before GC invocations=5 (full 0):
 PSYoungGen      total 71680K, used 71648K [0x00000000eab00000, 0x00000000ef600000, 0x0000000100000000)
  eden space 66560K, 100% used [0x00000000eab00000,0x00000000eec00000,0x00000000eec00000)
  from space 5120K, 99% used [0x00000000ef100000,0x00000000ef5f8220,0x00000000ef600000)
  to   space 5120K, 0% used [0x00000000eec00000,0x00000000eec00000,0x00000000ef100000)
 ParOldGen       total 87552K, used 15187K [0x00000000c0000000, 0x00000000c5580000, 0x00000000eab00000)
  object space 87552K, 17% used [0x00000000c0000000,0x00000000c0ed4fc8,0x00000000c5580000)
 Metaspace       used 6396K, capacity 7192K, committed 7424K, reserved 1056768K
  class space    used 624K, capacity 656K, committed 768K, reserved 1048576K
Event: 15.537 GC heap after
Heap after GC invocations=5 (full 0):
 PSYoungGen      total 71680K, used 5117K [0x00000000eab00000, 0x00000000f4c00000, 0x0000000100000000)
  eden space 66560K, 0% used [0x00000000eab00000,0x00000000eab00000,0x00000000eec00000)
  from space 5120K, 99% used [0x00000000eec00000,0x00000000ef0ff408,0x00000000ef100000)
  to   space 15872K, 0% used [0x00000000f3c80000,0x00000000f3c80000,0x00000000f4c00000)
 ParOldGen       total 87552K, used 24443K [0x00000000c0000000, 0x00000000c5580000, 0x00000000eab00000)
  object space 87552K, 27% used [0x00000000c0000000,0x00000000c17deca0,0x00000000c5580000)
 Metaspace       used 6396K, capacity 7192K, committed 7424K, reserved 1056768K
  class space    used 624K, capacity 656K, committed 768K, reserved 1048576K
}
Event: 15.541 GC heap before
{Heap before GC invocations=6 (full 0):
 PSYoungGen      total 71680K, used 5902K [0x00000000eab00000, 0x00000000f4c00000, 0x0000000100000000)
  eden space 66560K, 1% used [0x00000000eab00000,0x00000000eabc44c8,0x00000000eec00000)
  from space 5120K, 99% used [0x00000000eec00000,0x00000000ef0ff408,0x00000000ef100000)
  to   space 15872K, 0% used [0x00000000f3c80000,0x00000000f3c80000,0x00000000f4c00000)
 ParOldGen       total 87552K, used 24443K [0x00000000c0000000, 0x00000000c5580000, 0x00000000eab00000)
  object space 87552K, 27% used [0x00000000c0000000,0x00000000c17deca0,0x00000000c5580000)
 Metaspace       used 6396K, capacity 7192K, committed 7424K, reserved 1056768K
  class space    used 624K, capacity 656K, committed 768K, reserved 1048576K
Event: 15.620 GC heap after
Heap after GC invocations=6 (full 0):
 PSYoungGen      total 148992K, used 5211K [0x00000000eab00000, 0x00000000f4c00000, 0x0000000100000000)
  eden space 133120K, 0% used [0x00000000eab00000,0x00000000eab00000,0x00000000f2d00000)
  from space 15872K, 32% used [0x00000000f3c80000,0x00000000f4196fb8,0x00000000f4c00000)
  to   space 15872K, 0% used [0x00000000f2d00000,0x00000000f2d00000,0x00000000f3c80000)
 ParOldGen       total 87552K, used 24443K [0x00000000c0000000, 0x00000000c5580000, 0x00000000eab00000)
  object space 87552K, 27% used [0x00000000c0000000,0x00000000c17deca0,0x00000000c5580000)
 Metaspace       used 6396K, capacity 7192K, committed 7424K, reserved 1056768K
  class space    used 624K, capacity 656K, committed 768K, reserved 1048576K
}
Event: 23.174 GC heap before
{Heap before GC invocations=7 (full 0):
 PSYoungGen      total 148992K, used 138331K [0x00000000eab00000, 0x00000000f4c00000, 0x0000000100000000)
  eden space 133120K, 100% used [0x00000000eab00000,0x00000000f2d00000,0x00000000f2d00000)
  from space 15872K, 32% used [0x00000000f3c80000,0x00000000f4196fb8,0x00000000f4c00000)
  to   space 15872K, 0% used [0x00000000f2d00000,0x00000000f2d00000,0x00000000f3c80000)
 ParOldGen       total 87552K, used 24443K [0x00000000c0000000, 0x00000000c5580000, 0x00000000eab00000)
  object space 87552K, 27% used [0x00000000c0000000,0x00000000c17deca0,0x00000000c5580000)
 Metaspace       used 6779K, capacity 7480K, committed 7680K, reserved 1056768K
  class space    used 642K, capacity 688K, committed 768K, reserved 1048576K
Event: 23.412 GC heap after
Heap after GC invocations=7 (full 0):
 PSYoungGen      total 148992K, used 15862K [0x00000000eab00000, 0x00000000fdc00000, 0x0000000100000000)
  eden space 133120K, 0% used [0x00000000eab00000,0x00000000eab00000,0x00000000f2d00000)
  from space 15872K, 99% used [0x00000000f2d00000,0x00000000f3c7db18,0x00000000f3c80000)
  to   space 23040K, 0% used [0x00000000fc580000,0x00000000fc580000,0x00000000fdc00000)
 ParOldGen       total 87552K, used 33397K [0x00000000c0000000, 0x00000000c5580000, 0x00000000eab00000)
  object space 87552K, 38% used [0x00000000c0000000,0x00000000c209d560,0x00000000c5580000)
 Metaspace       used 6779K, capacity 7480K, committed 7680K, reserved 1056768K
  class space    used 642K, capacity 688K, committed 768K, reserved 1048576K
}

Deoptimization events (10 events):
Event: 22.640 Thread 0x0000000002130800 Uncommon trap: reason=speculate_class_check action=maybe_recompile pc=0x0000000002648ab0 method=com.android.dx.util.FixedSizeList.equals(Ljava/lang/Object;)Z @ 25
Event: 22.641 Thread 0x0000000002130800 Uncommon trap: reason=speculate_class_check action=maybe_recompile pc=0x0000000002648ab0 method=com.android.dx.util.FixedSizeList.equals(Ljava/lang/Object;)Z @ 25
Event: 22.641 Thread 0x0000000002130800 Uncommon trap: reason=speculate_class_check action=maybe_recompile pc=0x0000000002648ab0 method=com.android.dx.util.FixedSizeList.equals(Ljava/lang/Object;)Z @ 25
Event: 22.887 Thread 0x0000000002130800 Uncommon trap: reason=unstable_if action=reinterpret pc=0x0000000002b1c88c method=java.util.TreeMap.put(Ljava/lang/Object;Ljava/lang/Object;)Ljava/lang/Object; @ 163
Event: 22.890 Thread 0x0000000002130800 Uncommon trap: reason=unstable_if action=reinterpret pc=0x0000000002981cb4 method=com.android.dx.rop.code.RegisterSpecSet.equals(Ljava/lang/Object;)Z @ 30
Event: 22.921 Thread 0x0000000002130800 Uncommon trap: reason=unstable_if action=reinterpret pc=0x0000000002d31598 method=com.android.dx.rop.code.RegisterSpec.matchesVariable(Lcom/android/dx/rop/code/RegisterSpec;)Z @ 59
Event: 22.927 Thread 0x0000000002130800 Uncommon trap: reason=unstable_if action=reinterpret pc=0x0000000002519eb8 method=com.android.dx.dex.code.OutputFinisher.align64bits([Lcom/android/dx/dex/code/Dop;)V @ 205
Event: 24.053 Thread 0x0000000002130800 Uncommon trap: reason=unstable_if action=reinterpret pc=0x00000000026b48d8 method=java.util.ArrayList.<init>(I)V @ 5
Event: 24.512 Thread 0x0000000002130800 Uncommon trap: reason=unstable_if action=reinterpret pc=0x000000000283e17c method=java.lang.Long.numberOfTrailingZeros(J)I @ 3
Event: 24.537 Thread 0x0000000002130800 Uncommon trap: reason=unstable_if action=reinterpret pc=0x000000000250ee84 method=com.android.dx.util.ByteArrayAnnotatedOutput.writeByte(I)V @ 13

Internal exceptions (5 events):
Event: 0.070 Thread 0x0000000002130800 Exception <a 'java/lang/NoSuchMethodError': Method sun.misc.Unsafe.defineClass(Ljava/lang/String;[BII)Ljava/lang/Class; name or signature does not match> (0x00000000eab0d2f8) thrown at [C:\workspace\8-2-build-windows-amd64-cygwin\jdk8u65\4987\hotspot\src\s:-Ús£ä±?
Event: 0.070 Thread 0x0000000002130800 Exception <a 'java/lang/NoSuchMethodError': Method sun.misc.Unsafe.prefetchRead(Ljava/lang/Object;J)V name or signature does not match> (0x00000000eab0d5e0) thrown at [C:\workspace\8-2-build-windows-amd64-cygwin\jdk8u65\4987\hotspot\src\share\vm\prims\jni.èð'þ`–(@
Event: 12.294 Thread 0x0000000002130800 Exception <a 'java/lang/ArrayIndexOutOfBoundsException': 18> (0x00000000ecca1d88) thrown at [C:\workspace\8-2-build-windows-amd64-cygwin\jdk8u65\4987\hotspot\src\share\vm\interpreter\interpreterRuntime.cpp, line 366]
Event: 12.295 Thread 0x0000000002130800 Exception <a 'java/lang/ArrayIndexOutOfBoundsException'> (0x00000000ecca3908) thrown at [C:\workspace\8-2-build-windows-amd64-cygwin\jdk8u65\4987\hotspot\src\share\vm\runtime\sharedRuntime.cpp, line 605]
Event: 12.295 Thread 0x0000000002130800 Exception <a 'java/lang/ArrayIndexOutOfBoundsException'> (0x00000000ecca4bf0) thrown at [C:\workspace\8-2-build-windows-amd64-cygwin\jdk8u65\4987\hotspot\src\share\vm\runtime\sharedRuntime.cpp, line 605]

Events (10 events):
Event: 24.512 Thread 0x0000000002130800 Uncommon trap: trap_request=0xffffff65 fr.pc=0x000000000283e17c
Event: 24.512 Thread 0x0000000002130800 DEOPT PACKING pc=0x000000000283e17c sp=0x000000000208ef70
Event: 24.512 Thread 0x0000000002130800 DEOPT UNPACKING pc=0x000000000233556a sp=0x000000000208ef00 mode 2
Event: 24.528 loading class com/android/dx/dex/file/MapItem
Event: 24.528 loading class com/android/dx/dex/file/MapItem done
Event: 24.536 loading class com/android/dex/DexFormat
Event: 24.537 loading class com/android/dex/DexFormat done
Event: 24.537 Thread 0x0000000002130800 Uncommon trap: trap_request=0xffffff65 fr.pc=0x000000000250ee84
Event: 24.537 Thread 0x0000000002130800 DEOPT PACKING pc=0x000000000250ee84 sp=0x000000000208f100
Event: 24.537 Thread 0x0000000002130800 DEOPT UNPACKING pc=0x000000000233556a sp=0x000000000208f0b8 mode 2


Dynamic libraries:
0x00007ff70d990000 - 0x00007ff70d9c7000 	C:\Program Files\Java\jdk1.8.0_65\bin\java.exe
0x00007ffb631d0000 - 0x00007ffb63391000 	C:\Windows\SYSTEM32\ntdll.dll
0x00007ffb60b60000 - 0x00007ffb60c0d000 	C:\Windows\system32\KERNEL32.DLL
0x00007ffb5f880000 - 0x00007ffb5fa68000 	C:\Windows\system32\KERNELBASE.dll
0x00007ffb616f0000 - 0x00007ffb61797000 	C:\Windows\system32\ADVAPI32.dll
0x00007ffb617a0000 - 0x00007ffb6183d000 	C:\Windows\system32\msvcrt.dll
0x00007ffb61ba0000 - 0x00007ffb61bfb000 	C:\Windows\system32\sechost.dll
0x00007ffb605d0000 - 0x00007ffb606ec000 	C:\Windows\system32\RPCRT4.dll
0x00007ffb61170000 - 0x00007ffb612c6000 	C:\Windows\system32\USER32.dll
0x00007ffb61550000 - 0x00007ffb616d6000 	C:\Windows\system32\GDI32.dll
0x00007ffb561a0000 - 0x00007ffb56414000 	C:\Windows\WinSxS\amd64_microsoft.windows.common-controls_6595b64144ccf1df_6.0.10586.0_none_8c15ae12515e1c22\COMCTL32.dll
0x00007ffb60840000 - 0x00007ffb60abd000 	C:\Windows\system32\combase.dll
0x00007ffb60410000 - 0x00007ffb6047a000 	C:\Windows\system32\bcryptPrimitives.dll
0x00007ffb60ac0000 - 0x00007ffb60afb000 	C:\Windows\system32\IMM32.DLL
0x00000000663b0000 - 0x0000000066482000 	C:\Program Files\Java\jdk1.8.0_65\jre\bin\msvcr100.dll
0x0000000066770000 - 0x0000000066ff9000 	C:\Program Files\Java\jdk1.8.0_65\jre\bin\server\jvm.dll
0x00007ffb613e0000 - 0x00007ffb613e8000 	C:\Windows\system32\PSAPI.DLL
0x00007ffb4ded0000 - 0x00007ffb4ded9000 	C:\Windows\SYSTEM32\WSOCK32.dll
0x00007ffb61860000 - 0x00007ffb618cb000 	C:\Windows\system32\WS2_32.dll
0x00007ffb5da40000 - 0x00007ffb5da63000 	C:\Windows\SYSTEM32\WINMM.dll
0x00007ffb5bd00000 - 0x00007ffb5bd0a000 	C:\Windows\SYSTEM32\VERSION.dll
0x00007ffb5d9e0000 - 0x00007ffb5da0c000 	C:\Windows\SYSTEM32\WINMMBASE.dll
0x00007ffb5fba0000 - 0x00007ffb5fbe3000 	C:\Windows\system32\cfgmgr32.dll
0x0000000068000000 - 0x000000006800f000 	C:\Program Files\Java\jdk1.8.0_65\jre\bin\verify.dll
0x0000000067fd0000 - 0x0000000067ff9000 	C:\Program Files\Java\jdk1.8.0_65\jre\bin\java.dll
0x0000000067fb0000 - 0x0000000067fc6000 	C:\Program Files\Java\jdk1.8.0_65\jre\bin\zip.dll
0x00007ffb61c70000 - 0x00007ffb631cc000 	C:\Windows\system32\SHELL32.dll
0x00007ffb5fbf0000 - 0x00007ffb60235000 	C:\Windows\system32\windows.storage.dll
0x00007ffb60c10000 - 0x00007ffb60c62000 	C:\Windows\system32\shlwapi.dll
0x00007ffb5f7f0000 - 0x00007ffb5f7ff000 	C:\Windows\system32\kernel.appcore.dll
0x00007ffb60480000 - 0x00007ffb60535000 	C:\Windows\system32\shcore.dll
0x00007ffb5f820000 - 0x00007ffb5f86b000 	C:\Windows\system32\powrprof.dll
0x00007ffb5f800000 - 0x00007ffb5f814000 	C:\Windows\system32\profapi.dll
0x00007ffb48090000 - 0x00007ffb4821c000 	C:\Windows\SYSTEM32\dbghelp.dll

VM Arguments:
jvm_args: -Djava.awt.headless=true -Xmx1024M -Dfile.encoding=windows-1252 -Duser.country=US -Duser.language=en -Duser.variant 
java_command: com.android.dx.command.Main --dex --num-threads=4 --output C:\Users\Bryan\StudioProjects\Pub15212\app\build\intermediates\pre-dexed\debug\com.android.support-appcompat-v7-23.3.0_f71266f00af15f5ef0b16a4d240e3b00c069763d.jar C:\Users\Bryan\StudioProjects\Pub15212\app\build\intermediates\exploded-aar\com.android.support\appcompat-v7\23.3.0\jars\classes.jar
java_class_path (initial): C:\Users\Bryan\AppData\Local\Android\sdk\build-tools\23.0.2\lib\dx.jar
Launcher Type: SUN_STANDARD

Environment Variables:
PATH=C:\ProgramData\Oracle\Java\javapath;C:\Windows\system32;C:\Windows;C:\Windows\System32\Wbem;C:\Windows\System32\WindowsPowerShell\v1.0\;C:\Program Files (x86)\ATI Technologies\ATI.ACE\Core-Static;C:\Program Files\Git\cmd;C:\Program Files (x86)\GNU\GnuPG\pub
USERNAME=Bryan
OS=Windows_NT
PROCESSOR_IDENTIFIER=Intel64 Family 6 Model 15 Stepping 11, GenuineIntel



---------------  S Y S T E M  ---------------

OS: Windows 10.0 , 64 bit Build 10586 (10.0.10586.0)

CPU:total 4 (4 cores per cpu, 1 threads per core) family 6 model 15 stepping 11, cmov, cx8, fxsr, mmx, sse, sse2, sse3, ssse3, tsc

Memory: 4k page, physical 8386804k(3036712k free), swap 16775412k(8207636k free)

vm_info: Java HotSpot(TM) 64-Bit Server VM (25.65-b01) for windows-amd64 JRE (1.8.0_65-b17), built on Oct  6 2015 16:39:20 by "java_re" with MS VC++ 10.0 (VS2010)

time: Wed Apr 27 21:57:12 2016
elapsed time: 25 seconds (0d 0h 0m 25s)

