#
# A fatal error has been detected by the Java Runtime Environment:
#
#  EXCEPTION_ACCESS_VIOLATION (0xc0000005) at pc=0xffffffffa32e5120, pid=3096, tid=4104
#
# JRE version: Java(TM) SE Runtime Environment (8.0_65-b17) (build 1.8.0_65-b17)
# Java VM: Java HotSpot(TM) 64-Bit Server VM (25.65-b01 mixed mode windows-amd64 compressed oops)
# Problematic frame:
# C  0xffffffffa32e5120
#
# Failed to write core dump. Minidumps are not enabled by default on client versions of Windows
#
# If you would like to submit a bug report, please visit:
#   http://bugreport.java.com/bugreport/crash.jsp
#

---------------  T H R E A D  ---------------

Current thread (0x000000000205d800):  JavaThread "main" [_thread_in_Java, id=4104, stack(0x0000000002060000,0x0000000002160000)]

siginfo: ExceptionCode=0xc0000005, ExceptionInformation=0x0000000000000008 0xffffffffa32e5120

Registers:
RAX=0x000000010006ade8, RBX=0x0000000014461ce8, RCX=0x00000000eb4cd3b8, RDX=0x00000000ecee5100
RSP=0x000000000215ead8, RBP=0x00000000ecee5100, RSI=0x000000000000000e, RDI=0x0000000000000002
R8 =0x00000000eb6cb2a0, R9 =0x00000000eb6cb370, R10=0x000000010006b598, R11=0x0000000000000208
R12=0x0000000000000000, R13=0x00000000ecee50c0, R14=0x00000000000178b0, R15=0x000000000205d800
RIP=0xffffffffa32e5120, EFLAGS=0x0000000000010246

Top of Stack: (sp=0x000000000215ead8)
0x000000000215ead8:   00000000025a0dac 0000000000000071
0x000000000215eae8:   00000000eb6cb100 000000000215edc8
0x000000000215eaf8:   0000000002535e0c 0000000000000000
0x000000000215eb08:   000000000253518c 000000000215edc8
0x000000000215eb18:   00000000025921cc 0000000e0000fc28
0x000000000215eb28:   00000000eb6cb2e8 00000000eb6cb2a0
0x000000000215eb38:   000000000215eb70 0000000e00000002
0x000000000215eb48:   00000000ecee50e0 00000000eb6cb2a0
0x000000000215eb58:   00000000eb6cb100 000000000215edc8
0x000000000215eb68:   0000000002595744 00000000eb6c8d20
0x000000000215eb78:   00000000ecc44698 000000000215edc8
0x000000000215eb88:   00000000eb6cb250 0000000000000000
0x000000000215eb98:   000000000215ee20 000000000215edc8
0x000000000215eba8:   000000000253aa4c 000c4585000c4584
0x000000000215ebb8:   000000000000117a 00000000ecc44698
0x000000000215ebc8:   000000000003482e 00000000eb6cad08 

Instructions: (pc=0xffffffffa32e5120)
0xffffffffa32e5100:   
[error occurred during error reporting (printing registers, top of stack, instructions near pc), id 0xc0000005]

Register to memory mapping:

RAX=0x000000010006ade8 is pointing into metadata
RBX={method} {0x0000000014461cf0} 'visit' '([Lcom/android/dx/io/instructions/DecodedInstruction;Lcom/android/dx/io/instructions/DecodedInstruction;)V' in 'com/android/dx/merge/InstructionTransformer$GenericVisitor'
RCX=0x00000000eb4cd3b8 is an oop
com.android.dx.io.IndexType 
 - klass: 'com/android/dx/io/IndexType'
RDX=0x00000000ecee5100 is an oop
com.android.dx.merge.InstructionTransformer$GenericVisitor 
 - klass: 'com/android/dx/merge/InstructionTransformer$GenericVisitor'
RSP=0x000000000215ead8 is pointing into the stack for thread: 0x000000000205d800
RBP=0x00000000ecee5100 is an oop
com.android.dx.merge.InstructionTransformer$GenericVisitor 
 - klass: 'com/android/dx/merge/InstructionTransformer$GenericVisitor'
RSI=0x000000000000000e is an unknown value
RDI=0x0000000000000002 is an unknown value
R8 =0x00000000eb6cb2a0 is an oop
[Lcom.android.dx.io.instructions.DecodedInstruction; 
 - klass: 'com/android/dx/io/instructions/DecodedInstruction'[]
 - length: 14
R9 =0x00000000eb6cb370 is an oop
com.android.dx.io.instructions.OneRegisterDecodedInstruction 
 - klass: 'com/android/dx/io/instructions/OneRegisterDecodedInstruction'
R10=0x000000010006b598 is pointing into metadata
R11=0x0000000000000208 is an unknown value
R12=0x0000000000000000 is an unknown value
R13=0x00000000ecee50c0 is an oop
com.android.dx.merge.InstructionTransformer 
 - klass: 'com/android/dx/merge/InstructionTransformer'
R14=0x00000000000178b0 is an unknown value
R15=0x000000000205d800 is a thread


Stack: [0x0000000002060000,0x0000000002160000],  sp=0x000000000215ead8,  free space=1018k
Native frames: (J=compiled Java code, j=interpreted, Vv=VM code, C=native code)
C  0xffffffffa32e5120


---------------  P R O C E S S  ---------------

Java Threads: ( => current thread )
  0x0000000016338800 JavaThread "Service Thread" daemon [_thread_blocked, id=1120, stack(0x0000000016700000,0x0000000016800000)]
  0x00000000149c1800 JavaThread "C1 CompilerThread2" daemon [_thread_blocked, id=8668, stack(0x0000000016200000,0x0000000016300000)]
  0x00000000149b3000 JavaThread "C2 CompilerThread1" daemon [_thread_blocked, id=1584, stack(0x0000000016100000,0x0000000016200000)]
  0x00000000149b0000 JavaThread "C2 CompilerThread0" daemon [_thread_in_native, id=8868, stack(0x0000000016000000,0x0000000016100000)]
  0x00000000149ae800 JavaThread "Attach Listener" daemon [_thread_blocked, id=4436, stack(0x0000000015f00000,0x0000000016000000)]
  0x00000000149ad800 JavaThread "Signal Dispatcher" daemon [_thread_blocked, id=8360, stack(0x0000000015e00000,0x0000000015f00000)]
  0x00000000022d8800 JavaThread "Finalizer" daemon [_thread_blocked, id=6116, stack(0x0000000015c20000,0x0000000015d20000)]
  0x00000000022d0800 JavaThread "Reference Handler" daemon [_thread_blocked, id=8040, stack(0x0000000015b20000,0x0000000015c20000)]
=>0x000000000205d800 JavaThread "main" [_thread_in_Java, id=4104, stack(0x0000000002060000,0x0000000002160000)]

Other Threads:
  0x0000000014977800 VMThread [stack: 0x0000000015a20000,0x0000000015b20000] [id=9620]
  0x000000001633a000 WatcherThread [stack: 0x0000000016800000,0x0000000016900000] [id=1276]

VM state:not at safepoint (normal execution)

VM Mutex/Monitor currently owned by a thread: None

Heap:
 PSYoungGen      total 38400K, used 16963K [0x00000000eab00000, 0x00000000ef600000, 0x0000000100000000)
  eden space 33280K, 37% used [0x00000000eab00000,0x00000000eb70ee70,0x00000000ecb80000)
  from space 5120K, 90% used [0x00000000ecb80000,0x00000000ed001f18,0x00000000ed080000)
  to   space 5120K, 0% used [0x00000000ef100000,0x00000000ef100000,0x00000000ef600000)
 ParOldGen       total 87552K, used 10301K [0x00000000c0000000, 0x00000000c5580000, 0x00000000eab00000)
  object space 87552K, 11% used [0x00000000c0000000,0x00000000c0a0f670,0x00000000c5580000)
 Metaspace       used 4354K, capacity 5424K, committed 5632K, reserved 1056768K
  class space    used 471K, capacity 488K, committed 512K, reserved 1048576K

Card table byte_map: [0x00000000116a0000,0x00000000118b0000] byte_map_base: 0x00000000110a0000

Marking Bits: (ParMarkBitMap*) 0x0000000066f7a5b0
 Begin Bits: [0x0000000011e10000, 0x0000000012e10000)
 End Bits:   [0x0000000012e10000, 0x0000000013e10000)

Polling page: 0x0000000002040000

CodeCache: size=245760Kb used=2844Kb max_used=2855Kb free=242915Kb
 bounds [0x00000000022e0000, 0x00000000025b0000, 0x00000000112e0000]
 total_blobs=1054 nmethods=794 adapters=175
 compilation: enabled

Compilation events (10 events):
Event: 0.926 Thread 0x00000000149c1800  786       3       com.android.dx.io.instructions.InstructionCodec::encodeRegisterList (48 bytes)
Event: 0.927 Thread 0x00000000149c1800 nmethod 786 0x00000000025a3590 code [0x00000000025a37c0, 0x00000000025a47e8]
Event: 0.927 Thread 0x00000000149c1800  789       1       com.android.dex.ClassData::getStaticFields (5 bytes)
Event: 0.927 Thread 0x00000000149c1800 nmethod 789 0x00000000025a32d0 code [0x00000000025a3420, 0x00000000025a3530]
Event: 0.927 Thread 0x00000000149c1800  790       1       com.android.dex.ClassData::getInstanceFields (5 bytes)
Event: 0.927 Thread 0x00000000149c1800 nmethod 790 0x00000000025a0410 code [0x00000000025a0560, 0x00000000025a0670]
Event: 0.927 Thread 0x00000000149c1800  791       1       com.android.dex.ClassData::getDirectMethods (5 bytes)
Event: 0.927 Thread 0x00000000149b3000 nmethod 794 0x00000000025abb90 code [0x00000000025abce0, 0x00000000025abdd8]
Event: 0.927 Thread 0x00000000149b3000  795       4       com.android.dx.io.instructions.InstructionCodec::access$100 (5 bytes)
Event: 0.927 Thread 0x00000000149c1800 nmethod 791 0x00000000025a0110 code [0x00000000025a0260, 0x00000000025a0370]

GC Heap History (2 events):
Event: 0.551 GC heap before
{Heap before GC invocations=1 (full 0):
 PSYoungGen      total 38400K, used 33280K [0x00000000eab00000, 0x00000000ed580000, 0x0000000100000000)
  eden space 33280K, 100% used [0x00000000eab00000,0x00000000ecb80000,0x00000000ecb80000)
  from space 5120K, 0% used [0x00000000ed080000,0x00000000ed080000,0x00000000ed580000)
  to   space 5120K, 0% used [0x00000000ecb80000,0x00000000ecb80000,0x00000000ed080000)
 ParOldGen       total 87552K, used 0K [0x00000000c0000000, 0x00000000c5580000, 0x00000000eab00000)
  object space 87552K, 0% used [0x00000000c0000000,0x00000000c0000000,0x00000000c5580000)
 Metaspace       used 3876K, capacity 5008K, committed 5120K, reserved 1056768K
  class space    used 422K, capacity 456K, committed 512K, reserved 1048576K
Event: 0.565 GC heap after
Heap after GC invocations=1 (full 0):
 PSYoungGen      total 38400K, used 4615K [0x00000000eab00000, 0x00000000ef600000, 0x0000000100000000)
  eden space 33280K, 0% used [0x00000000eab00000,0x00000000eab00000,0x00000000ecb80000)
  from space 5120K, 90% used [0x00000000ecb80000,0x00000000ed001f18,0x00000000ed080000)
  to   space 5120K, 0% used [0x00000000ef100000,0x00000000ef100000,0x00000000ef600000)
 ParOldGen       total 87552K, used 10301K [0x00000000c0000000, 0x00000000c5580000, 0x00000000eab00000)
  object space 87552K, 11% used [0x00000000c0000000,0x00000000c0a0f670,0x00000000c5580000)
 Metaspace       used 3876K, capacity 5008K, committed 5120K, reserved 1056768K
  class space    used 422K, capacity 456K, committed 512K, reserved 1048576K
}

Deoptimization events (10 events):
Event: 0.624 Thread 0x000000000205d800 Uncommon trap: reason=class_check action=maybe_recompile pc=0x0000000002473e6c method=com.android.dex.Leb128.readUnsignedLeb128(Lcom/android/dex/util/ByteInput;)I @ 5
Event: 0.634 Thread 0x000000000205d800 Uncommon trap: reason=predicate action=maybe_recompile pc=0x00000000024f62ec method=com.android.dex.Leb128.readUnsignedLeb128(Lcom/android/dex/util/ByteInput;)I @ 41
Event: 0.680 Thread 0x000000000205d800 Uncommon trap: reason=class_check action=maybe_recompile pc=0x00000000024a775c method=com.android.dx.merge.DexMerger$IdMerger$UnsortedValue.compareTo(Lcom/android/dx/merge/DexMerger$IdMerger$UnsortedValue;)I @ 8
Event: 0.680 Thread 0x000000000205d800 Uncommon trap: reason=class_check action=maybe_recompile pc=0x00000000024a775c method=com.android.dx.merge.DexMerger$IdMerger$UnsortedValue.compareTo(Lcom/android/dx/merge/DexMerger$IdMerger$UnsortedValue;)I @ 8
Event: 0.680 Thread 0x000000000205d800 Uncommon trap: reason=class_check action=maybe_recompile pc=0x00000000024a775c method=com.android.dx.merge.DexMerger$IdMerger$UnsortedValue.compareTo(Lcom/android/dx/merge/DexMerger$IdMerger$UnsortedValue;)I @ 8
Event: 0.680 Thread 0x000000000205d800 Uncommon trap: reason=class_check action=maybe_recompile pc=0x00000000024a775c method=com.android.dx.merge.DexMerger$IdMerger$UnsortedValue.compareTo(Lcom/android/dx/merge/DexMerger$IdMerger$UnsortedValue;)I @ 8
Event: 0.680 Thread 0x000000000205d800 Uncommon trap: reason=class_check action=maybe_recompile pc=0x00000000024ac8b8 method=com.android.dx.merge.DexMerger$IdMerger$UnsortedValue.compareTo(Lcom/android/dx/merge/DexMerger$IdMerger$UnsortedValue;)I @ 8
Event: 0.702 Thread 0x000000000205d800 Uncommon trap: reason=unstable_if action=reinterpret pc=0x0000000002505250 method=com.android.dex.EncodedValueCodec.readUnsignedInt(Lcom/android/dex/util/ByteInput;IZ)I @ 3
Event: 0.848 Thread 0x000000000205d800 Uncommon trap: reason=unstable_if action=reinterpret pc=0x00000000024ca374 method=com.android.dx.merge.IndexMap.adjustString(I)I @ 2
Event: 0.851 Thread 0x000000000205d800 Uncommon trap: reason=unstable_if action=reinterpret pc=0x000000000252d080 method=java.util.HashMap.getNode(ILjava/lang/Object;)Ljava/util/HashMap$Node; @ 84

Internal exceptions (2 events):
Event: 0.043 Thread 0x000000000205d800 Exception <a 'java/lang/NoSuchMethodError': Method sun.misc.Unsafe.defineClass(Ljava/lang/String;[BII)Ljava/lang/Class; name or signature does not match> (0x00000000eab0e010) thrown at [C:\workspace\8-2-build-windows-amd64-cygwin\jdk8u65\4987\hotspot\src\sÆ›Ãß¢ü¥?
Event: 0.043 Thread 0x000000000205d800 Exception <a 'java/lang/NoSuchMethodError': Method sun.misc.Unsafe.prefetchRead(Ljava/lang/Object;J)V name or signature does not match> (0x00000000eab0e2f8) thrown at [C:\workspace\8-2-build-windows-amd64-cygwin\jdk8u65\4987\hotspot\src\share\vm\prims\jni.

Events (10 events):
Event: 0.848 Thread 0x000000000205d800 DEOPT UNPACKING pc=0x000000000232556a sp=0x000000000215eb80 mode 2
Event: 0.851 Thread 0x000000000205d800 Uncommon trap: trap_request=0xffffff65 fr.pc=0x000000000252d080
Event: 0.851 Thread 0x000000000205d800 DEOPT PACKING pc=0x000000000252d080 sp=0x000000000215ed80
Event: 0.851 Thread 0x000000000205d800 DEOPT UNPACKING pc=0x000000000232556a sp=0x000000000215ecf8 mode 2
Event: 0.908 Thread 0x000000000205d800 DEOPT PACKING pc=0x000000000256c628 sp=0x000000000215eb20
Event: 0.908 Thread 0x000000000205d800 DEOPT UNPACKING pc=0x00000000023271bf sp=0x000000000215e838 mode 0
Event: 0.910 Thread 0x000000000205d800 DEOPT PACKING pc=0x000000000256d999 sp=0x000000000215eb70
Event: 0.910 Thread 0x000000000205d800 DEOPT UNPACKING pc=0x00000000023271bf sp=0x000000000215e920 mode 0
Event: 0.911 Thread 0x000000000205d800 DEOPT PACKING pc=0x0000000002573fec sp=0x000000000215ec80
Event: 0.911 Thread 0x000000000205d800 DEOPT UNPACKING pc=0x00000000023271bf sp=0x000000000215e998 mode 0


Dynamic libraries:
0x00007ff70d990000 - 0x00007ff70d9c7000 	C:\Program Files\Java\jdk1.8.0_65\bin\java.exe
0x00007ffb631d0000 - 0x00007ffb63391000 	C:\Windows\SYSTEM32\ntdll.dll
0x00007ffb60b60000 - 0x00007ffb60c0d000 	C:\Windows\system32\KERNEL32.DLL
0x00007ffb5f880000 - 0x00007ffb5fa68000 	C:\Windows\system32\KERNELBASE.dll
0x00007ffb616f0000 - 0x00007ffb61797000 	C:\Windows\system32\ADVAPI32.dll
0x00007ffb617a0000 - 0x00007ffb6183d000 	C:\Windows\system32\msvcrt.dll
0x00007ffb61ba0000 - 0x00007ffb61bfb000 	C:\Windows\system32\sechost.dll
0x00007ffb605d0000 - 0x00007ffb606ec000 	C:\Windows\system32\RPCRT4.dll
0x00007ffb61170000 - 0x00007ffb612c6000 	C:\Windows\system32\USER32.dll
0x00007ffb61550000 - 0x00007ffb616d6000 	C:\Windows\system32\GDI32.dll
0x00007ffb561a0000 - 0x00007ffb56414000 	C:\Windows\WinSxS\amd64_microsoft.windows.common-controls_6595b64144ccf1df_6.0.10586.0_none_8c15ae12515e1c22\COMCTL32.dll
0x00007ffb60840000 - 0x00007ffb60abd000 	C:\Windows\system32\combase.dll
0x00007ffb60410000 - 0x00007ffb6047a000 	C:\Windows\system32\bcryptPrimitives.dll
0x00007ffb60ac0000 - 0x00007ffb60afb000 	C:\Windows\system32\IMM32.DLL
0x00000000663b0000 - 0x0000000066482000 	C:\Program Files\Java\jdk1.8.0_65\jre\bin\msvcr100.dll
0x0000000066770000 - 0x0000000066ff9000 	C:\Program Files\Java\jdk1.8.0_65\jre\bin\server\jvm.dll
0x00007ffb613e0000 - 0x00007ffb613e8000 	C:\Windows\system32\PSAPI.DLL
0x00007ffb4ded0000 - 0x00007ffb4ded9000 	C:\Windows\SYSTEM32\WSOCK32.dll
0x00007ffb5da40000 - 0x00007ffb5da63000 	C:\Windows\SYSTEM32\WINMM.dll
0x00007ffb61860000 - 0x00007ffb618cb000 	C:\Windows\system32\WS2_32.dll
0x00007ffb5bd00000 - 0x00007ffb5bd0a000 	C:\Windows\SYSTEM32\VERSION.dll
0x00007ffb5d9e0000 - 0x00007ffb5da0c000 	C:\Windows\SYSTEM32\WINMMBASE.dll
0x00007ffb5fba0000 - 0x00007ffb5fbe3000 	C:\Windows\system32\cfgmgr32.dll
0x0000000068000000 - 0x000000006800f000 	C:\Program Files\Java\jdk1.8.0_65\jre\bin\verify.dll
0x0000000067fd0000 - 0x0000000067ff9000 	C:\Program Files\Java\jdk1.8.0_65\jre\bin\java.dll
0x0000000067fb0000 - 0x0000000067fc6000 	C:\Program Files\Java\jdk1.8.0_65\jre\bin\zip.dll
0x00007ffb61c70000 - 0x00007ffb631cc000 	C:\Windows\system32\SHELL32.dll
0x00007ffb5fbf0000 - 0x00007ffb60235000 	C:\Windows\system32\windows.storage.dll
0x00007ffb60c10000 - 0x00007ffb60c62000 	C:\Windows\system32\shlwapi.dll
0x00007ffb5f7f0000 - 0x00007ffb5f7ff000 	C:\Windows\system32\kernel.appcore.dll
0x00007ffb60480000 - 0x00007ffb60535000 	C:\Windows\system32\shcore.dll
0x00007ffb5f820000 - 0x00007ffb5f86b000 	C:\Windows\system32\powrprof.dll
0x00007ffb5f800000 - 0x00007ffb5f814000 	C:\Windows\system32\profapi.dll
0x00007ffb48090000 - 0x00007ffb4821c000 	C:\Windows\SYSTEM32\dbghelp.dll

VM Arguments:
jvm_args: -Djava.awt.headless=true -Xmx1024M -Dfile.encoding=windows-1252 -Duser.country=US -Duser.language=en -Duser.variant 
java_command: com.android.dx.command.Main --dex --num-threads=4 --output C:\Users\Bryan\StudioProjects\Pub15212\app\build\intermediates\transforms\dex\debug\folders\1000\1f\main C:\Users\Bryan\StudioProjects\Pub15212\app\build\intermediates\pre-dexed\debug\debug_3643617be0d24086c1f1528d9c2298490086612d.jar C:\Users\Bryan\StudioProjects\Pub15212\app\build\intermediates\pre-dexed\debug\com.jaysoyer.lib-advanced-adapters-15.3_da067533fbfd0f8a5015a010570ea73bcf4931a1.jar C:\Users\Bryan\StudioProjects\Pub15212\app\build\intermediates\pre-dexed\debug\support-annotations-23.3.0_cb926191cc0d71d47d00fb8792819b85d0c9c591.jar C:\Users\Bryan\StudioProjects\Pub15212\app\build\intermediates\pre-dexed\debug\com.android.support-design-23.3.0_26f91786c74292982433596b797e208c49d89a39.jar C:\Users\Bryan\StudioProjects\Pub15212\app\build\intermediates\pre-dexed\debug\butterknife-7.0.1_025d9f5808760f8aed6980cb71b95a5af1fb0dfc.jar C:\Users\Bryan\StudioProjects\Pub15212\app\build\intermediates\pre-dexed\debug\com.android.support-animated-vector-drawable-23.3.0_12b95c42f7cf2e9731109e35b7df2e19659d3dc7.jar C:\Users\Bryan\StudioProjects\Pub15212\app\build\intermediates\pre-dexed\debug\com.android.support-support-v4-23.3.0_1ab43ec5c3abe1382737307cf528cc77cef968f0.jar C:\Users\Bryan\StudioProjects\Pub15212\app\build\intermediates\pre-dexed\debug\com.android.support-recyclerview-v7-23.3.0_18204e1e5611bc077c718371a35e9a519a4f06c5.jar C:\Users\Bryan\StudioProjects\Pub15212\app\build\intermediates\pre-dexed\debug\com.android.support-support-vector-drawable-23.3.0_6e11d2f2d2fdd9a6976cd1ecce12b9c3b1bb4b50.jar C:\Users\Bryan\StudioProjects\Pub15212\app\build\intermediates\pre-dexed\debug\gson-2.6.2_15013809775c95339192423ddf46ac978285afe4.jar C:\Users\Bryan\StudioProjects\Pub15212\app\build\intermediates\pre-dexed\debug\internal_impl-23.3.0_b49d24c432f9d22ee2695b26f95b5ecc9ffc5d6b.jar C:\Users\Bryan\StudioProjects\Pub15212\app\build\intermediates\pre-dexed\debug\com.android.support-appcompat-v7-23.
java_class_path (initial): C:\Users\Bryan\AppData\Local\Android\sdk\build-tools\23.0.2\lib\dx.jar
Launcher Type: SUN_STANDARD

Environment Variables:
PATH=C:\ProgramData\Oracle\Java\javapath;C:\Windows\system32;C:\Windows;C:\Windows\System32\Wbem;C:\Windows\System32\WindowsPowerShell\v1.0\;C:\Program Files (x86)\ATI Technologies\ATI.ACE\Core-Static;C:\Program Files\Git\cmd;C:\Program Files (x86)\GNU\GnuPG\pub
USERNAME=Bryan
OS=Windows_NT
PROCESSOR_IDENTIFIER=Intel64 Family 6 Model 15 Stepping 11, GenuineIntel



---------------  S Y S T E M  ---------------

OS: Windows 10.0 , 64 bit Build 10586 (10.0.10586.0)

CPU:total 4 (4 cores per cpu, 1 threads per core) family 6 model 15 stepping 11, cmov, cx8, fxsr, mmx, sse, sse2, sse3, ssse3, tsc

Memory: 4k page, physical 8386804k(3501860k free), swap 16775412k(9244224k free)

vm_info: Java HotSpot(TM) 64-Bit Server VM (25.65-b01) for windows-amd64 JRE (1.8.0_65-b17), built on Oct  6 2015 16:39:20 by "java_re" with MS VC++ 10.0 (VS2010)

time: Wed Apr 27 22:12:42 2016
elapsed time: 0 seconds (0d 0h 0m 0s)

