#
# A fatal error has been detected by the Java Runtime Environment:
#
#  EXCEPTION_ACCESS_VIOLATION (0xc0000005) at pc=0xffffffffa32e5120, pid=5140, tid=8796
#
# JRE version: Java(TM) SE Runtime Environment (8.0_65-b17) (build 1.8.0_65-b17)
# Java VM: Java HotSpot(TM) 64-Bit Server VM (25.65-b01 mixed mode windows-amd64 compressed oops)
# Problematic frame:
# C  0xffffffffa32e5120
#
# Failed to write core dump. Minidumps are not enabled by default on client versions of Windows
#
# If you would like to submit a bug report, please visit:
#   http://bugreport.java.com/bugreport/crash.jsp
#

---------------  T H R E A D  ---------------

Current thread (0x00000000021e0800):  JavaThread "main" [_thread_in_Java, id=8796, stack(0x0000000001fe0000,0x00000000020e0000)]

siginfo: ExceptionCode=0xc0000005, ExceptionInformation=0x0000000000000008 0xffffffffa32e5120

Registers:
RAX=0x0000000014010480, RBX=0x0000000014010480, RCX=0x00000000eab56a60, RDX=0x00000000eab56a60
RSP=0x00000000020dcdf8, RBP=0x00000000020dce58, RSI=0x0000000020007b09, RDI=0x0000000000000210
R8 =0x0000000000000053, R9 =0x00000000000000d3, R10=0x0000000066f62140, R11=0x00000000023e9f40
R12=0x0000000000000000, R13=0x00000000020dce10, R14=0x00000000020dce70, R15=0x00000000021e0800
RIP=0xffffffffa32e5120, EFLAGS=0x0000000000010206

Top of Stack: (sp=0x00000000020dcdf8)
0x00000000020dcdf8:   00000000022e7a2d 00000000020dce58
0x00000000020dce08:   00000000022e7a2d 00000000eab56a60
0x00000000020dce18:   00000000020dce18 00000000142029b1
0x00000000020dce28:   00000000020dce70 0000000014202fc8
0x00000000020dce38:   0000000000000000 00000000142029c8
0x00000000020dce48:   00000000020dce10 00000000020dce68
0x00000000020dce58:   00000000020dcec0 00000000022e7a2d
0x00000000020dce68:   00000000eab546a0 00000000eab56a60
0x00000000020dce78:   00000000eab56a60 00000000020dce80
0x00000000020dce88:   0000000014201360 00000000020dced0
0x00000000020dce98:   0000000014201540 0000000000000000
0x00000000020dcea8:   0000000014201370 00000000020dce68
0x00000000020dceb8:   00000000020dced0 00000000020dcf18
0x00000000020dcec8:   00000000022e77b0 00000000eab561b8
0x00000000020dced8:   00000000020dced8 0000000014201491
0x00000000020dcee8:   00000000020dcf28 0000000014201540 

Instructions: (pc=0xffffffffa32e5120)
0xffffffffa32e5100:   
[error occurred during error reporting (printing registers, top of stack, instructions near pc), id 0xc0000005]

Register to memory mapping:

RAX={method} {0x0000000014010488} '<init>' '()V' in 'java/lang/Object'
RBX={method} {0x0000000014010488} '<init>' '()V' in 'java/lang/Object'
RCX=0x00000000eab56a60 is an oop
java.lang.ProcessEnvironment$CheckedEntry 
 - klass: 'java/lang/ProcessEnvironment$CheckedEntry'
RDX=0x00000000eab56a60 is an oop
java.lang.ProcessEnvironment$CheckedEntry 
 - klass: 'java/lang/ProcessEnvironment$CheckedEntry'
RSP=0x00000000020dcdf8 is pointing into the stack for thread: 0x00000000021e0800
RBP=0x00000000020dce58 is pointing into the stack for thread: 0x00000000021e0800
RSI=0x0000000020007b09 is an unknown value
RDI=0x0000000000000210 is an unknown value
R8 =0x0000000000000053 is an unknown value
R9 =0x00000000000000d3 is an unknown value
R10=0x0000000066f62140 is an unknown value
R11=0x00000000023e9f40 is at entry_point+32 in (nmethod*)0x00000000023e9dd0
R12=0x0000000000000000 is an unknown value
R13=0x00000000020dce10 is pointing into the stack for thread: 0x00000000021e0800
R14=0x00000000020dce70 is pointing into the stack for thread: 0x00000000021e0800
R15=0x00000000021e0800 is a thread


Stack: [0x0000000001fe0000,0x00000000020e0000],  sp=0x00000000020dcdf8,  free space=1011k
Native frames: (J=compiled Java code, j=interpreted, Vv=VM code, C=native code)
C  0xffffffffa32e5120


---------------  P R O C E S S  ---------------

Java Threads: ( => current thread )
  0x0000000016203800 JavaThread "Service Thread" daemon [_thread_blocked, id=6016, stack(0x00000000166f0000,0x00000000167f0000)]
  0x00000000161f8800 JavaThread "C1 CompilerThread2" daemon [_thread_blocked, id=9780, stack(0x00000000165f0000,0x00000000166f0000)]
  0x00000000149af800 JavaThread "C2 CompilerThread1" daemon [_thread_blocked, id=5292, stack(0x00000000160f0000,0x00000000161f0000)]
  0x00000000149ac800 JavaThread "C2 CompilerThread0" daemon [_thread_blocked, id=4092, stack(0x0000000015ff0000,0x00000000160f0000)]
  0x00000000149aa800 JavaThread "Attach Listener" daemon [_thread_blocked, id=8312, stack(0x0000000015ef0000,0x0000000015ff0000)]
  0x00000000149a9800 JavaThread "Signal Dispatcher" daemon [_thread_blocked, id=4412, stack(0x0000000015df0000,0x0000000015ef0000)]
  0x00000000022d0000 JavaThread "Finalizer" daemon [_thread_blocked, id=7216, stack(0x0000000015c10000,0x0000000015d10000)]
  0x00000000022cd000 JavaThread "Reference Handler" daemon [_thread_blocked, id=4236, stack(0x0000000015b10000,0x0000000015c10000)]
=>0x00000000021e0800 JavaThread "main" [_thread_in_Java, id=8796, stack(0x0000000001fe0000,0x00000000020e0000)]

Other Threads:
  0x0000000014977800 VMThread [stack: 0x0000000015a10000,0x0000000015b10000] [id=8904]

VM state:not at safepoint (normal execution)

VM Mutex/Monitor currently owned by a thread: None

Heap:
 PSYoungGen      total 38400K, used 1331K [0x00000000eab00000, 0x00000000ed580000, 0x0000000100000000)
  eden space 33280K, 4% used [0x00000000eab00000,0x00000000eac4cd80,0x00000000ecb80000)
  from space 5120K, 0% used [0x00000000ed080000,0x00000000ed080000,0x00000000ed580000)
  to   space 5120K, 0% used [0x00000000ecb80000,0x00000000ecb80000,0x00000000ed080000)
 ParOldGen       total 87552K, used 0K [0x00000000c0000000, 0x00000000c5580000, 0x00000000eab00000)
  object space 87552K, 0% used [0x00000000c0000000,0x00000000c0000000,0x00000000c5580000)
 Metaspace       used 2247K, capacity 4480K, committed 4480K, reserved 1056768K
  class space    used 247K, capacity 384K, committed 384K, reserved 1048576K

Card table byte_map: [0x00000000116a0000,0x00000000118b0000] byte_map_base: 0x00000000110a0000

Marking Bits: (ParMarkBitMap*) 0x0000000066f7a5b0
 Begin Bits: [0x0000000011e10000, 0x0000000012e10000)
 End Bits:   [0x0000000012e10000, 0x0000000013e10000)

Polling page: 0x0000000001e40000

CodeCache: size=245760Kb used=1072Kb max_used=1072Kb free=244687Kb
 bounds [0x00000000022e0000, 0x0000000002550000, 0x00000000112e0000]
 total_blobs=232 nmethods=12 adapters=136
 compilation: enabled

Compilation events (10 events):
Event: 2.205 Thread 0x00000000161f8800 nmethod 7 0x00000000023ea110 code [0x00000000023ea2a0, 0x00000000023ea628]
Event: 2.205 Thread 0x00000000161f8800    8       3       java.lang.Math::min (11 bytes)
Event: 2.205 Thread 0x00000000161f8800 nmethod 8 0x00000000023ea790 code [0x00000000023ea8e0, 0x00000000023eaa70]
Event: 2.205 Thread 0x00000000161f8800    9       3       java.lang.String::<init> (82 bytes)
Event: 2.206 Thread 0x00000000161f8800 nmethod 9 0x00000000023eaad0 code [0x00000000023eaca0, 0x00000000023eb198]
Event: 2.207 Thread 0x00000000161f8800   10       3       java.lang.String::length (6 bytes)
Event: 2.208 Thread 0x00000000161f8800 nmethod 10 0x00000000023eb650 code [0x00000000023eb7a0, 0x00000000023eb8f0]
Event: 2.208 Thread 0x00000000161f8800   11       1       java.lang.Object::<init> (1 bytes)
Event: 2.208 Thread 0x00000000161f8800 nmethod 11 0x00000000023eb990 code [0x00000000023ebae0, 0x00000000023ebbf0]
Event: 2.208 Thread 0x00000000161f8800   12       3       java.lang.String::charAt (29 bytes)

GC Heap History (0 events):
No events

Deoptimization events (0 events):
No events

Internal exceptions (2 events):
Event: 2.119 Thread 0x00000000021e0800 Exception <a 'java/lang/NoSuchMethodError': Method sun.misc.Unsafe.defineClass(Ljava/lang/String;[BII)Ljava/lang/Class; name or signature does not match> (0x00000000eab0d328) thrown at [C:\workspace\8-2-build-windows-amd64-cygwin\jdk8u65\4987\hotspot\src\s¶v4uó
Event: 2.119 Thread 0x00000000021e0800 Exception <a 'java/lang/NoSuchMethodError': Method sun.misc.Unsafe.prefetchRead(Ljava/lang/Object;J)V name or signature does not match> (0x00000000eab0d610) thrown at [C:\workspace\8-2-build-windows-amd64-cygwin\jdk8u65\4987\hotspot\src\share\vm\prims\jni.

Events (10 events):
Event: 2.207 loading class java/lang/ProcessEnvironment$CheckedEntrySet$1
Event: 2.207 loading class java/lang/ProcessEnvironment$CheckedEntrySet$1 done
Event: 2.207 loading class java/util/HashMap$EntryIterator
Event: 2.207 loading class java/util/HashMap$HashIterator
Event: 2.207 loading class java/util/HashMap$HashIterator done
Event: 2.207 loading class java/util/HashMap$EntryIterator done
Event: 2.207 loading class java/lang/ProcessEnvironment$CheckedEntry
Event: 2.207 loading class java/lang/ProcessEnvironment$CheckedEntry done
Event: 2.207 loading class java/util/TreeMap$Entry
Event: 2.207 loading class java/util/TreeMap$Entry done


Dynamic libraries:
0x00007ff70d990000 - 0x00007ff70d9c7000 	C:\Program Files\Java\jdk1.8.0_65\bin\java.exe
0x00007ffb631d0000 - 0x00007ffb63391000 	C:\Windows\SYSTEM32\ntdll.dll
0x00007ffb60b60000 - 0x00007ffb60c0d000 	C:\Windows\system32\KERNEL32.DLL
0x00007ffb5f880000 - 0x00007ffb5fa68000 	C:\Windows\system32\KERNELBASE.dll
0x00007ffb616f0000 - 0x00007ffb61797000 	C:\Windows\system32\ADVAPI32.dll
0x00007ffb617a0000 - 0x00007ffb6183d000 	C:\Windows\system32\msvcrt.dll
0x00007ffb61ba0000 - 0x00007ffb61bfb000 	C:\Windows\system32\sechost.dll
0x00007ffb605d0000 - 0x00007ffb606ec000 	C:\Windows\system32\RPCRT4.dll
0x00007ffb61170000 - 0x00007ffb612c6000 	C:\Windows\system32\USER32.dll
0x00007ffb61550000 - 0x00007ffb616d6000 	C:\Windows\system32\GDI32.dll
0x00007ffb561a0000 - 0x00007ffb56414000 	C:\Windows\WinSxS\amd64_microsoft.windows.common-controls_6595b64144ccf1df_6.0.10586.0_none_8c15ae12515e1c22\COMCTL32.dll
0x00007ffb60840000 - 0x00007ffb60abd000 	C:\Windows\system32\combase.dll
0x00007ffb60410000 - 0x00007ffb6047a000 	C:\Windows\system32\bcryptPrimitives.dll
0x00007ffb60ac0000 - 0x00007ffb60afb000 	C:\Windows\system32\IMM32.DLL
0x00000000663b0000 - 0x0000000066482000 	C:\Program Files\Java\jdk1.8.0_65\jre\bin\msvcr100.dll
0x0000000066770000 - 0x0000000066ff9000 	C:\Program Files\Java\jdk1.8.0_65\jre\bin\server\jvm.dll
0x00007ffb613e0000 - 0x00007ffb613e8000 	C:\Windows\system32\PSAPI.DLL
0x00007ffb4ded0000 - 0x00007ffb4ded9000 	C:\Windows\SYSTEM32\WSOCK32.dll
0x00007ffb61860000 - 0x00007ffb618cb000 	C:\Windows\system32\WS2_32.dll
0x00007ffb5da40000 - 0x00007ffb5da63000 	C:\Windows\SYSTEM32\WINMM.dll
0x00007ffb5bd00000 - 0x00007ffb5bd0a000 	C:\Windows\SYSTEM32\VERSION.dll
0x00007ffb5d9e0000 - 0x00007ffb5da0c000 	C:\Windows\SYSTEM32\WINMMBASE.dll
0x00007ffb5fba0000 - 0x00007ffb5fbe3000 	C:\Windows\system32\cfgmgr32.dll
0x0000000068000000 - 0x000000006800f000 	C:\Program Files\Java\jdk1.8.0_65\jre\bin\verify.dll
0x0000000067fd0000 - 0x0000000067ff9000 	C:\Program Files\Java\jdk1.8.0_65\jre\bin\java.dll
0x0000000067fb0000 - 0x0000000067fc6000 	C:\Program Files\Java\jdk1.8.0_65\jre\bin\zip.dll
0x00007ffb61c70000 - 0x00007ffb631cc000 	C:\Windows\system32\SHELL32.dll
0x00007ffb5fbf0000 - 0x00007ffb60235000 	C:\Windows\system32\windows.storage.dll
0x00007ffb60c10000 - 0x00007ffb60c62000 	C:\Windows\system32\shlwapi.dll
0x00007ffb5f7f0000 - 0x00007ffb5f7ff000 	C:\Windows\system32\kernel.appcore.dll
0x00007ffb60480000 - 0x00007ffb60535000 	C:\Windows\system32\shcore.dll
0x00007ffb5f820000 - 0x00007ffb5f86b000 	C:\Windows\system32\powrprof.dll
0x00007ffb5f800000 - 0x00007ffb5f814000 	C:\Windows\system32\profapi.dll
0x00007ffb48090000 - 0x00007ffb4821c000 	C:\Windows\SYSTEM32\dbghelp.dll

VM Arguments:
jvm_args: -Djava.awt.headless=true -Xmx1024M -Dfile.encoding=windows-1252 -Duser.country=US -Duser.language=en -Duser.variant 
java_command: com.android.dx.command.Main --dex --num-threads=4 --output C:\Users\Bryan\StudioProjects\Pub15212\app\build\intermediates\pre-dexed\debug\com.android.support-animated-vector-drawable-23.3.0_12b95c42f7cf2e9731109e35b7df2e19659d3dc7.jar C:\Users\Bryan\StudioProjects\Pub15212\app\build\intermediates\exploded-aar\com.android.support\animated-vector-drawable\23.3.0\jars\classes.jar
java_class_path (initial): C:\Users\Bryan\AppData\Local\Android\sdk\build-tools\23.0.2\lib\dx.jar
Launcher Type: SUN_STANDARD

Environment Variables:
PATH=C:\ProgramData\Oracle\Java\javapath;C:\Windows\system32;C:\Windows;C:\Windows\System32\Wbem;C:\Windows\System32\WindowsPowerShell\v1.0\;C:\Program Files (x86)\ATI Technologies\ATI.ACE\Core-Static;C:\Program Files\Git\cmd;C:\Program Files (x86)\GNU\GnuPG\pub
USERNAME=Bryan
OS=Windows_NT
PROCESSOR_IDENTIFIER=Intel64 Family 6 Model 15 Stepping 11, GenuineIntel



---------------  S Y S T E M  ---------------

OS: Windows 10.0 , 64 bit Build 10586 (10.0.10586.0)

CPU:total 4 (4 cores per cpu, 1 threads per core) family 6 model 15 stepping 11, cmov, cx8, fxsr, mmx, sse, sse2, sse3, ssse3, tsc

Memory: 4k page, physical 8386804k(3331204k free), swap 16775412k(9182964k free)

vm_info: Java HotSpot(TM) 64-Bit Server VM (25.65-b01) for windows-amd64 JRE (1.8.0_65-b17), built on Oct  6 2015 16:39:20 by "java_re" with MS VC++ 10.0 (VS2010)

time: Thu Apr 28 00:00:51 2016
elapsed time: 2 seconds (0d 0h 0m 2s)

