#
# A fatal error has been detected by the Java Runtime Environment:
#
#  EXCEPTION_ACCESS_VIOLATION (0xc0000005) at pc=0xffffffffa33a5120, pid=2592, tid=8648
#
# JRE version: Java(TM) SE Runtime Environment (8.0_65-b17) (build 1.8.0_65-b17)
# Java VM: Java HotSpot(TM) 64-Bit Server VM (25.65-b01 mixed mode windows-amd64 compressed oops)
# Problematic frame:
# C  0xffffffffa33a5120
#
# Failed to write core dump. Minidumps are not enabled by default on client versions of Windows
#
# If you would like to submit a bug report, please visit:
#   http://bugreport.java.com/bugreport/crash.jsp
#

---------------  T H R E A D  ---------------

Current thread (0x000000000229d800):  JavaThread "main" [_thread_in_Java, id=8648, stack(0x0000000002170000,0x0000000002270000)]

siginfo: ExceptionCode=0xc0000005, ExceptionInformation=0x0000000000000008 0xffffffffa33a5120

Registers:
RAX=0x00000000142ba410, RBX=0x00000000142ba410, RCX=0x00000000ec926738, RDX=0x00000000ec926738
RSP=0x000000000226ee58, RBP=0x000000000226eec0, RSI=0x0000000000765921, RDI=0x0000000000000780
R8 =0x00000000ecb24218, R9 =0x000000000000010b, R10=0x0000000066f62140, R11=0x000000000250c160
R12=0x0000000000000000, R13=0x000000000226ee70, R14=0x0000000014529408, R15=0x000000000229d800
RIP=0xffffffffa33a5120, EFLAGS=0x0000000000010206

Top of Stack: (sp=0x000000000226ee58)
0x000000000226ee58:   00000000023a77b0 000000000000011d
0x000000000226ee68:   00000000023a77b0 00000000ecb24218
0x000000000226ee78:   00000000ec926738 000000000226ee80
0x000000000226ee88:   0000000014525b85 000000000226ef18
0x000000000226ee98:   00000000145262c0 0000000014529408
0x000000000226eea8:   0000000014525c48 000000000226ee70
0x000000000226eeb8:   000000000226ef20 000000000226f0b8
0x000000000226eec8:   0000000002546b7c 0000000000000000
0x000000000226eed8:   00000000ecb24218 0000000000005dc8
0x000000000226eee8:   0000000000000004 00000000ec926738
0x000000000226eef8:   000000000000011d 00000000eb84fed8
0x000000000226ef08:   00000000eb816ff0 00000000ec929970
0x000000000226ef18:   00000000ec926620 0000000000000004
0x000000000226ef28:   0000000014525a60 fffffffe00000000
0x000000000226ef38:   0000000000000000 0000000000000000
0x000000000226ef48:   000000000229d800 0000000014514dd0 

Instructions: (pc=0xffffffffa33a5120)
0xffffffffa33a5100:   
[error occurred during error reporting (printing registers, top of stack, instructions near pc), id 0xc0000005]

Register to memory mapping:

RAX={method} {0x00000000142ba418} 'get' '(Ljava/lang/Object;)Ljava/lang/Object;' in 'java/util/TreeMap'
RBX={method} {0x00000000142ba418} 'get' '(Ljava/lang/Object;)Ljava/lang/Object;' in 'java/util/TreeMap'
RCX=0x00000000ec926738 is an oop
java.util.TreeMap 
 - klass: 'java/util/TreeMap'
RDX=0x00000000ec926738 is an oop
java.util.TreeMap 
 - klass: 'java/util/TreeMap'
RSP=0x000000000226ee58 is pointing into the stack for thread: 0x000000000229d800
RBP=0x000000000226eec0 is pointing into the stack for thread: 0x000000000229d800
RSI=0x0000000000765921 is an unknown value
RDI=0x0000000000000780 is an unknown value
R8 =0x00000000ecb24218 is an oop
com.android.dex.FieldId 
 - klass: 'com/android/dex/FieldId'
R9 =0x000000000000010b is an unknown value
R10=0x0000000066f62140 is an unknown value
R11=0x000000000250c160 is at entry_point+32 in (nmethod*)0x000000000250bfd0
R12=0x0000000000000000 is an unknown value
R13=0x000000000226ee70 is pointing into the stack for thread: 0x000000000229d800
R14=0x0000000014529408 is pointing into metadata
R15=0x000000000229d800 is a thread


Stack: [0x0000000002170000,0x0000000002270000],  sp=0x000000000226ee58,  free space=1019k
Native frames: (J=compiled Java code, j=interpreted, Vv=VM code, C=native code)
C  0xffffffffa33a5120


---------------  P R O C E S S  ---------------

Java Threads: ( => current thread )
  0x00000000163d8800 JavaThread "Service Thread" daemon [_thread_blocked, id=3888, stack(0x00000000167b0000,0x00000000168b0000)]
  0x0000000014a79000 JavaThread "C1 CompilerThread2" daemon [_thread_blocked, id=9976, stack(0x00000000162b0000,0x00000000163b0000)]
  0x0000000014a72800 JavaThread "C2 CompilerThread1" daemon [_thread_blocked, id=4284, stack(0x00000000161b0000,0x00000000162b0000)]
  0x0000000014a6f800 JavaThread "C2 CompilerThread0" daemon [_thread_in_native, id=4256, stack(0x00000000160b0000,0x00000000161b0000)]
  0x0000000014a6e000 JavaThread "Attach Listener" daemon [_thread_blocked, id=5316, stack(0x0000000015fb0000,0x00000000160b0000)]
  0x0000000014a6d000 JavaThread "Signal Dispatcher" daemon [_thread_blocked, id=7000, stack(0x0000000015eb0000,0x0000000015fb0000)]
  0x000000000239a000 JavaThread "Finalizer" daemon [_thread_blocked, id=1872, stack(0x0000000015cd0000,0x0000000015dd0000)]
  0x0000000002391800 JavaThread "Reference Handler" daemon [_thread_blocked, id=9696, stack(0x0000000015bd0000,0x0000000015cd0000)]
=>0x000000000229d800 JavaThread "main" [_thread_in_Java, id=8648, stack(0x0000000002170000,0x0000000002270000)]

Other Threads:
  0x0000000014a37800 VMThread [stack: 0x0000000015ad0000,0x0000000015bd0000] [id=8844]
  0x00000000163fa000 WatcherThread [stack: 0x00000000168b0000,0x00000000169b0000] [id=1136]

VM state:not at safepoint (normal execution)

VM Mutex/Monitor currently owned by a thread: None

Heap:
 PSYoungGen      total 38400K, used 33253K [0x00000000eab00000, 0x00000000ed580000, 0x0000000100000000)
  eden space 33280K, 99% used [0x00000000eab00000,0x00000000ecb79610,0x00000000ecb80000)
  from space 5120K, 0% used [0x00000000ed080000,0x00000000ed080000,0x00000000ed580000)
  to   space 5120K, 0% used [0x00000000ecb80000,0x00000000ecb80000,0x00000000ed080000)
 ParOldGen       total 87552K, used 0K [0x00000000c0000000, 0x00000000c5580000, 0x00000000eab00000)
  object space 87552K, 0% used [0x00000000c0000000,0x00000000c0000000,0x00000000c5580000)
 Metaspace       used 3874K, capacity 5008K, committed 5120K, reserved 1056768K
  class space    used 422K, capacity 456K, committed 512K, reserved 1048576K

Card table byte_map: [0x0000000011760000,0x0000000011970000] byte_map_base: 0x0000000011160000

Marking Bits: (ParMarkBitMap*) 0x0000000066f7a5b0
 Begin Bits: [0x0000000011ed0000, 0x0000000012ed0000)
 End Bits:   [0x0000000012ed0000, 0x0000000013ed0000)

Polling page: 0x0000000000450000

CodeCache: size=245760Kb used=1821Kb max_used=1833Kb free=243938Kb
 bounds [0x00000000023a0000, 0x0000000002610000, 0x00000000113a0000]
 total_blobs=641 nmethods=389 adapters=167
 compilation: enabled

Compilation events (10 events):
Event: 0.452 Thread 0x0000000014a79000 nmethod 394 0x000000000255c6d0 code [0x000000000255c860, 0x000000000255ca88]
Event: 0.452 Thread 0x0000000014a79000  395       2       com.android.dx.merge.IndexMap::adjust (36 bytes)
Event: 0.453 Thread 0x0000000014a79000 nmethod 395 0x0000000002561cd0 code [0x0000000002561e40, 0x00000000025620d0]
Event: 0.457 Thread 0x0000000014a72800 nmethod 373 0x00000000025658d0 code [0x0000000002565a60, 0x0000000002566328]
Event: 0.457 Thread 0x0000000014a72800  382       4       java.util.TreeMap::getEntry (84 bytes)
Event: 0.461 Thread 0x0000000014a72800 nmethod 382 0x00000000025624d0 code [0x0000000002562620, 0x0000000002562898]
Event: 0.461 Thread 0x0000000014a72800  364       4       java.lang.Integer::<init> (10 bytes)
Event: 0.461 Thread 0x0000000014a72800 nmethod 364 0x0000000002562a50 code [0x0000000002562b80, 0x0000000002562bd8]
Event: 0.461 Thread 0x0000000014a72800  380       4       java.util.TreeMap::get (19 bytes)
Event: 0.465 Thread 0x0000000014a72800 nmethod 380 0x000000000256aad0 code [0x000000000256ac20, 0x000000000256aeb8]

GC Heap History (0 events):
No events

Deoptimization events (10 events):
Event: 0.375 Thread 0x000000000229d800 Uncommon trap: reason=class_check action=maybe_recompile pc=0x0000000002534970 method=java.util.TreeMap.getEntry(Ljava/lang/Object;)Ljava/util/TreeMap$Entry; @ 26
Event: 0.375 Thread 0x000000000229d800 Uncommon trap: reason=class_check action=maybe_recompile pc=0x00000000025355a8 method=java.util.TreeMap.put(Ljava/lang/Object;Ljava/lang/Object;)Ljava/lang/Object; @ 127
Event: 0.375 Thread 0x000000000229d800 Uncommon trap: reason=class_check action=maybe_recompile pc=0x00000000025355a8 method=java.util.TreeMap.put(Ljava/lang/Object;Ljava/lang/Object;)Ljava/lang/Object; @ 127
Event: 0.376 Thread 0x000000000229d800 Uncommon trap: reason=class_check action=maybe_recompile pc=0x00000000025355a8 method=java.util.TreeMap.put(Ljava/lang/Object;Ljava/lang/Object;)Ljava/lang/Object; @ 127
Event: 0.425 Thread 0x000000000229d800 Uncommon trap: reason=bimorphic action=maybe_recompile pc=0x0000000002559a08 method=com.android.dx.merge.DexMerger$IdMerger.readIntoMap(Lcom/android/dex/Dex$Section;Lcom/android/dex/TableOfContents$Section;Lcom/android/dx/merge/IndexMap;ILjava/util/TreeMap@Y*i{;Û?
Event: 0.426 Thread 0x000000000229d800 Uncommon trap: reason=predicate action=maybe_recompile pc=0x00000000025498a0 method=java.util.TreeMap.getEntry(Ljava/lang/Object;)Ljava/util/TreeMap$Entry; @ 39
Event: 0.426 Thread 0x000000000229d800 Uncommon trap: reason=bimorphic action=maybe_recompile pc=0x0000000002559a08 method=com.android.dx.merge.DexMerger$IdMerger.readIntoMap(Lcom/android/dex/Dex$Section;Lcom/android/dex/TableOfContents$Section;Lcom/android/dx/merge/IndexMap;ILjava/util/TreeMapE»ÿT%=Û?
Event: 0.426 Thread 0x000000000229d800 Uncommon trap: reason=predicate action=maybe_recompile pc=0x000000000254a6f4 method=java.util.TreeMap.put(Ljava/lang/Object;Ljava/lang/Object;)Ljava/lang/Object; @ 132
Event: 0.426 Thread 0x000000000229d800 Uncommon trap: reason=bimorphic action=maybe_recompile pc=0x0000000002559a08 method=com.android.dx.merge.DexMerger$IdMerger.readIntoMap(Lcom/android/dex/Dex$Section;Lcom/android/dex/TableOfContents$Section;Lcom/android/dx/merge/IndexMap;ILjava/util/TreeMapùþU1P>Û?
Event: 0.426 Thread 0x000000000229d800 Uncommon trap: reason=bimorphic action=maybe_recompile pc=0x0000000002559a08 method=com.android.dx.merge.DexMerger$IdMerger.readIntoMap(Lcom/android/dex/Dex$Section;Lcom/android/dex/TableOfContents$Section;Lcom/android/dx/merge/IndexMap;ILjava/util/TreeMap¨"tmØ?

Internal exceptions (2 events):
Event: 0.046 Thread 0x000000000229d800 Exception <a 'java/lang/NoSuchMethodError': Method sun.misc.Unsafe.defineClass(Ljava/lang/String;[BII)Ljava/lang/Class; name or signature does not match> (0x00000000eab0e010) thrown at [C:\workspace\8-2-build-windows-amd64-cygwin\jdk8u65\4987\hotspot\src\saîÜŠ½§?
Event: 0.046 Thread 0x000000000229d800 Exception <a 'java/lang/NoSuchMethodError': Method sun.misc.Unsafe.prefetchRead(Ljava/lang/Object;J)V name or signature does not match> (0x00000000eab0e2f8) thrown at [C:\workspace\8-2-build-windows-amd64-cygwin\jdk8u65\4987\hotspot\src\share\vm\prims\jni.

Events (10 events):
Event: 0.426 Thread 0x000000000229d800 Uncommon trap: trap_request=0xffffffc6 fr.pc=0x0000000002559a08
Event: 0.426 Thread 0x000000000229d800 DEOPT PACKING pc=0x0000000002559a08 sp=0x000000000226eea0
Event: 0.426 Thread 0x000000000229d800 DEOPT UNPACKING pc=0x00000000023e556a sp=0x000000000226ee30 mode 2
Event: 0.426 Thread 0x000000000229d800 Uncommon trap: trap_request=0xffffffc6 fr.pc=0x0000000002559a08
Event: 0.426 Thread 0x000000000229d800 DEOPT PACKING pc=0x0000000002559a08 sp=0x000000000226eea0
Event: 0.426 Thread 0x000000000229d800 DEOPT UNPACKING pc=0x00000000023e556a sp=0x000000000226ee30 mode 2
Event: 0.446 loading class com/android/dx/merge/DexMerger$5
Event: 0.446 loading class com/android/dx/merge/DexMerger$5 done
Event: 0.447 loading class com/android/dex/FieldId
Event: 0.447 loading class com/android/dex/FieldId done


Dynamic libraries:
0x00007ff70d990000 - 0x00007ff70d9c7000 	C:\Program Files\Java\jdk1.8.0_65\bin\java.exe
0x00007ffb631d0000 - 0x00007ffb63391000 	C:\Windows\SYSTEM32\ntdll.dll
0x00007ffb60b60000 - 0x00007ffb60c0d000 	C:\Windows\system32\KERNEL32.DLL
0x00007ffb5f880000 - 0x00007ffb5fa68000 	C:\Windows\system32\KERNELBASE.dll
0x00007ffb616f0000 - 0x00007ffb61797000 	C:\Windows\system32\ADVAPI32.dll
0x00007ffb617a0000 - 0x00007ffb6183d000 	C:\Windows\system32\msvcrt.dll
0x00007ffb61ba0000 - 0x00007ffb61bfb000 	C:\Windows\system32\sechost.dll
0x00007ffb605d0000 - 0x00007ffb606ec000 	C:\Windows\system32\RPCRT4.dll
0x00007ffb61170000 - 0x00007ffb612c6000 	C:\Windows\system32\USER32.dll
0x00007ffb61550000 - 0x00007ffb616d6000 	C:\Windows\system32\GDI32.dll
0x00007ffb561a0000 - 0x00007ffb56414000 	C:\Windows\WinSxS\amd64_microsoft.windows.common-controls_6595b64144ccf1df_6.0.10586.0_none_8c15ae12515e1c22\COMCTL32.dll
0x00007ffb60840000 - 0x00007ffb60abd000 	C:\Windows\system32\combase.dll
0x00007ffb60410000 - 0x00007ffb6047a000 	C:\Windows\system32\bcryptPrimitives.dll
0x00007ffb60ac0000 - 0x00007ffb60afb000 	C:\Windows\system32\IMM32.DLL
0x00000000663b0000 - 0x0000000066482000 	C:\Program Files\Java\jdk1.8.0_65\jre\bin\msvcr100.dll
0x0000000066770000 - 0x0000000066ff9000 	C:\Program Files\Java\jdk1.8.0_65\jre\bin\server\jvm.dll
0x00007ffb613e0000 - 0x00007ffb613e8000 	C:\Windows\system32\PSAPI.DLL
0x00007ffb5da40000 - 0x00007ffb5da63000 	C:\Windows\SYSTEM32\WINMM.dll
0x00007ffb4ded0000 - 0x00007ffb4ded9000 	C:\Windows\SYSTEM32\WSOCK32.dll
0x00007ffb5bd00000 - 0x00007ffb5bd0a000 	C:\Windows\SYSTEM32\VERSION.dll
0x0000000002070000 - 0x000000000209c000 	C:\Windows\SYSTEM32\WINMMBASE.dll
0x00007ffb61860000 - 0x00007ffb618cb000 	C:\Windows\system32\WS2_32.dll
0x00007ffb5fba0000 - 0x00007ffb5fbe3000 	C:\Windows\system32\cfgmgr32.dll
0x0000000068000000 - 0x000000006800f000 	C:\Program Files\Java\jdk1.8.0_65\jre\bin\verify.dll
0x0000000067fd0000 - 0x0000000067ff9000 	C:\Program Files\Java\jdk1.8.0_65\jre\bin\java.dll
0x0000000067fb0000 - 0x0000000067fc6000 	C:\Program Files\Java\jdk1.8.0_65\jre\bin\zip.dll
0x00007ffb61c70000 - 0x00007ffb631cc000 	C:\Windows\system32\SHELL32.dll
0x00007ffb5fbf0000 - 0x00007ffb60235000 	C:\Windows\system32\windows.storage.dll
0x00007ffb60c10000 - 0x00007ffb60c62000 	C:\Windows\system32\shlwapi.dll
0x00007ffb5f7f0000 - 0x00007ffb5f7ff000 	C:\Windows\system32\kernel.appcore.dll
0x00007ffb60480000 - 0x00007ffb60535000 	C:\Windows\system32\shcore.dll
0x00007ffb5f820000 - 0x00007ffb5f86b000 	C:\Windows\system32\powrprof.dll
0x00007ffb5f800000 - 0x00007ffb5f814000 	C:\Windows\system32\profapi.dll
0x00007ffb48090000 - 0x00007ffb4821c000 	C:\Windows\SYSTEM32\dbghelp.dll

VM Arguments:
jvm_args: -Djava.awt.headless=true -Xmx1024M -Dfile.encoding=windows-1252 -Duser.country=US -Duser.language=en -Duser.variant 
java_command: com.android.dx.command.Main --dex --num-threads=4 --output C:\Users\Bryan\StudioProjects\Pub15212\app\build\intermediates\transforms\dex\debug\folders\1000\1f\main C:\Users\Bryan\StudioProjects\Pub15212\app\build\intermediates\pre-dexed\debug\debug_3643617be0d24086c1f1528d9c2298490086612d.jar C:\Users\Bryan\StudioProjects\Pub15212\app\build\intermediates\pre-dexed\debug\com.jaysoyer.lib-advanced-adapters-15.3_da067533fbfd0f8a5015a010570ea73bcf4931a1.jar C:\Users\Bryan\StudioProjects\Pub15212\app\build\intermediates\pre-dexed\debug\support-annotations-23.3.0_cb926191cc0d71d47d00fb8792819b85d0c9c591.jar C:\Users\Bryan\StudioProjects\Pub15212\app\build\intermediates\pre-dexed\debug\com.android.support-design-23.3.0_26f91786c74292982433596b797e208c49d89a39.jar C:\Users\Bryan\StudioProjects\Pub15212\app\build\intermediates\pre-dexed\debug\butterknife-7.0.1_025d9f5808760f8aed6980cb71b95a5af1fb0dfc.jar C:\Users\Bryan\StudioProjects\Pub15212\app\build\intermediates\pre-dexed\debug\com.android.support-animated-vector-drawable-23.3.0_12b95c42f7cf2e9731109e35b7df2e19659d3dc7.jar C:\Users\Bryan\StudioProjects\Pub15212\app\build\intermediates\pre-dexed\debug\com.android.support-support-v4-23.3.0_1ab43ec5c3abe1382737307cf528cc77cef968f0.jar C:\Users\Bryan\StudioProjects\Pub15212\app\build\intermediates\pre-dexed\debug\com.android.support-recyclerview-v7-23.3.0_18204e1e5611bc077c718371a35e9a519a4f06c5.jar C:\Users\Bryan\StudioProjects\Pub15212\app\build\intermediates\pre-dexed\debug\com.android.support-support-vector-drawable-23.3.0_6e11d2f2d2fdd9a6976cd1ecce12b9c3b1bb4b50.jar C:\Users\Bryan\StudioProjects\Pub15212\app\build\intermediates\pre-dexed\debug\gson-2.6.2_15013809775c95339192423ddf46ac978285afe4.jar C:\Users\Bryan\StudioProjects\Pub15212\app\build\intermediates\pre-dexed\debug\internal_impl-23.3.0_b49d24c432f9d22ee2695b26f95b5ecc9ffc5d6b.jar C:\Users\Bryan\StudioProjects\Pub15212\app\build\intermediates\pre-dexed\debug\com.android.support-appcompat-v7-23.
java_class_path (initial): C:\Users\Bryan\AppData\Local\Android\sdk\build-tools\23.0.2\lib\dx.jar
Launcher Type: SUN_STANDARD

Environment Variables:
PATH=C:\ProgramData\Oracle\Java\javapath;C:\Windows\system32;C:\Windows;C:\Windows\System32\Wbem;C:\Windows\System32\WindowsPowerShell\v1.0\;C:\Program Files (x86)\ATI Technologies\ATI.ACE\Core-Static;C:\Program Files\Git\cmd;C:\Program Files (x86)\GNU\GnuPG\pub
USERNAME=Bryan
OS=Windows_NT
PROCESSOR_IDENTIFIER=Intel64 Family 6 Model 15 Stepping 11, GenuineIntel



---------------  S Y S T E M  ---------------

OS: Windows 10.0 , 64 bit Build 10586 (10.0.10586.0)

CPU:total 4 (4 cores per cpu, 1 threads per core) family 6 model 15 stepping 11, cmov, cx8, fxsr, mmx, sse, sse2, sse3, ssse3, tsc

Memory: 4k page, physical 8386804k(3562628k free), swap 16775412k(9284800k free)

vm_info: Java HotSpot(TM) 64-Bit Server VM (25.65-b01) for windows-amd64 JRE (1.8.0_65-b17), built on Oct  6 2015 16:39:20 by "java_re" with MS VC++ 10.0 (VS2010)

time: Wed Apr 27 22:09:36 2016
elapsed time: 0 seconds (0d 0h 0m 0s)

