#
# A fatal error has been detected by the Java Runtime Environment:
#
#  EXCEPTION_ACCESS_VIOLATION (0xc0000005) at pc=0xffffffffa3375120, pid=3020, tid=6164
#
# JRE version: Java(TM) SE Runtime Environment (8.0_65-b17) (build 1.8.0_65-b17)
# Java VM: Java HotSpot(TM) 64-Bit Server VM (25.65-b01 mixed mode windows-amd64 compressed oops)
# Problematic frame:
# C  0xffffffffa3375120
#
# Failed to write core dump. Minidumps are not enabled by default on client versions of Windows
#
# If you would like to submit a bug report, please visit:
#   http://bugreport.java.com/bugreport/crash.jsp
#

---------------  T H R E A D  ---------------

Current thread (0x0000000002270800):  JavaThread "main" [_thread_in_Java, id=6164, stack(0x0000000002070000,0x0000000002170000)]

siginfo: ExceptionCode=0xc0000005, ExceptionInformation=0x0000000000000008 0xffffffffa3375120

Registers:
RAX=0x00000000144e52a0, RBX=0x00000000144e52a0, RCX=0x00000000f32c5598, RDX=0x00000000f32c5598
RSP=0x000000000216ef68, RBP=0x000000000216f048, RSI=0x00000000144e52a0, RDI=0x0000000000003de8
R8 =0x0000000000000000, R9 =0x00000000ec20d6c8, R10=0x0000000066f62140, R11=0x00000000029cf640
R12=0x0000000000000000, R13=0x000000000216eff8, R14=0x000000000216f058, R15=0x0000000002270800
RIP=0xffffffffa3375120, EFLAGS=0x0000000000010206

Top of Stack: (sp=0x000000000216ef68)
0x000000000216ef68:   00000000029cf684 000000000000003f
0x000000000216ef78:   000000000216ef78 0000000014705430
0x000000000216ef88:   000000000216f000 0000000014705890
0x000000000216ef98:   0000000000000000 0000000014705508
0x000000000216efa8:   0000000000000000 000000000216f000
0x000000000216efb8:   000000000216f048 0000000002377470
0x000000000216efc8:   0000000000000003 0000000000000000
0x000000000216efd8:   00000000f324b828 000000000216f048
0x000000000216efe8:   0000000002377470 0000000002377470
0x000000000216eff8:   0000000000000000 00000000f32c5598
0x000000000216f008:   000000000216f008 0000000014636c98
0x000000000216f018:   000000000216f058 00000000146385a8
0x000000000216f028:   0000000000000000 0000000014636cb0
0x000000000216f038:   000000000216eff8 000000000216f058
0x000000000216f048:   000000000216f0a0 0000000002377470
0x000000000216f058:   00000000f32c58b0 000000000216f060 

Instructions: (pc=0xffffffffa3375120)
0xffffffffa3375100:   
[error occurred during error reporting (printing registers, top of stack, instructions near pc), id 0xc0000005]

Register to memory mapping:

RAX={method} {0x00000000144e52a8} 'getParameterWordCount' '(Z)I' in 'com/android/dx/rop/cst/CstBaseMethodRef'
RBX={method} {0x00000000144e52a8} 'getParameterWordCount' '(Z)I' in 'com/android/dx/rop/cst/CstBaseMethodRef'
RCX=0x00000000f32c5598 is an oop
com.android.dx.rop.cst.CstMethodRef 
 - klass: 'com/android/dx/rop/cst/CstMethodRef'
RDX=0x00000000f32c5598 is an oop
com.android.dx.rop.cst.CstMethodRef 
 - klass: 'com/android/dx/rop/cst/CstMethodRef'
RSP=0x000000000216ef68 is pointing into the stack for thread: 0x0000000002270800
RBP=0x000000000216f048 is pointing into the stack for thread: 0x0000000002270800
RSI={method} {0x00000000144e52a8} 'getParameterWordCount' '(Z)I' in 'com/android/dx/rop/cst/CstBaseMethodRef'
RDI=0x0000000000003de8 is an unknown value
R8 =0x0000000000000000 is an unknown value
R9 =0x00000000ec20d6c8 is an oop
com.android.dx.util.ByteArrayAnnotatedOutput 
 - klass: 'com/android/dx/util/ByteArrayAnnotatedOutput'
R10=0x0000000066f62140 is an unknown value
R11=0x00000000029cf640 is at entry_point+32 in (nmethod*)0x00000000029cf490
R12=0x0000000000000000 is an unknown value
R13=0x000000000216eff8 is pointing into the stack for thread: 0x0000000002270800
R14=0x000000000216f058 is pointing into the stack for thread: 0x0000000002270800
R15=0x0000000002270800 is a thread


Stack: [0x0000000002070000,0x0000000002170000],  sp=0x000000000216ef68,  free space=1019k
Native frames: (J=compiled Java code, j=interpreted, Vv=VM code, C=native code)
C  0xffffffffa3375120


---------------  P R O C E S S  ---------------

Java Threads: ( => current thread )
  0x0000000014a9d800 JavaThread "Service Thread" daemon [_thread_blocked, id=268, stack(0x0000000016690000,0x0000000016790000)]
  0x0000000014a9a000 JavaThread "C1 CompilerThread2" daemon [_thread_blocked, id=4372, stack(0x0000000016190000,0x0000000016290000)]
  0x0000000014a97000 JavaThread "C2 CompilerThread1" daemon [_thread_blocked, id=3528, stack(0x0000000016090000,0x0000000016190000)]
  0x0000000014a3d800 JavaThread "C2 CompilerThread0" daemon [_thread_blocked, id=5432, stack(0x0000000015f90000,0x0000000016090000)]
  0x0000000014a3c000 JavaThread "Attach Listener" daemon [_thread_blocked, id=2948, stack(0x0000000015e90000,0x0000000015f90000)]
  0x0000000014a3a800 JavaThread "Signal Dispatcher" daemon [_thread_blocked, id=5272, stack(0x0000000015d90000,0x0000000015e90000)]
  0x0000000002360000 JavaThread "Finalizer" daemon [_thread_blocked, id=7520, stack(0x0000000015c90000,0x0000000015d90000)]
  0x000000000235d000 JavaThread "Reference Handler" daemon [_thread_blocked, id=236, stack(0x0000000015b90000,0x0000000015c90000)]
=>0x0000000002270800 JavaThread "main" [_thread_in_Java, id=6164, stack(0x0000000002070000,0x0000000002170000)]

Other Threads:
  0x0000000014a08000 VMThread [stack: 0x0000000015a90000,0x0000000015b90000] [id=9392]
  0x000000001629a000 WatcherThread [stack: 0x0000000016790000,0x0000000016890000] [id=9944]

VM state:not at safepoint (normal execution)

VM Mutex/Monitor currently owned by a thread: None

Heap:
 PSYoungGen      total 138240K, used 29234K [0x00000000eab00000, 0x00000000f3700000, 0x0000000100000000)
  eden space 133120K, 18% used [0x00000000eab00000,0x00000000ec291cd8,0x00000000f2d00000)
  from space 5120K, 99% used [0x00000000f3200000,0x00000000f36fad90,0x00000000f3700000)
  to   space 5120K, 0% used [0x00000000f2d00000,0x00000000f2d00000,0x00000000f3200000)
 ParOldGen       total 87552K, used 24757K [0x00000000c0000000, 0x00000000c5580000, 0x00000000eab00000)
  object space 87552K, 28% used [0x00000000c0000000,0x00000000c182d6a8,0x00000000c5580000)
 Metaspace       used 6779K, capacity 7544K, committed 7680K, reserved 1056768K
  class space    used 645K, capacity 688K, committed 768K, reserved 1048576K

Card table byte_map: [0x0000000011730000,0x0000000011940000] byte_map_base: 0x0000000011130000

Marking Bits: (ParMarkBitMap*) 0x0000000066f7a5b0
 Begin Bits: [0x0000000011ea0000, 0x0000000012ea0000)
 End Bits:   [0x0000000012ea0000, 0x0000000013ea0000)

Polling page: 0x0000000000510000

CodeCache: size=245760Kb used=9741Kb max_used=9752Kb free=236018Kb
 bounds [0x0000000002370000, 0x0000000002d00000, 0x0000000011370000]
 total_blobs=2556 nmethods=2287 adapters=183
 compilation: enabled

Compilation events (10 events):
Event: 10.549 Thread 0x0000000014a9a000 nmethod 2403 0x0000000002cf3990 code [0x0000000002cf3ae0, 0x0000000002cf3bf0]
Event: 10.549 Thread 0x0000000014a9a000 2405       3       com.android.dx.dex.code.InsnFormat::write (15 bytes)
Event: 10.549 Thread 0x0000000014a9a000 nmethod 2405 0x0000000002cf3490 code [0x0000000002cf3600, 0x0000000002cf3838]
Event: 10.549 Thread 0x0000000014a9a000 2406       3       com.android.dx.dex.code.InsnFormat::write (8 bytes)
Event: 10.549 Thread 0x0000000014a97000 nmethod 2394 0x0000000002cfcf50 code [0x0000000002cfd0a0, 0x0000000002cfd2f8]
Event: 10.549 Thread 0x0000000014a9a000 nmethod 2406 0x0000000002cfcb50 code [0x0000000002cfccc0, 0x0000000002cfce68]
Event: 10.679 Thread 0x0000000014a3d800 2407       4       com.android.dx.rop.cst.CstBaseMethodRef::getPrototype (41 bytes)
Event: 10.680 Thread 0x0000000014a9a000 2408       3       com.android.dx.dex.code.form.Form22c::writeTo (45 bytes)
Event: 10.680 Thread 0x0000000014a9a000 nmethod 2408 0x0000000002cfb910 code [0x0000000002cfbb20, 0x0000000002cfc6a8]
Event: 10.681 Thread 0x0000000014a3d800 nmethod 2407 0x0000000002cfa0d0 code [0x0000000002cfa220, 0x0000000002cfa308]

GC Heap History (8 events):
Event: 3.679 GC heap before
{Heap before GC invocations=1 (full 0):
 PSYoungGen      total 38400K, used 33280K [0x00000000eab00000, 0x00000000ed580000, 0x0000000100000000)
  eden space 33280K, 100% used [0x00000000eab00000,0x00000000ecb80000,0x00000000ecb80000)
  from space 5120K, 0% used [0x00000000ed080000,0x00000000ed080000,0x00000000ed580000)
  to   space 5120K, 0% used [0x00000000ecb80000,0x00000000ecb80000,0x00000000ed080000)
 ParOldGen       total 87552K, used 0K [0x00000000c0000000, 0x00000000c5580000, 0x00000000eab00000)
  object space 87552K, 0% used [0x00000000c0000000,0x00000000c0000000,0x00000000c5580000)
 Metaspace       used 5994K, capacity 6896K, committed 7040K, reserved 1056768K
  class space    used 600K, capacity 616K, committed 640K, reserved 1048576K
Event: 3.772 GC heap after
Heap after GC invocations=1 (full 0):
 PSYoungGen      total 38400K, used 5114K [0x00000000eab00000, 0x00000000ef600000, 0x0000000100000000)
  eden space 33280K, 0% used [0x00000000eab00000,0x00000000eab00000,0x00000000ecb80000)
  from space 5120K, 99% used [0x00000000ecb80000,0x00000000ed07eac8,0x00000000ed080000)
  to   space 5120K, 0% used [0x00000000ef100000,0x00000000ef100000,0x00000000ef600000)
 ParOldGen       total 87552K, used 1468K [0x00000000c0000000, 0x00000000c5580000, 0x00000000eab00000)
  object space 87552K, 1% used [0x00000000c0000000,0x00000000c016f3e8,0x00000000c5580000)
 Metaspace       used 5994K, capacity 6896K, committed 7040K, reserved 1056768K
  class space    used 600K, capacity 616K, committed 640K, reserved 1048576K
}
Event: 4.588 GC heap before
{Heap before GC invocations=2 (full 0):
 PSYoungGen      total 38400K, used 38394K [0x00000000eab00000, 0x00000000ef600000, 0x0000000100000000)
  eden space 33280K, 100% used [0x00000000eab00000,0x00000000ecb80000,0x00000000ecb80000)
  from space 5120K, 99% used [0x00000000ecb80000,0x00000000ed07eac8,0x00000000ed080000)
  to   space 5120K, 0% used [0x00000000ef100000,0x00000000ef100000,0x00000000ef600000)
 ParOldGen       total 87552K, used 1468K [0x00000000c0000000, 0x00000000c5580000, 0x00000000eab00000)
  object space 87552K, 1% used [0x00000000c0000000,0x00000000c016f3e8,0x00000000c5580000)
 Metaspace       used 6152K, capacity 7088K, committed 7296K, reserved 1056768K
  class space    used 602K, capacity 616K, committed 640K, reserved 1048576K
Event: 4.672 GC heap after
Heap after GC invocations=2 (full 0):
 PSYoungGen      total 71680K, used 5119K [0x00000000eab00000, 0x00000000ef600000, 0x0000000100000000)
  eden space 66560K, 0% used [0x00000000eab00000,0x00000000eab00000,0x00000000eec00000)
  from space 5120K, 99% used [0x00000000ef100000,0x00000000ef5fffc8,0x00000000ef600000)
  to   space 5120K, 0% used [0x00000000eec00000,0x00000000eec00000,0x00000000ef100000)
 ParOldGen       total 87552K, used 5413K [0x00000000c0000000, 0x00000000c5580000, 0x00000000eab00000)
  object space 87552K, 6% used [0x00000000c0000000,0x00000000c0549450,0x00000000c5580000)
 Metaspace       used 6152K, capacity 7088K, committed 7296K, reserved 1056768K
  class space    used 602K, capacity 616K, committed 640K, reserved 1048576K
}
Event: 6.707 GC heap before
{Heap before GC invocations=3 (full 0):
 PSYoungGen      total 71680K, used 71679K [0x00000000eab00000, 0x00000000ef600000, 0x0000000100000000)
  eden space 66560K, 100% used [0x00000000eab00000,0x00000000eec00000,0x00000000eec00000)
  from space 5120K, 99% used [0x00000000ef100000,0x00000000ef5fffc8,0x00000000ef600000)
  to   space 5120K, 0% used [0x00000000eec00000,0x00000000eec00000,0x00000000ef100000)
 ParOldGen       total 87552K, used 5413K [0x00000000c0000000, 0x00000000c5580000, 0x00000000eab00000)
  object space 87552K, 6% used [0x00000000c0000000,0x00000000c0549450,0x00000000c5580000)
 Metaspace       used 6309K, capacity 7128K, committed 7424K, reserved 1056768K
  class space    used 624K, capacity 656K, committed 768K, reserved 1048576K
Event: 6.859 GC heap after
Heap after GC invocations=3 (full 0):
 PSYoungGen      total 71680K, used 5101K [0x00000000eab00000, 0x00000000f3700000, 0x0000000100000000)
  eden space 66560K, 0% used [0x00000000eab00000,0x00000000eab00000,0x00000000eec00000)
  from space 5120K, 99% used [0x00000000eec00000,0x00000000ef0fb428,0x00000000ef100000)
  to   space 5120K, 0% used [0x00000000f3200000,0x00000000f3200000,0x00000000f3700000)
 ParOldGen       total 87552K, used 15127K [0x00000000c0000000, 0x00000000c5580000, 0x00000000eab00000)
  object space 87552K, 17% used [0x00000000c0000000,0x00000000c0ec5c18,0x00000000c5580000)
 Metaspace       used 6309K, capacity 7128K, committed 7424K, reserved 1056768K
  class space    used 624K, capacity 656K, committed 768K, reserved 1048576K
}
Event: 8.523 GC heap before
{Heap before GC invocations=4 (full 0):
 PSYoungGen      total 71680K, used 71661K [0x00000000eab00000, 0x00000000f3700000, 0x0000000100000000)
  eden space 66560K, 100% used [0x00000000eab00000,0x00000000eec00000,0x00000000eec00000)
  from space 5120K, 99% used [0x00000000eec00000,0x00000000ef0fb428,0x00000000ef100000)
  to   space 5120K, 0% used [0x00000000f3200000,0x00000000f3200000,0x00000000f3700000)
 ParOldGen       total 87552K, used 15127K [0x00000000c0000000, 0x00000000c5580000, 0x00000000eab00000)
  object space 87552K, 17% used [0x00000000c0000000,0x00000000c0ec5c18,0x00000000c5580000)
 Metaspace       used 6354K, capacity 7192K, committed 7424K, reserved 1056768K
  class space    used 625K, capacity 656K, committed 768K, reserved 1048576K
Event: 8.639 GC heap after
Heap after GC invocations=4 (full 0):
 PSYoungGen      total 138240K, used 5099K [0x00000000eab00000, 0x00000000f3700000, 0x0000000100000000)
  eden space 133120K, 0% used [0x00000000eab00000,0x00000000eab00000,0x00000000f2d00000)
  from space 5120K, 99% used [0x00000000f3200000,0x00000000f36fad90,0x00000000f3700000)
  to   space 5120K, 0% used [0x00000000f2d00000,0x00000000f2d00000,0x00000000f3200000)
 ParOldGen       total 87552K, used 24757K [0x00000000c0000000, 0x00000000c5580000, 0x00000000eab00000)
  object space 87552K, 28% used [0x00000000c0000000,0x00000000c182d6a8,0x00000000c5580000)
 Metaspace       used 6354K, capacity 7192K, committed 7424K, reserved 1056768K
  class space    used 625K, capacity 656K, committed 768K, reserved 1048576K
}

Deoptimization events (10 events):
Event: 9.583 Thread 0x0000000002270800 Uncommon trap: reason=speculate_class_check action=maybe_recompile pc=0x000000000270ced8 method=com.android.dx.util.FixedSizeList.equals(Ljava/lang/Object;)Z @ 25
Event: 9.583 Thread 0x0000000002270800 Uncommon trap: reason=speculate_class_check action=maybe_recompile pc=0x000000000270ced8 method=com.android.dx.util.FixedSizeList.equals(Ljava/lang/Object;)Z @ 25
Event: 9.583 Thread 0x0000000002270800 Uncommon trap: reason=speculate_class_check action=maybe_recompile pc=0x000000000270ced8 method=com.android.dx.util.FixedSizeList.equals(Ljava/lang/Object;)Z @ 25
Event: 9.718 Thread 0x0000000002270800 Uncommon trap: reason=unstable_if action=reinterpret pc=0x0000000002bc4940 method=com.android.dx.dex.code.OutputFinisher.findOpcodeForInsn(Lcom/android/dx/dex/code/DalvInsn;Lcom/android/dx/dex/code/Dop;)Lcom/android/dx/dex/code/Dop; @ 1
Event: 9.964 Thread 0x0000000002270800 Uncommon trap: reason=unstable_if action=reinterpret pc=0x0000000002c4d728 method=com.android.dx.dex.code.OutputFinisher.align64bits([Lcom/android/dx/dex/code/Dop;)V @ 130
Event: 10.025 Thread 0x0000000002270800 Uncommon trap: reason=unstable_if action=reinterpret pc=0x0000000002c4b0d4 method=com.android.dx.rop.code.RegisterSpecSet.findMatchingLocal(Lcom/android/dx/rop/code/RegisterSpec;)Lcom/android/dx/rop/code/RegisterSpec; @ 35
Event: 10.309 Thread 0x0000000002270800 Uncommon trap: reason=unstable_if action=reinterpret pc=0x0000000002c151d8 method=java.util.ArrayList.<init>(I)V @ 5
Event: 10.511 Thread 0x0000000002270800 Uncommon trap: reason=unstable_if action=reinterpret pc=0x0000000002cbf3a8 method=com.android.dx.dex.file.DebugInfoEncoder.emitLocalsAtAddress(I)I @ 137
Event: 10.521 Thread 0x0000000002270800 Uncommon trap: reason=unstable_if action=reinterpret pc=0x0000000002cbc158 method=com.android.dx.util.ByteArrayAnnotatedOutput.ensureCapacity(I)V @ 6
Event: 10.528 Thread 0x0000000002270800 Uncommon trap: reason=unstable_if action=reinterpret pc=0x0000000002c92c84 method=com.android.dx.util.ByteArrayAnnotatedOutput.writeByte(I)V @ 13

Internal exceptions (8 events):
Event: 0.713 Thread 0x0000000002270800 Exception <a 'java/lang/NoSuchMethodError': Method sun.misc.Unsafe.defineClass(Ljava/lang/String;[BII)Ljava/lang/Class; name or signature does not match> (0x00000000eab0d308) thrown at [C:\workspace\8-2-build-windows-amd64-cygwin\jdk8u65\4987\hotspot\src\syDDƒZÍæ?
Event: 0.713 Thread 0x0000000002270800 Exception <a 'java/lang/NoSuchMethodError': Method sun.misc.Unsafe.prefetchRead(Ljava/lang/Object;J)V name or signature does not match> (0x00000000eab0d5f0) thrown at [C:\workspace\8-2-build-windows-amd64-cygwin\jdk8u65\4987\hotspot\src\share\vm\prims\jni.õ…	_N@
Event: 3.538 Thread 0x000000001652e000 Implicit null exception at 0x00000000026dc8a2 to 0x00000000026dc941
Event: 4.506 Thread 0x000000001652f000 Implicit null exception at 0x0000000002677930 to 0x0000000002678f15
Event: 4.827 Thread 0x00000000164fb000 Implicit null exception at 0x00000000026c1f3c to 0x00000000026c36c5
Event: 5.123 Thread 0x000000001652e000 Exception <a 'java/lang/ArrayIndexOutOfBoundsException': 18> (0x00000000ec29f558) thrown at [C:\workspace\8-2-build-windows-amd64-cygwin\jdk8u65\4987\hotspot\src\share\vm\interpreter\interpreterRuntime.cpp, line 366]
Event: 5.411 Thread 0x000000001652e000 Exception <a 'java/lang/ArrayIndexOutOfBoundsException'> (0x00000000ec2a10d8) thrown at [C:\workspace\8-2-build-windows-amd64-cygwin\jdk8u65\4987\hotspot\src\share\vm\runtime\sharedRuntime.cpp, line 605]
Event: 5.413 Thread 0x000000001652e000 Exception <a 'java/lang/ArrayIndexOutOfBoundsException'> (0x00000000ec2a23c0) thrown at [C:\workspace\8-2-build-windows-amd64-cygwin\jdk8u65\4987\hotspot\src\share\vm\runtime\sharedRuntime.cpp, line 605]

Events (10 events):
Event: 10.521 Thread 0x0000000002270800 Uncommon trap: trap_request=0xffffff65 fr.pc=0x0000000002cbc158
Event: 10.521 Thread 0x0000000002270800 DEOPT PACKING pc=0x0000000002cbc158 sp=0x000000000216ef80
Event: 10.521 Thread 0x0000000002270800 DEOPT UNPACKING pc=0x00000000023b556a sp=0x000000000216eee0 mode 2
Event: 10.523 loading class com/android/dx/dex/file/MapItem
Event: 10.523 loading class com/android/dx/dex/file/MapItem done
Event: 10.527 loading class com/android/dex/DexFormat
Event: 10.527 loading class com/android/dex/DexFormat done
Event: 10.528 Thread 0x0000000002270800 Uncommon trap: trap_request=0xffffff65 fr.pc=0x0000000002c92c84
Event: 10.528 Thread 0x0000000002270800 DEOPT PACKING pc=0x0000000002c92c84 sp=0x000000000216f100
Event: 10.528 Thread 0x0000000002270800 DEOPT UNPACKING pc=0x00000000023b556a sp=0x000000000216f0b8 mode 2


Dynamic libraries:
0x00007ff70d990000 - 0x00007ff70d9c7000 	C:\Program Files\Java\jdk1.8.0_65\bin\java.exe
0x00007ffb631d0000 - 0x00007ffb63391000 	C:\Windows\SYSTEM32\ntdll.dll
0x00007ffb60b60000 - 0x00007ffb60c0d000 	C:\Windows\system32\KERNEL32.DLL
0x00007ffb5f880000 - 0x00007ffb5fa68000 	C:\Windows\system32\KERNELBASE.dll
0x00007ffb616f0000 - 0x00007ffb61797000 	C:\Windows\system32\ADVAPI32.dll
0x00007ffb617a0000 - 0x00007ffb6183d000 	C:\Windows\system32\msvcrt.dll
0x00007ffb61ba0000 - 0x00007ffb61bfb000 	C:\Windows\system32\sechost.dll
0x00007ffb605d0000 - 0x00007ffb606ec000 	C:\Windows\system32\RPCRT4.dll
0x00007ffb61170000 - 0x00007ffb612c6000 	C:\Windows\system32\USER32.dll
0x00007ffb61550000 - 0x00007ffb616d6000 	C:\Windows\system32\GDI32.dll
0x00007ffb561a0000 - 0x00007ffb56414000 	C:\Windows\WinSxS\amd64_microsoft.windows.common-controls_6595b64144ccf1df_6.0.10586.0_none_8c15ae12515e1c22\COMCTL32.dll
0x00007ffb60840000 - 0x00007ffb60abd000 	C:\Windows\system32\combase.dll
0x00007ffb60410000 - 0x00007ffb6047a000 	C:\Windows\system32\bcryptPrimitives.dll
0x00007ffb60ac0000 - 0x00007ffb60afb000 	C:\Windows\system32\IMM32.DLL
0x00000000663b0000 - 0x0000000066482000 	C:\Program Files\Java\jdk1.8.0_65\jre\bin\msvcr100.dll
0x0000000066770000 - 0x0000000066ff9000 	C:\Program Files\Java\jdk1.8.0_65\jre\bin\server\jvm.dll
0x00007ffb613e0000 - 0x00007ffb613e8000 	C:\Windows\system32\PSAPI.DLL
0x00007ffb4ded0000 - 0x00007ffb4ded9000 	C:\Windows\SYSTEM32\WSOCK32.dll
0x00007ffb61860000 - 0x00007ffb618cb000 	C:\Windows\system32\WS2_32.dll
0x00007ffb5da40000 - 0x00007ffb5da63000 	C:\Windows\SYSTEM32\WINMM.dll
0x00007ffb5bd00000 - 0x00007ffb5bd0a000 	C:\Windows\SYSTEM32\VERSION.dll
0x00007ffb5d9e0000 - 0x00007ffb5da0c000 	C:\Windows\SYSTEM32\WINMMBASE.dll
0x00007ffb5fba0000 - 0x00007ffb5fbe3000 	C:\Windows\system32\cfgmgr32.dll
0x0000000068000000 - 0x000000006800f000 	C:\Program Files\Java\jdk1.8.0_65\jre\bin\verify.dll
0x0000000067fd0000 - 0x0000000067ff9000 	C:\Program Files\Java\jdk1.8.0_65\jre\bin\java.dll
0x0000000067fb0000 - 0x0000000067fc6000 	C:\Program Files\Java\jdk1.8.0_65\jre\bin\zip.dll
0x00007ffb61c70000 - 0x00007ffb631cc000 	C:\Windows\system32\SHELL32.dll
0x00007ffb5fbf0000 - 0x00007ffb60235000 	C:\Windows\system32\windows.storage.dll
0x00007ffb60c10000 - 0x00007ffb60c62000 	C:\Windows\system32\shlwapi.dll
0x00007ffb5f7f0000 - 0x00007ffb5f7ff000 	C:\Windows\system32\kernel.appcore.dll
0x00007ffb60480000 - 0x00007ffb60535000 	C:\Windows\system32\shcore.dll
0x00007ffb5f820000 - 0x00007ffb5f86b000 	C:\Windows\system32\powrprof.dll
0x00007ffb5f800000 - 0x00007ffb5f814000 	C:\Windows\system32\profapi.dll
0x00007ffb48090000 - 0x00007ffb4821c000 	C:\Windows\SYSTEM32\dbghelp.dll

VM Arguments:
jvm_args: -Djava.awt.headless=true -Xmx1024M -Dfile.encoding=windows-1252 -Duser.country=US -Duser.language=en -Duser.variant 
java_command: com.android.dx.command.Main --dex --num-threads=4 --output C:\Users\Bryan\StudioProjects\Pub15212\app\build\intermediates\pre-dexed\debug\com.android.support-recyclerview-v7-23.3.0_18204e1e5611bc077c718371a35e9a519a4f06c5.jar C:\Users\Bryan\StudioProjects\Pub15212\app\build\intermediates\exploded-aar\com.android.support\recyclerview-v7\23.3.0\jars\classes.jar
java_class_path (initial): C:\Users\Bryan\AppData\Local\Android\sdk\build-tools\23.0.2\lib\dx.jar
Launcher Type: SUN_STANDARD

Environment Variables:
PATH=C:\ProgramData\Oracle\Java\javapath;C:\Windows\system32;C:\Windows;C:\Windows\System32\Wbem;C:\Windows\System32\WindowsPowerShell\v1.0\;C:\Program Files (x86)\ATI Technologies\ATI.ACE\Core-Static;C:\Program Files\Git\cmd;C:\Program Files (x86)\GNU\GnuPG\pub
USERNAME=Bryan
OS=Windows_NT
PROCESSOR_IDENTIFIER=Intel64 Family 6 Model 15 Stepping 11, GenuineIntel



---------------  S Y S T E M  ---------------

OS: Windows 10.0 , 64 bit Build 10586 (10.0.10586.0)

CPU:total 4 (4 cores per cpu, 1 threads per core) family 6 model 15 stepping 11, cmov, cx8, fxsr, mmx, sse, sse2, sse3, ssse3, tsc

Memory: 4k page, physical 8386804k(3335304k free), swap 16775412k(8432968k free)

vm_info: Java HotSpot(TM) 64-Bit Server VM (25.65-b01) for windows-amd64 JRE (1.8.0_65-b17), built on Oct  6 2015 16:39:20 by "java_re" with MS VC++ 10.0 (VS2010)

time: Wed Apr 27 22:14:38 2016
elapsed time: 10 seconds (0d 0h 0m 10s)

