#
# A fatal error has been detected by the Java Runtime Environment:
#
#  EXCEPTION_ACCESS_VIOLATION (0xc0000005) at pc=0xffffffffa3245120, pid=8028, tid=4444
#
# JRE version: Java(TM) SE Runtime Environment (8.0_65-b17) (build 1.8.0_65-b17)
# Java VM: Java HotSpot(TM) 64-Bit Server VM (25.65-b01 mixed mode windows-amd64 compressed oops)
# Problematic frame:
# C  0xffffffffa3245120
#
# Failed to write core dump. Minidumps are not enabled by default on client versions of Windows
#
# If you would like to submit a bug report, please visit:
#   http://bugreport.java.com/bugreport/crash.jsp
#

---------------  T H R E A D  ---------------

Current thread (0x0000000002140800):  JavaThread "main" [_thread_in_Java, id=4444, stack(0x0000000001ee0000,0x0000000001fe0000)]

siginfo: ExceptionCode=0xc0000005, ExceptionInformation=0x0000000000000008 0xffffffffa3245120

Registers:
RAX=0x00000000c0275ac0, RBX=0x0000000100093660, RCX=0x0000000000000000, RDX=0x00000000ec0a6b60
RSP=0x0000000001fdf368, RBP=0x0000000001fdf540, RSI=0x000000010008cb68, RDI=0x000000010008c460
R8 =0x00000000c0275ac0, R9 =0x00000000c0275750, R10=0x00000000c0275ac0, R11=0x0000000000000002
R12=0x0000000000000000, R13=0x00000000029d055c, R14=0x0000000001fdf420, R15=0x0000000002140800
RIP=0xffffffffa3245120, EFLAGS=0x0000000000010246

Top of Stack: (sp=0x0000000001fdf368)
0x0000000001fdf368:   00000000029d4a54 0000000001fdf370
0x0000000001fdf378:   00000000142b1977 0000000001fdf3f8
0x0000000001fdf388:   0000000002247a2d 0000000001fdf540
0x0000000001fdf398:   00000000029d3e2c 00000000ffffffff
0x0000000001fdf3a8:   0000000000000001 00000000ec0a6b30
0x0000000001fdf3b8:   0000000001fdf3b8 00000000144ffe1b
0x0000000001fdf3c8:   0000000001fdf420 00000000145cd640
0x0000000001fdf3d8:   00000000145d1428 00000000144ffe78
0x0000000001fdf3e8:   0000000000000000 00000000ec0a6b70
0x0000000001fdf3f8:   00000000ec0a6b60 00000000c0275710
0x0000000001fdf408:   00000000ec0a6ba0 0000000000000000
0x0000000001fdf418:   00000000c02756e8 0000000001fdf540
0x0000000001fdf428:   00000000029d07c4 000000001412f737
0x0000000001fdf438:   0000000001fdf478 0000000014130020
0x0000000001fdf448:   00000000142b9b70 0000000001fdf4c0
0x0000000001fdf458:   0000000002247a2d 0000000001fdf4c0 

Instructions: (pc=0xffffffffa3245120)
0xffffffffa3245100:   
[error occurred during error reporting (printing registers, top of stack, instructions near pc), id 0xc0000005]

Register to memory mapping:

RAX=0x00000000c0275ac0 is an oop
com.android.dx.dex.code.LocalSnapshot 
 - klass: 'com/android/dx/dex/code/LocalSnapshot'
RBX=0x0000000100093660 is pointing into metadata
RCX=0x0000000000000000 is an unknown value
RDX=0x00000000ec0a6b60 is an oop
java.util.HashSet 
 - klass: 'java/util/HashSet'
RSP=0x0000000001fdf368 is pointing into the stack for thread: 0x0000000002140800
RBP=0x0000000001fdf540 is pointing into the stack for thread: 0x0000000002140800
RSI=0x000000010008cb68 is pointing into metadata
RDI=0x000000010008c460 is pointing into metadata
R8 =0x00000000c0275ac0 is an oop
com.android.dx.dex.code.LocalSnapshot 
 - klass: 'com/android/dx/dex/code/LocalSnapshot'
R9 =0x00000000c0275750 is an oop
[Ljava.lang.Object; 
 - klass: 'java/lang/Object'[]
 - length: 22
R10=0x00000000c0275ac0 is an oop
com.android.dx.dex.code.LocalSnapshot 
 - klass: 'com/android/dx/dex/code/LocalSnapshot'
R11=0x0000000000000002 is an unknown value
R12=0x0000000000000000 is an unknown value
R13=0x00000000029d055c is at entry_point+316 in (nmethod*)0x00000000029d01d0
R14=0x0000000001fdf420 is pointing into the stack for thread: 0x0000000002140800
R15=0x0000000002140800 is a thread


Stack: [0x0000000001ee0000,0x0000000001fe0000],  sp=0x0000000001fdf368,  free space=1020k
Native frames: (J=compiled Java code, j=interpreted, Vv=VM code, C=native code)
C  0xffffffffa3245120


---------------  P R O C E S S  ---------------

Java Threads: ( => current thread )
  0x0000000016250800 JavaThread "Service Thread" daemon [_thread_blocked, id=9008, stack(0x0000000016650000,0x0000000016750000)]
  0x000000001496a800 JavaThread "C1 CompilerThread2" daemon [_thread_blocked, id=6276, stack(0x0000000016150000,0x0000000016250000)]
  0x0000000014968000 JavaThread "C2 CompilerThread1" daemon [_thread_in_native, id=7824, stack(0x0000000016050000,0x0000000016150000)]
  0x000000001490e800 JavaThread "C2 CompilerThread0" daemon [_thread_in_native, id=5764, stack(0x0000000015f50000,0x0000000016050000)]
  0x000000001490d000 JavaThread "Attach Listener" daemon [_thread_blocked, id=2128, stack(0x0000000015e50000,0x0000000015f50000)]
  0x000000001490b800 JavaThread "Signal Dispatcher" daemon [_thread_blocked, id=9360, stack(0x0000000015d50000,0x0000000015e50000)]
  0x0000000002230000 JavaThread "Finalizer" daemon [_thread_blocked, id=8808, stack(0x0000000015b70000,0x0000000015c70000)]
  0x000000000222d000 JavaThread "Reference Handler" daemon [_thread_blocked, id=3528, stack(0x0000000015a70000,0x0000000015b70000)]
=>0x0000000002140800 JavaThread "main" [_thread_in_Java, id=4444, stack(0x0000000001ee0000,0x0000000001fe0000)]

Other Threads:
  0x00000000148d8000 VMThread [stack: 0x0000000015970000,0x0000000015a70000] [id=5892]
  0x0000000016258800 WatcherThread [stack: 0x0000000016750000,0x0000000016850000] [id=8728]

VM state:not at safepoint (normal execution)

VM Mutex/Monitor currently owned by a thread: None

Heap:
 PSYoungGen      total 38400K, used 27485K [0x00000000eab00000, 0x00000000ef600000, 0x0000000100000000)
  eden space 33280K, 67% used [0x00000000eab00000,0x00000000ec0db478,0x00000000ecb80000)
  from space 5120K, 99% used [0x00000000ecb80000,0x00000000ed07c040,0x00000000ed080000)
  to   space 5120K, 0% used [0x00000000ef100000,0x00000000ef100000,0x00000000ef600000)
 ParOldGen       total 87552K, used 9595K [0x00000000c0000000, 0x00000000c5580000, 0x00000000eab00000)
  object space 87552K, 10% used [0x00000000c0000000,0x00000000c095ee70,0x00000000c5580000)
 Metaspace       used 6415K, capacity 7158K, committed 7296K, reserved 1056768K
  class space    used 608K, capacity 622K, committed 640K, reserved 1048576K

Card table byte_map: [0x0000000011600000,0x0000000011810000] byte_map_base: 0x0000000011000000

Marking Bits: (ParMarkBitMap*) 0x0000000066f7a5b0
 Begin Bits: [0x0000000011d70000, 0x0000000012d70000)
 End Bits:   [0x0000000012d70000, 0x0000000013d70000)

Polling page: 0x0000000000710000

CodeCache: size=245760Kb used=7808Kb max_used=7818Kb free=237951Kb
 bounds [0x0000000002240000, 0x00000000029f0000, 0x0000000011240000]
 total_blobs=2083 nmethods=1815 adapters=182
 compilation: enabled

Compilation events (10 events):
Event: 9.195 Thread 0x000000001496a800 1845       1       com.android.dx.dex.code.OutputFinisher::hasAnyPositionInfo (5 bytes)
Event: 9.195 Thread 0x000000001496a800 nmethod 1845 0x00000000029d43d0 code [0x00000000029d4520, 0x00000000029d4630]
Event: 9.198 Thread 0x000000001496a800 1847       2       com.android.dx.dex.code.StdCatchBuilder::hasAnyCatches (57 bytes)
Event: 9.199 Thread 0x000000001496a800 nmethod 1847 0x00000000029d3b50 code [0x00000000029d3d00, 0x00000000029d4038]
Event: 9.200 Thread 0x000000001496a800 1848 %     3       com.android.dx.dex.code.OutputFinisher::addConstants @ 47 (93 bytes)
Event: 9.200 Thread 0x000000001496a800 nmethod 1848% 0x00000000029d2450 code [0x00000000029d2680, 0x00000000029d3608]
Event: 9.200 Thread 0x000000001496a800 1850       2       com.android.dx.dex.file.CodeItem::addContents (174 bytes)
Event: 9.202 Thread 0x000000001496a800 nmethod 1850 0x00000000029d01d0 code [0x00000000029d0420, 0x00000000029d0b68]
Event: 9.202 Thread 0x000000001496a800 1851       3       com.android.dx.dex.code.OutputFinisher::addConstants (93 bytes)
Event: 9.202 Thread 0x000000001496a800 nmethod 1851 0x00000000029ceb90 code [0x00000000029cedc0, 0x00000000029cfcc8]

GC Heap History (6 events):
Event: 5.976 GC heap before
{Heap before GC invocations=1 (full 0):
 PSYoungGen      total 38400K, used 33280K [0x00000000eab00000, 0x00000000ed580000, 0x0000000100000000)
  eden space 33280K, 100% used [0x00000000eab00000,0x00000000ecb80000,0x00000000ecb80000)
  from space 5120K, 0% used [0x00000000ed080000,0x00000000ed080000,0x00000000ed580000)
  to   space 5120K, 0% used [0x00000000ecb80000,0x00000000ecb80000,0x00000000ed080000)
 ParOldGen       total 87552K, used 0K [0x00000000c0000000, 0x00000000c5580000, 0x00000000eab00000)
  object space 87552K, 0% used [0x00000000c0000000,0x00000000c0000000,0x00000000c5580000)
 Metaspace       used 5950K, capacity 6832K, committed 7040K, reserved 1056768K
  class space    used 595K, capacity 616K, committed 640K, reserved 1048576K
Event: 6.033 GC heap after
Heap after GC invocations=1 (full 0):
 PSYoungGen      total 38400K, used 5104K [0x00000000eab00000, 0x00000000ed580000, 0x0000000100000000)
  eden space 33280K, 0% used [0x00000000eab00000,0x00000000eab00000,0x00000000ecb80000)
  from space 5120K, 99% used [0x00000000ecb80000,0x00000000ed07c3c0,0x00000000ed080000)
  to   space 5120K, 0% used [0x00000000ed080000,0x00000000ed080000,0x00000000ed580000)
 ParOldGen       total 87552K, used 774K [0x00000000c0000000, 0x00000000c5580000, 0x00000000eab00000)
  object space 87552K, 0% used [0x00000000c0000000,0x00000000c00c1af0,0x00000000c5580000)
 Metaspace       used 5950K, capacity 6832K, committed 7040K, reserved 1056768K
  class space    used 595K, capacity 616K, committed 640K, reserved 1048576K
}
Event: 7.164 GC heap before
{Heap before GC invocations=2 (full 0):
 PSYoungGen      total 38400K, used 38384K [0x00000000eab00000, 0x00000000ed580000, 0x0000000100000000)
  eden space 33280K, 100% used [0x00000000eab00000,0x00000000ecb80000,0x00000000ecb80000)
  from space 5120K, 99% used [0x00000000ecb80000,0x00000000ed07c3c0,0x00000000ed080000)
  to   space 5120K, 0% used [0x00000000ed080000,0x00000000ed080000,0x00000000ed580000)
 ParOldGen       total 87552K, used 774K [0x00000000c0000000, 0x00000000c5580000, 0x00000000eab00000)
  object space 87552K, 0% used [0x00000000c0000000,0x00000000c00c1af0,0x00000000c5580000)
 Metaspace       used 6249K, capacity 7088K, committed 7296K, reserved 1056768K
  class space    used 601K, capacity 616K, committed 640K, reserved 1048576K
Event: 7.237 GC heap after
Heap after GC invocations=2 (full 0):
 PSYoungGen      total 38400K, used 5114K [0x00000000eab00000, 0x00000000ef600000, 0x0000000100000000)
  eden space 33280K, 0% used [0x00000000eab00000,0x00000000eab00000,0x00000000ecb80000)
  from space 5120K, 99% used [0x00000000ed080000,0x00000000ed57eac8,0x00000000ed580000)
  to   space 5120K, 0% used [0x00000000ecb80000,0x00000000ecb80000,0x00000000ed080000)
 ParOldGen       total 87552K, used 4405K [0x00000000c0000000, 0x00000000c5580000, 0x00000000eab00000)
  object space 87552K, 5% used [0x00000000c0000000,0x00000000c044d5a0,0x00000000c5580000)
 Metaspace       used 6249K, capacity 7088K, committed 7296K, reserved 1056768K
  class space    used 601K, capacity 616K, committed 640K, reserved 1048576K
}
Event: 8.051 GC heap before
{Heap before GC invocations=3 (full 0):
 PSYoungGen      total 38400K, used 38394K [0x00000000eab00000, 0x00000000ef600000, 0x0000000100000000)
  eden space 33280K, 100% used [0x00000000eab00000,0x00000000ecb80000,0x00000000ecb80000)
  from space 5120K, 99% used [0x00000000ed080000,0x00000000ed57eac8,0x00000000ed580000)
  to   space 5120K, 0% used [0x00000000ecb80000,0x00000000ecb80000,0x00000000ed080000)
 ParOldGen       total 87552K, used 4405K [0x00000000c0000000, 0x00000000c5580000, 0x00000000eab00000)
  object space 87552K, 5% used [0x00000000c0000000,0x00000000c044d5a0,0x00000000c5580000)
 Metaspace       used 6319K, capacity 7152K, committed 7296K, reserved 1056768K
  class space    used 602K, capacity 616K, committed 640K, reserved 1048576K
Event: 8.112 GC heap after
Heap after GC invocations=3 (full 0):
 PSYoungGen      total 38400K, used 5104K [0x00000000eab00000, 0x00000000ef600000, 0x0000000100000000)
  eden space 33280K, 0% used [0x00000000eab00000,0x00000000eab00000,0x00000000ecb80000)
  from space 5120K, 99% used [0x00000000ecb80000,0x00000000ed07c040,0x00000000ed080000)
  to   space 5120K, 0% used [0x00000000ef100000,0x00000000ef100000,0x00000000ef600000)
 ParOldGen       total 87552K, used 9595K [0x00000000c0000000, 0x00000000c5580000, 0x00000000eab00000)
  object space 87552K, 10% used [0x00000000c0000000,0x00000000c095ee70,0x00000000c5580000)
 Metaspace       used 6319K, capacity 7152K, committed 7296K, reserved 1056768K
  class space    used 602K, capacity 616K, committed 640K, reserved 1048576K
}

Deoptimization events (10 events):
Event: 8.872 Thread 0x0000000002140800 Uncommon trap: reason=bimorphic action=maybe_recompile pc=0x00000000024da7ec method=java.util.HashMap.getNode(ILjava/lang/Object;)Ljava/util/HashMap$Node; @ 126
Event: 8.896 Thread 0x0000000002140800 Uncommon trap: reason=bimorphic action=maybe_recompile pc=0x00000000024da7ec method=java.util.HashMap.getNode(ILjava/lang/Object;)Ljava/util/HashMap$Node; @ 126
Event: 8.897 Thread 0x0000000002140800 Uncommon trap: reason=bimorphic action=maybe_recompile pc=0x00000000024da7ec method=java.util.HashMap.getNode(ILjava/lang/Object;)Ljava/util/HashMap$Node; @ 126
Event: 8.897 Thread 0x0000000002140800 Uncommon trap: reason=class_check action=maybe_recompile pc=0x00000000026d329c method=java.util.HashMap.putVal(ILjava/lang/Object;Ljava/lang/Object;ZZ)Ljava/lang/Object; @ 203
Event: 8.897 Thread 0x0000000002140800 Uncommon trap: reason=bimorphic action=maybe_recompile pc=0x00000000024da7ec method=java.util.HashMap.getNode(ILjava/lang/Object;)Ljava/util/HashMap$Node; @ 126
Event: 8.897 Thread 0x0000000002140800 Uncommon trap: reason=bimorphic action=maybe_recompile pc=0x0000000002462130 method=java.util.HashMap.getNode(ILjava/lang/Object;)Ljava/util/HashMap$Node; @ 126
Event: 8.899 Thread 0x0000000002140800 Uncommon trap: reason=class_check action=maybe_recompile pc=0x00000000026d329c method=java.util.HashMap.putVal(ILjava/lang/Object;Ljava/lang/Object;ZZ)Ljava/lang/Object; @ 203
Event: 8.899 Thread 0x0000000002140800 Uncommon trap: reason=class_check action=maybe_recompile pc=0x00000000026d329c method=java.util.HashMap.putVal(ILjava/lang/Object;Ljava/lang/Object;ZZ)Ljava/lang/Object; @ 203
Event: 8.900 Thread 0x0000000002140800 Uncommon trap: reason=class_check action=maybe_recompile pc=0x00000000026d329c method=java.util.HashMap.putVal(ILjava/lang/Object;Ljava/lang/Object;ZZ)Ljava/lang/Object; @ 203
Event: 8.900 Thread 0x0000000002140800 Uncommon trap: reason=class_check action=maybe_recompile pc=0x00000000026aa7e4 method=java.util.HashMap.putVal(ILjava/lang/Object;Ljava/lang/Object;ZZ)Ljava/lang/Object; @ 203

Internal exceptions (2 events):
Event: 1.982 Thread 0x0000000002140800 Exception <a 'java/lang/NoSuchMethodError': Method sun.misc.Unsafe.defineClass(Ljava/lang/String;[BII)Ljava/lang/Class; name or signature does not match> (0x00000000eab0d2f0) thrown at [C:\workspace\8-2-build-windows-amd64-cygwin\jdk8u65\4987\hotspot\src\sd(ÑT·ÿ?
Event: 1.982 Thread 0x0000000002140800 Exception <a 'java/lang/NoSuchMethodError': Method sun.misc.Unsafe.prefetchRead(Ljava/lang/Object;J)V name or signature does not match> (0x00000000eab0d5d8) thrown at [C:\workspace\8-2-build-windows-amd64-cygwin\jdk8u65\4987\hotspot\src\share\vm\prims\jni.

Events (10 events):
Event: 8.899 Thread 0x0000000002140800 DEOPT PACKING pc=0x00000000026d329c sp=0x0000000001fdf360
Event: 8.899 Thread 0x0000000002140800 DEOPT UNPACKING pc=0x000000000228556a sp=0x0000000001fdf280 mode 2
Event: 8.900 Thread 0x0000000002140800 Uncommon trap: trap_request=0xffffffde fr.pc=0x00000000026d329c
Event: 8.900 Thread 0x0000000002140800 DEOPT PACKING pc=0x00000000026d329c sp=0x0000000001fdf360
Event: 8.900 Thread 0x0000000002140800 DEOPT UNPACKING pc=0x000000000228556a sp=0x0000000001fdf280 mode 2
Event: 8.900 Thread 0x0000000002140800 Uncommon trap: trap_request=0xffffffde fr.pc=0x00000000026aa7e4
Event: 8.900 Thread 0x0000000002140800 DEOPT PACKING pc=0x00000000026aa7e4 sp=0x0000000001fdf2d0
Event: 8.900 Thread 0x0000000002140800 DEOPT UNPACKING pc=0x000000000228556a sp=0x0000000001fdf278 mode 2
Event: 8.910 loading class com/android/dx/dex/file/CatchStructs
Event: 8.910 loading class com/android/dx/dex/file/CatchStructs done


Dynamic libraries:
0x00007ff70d990000 - 0x00007ff70d9c7000 	C:\Program Files\Java\jdk1.8.0_65\bin\java.exe
0x00007ffb631d0000 - 0x00007ffb63391000 	C:\Windows\SYSTEM32\ntdll.dll
0x00007ffb60b60000 - 0x00007ffb60c0d000 	C:\Windows\system32\KERNEL32.DLL
0x00007ffb5f880000 - 0x00007ffb5fa68000 	C:\Windows\system32\KERNELBASE.dll
0x00007ffb616f0000 - 0x00007ffb61797000 	C:\Windows\system32\ADVAPI32.dll
0x00007ffb617a0000 - 0x00007ffb6183d000 	C:\Windows\system32\msvcrt.dll
0x00007ffb61ba0000 - 0x00007ffb61bfb000 	C:\Windows\system32\sechost.dll
0x00007ffb605d0000 - 0x00007ffb606ec000 	C:\Windows\system32\RPCRT4.dll
0x00007ffb61170000 - 0x00007ffb612c6000 	C:\Windows\system32\USER32.dll
0x00007ffb61550000 - 0x00007ffb616d6000 	C:\Windows\system32\GDI32.dll
0x00007ffb561a0000 - 0x00007ffb56414000 	C:\Windows\WinSxS\amd64_microsoft.windows.common-controls_6595b64144ccf1df_6.0.10586.0_none_8c15ae12515e1c22\COMCTL32.dll
0x00007ffb60840000 - 0x00007ffb60abd000 	C:\Windows\system32\combase.dll
0x00007ffb60410000 - 0x00007ffb6047a000 	C:\Windows\system32\bcryptPrimitives.dll
0x00007ffb60ac0000 - 0x00007ffb60afb000 	C:\Windows\system32\IMM32.DLL
0x00000000663b0000 - 0x0000000066482000 	C:\Program Files\Java\jdk1.8.0_65\jre\bin\msvcr100.dll
0x0000000066770000 - 0x0000000066ff9000 	C:\Program Files\Java\jdk1.8.0_65\jre\bin\server\jvm.dll
0x00007ffb613e0000 - 0x00007ffb613e8000 	C:\Windows\system32\PSAPI.DLL
0x00007ffb4ded0000 - 0x00007ffb4ded9000 	C:\Windows\SYSTEM32\WSOCK32.dll
0x00007ffb61860000 - 0x00007ffb618cb000 	C:\Windows\system32\WS2_32.dll
0x00007ffb5da40000 - 0x00007ffb5da63000 	C:\Windows\SYSTEM32\WINMM.dll
0x00007ffb5bd00000 - 0x00007ffb5bd0a000 	C:\Windows\SYSTEM32\VERSION.dll
0x00007ffb5d9e0000 - 0x00007ffb5da0c000 	C:\Windows\SYSTEM32\WINMMBASE.dll
0x00007ffb5fba0000 - 0x00007ffb5fbe3000 	C:\Windows\system32\cfgmgr32.dll
0x0000000068000000 - 0x000000006800f000 	C:\Program Files\Java\jdk1.8.0_65\jre\bin\verify.dll
0x0000000067fd0000 - 0x0000000067ff9000 	C:\Program Files\Java\jdk1.8.0_65\jre\bin\java.dll
0x0000000067fb0000 - 0x0000000067fc6000 	C:\Program Files\Java\jdk1.8.0_65\jre\bin\zip.dll
0x00007ffb61c70000 - 0x00007ffb631cc000 	C:\Windows\system32\SHELL32.dll
0x00007ffb5fbf0000 - 0x00007ffb60235000 	C:\Windows\system32\windows.storage.dll
0x00007ffb60c10000 - 0x00007ffb60c62000 	C:\Windows\system32\shlwapi.dll
0x00007ffb5f7f0000 - 0x00007ffb5f7ff000 	C:\Windows\system32\kernel.appcore.dll
0x00007ffb60480000 - 0x00007ffb60535000 	C:\Windows\system32\shcore.dll
0x00007ffb5f820000 - 0x00007ffb5f86b000 	C:\Windows\system32\powrprof.dll
0x00007ffb5f800000 - 0x00007ffb5f814000 	C:\Windows\system32\profapi.dll
0x00007ffb48090000 - 0x00007ffb4821c000 	C:\Windows\SYSTEM32\dbghelp.dll

VM Arguments:
jvm_args: -Djava.awt.headless=true -Xmx1024M -Dfile.encoding=windows-1252 -Duser.country=US -Duser.language=en -Duser.variant 
java_command: com.android.dx.command.Main --dex --num-threads=4 --output C:\Users\Bryan\StudioProjects\Pub15212\app\build\intermediates\pre-dexed\debug\internal_impl-23.3.0_b49d24c432f9d22ee2695b26f95b5ecc9ffc5d6b.jar C:\Users\Bryan\StudioProjects\Pub15212\app\build\intermediates\exploded-aar\com.android.support\support-v4\23.3.0\jars\libs\internal_impl-23.3.0.jar
java_class_path (initial): C:\Users\Bryan\AppData\Local\Android\sdk\build-tools\23.0.2\lib\dx.jar
Launcher Type: SUN_STANDARD

Environment Variables:
PATH=C:\ProgramData\Oracle\Java\javapath;C:\Windows\system32;C:\Windows;C:\Windows\System32\Wbem;C:\Windows\System32\WindowsPowerShell\v1.0\;C:\Program Files (x86)\ATI Technologies\ATI.ACE\Core-Static;C:\Program Files\Git\cmd;C:\Program Files (x86)\GNU\GnuPG\pub
USERNAME=Bryan
OS=Windows_NT
PROCESSOR_IDENTIFIER=Intel64 Family 6 Model 15 Stepping 11, GenuineIntel



---------------  S Y S T E M  ---------------

OS: Windows 10.0 , 64 bit Build 10586 (10.0.10586.0)

CPU:total 4 (4 cores per cpu, 1 threads per core) family 6 model 15 stepping 11, cmov, cx8, fxsr, mmx, sse, sse2, sse3, ssse3, tsc

Memory: 4k page, physical 8386804k(3131728k free), swap 16775412k(8456152k free)

vm_info: Java HotSpot(TM) 64-Bit Server VM (25.65-b01) for windows-amd64 JRE (1.8.0_65-b17), built on Oct  6 2015 16:39:20 by "java_re" with MS VC++ 10.0 (VS2010)

time: Wed Apr 27 22:13:17 2016
elapsed time: 9 seconds (0d 0h 0m 9s)

